[0.162s] Invoking command in '/home/skyautonet/skyautonet_ws/eee/multi_lidar/build/c_auto_vehicle_msgs': CMAKE_PREFIX_PATH=/opt/ros/foxy /usr/bin/cmake --build /home/skyautonet/skyautonet_ws/eee/multi_lidar/build/c_auto_vehicle_msgs -- -j20 -l20
[1.055s] [  3%] Built target c_auto_vehicle_msgs__cpp
[1.128s] [ 12%] Built target c_auto_vehicle_msgs__rosidl_generator_c
[1.136s] [ 22%] Built target c_auto_vehicle_msgs__rosidl_typesupport_cpp
[1.137s] [ 32%] Built target c_auto_vehicle_msgs__rosidl_typesupport_introspection_cpp
[1.138s] [ 41%] Built target c_auto_vehicle_msgs__rosidl_typesupport_fastrtps_cpp
[1.257s] [ 51%] Built target c_auto_vehicle_msgs__rosidl_typesupport_c
[1.257s] [ 61%] Built target c_auto_vehicle_msgs__rosidl_typesupport_introspection_c
[1.261s] [ 70%] Built target c_auto_vehicle_msgs__rosidl_typesupport_fastrtps_c
[1.299s] [ 70%] Built target c_auto_vehicle_msgs
[1.375s] [ 74%] Built target c_auto_vehicle_msgs__py
[1.420s] [ 80%] Built target c_auto_vehicle_msgs__python
[1.440s] [ 87%] Built target c_auto_vehicle_msgs__rosidl_typesupport_fastrtps_c__pyext
[1.440s] [ 93%] Built target c_auto_vehicle_msgs__rosidl_typesupport_introspection_c__pyext
[1.440s] [100%] Built target c_auto_vehicle_msgs__rosidl_typesupport_c__pyext
[1.448s] Invoked command in '/home/skyautonet/skyautonet_ws/eee/multi_lidar/build/c_auto_vehicle_msgs' returned '0': CMAKE_PREFIX_PATH=/opt/ros/foxy /usr/bin/cmake --build /home/skyautonet/skyautonet_ws/eee/multi_lidar/build/c_auto_vehicle_msgs -- -j20 -l20
[1.550s] Invoking command in '/home/skyautonet/skyautonet_ws/eee/multi_lidar/build/c_auto_vehicle_msgs': CMAKE_PREFIX_PATH=/opt/ros/foxy /usr/bin/cmake --install /home/skyautonet/skyautonet_ws/eee/multi_lidar/build/c_auto_vehicle_msgs
[1.571s] -- Install configuration: ""
[1.572s] -- Up-to-date: /home/skyautonet/skyautonet_ws/eee/multi_lidar/install/c_auto_vehicle_msgs/share/ament_index/resource_index/rosidl_interfaces/c_auto_vehicle_msgs
[1.572s] -- Up-to-date: /home/skyautonet/skyautonet_ws/eee/multi_lidar/install/c_auto_vehicle_msgs/include/c_auto_vehicle_msgs
[1.572s] -- Up-to-date: /home/skyautonet/skyautonet_ws/eee/multi_lidar/install/c_auto_vehicle_msgs/include/c_auto_vehicle_msgs/msg
[1.572s] -- Up-to-date: /home/skyautonet/skyautonet_ws/eee/multi_lidar/install/c_auto_vehicle_msgs/include/c_auto_vehicle_msgs/msg/detail
[1.572s] -- Up-to-date: /home/skyautonet/skyautonet_ws/eee/multi_lidar/install/c_auto_vehicle_msgs/include/c_auto_vehicle_msgs/msg/detail/velocity_report__struct.h
[1.573s] -- Up-to-date: /home/skyautonet/skyautonet_ws/eee/multi_lidar/install/c_auto_vehicle_msgs/include/c_auto_vehicle_msgs/msg/detail/velocity_report__functions.c
[1.573s] -- Up-to-date: /home/skyautonet/skyautonet_ws/eee/multi_lidar/install/c_auto_vehicle_msgs/include/c_auto_vehicle_msgs/msg/detail/velocity_report__functions.h
[1.573s] -- Up-to-date: /home/skyautonet/skyautonet_ws/eee/multi_lidar/install/c_auto_vehicle_msgs/include/c_auto_vehicle_msgs/msg/detail/velocity_report__type_support.h
[1.573s] -- Up-to-date: /home/skyautonet/skyautonet_ws/eee/multi_lidar/install/c_auto_vehicle_msgs/include/c_auto_vehicle_msgs/msg/velocity_report.h
[1.573s] -- Up-to-date: /home/skyautonet/skyautonet_ws/eee/multi_lidar/install/c_auto_vehicle_msgs/include/c_auto_vehicle_msgs/msg/rosidl_generator_c__visibility_control.h
[1.573s] -- Up-to-date: /home/skyautonet/skyautonet_ws/eee/multi_lidar/install/c_auto_vehicle_msgs/share/c_auto_vehicle_msgs/environment/library_path.sh
[1.574s] -- Up-to-date: /home/skyautonet/skyautonet_ws/eee/multi_lidar/install/c_auto_vehicle_msgs/share/c_auto_vehicle_msgs/environment/library_path.dsv
[1.574s] -- Up-to-date: /home/skyautonet/skyautonet_ws/eee/multi_lidar/install/c_auto_vehicle_msgs/lib/libc_auto_vehicle_msgs__rosidl_generator_c.so
[1.574s] -- Up-to-date: /home/skyautonet/skyautonet_ws/eee/multi_lidar/install/c_auto_vehicle_msgs/include/c_auto_vehicle_msgs
[1.574s] -- Up-to-date: /home/skyautonet/skyautonet_ws/eee/multi_lidar/install/c_auto_vehicle_msgs/include/c_auto_vehicle_msgs/msg
[1.574s] -- Up-to-date: /home/skyautonet/skyautonet_ws/eee/multi_lidar/install/c_auto_vehicle_msgs/include/c_auto_vehicle_msgs/msg/detail
[1.574s] -- Up-to-date: /home/skyautonet/skyautonet_ws/eee/multi_lidar/install/c_auto_vehicle_msgs/include/c_auto_vehicle_msgs/msg/detail/velocity_report__rosidl_typesupport_fastrtps_c.h
[1.574s] -- Up-to-date: /home/skyautonet/skyautonet_ws/eee/multi_lidar/install/c_auto_vehicle_msgs/include/c_auto_vehicle_msgs/msg/rosidl_typesupport_fastrtps_c__visibility_control.h
[1.575s] -- Up-to-date: /home/skyautonet/skyautonet_ws/eee/multi_lidar/install/c_auto_vehicle_msgs/lib/libc_auto_vehicle_msgs__rosidl_typesupport_fastrtps_c.so
[1.575s] -- Up-to-date: /home/skyautonet/skyautonet_ws/eee/multi_lidar/install/c_auto_vehicle_msgs/include/c_auto_vehicle_msgs
[1.575s] -- Up-to-date: /home/skyautonet/skyautonet_ws/eee/multi_lidar/install/c_auto_vehicle_msgs/include/c_auto_vehicle_msgs/msg
[1.575s] -- Up-to-date: /home/skyautonet/skyautonet_ws/eee/multi_lidar/install/c_auto_vehicle_msgs/include/c_auto_vehicle_msgs/msg/rosidl_typesupport_fastrtps_cpp__visibility_control.h
[1.575s] -- Up-to-date: /home/skyautonet/skyautonet_ws/eee/multi_lidar/install/c_auto_vehicle_msgs/include/c_auto_vehicle_msgs/msg/detail
[1.575s] -- Up-to-date: /home/skyautonet/skyautonet_ws/eee/multi_lidar/install/c_auto_vehicle_msgs/include/c_auto_vehicle_msgs/msg/detail/dds_fastrtps
[1.575s] -- Up-to-date: /home/skyautonet/skyautonet_ws/eee/multi_lidar/install/c_auto_vehicle_msgs/include/c_auto_vehicle_msgs/msg/detail/velocity_report__rosidl_typesupport_fastrtps_cpp.hpp
[1.576s] -- Up-to-date: /home/skyautonet/skyautonet_ws/eee/multi_lidar/install/c_auto_vehicle_msgs/lib/libc_auto_vehicle_msgs__rosidl_typesupport_fastrtps_cpp.so
[1.576s] -- Up-to-date: /home/skyautonet/skyautonet_ws/eee/multi_lidar/install/c_auto_vehicle_msgs/include/c_auto_vehicle_msgs
[1.576s] -- Up-to-date: /home/skyautonet/skyautonet_ws/eee/multi_lidar/install/c_auto_vehicle_msgs/include/c_auto_vehicle_msgs/msg
[1.576s] -- Up-to-date: /home/skyautonet/skyautonet_ws/eee/multi_lidar/install/c_auto_vehicle_msgs/include/c_auto_vehicle_msgs/msg/rosidl_typesupport_introspection_c__visibility_control.h
[1.576s] -- Up-to-date: /home/skyautonet/skyautonet_ws/eee/multi_lidar/install/c_auto_vehicle_msgs/include/c_auto_vehicle_msgs/msg/detail
[1.576s] -- Up-to-date: /home/skyautonet/skyautonet_ws/eee/multi_lidar/install/c_auto_vehicle_msgs/include/c_auto_vehicle_msgs/msg/detail/velocity_report__type_support.c
[1.577s] -- Up-to-date: /home/skyautonet/skyautonet_ws/eee/multi_lidar/install/c_auto_vehicle_msgs/include/c_auto_vehicle_msgs/msg/detail/velocity_report__rosidl_typesupport_introspection_c.h
[1.577s] -- Up-to-date: /home/skyautonet/skyautonet_ws/eee/multi_lidar/install/c_auto_vehicle_msgs/lib/libc_auto_vehicle_msgs__rosidl_typesupport_introspection_c.so
[1.578s] -- Up-to-date: /home/skyautonet/skyautonet_ws/eee/multi_lidar/install/c_auto_vehicle_msgs/lib/libc_auto_vehicle_msgs__rosidl_typesupport_c.so
[1.578s] -- Up-to-date: /home/skyautonet/skyautonet_ws/eee/multi_lidar/install/c_auto_vehicle_msgs/include/c_auto_vehicle_msgs
[1.578s] -- Up-to-date: /home/skyautonet/skyautonet_ws/eee/multi_lidar/install/c_auto_vehicle_msgs/include/c_auto_vehicle_msgs/msg
[1.578s] -- Up-to-date: /home/skyautonet/skyautonet_ws/eee/multi_lidar/install/c_auto_vehicle_msgs/include/c_auto_vehicle_msgs/msg/velocity_report.hpp
[1.578s] -- Up-to-date: /home/skyautonet/skyautonet_ws/eee/multi_lidar/install/c_auto_vehicle_msgs/include/c_auto_vehicle_msgs/msg/detail
[1.578s] -- Up-to-date: /home/skyautonet/skyautonet_ws/eee/multi_lidar/install/c_auto_vehicle_msgs/include/c_auto_vehicle_msgs/msg/detail/velocity_report__type_support.hpp
[1.578s] -- Up-to-date: /home/skyautonet/skyautonet_ws/eee/multi_lidar/install/c_auto_vehicle_msgs/include/c_auto_vehicle_msgs/msg/detail/velocity_report__struct.hpp
[1.579s] -- Up-to-date: /home/skyautonet/skyautonet_ws/eee/multi_lidar/install/c_auto_vehicle_msgs/include/c_auto_vehicle_msgs/msg/detail/velocity_report__builder.hpp
[1.579s] -- Up-to-date: /home/skyautonet/skyautonet_ws/eee/multi_lidar/install/c_auto_vehicle_msgs/include/c_auto_vehicle_msgs/msg/detail/velocity_report__traits.hpp
[1.579s] -- Up-to-date: /home/skyautonet/skyautonet_ws/eee/multi_lidar/install/c_auto_vehicle_msgs/include/c_auto_vehicle_msgs/msg/rosidl_generator_cpp__visibility_control.hpp
[1.579s] -- Up-to-date: /home/skyautonet/skyautonet_ws/eee/multi_lidar/install/c_auto_vehicle_msgs/include/c_auto_vehicle_msgs
[1.579s] -- Up-to-date: /home/skyautonet/skyautonet_ws/eee/multi_lidar/install/c_auto_vehicle_msgs/include/c_auto_vehicle_msgs/msg
[1.579s] -- Up-to-date: /home/skyautonet/skyautonet_ws/eee/multi_lidar/install/c_auto_vehicle_msgs/include/c_auto_vehicle_msgs/msg/detail
[1.579s] -- Up-to-date: /home/skyautonet/skyautonet_ws/eee/multi_lidar/install/c_auto_vehicle_msgs/include/c_auto_vehicle_msgs/msg/detail/velocity_report__rosidl_typesupport_introspection_cpp.hpp
[1.579s] -- Up-to-date: /home/skyautonet/skyautonet_ws/eee/multi_lidar/install/c_auto_vehicle_msgs/include/c_auto_vehicle_msgs/msg/detail/velocity_report__type_support.cpp
[1.579s] -- Up-to-date: /home/skyautonet/skyautonet_ws/eee/multi_lidar/install/c_auto_vehicle_msgs/lib/libc_auto_vehicle_msgs__rosidl_typesupport_introspection_cpp.so
[1.580s] -- Up-to-date: /home/skyautonet/skyautonet_ws/eee/multi_lidar/install/c_auto_vehicle_msgs/lib/libc_auto_vehicle_msgs__rosidl_typesupport_cpp.so
[1.580s] -- Up-to-date: /home/skyautonet/skyautonet_ws/eee/multi_lidar/install/c_auto_vehicle_msgs/share/c_auto_vehicle_msgs/environment/pythonpath.sh
[1.580s] -- Up-to-date: /home/skyautonet/skyautonet_ws/eee/multi_lidar/install/c_auto_vehicle_msgs/share/c_auto_vehicle_msgs/environment/pythonpath.dsv
[1.580s] -- Up-to-date: /home/skyautonet/skyautonet_ws/eee/multi_lidar/install/c_auto_vehicle_msgs/lib/python3.8/site-packages/c_auto_vehicle_msgs/__init__.py
[1.629s] -- Up-to-date: /home/skyautonet/skyautonet_ws/eee/multi_lidar/install/c_auto_vehicle_msgs/lib/python3.8/site-packages/c_auto_vehicle_msgs/msg
[1.629s] -- Up-to-date: /home/skyautonet/skyautonet_ws/eee/multi_lidar/install/c_auto_vehicle_msgs/lib/python3.8/site-packages/c_auto_vehicle_msgs/msg/_velocity_report.py
[1.629s] -- Up-to-date: /home/skyautonet/skyautonet_ws/eee/multi_lidar/install/c_auto_vehicle_msgs/lib/python3.8/site-packages/c_auto_vehicle_msgs/msg/__init__.py
[1.629s] -- Up-to-date: /home/skyautonet/skyautonet_ws/eee/multi_lidar/install/c_auto_vehicle_msgs/lib/python3.8/site-packages/c_auto_vehicle_msgs/msg/_velocity_report_s.c
[1.629s] -- Up-to-date: /home/skyautonet/skyautonet_ws/eee/multi_lidar/install/c_auto_vehicle_msgs/lib/python3.8/site-packages/c_auto_vehicle_msgs/c_auto_vehicle_msgs_s__rosidl_typesupport_fastrtps_c.cpython-38-x86_64-linux-gnu.so
[1.630s] -- Up-to-date: /home/skyautonet/skyautonet_ws/eee/multi_lidar/install/c_auto_vehicle_msgs/lib/python3.8/site-packages/c_auto_vehicle_msgs/c_auto_vehicle_msgs_s__rosidl_typesupport_introspection_c.cpython-38-x86_64-linux-gnu.so
[1.631s] -- Up-to-date: /home/skyautonet/skyautonet_ws/eee/multi_lidar/install/c_auto_vehicle_msgs/lib/python3.8/site-packages/c_auto_vehicle_msgs/c_auto_vehicle_msgs_s__rosidl_typesupport_c.cpython-38-x86_64-linux-gnu.so
[1.631s] -- Up-to-date: /home/skyautonet/skyautonet_ws/eee/multi_lidar/install/c_auto_vehicle_msgs/lib/libc_auto_vehicle_msgs__python.so
[1.631s] -- Up-to-date: /home/skyautonet/skyautonet_ws/eee/multi_lidar/install/c_auto_vehicle_msgs/share/c_auto_vehicle_msgs/msg/VelocityReport.idl
[1.632s] -- Up-to-date: /home/skyautonet/skyautonet_ws/eee/multi_lidar/install/c_auto_vehicle_msgs/share/ament_index/resource_index/package_run_dependencies/c_auto_vehicle_msgs
[1.632s] -- Up-to-date: /home/skyautonet/skyautonet_ws/eee/multi_lidar/install/c_auto_vehicle_msgs/share/ament_index/resource_index/parent_prefix_path/c_auto_vehicle_msgs
[1.632s] -- Up-to-date: /home/skyautonet/skyautonet_ws/eee/multi_lidar/install/c_auto_vehicle_msgs/share/c_auto_vehicle_msgs/environment/ament_prefix_path.sh
[1.632s] -- Up-to-date: /home/skyautonet/skyautonet_ws/eee/multi_lidar/install/c_auto_vehicle_msgs/share/c_auto_vehicle_msgs/environment/ament_prefix_path.dsv
[1.632s] -- Up-to-date: /home/skyautonet/skyautonet_ws/eee/multi_lidar/install/c_auto_vehicle_msgs/share/c_auto_vehicle_msgs/environment/path.sh
[1.632s] -- Up-to-date: /home/skyautonet/skyautonet_ws/eee/multi_lidar/install/c_auto_vehicle_msgs/share/c_auto_vehicle_msgs/environment/path.dsv
[1.632s] -- Up-to-date: /home/skyautonet/skyautonet_ws/eee/multi_lidar/install/c_auto_vehicle_msgs/share/c_auto_vehicle_msgs/local_setup.bash
[1.632s] -- Up-to-date: /home/skyautonet/skyautonet_ws/eee/multi_lidar/install/c_auto_vehicle_msgs/share/c_auto_vehicle_msgs/local_setup.sh
[1.632s] -- Up-to-date: /home/skyautonet/skyautonet_ws/eee/multi_lidar/install/c_auto_vehicle_msgs/share/c_auto_vehicle_msgs/local_setup.zsh
[1.632s] -- Up-to-date: /home/skyautonet/skyautonet_ws/eee/multi_lidar/install/c_auto_vehicle_msgs/share/c_auto_vehicle_msgs/local_setup.dsv
[1.632s] -- Installing: /home/skyautonet/skyautonet_ws/eee/multi_lidar/install/c_auto_vehicle_msgs/share/c_auto_vehicle_msgs/package.dsv
[1.632s] -- Up-to-date: /home/skyautonet/skyautonet_ws/eee/multi_lidar/install/c_auto_vehicle_msgs/share/ament_index/resource_index/packages/c_auto_vehicle_msgs
[1.632s] -- Up-to-date: /home/skyautonet/skyautonet_ws/eee/multi_lidar/install/c_auto_vehicle_msgs/share/c_auto_vehicle_msgs/cmake/c_auto_vehicle_msgs__rosidl_generator_cExport.cmake
[1.632s] -- Up-to-date: /home/skyautonet/skyautonet_ws/eee/multi_lidar/install/c_auto_vehicle_msgs/share/c_auto_vehicle_msgs/cmake/c_auto_vehicle_msgs__rosidl_generator_cExport-noconfig.cmake
[1.632s] -- Up-to-date: /home/skyautonet/skyautonet_ws/eee/multi_lidar/install/c_auto_vehicle_msgs/share/c_auto_vehicle_msgs/cmake/c_auto_vehicle_msgs__rosidl_typesupport_introspection_cExport.cmake
[1.632s] -- Up-to-date: /home/skyautonet/skyautonet_ws/eee/multi_lidar/install/c_auto_vehicle_msgs/share/c_auto_vehicle_msgs/cmake/c_auto_vehicle_msgs__rosidl_typesupport_introspection_cExport-noconfig.cmake
[1.632s] -- Up-to-date: /home/skyautonet/skyautonet_ws/eee/multi_lidar/install/c_auto_vehicle_msgs/share/c_auto_vehicle_msgs/cmake/c_auto_vehicle_msgs__rosidl_typesupport_cExport.cmake
[1.633s] -- Up-to-date: /home/skyautonet/skyautonet_ws/eee/multi_lidar/install/c_auto_vehicle_msgs/share/c_auto_vehicle_msgs/cmake/c_auto_vehicle_msgs__rosidl_typesupport_cExport-noconfig.cmake
[1.633s] -- Up-to-date: /home/skyautonet/skyautonet_ws/eee/multi_lidar/install/c_auto_vehicle_msgs/share/c_auto_vehicle_msgs/cmake/c_auto_vehicle_msgs__rosidl_generator_cppExport.cmake
[1.633s] -- Up-to-date: /home/skyautonet/skyautonet_ws/eee/multi_lidar/install/c_auto_vehicle_msgs/share/c_auto_vehicle_msgs/cmake/c_auto_vehicle_msgs__rosidl_typesupport_introspection_cppExport.cmake
[1.633s] -- Up-to-date: /home/skyautonet/skyautonet_ws/eee/multi_lidar/install/c_auto_vehicle_msgs/share/c_auto_vehicle_msgs/cmake/c_auto_vehicle_msgs__rosidl_typesupport_introspection_cppExport-noconfig.cmake
[1.633s] -- Up-to-date: /home/skyautonet/skyautonet_ws/eee/multi_lidar/install/c_auto_vehicle_msgs/share/c_auto_vehicle_msgs/cmake/c_auto_vehicle_msgs__rosidl_typesupport_cppExport.cmake
[1.633s] -- Up-to-date: /home/skyautonet/skyautonet_ws/eee/multi_lidar/install/c_auto_vehicle_msgs/share/c_auto_vehicle_msgs/cmake/c_auto_vehicle_msgs__rosidl_typesupport_cppExport-noconfig.cmake
[1.633s] -- Up-to-date: /home/skyautonet/skyautonet_ws/eee/multi_lidar/install/c_auto_vehicle_msgs/share/c_auto_vehicle_msgs/cmake/rosidl_cmake-extras.cmake
[1.633s] -- Up-to-date: /home/skyautonet/skyautonet_ws/eee/multi_lidar/install/c_auto_vehicle_msgs/share/c_auto_vehicle_msgs/cmake/ament_cmake_export_dependencies-extras.cmake
[1.633s] -- Up-to-date: /home/skyautonet/skyautonet_ws/eee/multi_lidar/install/c_auto_vehicle_msgs/share/c_auto_vehicle_msgs/cmake/ament_cmake_export_libraries-extras.cmake
[1.633s] -- Up-to-date: /home/skyautonet/skyautonet_ws/eee/multi_lidar/install/c_auto_vehicle_msgs/share/c_auto_vehicle_msgs/cmake/ament_cmake_export_targets-extras.cmake
[1.634s] -- Up-to-date: /home/skyautonet/skyautonet_ws/eee/multi_lidar/install/c_auto_vehicle_msgs/share/c_auto_vehicle_msgs/cmake/ament_cmake_export_include_directories-extras.cmake
[1.634s] -- Up-to-date: /home/skyautonet/skyautonet_ws/eee/multi_lidar/install/c_auto_vehicle_msgs/share/c_auto_vehicle_msgs/cmake/rosidl_cmake_export_typesupport_libraries-extras.cmake
[1.634s] -- Up-to-date: /home/skyautonet/skyautonet_ws/eee/multi_lidar/install/c_auto_vehicle_msgs/share/c_auto_vehicle_msgs/cmake/rosidl_cmake_export_typesupport_targets-extras.cmake
[1.634s] -- Up-to-date: /home/skyautonet/skyautonet_ws/eee/multi_lidar/install/c_auto_vehicle_msgs/share/c_auto_vehicle_msgs/cmake/c_auto_vehicle_msgsConfig.cmake
[1.634s] -- Up-to-date: /home/skyautonet/skyautonet_ws/eee/multi_lidar/install/c_auto_vehicle_msgs/share/c_auto_vehicle_msgs/cmake/c_auto_vehicle_msgsConfig-version.cmake
[1.634s] -- Up-to-date: /home/skyautonet/skyautonet_ws/eee/multi_lidar/install/c_auto_vehicle_msgs/share/c_auto_vehicle_msgs/package.xml
[1.637s] Invoked command in '/home/skyautonet/skyautonet_ws/eee/multi_lidar/build/c_auto_vehicle_msgs' returned '0': CMAKE_PREFIX_PATH=/opt/ros/foxy /usr/bin/cmake --install /home/skyautonet/skyautonet_ws/eee/multi_lidar/build/c_auto_vehicle_msgs
