[0.145s] DEBUG:colcon:Command line arguments: ['/usr/bin/colcon', 'build']
[0.145s] DEBUG:colcon:Parsed command line arguments: Namespace(allow_overriding=[], ament_cmake_args=None, base_paths=['.'], build_base='build', catkin_cmake_args=None, catkin_skip_building_tests=False, cmake_args=None, cmake_clean_cache=False, cmake_clean_first=False, cmake_force_configure=False, cmake_target=None, cmake_target_skip_unavailable=False, continue_on_error=False, event_handlers=None, executor='parallel', ignore_user_meta=False, install_base='install', log_base=None, log_level=None, main=<bound method BuildVerb.main of <colcon_core.verb.build.BuildVerb object at 0x7fe76ada78e0>>, merge_install=False, metas=['./colcon.meta'], packages_above=None, packages_above_and_dependencies=None, packages_above_depth=None, packages_end=None, packages_ignore=None, packages_ignore_regex=None, packages_select=None, packages_select_build_failed=False, packages_select_by_dep=None, packages_select_regex=None, packages_select_test_failures=False, packages_skip=None, packages_skip_build_finished=False, packages_skip_by_dep=None, packages_skip_regex=None, packages_skip_test_passed=False, packages_skip_up_to=None, packages_start=None, packages_up_to=None, packages_up_to_regex=None, parallel_workers=20, paths=None, symlink_install=False, test_result_base=None, verb_extension=<colcon_core.verb.build.BuildVerb object at 0x7fe76ada78e0>, verb_name='build', verb_parser=<colcon_defaults.argument_parser.defaults.DefaultArgumentsDecorator object at 0x7fe76ada7e50>)
[0.159s] Level 1:colcon.colcon_core.package_discovery:discover_packages(colcon_meta) check parameters
[0.159s] Level 1:colcon.colcon_core.package_discovery:discover_packages(recursive) check parameters
[0.159s] Level 1:colcon.colcon_core.package_discovery:discover_packages(ignore) check parameters
[0.159s] Level 1:colcon.colcon_core.package_discovery:discover_packages(path) check parameters
[0.159s] Level 1:colcon.colcon_core.package_discovery:discover_packages(colcon_meta) discover
[0.159s] Level 1:colcon.colcon_core.package_discovery:discover_packages(recursive) discover
[0.159s] INFO:colcon.colcon_core.package_discovery:Crawling recursively for packages in '/home/skyautonet/skyautonet_ws/eee/lidar_preprocessor'
[0.159s] Level 1:colcon.colcon_core.package_identification:_identify(.) by extensions ['ignore', 'ignore_ament_install']
[0.159s] Level 1:colcon.colcon_core.package_identification:_identify(.) by extension 'ignore'
[0.159s] Level 1:colcon.colcon_core.package_identification:_identify(.) by extension 'ignore_ament_install'
[0.159s] Level 1:colcon.colcon_core.package_identification:_identify(.) by extensions ['colcon_pkg']
[0.159s] Level 1:colcon.colcon_core.package_identification:_identify(.) by extension 'colcon_pkg'
[0.159s] Level 1:colcon.colcon_core.package_identification:_identify(.) by extensions ['colcon_meta']
[0.159s] Level 1:colcon.colcon_core.package_identification:_identify(.) by extension 'colcon_meta'
[0.159s] Level 1:colcon.colcon_core.package_identification:_identify(.) by extensions ['ros']
[0.159s] Level 1:colcon.colcon_core.package_identification:_identify(.) by extension 'ros'
[0.169s] Level 1:colcon.colcon_core.package_identification:_identify(.) by extensions ['cmake', 'python']
[0.169s] Level 1:colcon.colcon_core.package_identification:_identify(.) by extension 'cmake'
[0.169s] Level 1:colcon.colcon_core.package_identification:_identify(.) by extension 'python'
[0.169s] Level 1:colcon.colcon_core.package_identification:_identify(.) by extensions ['python_setup_py']
[0.169s] Level 1:colcon.colcon_core.package_identification:_identify(.) by extension 'python_setup_py'
[0.169s] Level 1:colcon.colcon_core.package_identification:_identify(build) by extensions ['ignore', 'ignore_ament_install']
[0.169s] Level 1:colcon.colcon_core.package_identification:_identify(build) by extension 'ignore'
[0.169s] Level 1:colcon.colcon_core.package_identification:_identify(build) ignored
[0.169s] Level 1:colcon.colcon_core.package_identification:_identify(install) by extensions ['ignore', 'ignore_ament_install']
[0.169s] Level 1:colcon.colcon_core.package_identification:_identify(install) by extension 'ignore'
[0.169s] Level 1:colcon.colcon_core.package_identification:_identify(install) ignored
[0.169s] Level 1:colcon.colcon_core.package_identification:_identify(log) by extensions ['ignore', 'ignore_ament_install']
[0.170s] Level 1:colcon.colcon_core.package_identification:_identify(log) by extension 'ignore'
[0.170s] Level 1:colcon.colcon_core.package_identification:_identify(log) ignored
[0.170s] Level 1:colcon.colcon_core.package_identification:_identify(src) by extensions ['ignore', 'ignore_ament_install']
[0.170s] Level 1:colcon.colcon_core.package_identification:_identify(src) by extension 'ignore'
[0.170s] Level 1:colcon.colcon_core.package_identification:_identify(src) by extension 'ignore_ament_install'
[0.170s] Level 1:colcon.colcon_core.package_identification:_identify(src) by extensions ['colcon_pkg']
[0.170s] Level 1:colcon.colcon_core.package_identification:_identify(src) by extension 'colcon_pkg'
[0.170s] Level 1:colcon.colcon_core.package_identification:_identify(src) by extensions ['colcon_meta']
[0.170s] Level 1:colcon.colcon_core.package_identification:_identify(src) by extension 'colcon_meta'
[0.170s] Level 1:colcon.colcon_core.package_identification:_identify(src) by extensions ['ros']
[0.170s] Level 1:colcon.colcon_core.package_identification:_identify(src) by extension 'ros'
[0.170s] Level 1:colcon.colcon_core.package_identification:_identify(src) by extensions ['cmake', 'python']
[0.170s] Level 1:colcon.colcon_core.package_identification:_identify(src) by extension 'cmake'
[0.170s] Level 1:colcon.colcon_core.package_identification:_identify(src) by extension 'python'
[0.170s] Level 1:colcon.colcon_core.package_identification:_identify(src) by extensions ['python_setup_py']
[0.170s] Level 1:colcon.colcon_core.package_identification:_identify(src) by extension 'python_setup_py'
[0.170s] Level 1:colcon.colcon_core.package_identification:_identify(src/three_lidar) by extensions ['ignore', 'ignore_ament_install']
[0.170s] Level 1:colcon.colcon_core.package_identification:_identify(src/three_lidar) by extension 'ignore'
[0.170s] Level 1:colcon.colcon_core.package_identification:_identify(src/three_lidar) by extension 'ignore_ament_install'
[0.170s] Level 1:colcon.colcon_core.package_identification:_identify(src/three_lidar) by extensions ['colcon_pkg']
[0.170s] Level 1:colcon.colcon_core.package_identification:_identify(src/three_lidar) by extension 'colcon_pkg'
[0.170s] Level 1:colcon.colcon_core.package_identification:_identify(src/three_lidar) by extensions ['colcon_meta']
[0.170s] Level 1:colcon.colcon_core.package_identification:_identify(src/three_lidar) by extension 'colcon_meta'
[0.170s] Level 1:colcon.colcon_core.package_identification:_identify(src/three_lidar) by extensions ['ros']
[0.170s] Level 1:colcon.colcon_core.package_identification:_identify(src/three_lidar) by extension 'ros'
[0.171s] DEBUG:colcon.colcon_core.package_identification:Package 'src/three_lidar' with type 'ros.ament_cmake' and name 'three_lidar'
[0.172s] Level 1:colcon.colcon_core.package_identification:_identify(src/velocity_msg) by extensions ['ignore', 'ignore_ament_install']
[0.172s] Level 1:colcon.colcon_core.package_identification:_identify(src/velocity_msg) by extension 'ignore'
[0.172s] Level 1:colcon.colcon_core.package_identification:_identify(src/velocity_msg) by extension 'ignore_ament_install'
[0.172s] Level 1:colcon.colcon_core.package_identification:_identify(src/velocity_msg) by extensions ['colcon_pkg']
[0.172s] Level 1:colcon.colcon_core.package_identification:_identify(src/velocity_msg) by extension 'colcon_pkg'
[0.172s] Level 1:colcon.colcon_core.package_identification:_identify(src/velocity_msg) by extensions ['colcon_meta']
[0.172s] Level 1:colcon.colcon_core.package_identification:_identify(src/velocity_msg) by extension 'colcon_meta'
[0.172s] Level 1:colcon.colcon_core.package_identification:_identify(src/velocity_msg) by extensions ['ros']
[0.172s] Level 1:colcon.colcon_core.package_identification:_identify(src/velocity_msg) by extension 'ros'
[0.172s] DEBUG:colcon.colcon_core.package_identification:Package 'src/velocity_msg' with type 'ros.ament_cmake' and name 'velocity_msg'
[0.172s] Level 1:colcon.colcon_core.package_discovery:discover_packages(recursive) using defaults
[0.172s] Level 1:colcon.colcon_core.package_discovery:discover_packages(ignore) discover
[0.172s] Level 1:colcon.colcon_core.package_discovery:discover_packages(ignore) using defaults
[0.172s] Level 1:colcon.colcon_core.package_discovery:discover_packages(path) discover
[0.172s] Level 1:colcon.colcon_core.package_discovery:discover_packages(path) using defaults
[0.182s] Level 1:colcon.colcon_core.package_discovery:discover_packages(prefix_path) check parameters
[0.182s] Level 1:colcon.colcon_core.package_discovery:discover_packages(prefix_path) discover
[0.184s] DEBUG:colcon.colcon_installed_package_information.package_discovery:Found 2 installed packages in /home/skyautonet/skyautonet_ws/eee/lidar_preprocessor/install
[0.184s] DEBUG:colcon.colcon_installed_package_information.package_discovery:Found 269 installed packages in /opt/ros/foxy
[0.185s] Level 1:colcon.colcon_core.package_discovery:discover_packages(prefix_path) using defaults
[0.217s] Level 5:colcon.colcon_core.verb:set package 'velocity_msg' build argument 'cmake_args' from command line to 'None'
[0.217s] Level 5:colcon.colcon_core.verb:set package 'velocity_msg' build argument 'cmake_target' from command line to 'None'
[0.217s] Level 5:colcon.colcon_core.verb:set package 'velocity_msg' build argument 'cmake_target_skip_unavailable' from command line to 'False'
[0.217s] Level 5:colcon.colcon_core.verb:set package 'velocity_msg' build argument 'cmake_clean_cache' from command line to 'False'
[0.217s] Level 5:colcon.colcon_core.verb:set package 'velocity_msg' build argument 'cmake_clean_first' from command line to 'False'
[0.217s] Level 5:colcon.colcon_core.verb:set package 'velocity_msg' build argument 'cmake_force_configure' from command line to 'False'
[0.217s] Level 5:colcon.colcon_core.verb:set package 'velocity_msg' build argument 'ament_cmake_args' from command line to 'None'
[0.217s] Level 5:colcon.colcon_core.verb:set package 'velocity_msg' build argument 'catkin_cmake_args' from command line to 'None'
[0.217s] Level 5:colcon.colcon_core.verb:set package 'velocity_msg' build argument 'catkin_skip_building_tests' from command line to 'False'
[0.217s] DEBUG:colcon.colcon_core.verb:Building package 'velocity_msg' with the following arguments: {'ament_cmake_args': None, 'build_base': '/home/skyautonet/skyautonet_ws/eee/lidar_preprocessor/build/velocity_msg', 'catkin_cmake_args': None, 'catkin_skip_building_tests': False, 'cmake_args': None, 'cmake_clean_cache': False, 'cmake_clean_first': False, 'cmake_force_configure': False, 'cmake_target': None, 'cmake_target_skip_unavailable': False, 'install_base': '/home/skyautonet/skyautonet_ws/eee/lidar_preprocessor/install/velocity_msg', 'merge_install': False, 'path': '/home/skyautonet/skyautonet_ws/eee/lidar_preprocessor/src/velocity_msg', 'symlink_install': False, 'test_result_base': None}
[0.217s] Level 5:colcon.colcon_core.verb:set package 'three_lidar' build argument 'cmake_args' from command line to 'None'
[0.217s] Level 5:colcon.colcon_core.verb:set package 'three_lidar' build argument 'cmake_target' from command line to 'None'
[0.217s] Level 5:colcon.colcon_core.verb:set package 'three_lidar' build argument 'cmake_target_skip_unavailable' from command line to 'False'
[0.217s] Level 5:colcon.colcon_core.verb:set package 'three_lidar' build argument 'cmake_clean_cache' from command line to 'False'
[0.217s] Level 5:colcon.colcon_core.verb:set package 'three_lidar' build argument 'cmake_clean_first' from command line to 'False'
[0.217s] Level 5:colcon.colcon_core.verb:set package 'three_lidar' build argument 'cmake_force_configure' from command line to 'False'
[0.217s] Level 5:colcon.colcon_core.verb:set package 'three_lidar' build argument 'ament_cmake_args' from command line to 'None'
[0.217s] Level 5:colcon.colcon_core.verb:set package 'three_lidar' build argument 'catkin_cmake_args' from command line to 'None'
[0.217s] Level 5:colcon.colcon_core.verb:set package 'three_lidar' build argument 'catkin_skip_building_tests' from command line to 'False'
[0.218s] DEBUG:colcon.colcon_core.verb:Building package 'three_lidar' with the following arguments: {'ament_cmake_args': None, 'build_base': '/home/skyautonet/skyautonet_ws/eee/lidar_preprocessor/build/three_lidar', 'catkin_cmake_args': None, 'catkin_skip_building_tests': False, 'cmake_args': None, 'cmake_clean_cache': False, 'cmake_clean_first': False, 'cmake_force_configure': False, 'cmake_target': None, 'cmake_target_skip_unavailable': False, 'install_base': '/home/skyautonet/skyautonet_ws/eee/lidar_preprocessor/install/three_lidar', 'merge_install': False, 'path': '/home/skyautonet/skyautonet_ws/eee/lidar_preprocessor/src/three_lidar', 'symlink_install': False, 'test_result_base': None}
[0.218s] INFO:colcon.colcon_core.executor:Executing jobs using 'parallel' executor
[0.220s] DEBUG:colcon.colcon_parallel_executor.executor.parallel:run_until_complete
[0.220s] INFO:colcon.colcon_ros.task.ament_cmake.build:Building ROS package in '/home/skyautonet/skyautonet_ws/eee/lidar_preprocessor/src/velocity_msg' with build type 'ament_cmake'
[0.220s] INFO:colcon.colcon_cmake.task.cmake.build:Building CMake package in '/home/skyautonet/skyautonet_ws/eee/lidar_preprocessor/src/velocity_msg'
[0.222s] INFO:colcon.colcon_core.plugin_system:Skipping extension 'colcon_core.shell.bat': Not used on non-Windows systems
[0.222s] INFO:colcon.colcon_core.shell:Skip shell extension 'powershell' for command environment: Not usable outside of PowerShell
[0.222s] DEBUG:colcon.colcon_core.shell:Skip shell extension 'dsv' for command environment
[0.228s] DEBUG:colcon.colcon_core.event_handler.log_command:Invoking command in '/home/skyautonet/skyautonet_ws/eee/lidar_preprocessor/build/velocity_msg': CMAKE_PREFIX_PATH=${CMAKE_PREFIX_PATH}:/opt/ros/foxy /usr/bin/cmake --build /home/skyautonet/skyautonet_ws/eee/lidar_preprocessor/build/velocity_msg -- -j20 -l20
[0.375s] DEBUG:colcon.colcon_core.event_handler.log_command:Invoked command in '/home/skyautonet/skyautonet_ws/eee/lidar_preprocessor/build/velocity_msg' returned '0': CMAKE_PREFIX_PATH=${CMAKE_PREFIX_PATH}:/opt/ros/foxy /usr/bin/cmake --build /home/skyautonet/skyautonet_ws/eee/lidar_preprocessor/build/velocity_msg -- -j20 -l20
[0.474s] DEBUG:colcon.colcon_core.event_handler.log_command:Invoking command in '/home/skyautonet/skyautonet_ws/eee/lidar_preprocessor/build/velocity_msg': CMAKE_PREFIX_PATH=${CMAKE_PREFIX_PATH}:/opt/ros/foxy /usr/bin/cmake --install /home/skyautonet/skyautonet_ws/eee/lidar_preprocessor/build/velocity_msg
[0.526s] Level 1:colcon.colcon_core.environment:create_environment_scripts_only(velocity_msg)
[0.526s] DEBUG:colcon.colcon_core.event_handler.log_command:Invoked command in '/home/skyautonet/skyautonet_ws/eee/lidar_preprocessor/build/velocity_msg' returned '0': CMAKE_PREFIX_PATH=${CMAKE_PREFIX_PATH}:/opt/ros/foxy /usr/bin/cmake --install /home/skyautonet/skyautonet_ws/eee/lidar_preprocessor/build/velocity_msg
[0.529s] Level 1:colcon.colcon_core.environment:checking '/home/skyautonet/skyautonet_ws/eee/lidar_preprocessor/install/velocity_msg' for CMake module files
[0.529s] Level 1:colcon.colcon_core.environment:checking '/home/skyautonet/skyautonet_ws/eee/lidar_preprocessor/install/velocity_msg' for CMake config files
[0.529s] Level 1:colcon.colcon_core.shell:create_environment_hook('velocity_msg', 'cmake_prefix_path')
[0.530s] INFO:colcon.colcon_core.shell:Creating environment hook '/home/skyautonet/skyautonet_ws/eee/lidar_preprocessor/install/velocity_msg/share/velocity_msg/hook/cmake_prefix_path.ps1'
[0.530s] INFO:colcon.colcon_core.shell:Creating environment descriptor '/home/skyautonet/skyautonet_ws/eee/lidar_preprocessor/install/velocity_msg/share/velocity_msg/hook/cmake_prefix_path.dsv'
[0.531s] INFO:colcon.colcon_core.shell:Creating environment hook '/home/skyautonet/skyautonet_ws/eee/lidar_preprocessor/install/velocity_msg/share/velocity_msg/hook/cmake_prefix_path.sh'
[0.531s] Level 1:colcon.colcon_core.environment:checking '/home/skyautonet/skyautonet_ws/eee/lidar_preprocessor/install/velocity_msg/lib'
[0.531s] Level 1:colcon.colcon_core.shell:create_environment_hook('velocity_msg', 'ld_library_path_lib')
[0.532s] INFO:colcon.colcon_core.shell:Creating environment hook '/home/skyautonet/skyautonet_ws/eee/lidar_preprocessor/install/velocity_msg/share/velocity_msg/hook/ld_library_path_lib.ps1'
[0.532s] INFO:colcon.colcon_core.shell:Creating environment descriptor '/home/skyautonet/skyautonet_ws/eee/lidar_preprocessor/install/velocity_msg/share/velocity_msg/hook/ld_library_path_lib.dsv'
[0.532s] INFO:colcon.colcon_core.shell:Creating environment hook '/home/skyautonet/skyautonet_ws/eee/lidar_preprocessor/install/velocity_msg/share/velocity_msg/hook/ld_library_path_lib.sh'
[0.532s] Level 1:colcon.colcon_core.environment:checking '/home/skyautonet/skyautonet_ws/eee/lidar_preprocessor/install/velocity_msg/bin'
[0.532s] Level 1:colcon.colcon_core.environment:checking '/home/skyautonet/skyautonet_ws/eee/lidar_preprocessor/install/velocity_msg/lib/pkgconfig/velocity_msg.pc'
[0.533s] Level 1:colcon.colcon_core.environment:checking '/home/skyautonet/skyautonet_ws/eee/lidar_preprocessor/install/velocity_msg/lib/python3.8/site-packages'
[0.533s] Level 1:colcon.colcon_core.shell:create_environment_hook('velocity_msg', 'pythonpath')
[0.533s] INFO:colcon.colcon_core.shell:Creating environment hook '/home/skyautonet/skyautonet_ws/eee/lidar_preprocessor/install/velocity_msg/share/velocity_msg/hook/pythonpath.ps1'
[0.533s] INFO:colcon.colcon_core.shell:Creating environment descriptor '/home/skyautonet/skyautonet_ws/eee/lidar_preprocessor/install/velocity_msg/share/velocity_msg/hook/pythonpath.dsv'
[0.534s] INFO:colcon.colcon_core.shell:Creating environment hook '/home/skyautonet/skyautonet_ws/eee/lidar_preprocessor/install/velocity_msg/share/velocity_msg/hook/pythonpath.sh'
[0.534s] Level 1:colcon.colcon_core.environment:checking '/home/skyautonet/skyautonet_ws/eee/lidar_preprocessor/install/velocity_msg/bin'
[0.535s] INFO:colcon.colcon_core.shell:Creating package script '/home/skyautonet/skyautonet_ws/eee/lidar_preprocessor/install/velocity_msg/share/velocity_msg/package.ps1'
[0.535s] INFO:colcon.colcon_core.shell:Creating package descriptor '/home/skyautonet/skyautonet_ws/eee/lidar_preprocessor/install/velocity_msg/share/velocity_msg/package.dsv'
[0.536s] INFO:colcon.colcon_core.shell:Creating package script '/home/skyautonet/skyautonet_ws/eee/lidar_preprocessor/install/velocity_msg/share/velocity_msg/package.sh'
[0.536s] INFO:colcon.colcon_core.shell:Creating package script '/home/skyautonet/skyautonet_ws/eee/lidar_preprocessor/install/velocity_msg/share/velocity_msg/package.bash'
[0.536s] INFO:colcon.colcon_core.shell:Creating package script '/home/skyautonet/skyautonet_ws/eee/lidar_preprocessor/install/velocity_msg/share/velocity_msg/package.zsh'
[0.537s] Level 1:colcon.colcon_core.environment:create_file_with_runtime_dependencies(/home/skyautonet/skyautonet_ws/eee/lidar_preprocessor/install/velocity_msg/share/colcon-core/packages/velocity_msg)
[0.606s] Level 1:colcon.colcon_core.environment:create_environment_scripts_only(velocity_msg)
[0.611s] Level 1:colcon.colcon_core.environment:checking '/home/skyautonet/skyautonet_ws/eee/lidar_preprocessor/install/velocity_msg' for CMake module files
[0.613s] Level 1:colcon.colcon_core.environment:checking '/home/skyautonet/skyautonet_ws/eee/lidar_preprocessor/install/velocity_msg' for CMake config files
[0.614s] Level 1:colcon.colcon_core.shell:create_environment_hook('velocity_msg', 'cmake_prefix_path')
[0.616s] INFO:colcon.colcon_core.shell:Creating environment hook '/home/skyautonet/skyautonet_ws/eee/lidar_preprocessor/install/velocity_msg/share/velocity_msg/hook/cmake_prefix_path.ps1'
[0.616s] INFO:colcon.colcon_core.shell:Creating environment descriptor '/home/skyautonet/skyautonet_ws/eee/lidar_preprocessor/install/velocity_msg/share/velocity_msg/hook/cmake_prefix_path.dsv'
[0.617s] INFO:colcon.colcon_core.shell:Creating environment hook '/home/skyautonet/skyautonet_ws/eee/lidar_preprocessor/install/velocity_msg/share/velocity_msg/hook/cmake_prefix_path.sh'
[0.618s] Level 1:colcon.colcon_core.environment:checking '/home/skyautonet/skyautonet_ws/eee/lidar_preprocessor/install/velocity_msg/lib'
[0.618s] Level 1:colcon.colcon_core.shell:create_environment_hook('velocity_msg', 'ld_library_path_lib')
[0.619s] INFO:colcon.colcon_core.shell:Creating environment hook '/home/skyautonet/skyautonet_ws/eee/lidar_preprocessor/install/velocity_msg/share/velocity_msg/hook/ld_library_path_lib.ps1'
[0.619s] INFO:colcon.colcon_core.shell:Creating environment descriptor '/home/skyautonet/skyautonet_ws/eee/lidar_preprocessor/install/velocity_msg/share/velocity_msg/hook/ld_library_path_lib.dsv'
[0.620s] INFO:colcon.colcon_core.shell:Creating environment hook '/home/skyautonet/skyautonet_ws/eee/lidar_preprocessor/install/velocity_msg/share/velocity_msg/hook/ld_library_path_lib.sh'
[0.620s] Level 1:colcon.colcon_core.environment:checking '/home/skyautonet/skyautonet_ws/eee/lidar_preprocessor/install/velocity_msg/bin'
[0.620s] Level 1:colcon.colcon_core.environment:checking '/home/skyautonet/skyautonet_ws/eee/lidar_preprocessor/install/velocity_msg/lib/pkgconfig/velocity_msg.pc'
[0.620s] Level 1:colcon.colcon_core.environment:checking '/home/skyautonet/skyautonet_ws/eee/lidar_preprocessor/install/velocity_msg/lib/python3.8/site-packages'
[0.620s] Level 1:colcon.colcon_core.shell:create_environment_hook('velocity_msg', 'pythonpath')
[0.621s] INFO:colcon.colcon_core.shell:Creating environment hook '/home/skyautonet/skyautonet_ws/eee/lidar_preprocessor/install/velocity_msg/share/velocity_msg/hook/pythonpath.ps1'
[0.622s] INFO:colcon.colcon_core.shell:Creating environment descriptor '/home/skyautonet/skyautonet_ws/eee/lidar_preprocessor/install/velocity_msg/share/velocity_msg/hook/pythonpath.dsv'
[0.622s] INFO:colcon.colcon_core.shell:Creating environment hook '/home/skyautonet/skyautonet_ws/eee/lidar_preprocessor/install/velocity_msg/share/velocity_msg/hook/pythonpath.sh'
[0.622s] Level 1:colcon.colcon_core.environment:checking '/home/skyautonet/skyautonet_ws/eee/lidar_preprocessor/install/velocity_msg/bin'
[0.623s] INFO:colcon.colcon_core.shell:Creating package script '/home/skyautonet/skyautonet_ws/eee/lidar_preprocessor/install/velocity_msg/share/velocity_msg/package.ps1'
[0.623s] INFO:colcon.colcon_core.shell:Creating package descriptor '/home/skyautonet/skyautonet_ws/eee/lidar_preprocessor/install/velocity_msg/share/velocity_msg/package.dsv'
[0.623s] INFO:colcon.colcon_core.shell:Creating package script '/home/skyautonet/skyautonet_ws/eee/lidar_preprocessor/install/velocity_msg/share/velocity_msg/package.sh'
[0.624s] INFO:colcon.colcon_core.shell:Creating package script '/home/skyautonet/skyautonet_ws/eee/lidar_preprocessor/install/velocity_msg/share/velocity_msg/package.bash'
[0.624s] INFO:colcon.colcon_core.shell:Creating package script '/home/skyautonet/skyautonet_ws/eee/lidar_preprocessor/install/velocity_msg/share/velocity_msg/package.zsh'
[0.624s] Level 1:colcon.colcon_core.environment:create_file_with_runtime_dependencies(/home/skyautonet/skyautonet_ws/eee/lidar_preprocessor/install/velocity_msg/share/colcon-core/packages/velocity_msg)
[0.624s] INFO:colcon.colcon_ros.task.ament_cmake.build:Building ROS package in '/home/skyautonet/skyautonet_ws/eee/lidar_preprocessor/src/three_lidar' with build type 'ament_cmake'
[0.624s] INFO:colcon.colcon_cmake.task.cmake.build:Building CMake package in '/home/skyautonet/skyautonet_ws/eee/lidar_preprocessor/src/three_lidar'
[0.625s] INFO:colcon.colcon_core.shell:Skip shell extension 'powershell' for command environment: Not usable outside of PowerShell
[0.625s] DEBUG:colcon.colcon_core.shell:Skip shell extension 'dsv' for command environment
[0.632s] DEBUG:colcon.colcon_core.event_handler.log_command:Invoking command in '/home/skyautonet/skyautonet_ws/eee/lidar_preprocessor/build/three_lidar': CMAKE_PREFIX_PATH=/home/skyautonet/skyautonet_ws/eee/lidar_preprocessor/install/velocity_msg:/home/skyautonet/skyautonet_ws/eee/lidar_preprocessor/install/three_lidar:/opt/ros/foxy LD_LIBRARY_PATH=/home/skyautonet/skyautonet_ws/eee/lidar_preprocessor/install/velocity_msg/lib:/usr/local/cuda-11.4/lib64/:/usr/local/cuda-11.4/lib64/:/opt/ros/foxy/opt/yaml_cpp_vendor/lib:/opt/ros/foxy/opt/rviz_ogre_vendor/lib:/opt/ros/foxy/lib/x86_64-linux-gnu:/opt/ros/foxy/lib:/usr/local/cuda-11.4/lib64 /usr/bin/cmake --build /home/skyautonet/skyautonet_ws/eee/lidar_preprocessor/build/three_lidar -- -j20 -l20
[12.076s] DEBUG:colcon.colcon_core.event_handler.log_command:Invoked command in '/home/skyautonet/skyautonet_ws/eee/lidar_preprocessor/build/three_lidar' returned '0': CMAKE_PREFIX_PATH=/home/skyautonet/skyautonet_ws/eee/lidar_preprocessor/install/velocity_msg:/home/skyautonet/skyautonet_ws/eee/lidar_preprocessor/install/three_lidar:/opt/ros/foxy LD_LIBRARY_PATH=/home/skyautonet/skyautonet_ws/eee/lidar_preprocessor/install/velocity_msg/lib:/usr/local/cuda-11.4/lib64/:/usr/local/cuda-11.4/lib64/:/opt/ros/foxy/opt/yaml_cpp_vendor/lib:/opt/ros/foxy/opt/rviz_ogre_vendor/lib:/opt/ros/foxy/lib/x86_64-linux-gnu:/opt/ros/foxy/lib:/usr/local/cuda-11.4/lib64 /usr/bin/cmake --build /home/skyautonet/skyautonet_ws/eee/lidar_preprocessor/build/three_lidar -- -j20 -l20
[12.146s] DEBUG:colcon.colcon_core.event_handler.log_command:Invoking command in '/home/skyautonet/skyautonet_ws/eee/lidar_preprocessor/build/three_lidar': CMAKE_PREFIX_PATH=/home/skyautonet/skyautonet_ws/eee/lidar_preprocessor/install/velocity_msg:/home/skyautonet/skyautonet_ws/eee/lidar_preprocessor/install/three_lidar:/opt/ros/foxy LD_LIBRARY_PATH=/home/skyautonet/skyautonet_ws/eee/lidar_preprocessor/install/velocity_msg/lib:/usr/local/cuda-11.4/lib64/:/usr/local/cuda-11.4/lib64/:/opt/ros/foxy/opt/yaml_cpp_vendor/lib:/opt/ros/foxy/opt/rviz_ogre_vendor/lib:/opt/ros/foxy/lib/x86_64-linux-gnu:/opt/ros/foxy/lib:/usr/local/cuda-11.4/lib64 /usr/bin/cmake --install /home/skyautonet/skyautonet_ws/eee/lidar_preprocessor/build/three_lidar
[12.171s] Level 1:colcon.colcon_core.environment:create_environment_scripts_only(three_lidar)
[12.173s] Level 1:colcon.colcon_core.environment:checking '/home/skyautonet/skyautonet_ws/eee/lidar_preprocessor/install/three_lidar' for CMake module files
[12.173s] DEBUG:colcon.colcon_core.event_handler.log_command:Invoked command in '/home/skyautonet/skyautonet_ws/eee/lidar_preprocessor/build/three_lidar' returned '0': CMAKE_PREFIX_PATH=/home/skyautonet/skyautonet_ws/eee/lidar_preprocessor/install/velocity_msg:/home/skyautonet/skyautonet_ws/eee/lidar_preprocessor/install/three_lidar:/opt/ros/foxy LD_LIBRARY_PATH=/home/skyautonet/skyautonet_ws/eee/lidar_preprocessor/install/velocity_msg/lib:/usr/local/cuda-11.4/lib64/:/usr/local/cuda-11.4/lib64/:/opt/ros/foxy/opt/yaml_cpp_vendor/lib:/opt/ros/foxy/opt/rviz_ogre_vendor/lib:/opt/ros/foxy/lib/x86_64-linux-gnu:/opt/ros/foxy/lib:/usr/local/cuda-11.4/lib64 /usr/bin/cmake --install /home/skyautonet/skyautonet_ws/eee/lidar_preprocessor/build/three_lidar
[12.173s] Level 1:colcon.colcon_core.environment:checking '/home/skyautonet/skyautonet_ws/eee/lidar_preprocessor/install/three_lidar' for CMake config files
[12.174s] Level 1:colcon.colcon_core.shell:create_environment_hook('three_lidar', 'cmake_prefix_path')
[12.175s] INFO:colcon.colcon_core.shell:Creating environment hook '/home/skyautonet/skyautonet_ws/eee/lidar_preprocessor/install/three_lidar/share/three_lidar/hook/cmake_prefix_path.ps1'
[12.176s] INFO:colcon.colcon_core.shell:Creating environment descriptor '/home/skyautonet/skyautonet_ws/eee/lidar_preprocessor/install/three_lidar/share/three_lidar/hook/cmake_prefix_path.dsv'
[12.176s] INFO:colcon.colcon_core.shell:Creating environment hook '/home/skyautonet/skyautonet_ws/eee/lidar_preprocessor/install/three_lidar/share/three_lidar/hook/cmake_prefix_path.sh'
[12.177s] Level 1:colcon.colcon_core.environment:checking '/home/skyautonet/skyautonet_ws/eee/lidar_preprocessor/install/three_lidar/lib'
[12.177s] Level 1:colcon.colcon_core.environment:checking '/home/skyautonet/skyautonet_ws/eee/lidar_preprocessor/install/three_lidar/bin'
[12.177s] Level 1:colcon.colcon_core.environment:checking '/home/skyautonet/skyautonet_ws/eee/lidar_preprocessor/install/three_lidar/lib/pkgconfig/three_lidar.pc'
[12.177s] Level 1:colcon.colcon_core.environment:checking '/home/skyautonet/skyautonet_ws/eee/lidar_preprocessor/install/three_lidar/lib/python3.8/site-packages'
[12.178s] Level 1:colcon.colcon_core.environment:checking '/home/skyautonet/skyautonet_ws/eee/lidar_preprocessor/install/three_lidar/bin'
[12.179s] INFO:colcon.colcon_core.shell:Creating package script '/home/skyautonet/skyautonet_ws/eee/lidar_preprocessor/install/three_lidar/share/three_lidar/package.ps1'
[12.180s] INFO:colcon.colcon_core.shell:Creating package descriptor '/home/skyautonet/skyautonet_ws/eee/lidar_preprocessor/install/three_lidar/share/three_lidar/package.dsv'
[12.180s] INFO:colcon.colcon_core.shell:Creating package script '/home/skyautonet/skyautonet_ws/eee/lidar_preprocessor/install/three_lidar/share/three_lidar/package.sh'
[12.180s] INFO:colcon.colcon_core.shell:Creating package script '/home/skyautonet/skyautonet_ws/eee/lidar_preprocessor/install/three_lidar/share/three_lidar/package.bash'
[12.181s] INFO:colcon.colcon_core.shell:Creating package script '/home/skyautonet/skyautonet_ws/eee/lidar_preprocessor/install/three_lidar/share/three_lidar/package.zsh'
[12.181s] Level 1:colcon.colcon_core.environment:create_file_with_runtime_dependencies(/home/skyautonet/skyautonet_ws/eee/lidar_preprocessor/install/three_lidar/share/colcon-core/packages/three_lidar)
[12.205s] Level 1:colcon.colcon_core.environment:create_environment_scripts_only(three_lidar)
[12.208s] Level 1:colcon.colcon_core.environment:checking '/home/skyautonet/skyautonet_ws/eee/lidar_preprocessor/install/three_lidar' for CMake module files
[12.208s] Level 1:colcon.colcon_core.environment:checking '/home/skyautonet/skyautonet_ws/eee/lidar_preprocessor/install/three_lidar' for CMake config files
[12.209s] Level 1:colcon.colcon_core.shell:create_environment_hook('three_lidar', 'cmake_prefix_path')
[12.211s] INFO:colcon.colcon_core.shell:Creating environment hook '/home/skyautonet/skyautonet_ws/eee/lidar_preprocessor/install/three_lidar/share/three_lidar/hook/cmake_prefix_path.ps1'
[12.212s] INFO:colcon.colcon_core.shell:Creating environment descriptor '/home/skyautonet/skyautonet_ws/eee/lidar_preprocessor/install/three_lidar/share/three_lidar/hook/cmake_prefix_path.dsv'
[12.212s] INFO:colcon.colcon_core.shell:Creating environment hook '/home/skyautonet/skyautonet_ws/eee/lidar_preprocessor/install/three_lidar/share/three_lidar/hook/cmake_prefix_path.sh'
[12.213s] Level 1:colcon.colcon_core.environment:checking '/home/skyautonet/skyautonet_ws/eee/lidar_preprocessor/install/three_lidar/lib'
[12.213s] Level 1:colcon.colcon_core.environment:checking '/home/skyautonet/skyautonet_ws/eee/lidar_preprocessor/install/three_lidar/bin'
[12.213s] Level 1:colcon.colcon_core.environment:checking '/home/skyautonet/skyautonet_ws/eee/lidar_preprocessor/install/three_lidar/lib/pkgconfig/three_lidar.pc'
[12.213s] Level 1:colcon.colcon_core.environment:checking '/home/skyautonet/skyautonet_ws/eee/lidar_preprocessor/install/three_lidar/lib/python3.8/site-packages'
[12.213s] Level 1:colcon.colcon_core.environment:checking '/home/skyautonet/skyautonet_ws/eee/lidar_preprocessor/install/three_lidar/bin'
[12.215s] INFO:colcon.colcon_core.shell:Creating package script '/home/skyautonet/skyautonet_ws/eee/lidar_preprocessor/install/three_lidar/share/three_lidar/package.ps1'
[12.215s] INFO:colcon.colcon_core.shell:Creating package descriptor '/home/skyautonet/skyautonet_ws/eee/lidar_preprocessor/install/three_lidar/share/three_lidar/package.dsv'
[12.216s] INFO:colcon.colcon_core.shell:Creating package script '/home/skyautonet/skyautonet_ws/eee/lidar_preprocessor/install/three_lidar/share/three_lidar/package.sh'
[12.216s] INFO:colcon.colcon_core.shell:Creating package script '/home/skyautonet/skyautonet_ws/eee/lidar_preprocessor/install/three_lidar/share/three_lidar/package.bash'
[12.216s] INFO:colcon.colcon_core.shell:Creating package script '/home/skyautonet/skyautonet_ws/eee/lidar_preprocessor/install/three_lidar/share/three_lidar/package.zsh'
[12.217s] Level 1:colcon.colcon_core.environment:create_file_with_runtime_dependencies(/home/skyautonet/skyautonet_ws/eee/lidar_preprocessor/install/three_lidar/share/colcon-core/packages/three_lidar)
[12.217s] DEBUG:colcon.colcon_parallel_executor.executor.parallel:closing loop
[12.217s] DEBUG:colcon.colcon_parallel_executor.executor.parallel:loop closed
[12.217s] DEBUG:colcon.colcon_parallel_executor.executor.parallel:run_until_complete finished with '0'
[12.217s] DEBUG:colcon.colcon_core.event_reactor:joining thread
[12.222s] INFO:colcon.colcon_core.plugin_system:Skipping extension 'colcon_notification.desktop_notification.terminal_notifier': Not used on non-Darwin systems
[12.222s] INFO:colcon.colcon_core.plugin_system:Skipping extension 'colcon_notification.desktop_notification.win32': Not used on non-Windows systems
[12.222s] INFO:colcon.colcon_notification.desktop_notification:Sending desktop notification using 'notify2'
[12.230s] DEBUG:colcon.colcon_core.event_reactor:joined thread
[12.231s] INFO:colcon.colcon_core.shell:Creating prefix script '/home/skyautonet/skyautonet_ws/eee/lidar_preprocessor/install/local_setup.ps1'
[12.232s] INFO:colcon.colcon_core.shell:Creating prefix util module '/home/skyautonet/skyautonet_ws/eee/lidar_preprocessor/install/_local_setup_util_ps1.py'
[12.232s] INFO:colcon.colcon_core.shell:Creating prefix chain script '/home/skyautonet/skyautonet_ws/eee/lidar_preprocessor/install/setup.ps1'
[12.233s] INFO:colcon.colcon_core.shell:Creating prefix script '/home/skyautonet/skyautonet_ws/eee/lidar_preprocessor/install/local_setup.sh'
[12.233s] INFO:colcon.colcon_core.shell:Creating prefix util module '/home/skyautonet/skyautonet_ws/eee/lidar_preprocessor/install/_local_setup_util_sh.py'
[12.233s] INFO:colcon.colcon_core.shell:Creating prefix chain script '/home/skyautonet/skyautonet_ws/eee/lidar_preprocessor/install/setup.sh'
[12.234s] INFO:colcon.colcon_core.shell:Creating prefix script '/home/skyautonet/skyautonet_ws/eee/lidar_preprocessor/install/local_setup.bash'
[12.234s] INFO:colcon.colcon_core.shell:Creating prefix chain script '/home/skyautonet/skyautonet_ws/eee/lidar_preprocessor/install/setup.bash'
[12.235s] INFO:colcon.colcon_core.shell:Creating prefix script '/home/skyautonet/skyautonet_ws/eee/lidar_preprocessor/install/local_setup.zsh'
[12.235s] INFO:colcon.colcon_core.shell:Creating prefix chain script '/home/skyautonet/skyautonet_ws/eee/lidar_preprocessor/install/setup.zsh'
