[0.007s] Invoking command in '/home/skyautonet/skyautonet_ws/eee/simple_topics/build/velocity_pubsub': CMAKE_PREFIX_PATH=/opt/ros/foxy /usr/bin/cmake /home/skyautonet/skyautonet_ws/eee/simple_topics/src/velocity_report_pub -DCMAKE_INSTALL_PREFIX=/home/skyautonet/skyautonet_ws/eee/simple_topics/install/velocity_pubsub
[0.477s] -- The C compiler identification is GNU 9.4.0
[0.810s] -- The CXX compiler identification is GNU 9.4.0
[0.864s] -- Check for working C compiler: /usr/bin/cc
[0.963s] -- Check for working C compiler: /usr/bin/cc -- works
[0.965s] -- Detecting C compiler ABI info
[1.077s] -- Detecting C compiler ABI info - done
[1.083s] -- Detecting C compile features
[1.083s] -- Detecting C compile features - done
[1.084s] -- Check for working CXX compiler: /usr/bin/c++
[1.137s] -- Check for working CXX compiler: /usr/bin/c++ -- works
[1.137s] -- Detecting CXX compiler ABI info
[1.183s] -- Detecting CXX compiler ABI info - done
[1.191s] -- Detecting CXX compile features
[1.191s] -- Detecting CXX compile features - done
[1.217s] -- Found ament_cmake: 0.9.12 (/opt/ros/foxy/share/ament_cmake/cmake)
[1.259s] -- Found PythonInterp: /usr/bin/python3 (found suitable version "3.8.10", minimum required is "3") 
[1.260s] -- Using PYTHON_EXECUTABLE: /usr/bin/python3
[1.488s] -- Found rclcpp: 2.4.3 (/opt/ros/foxy/share/rclcpp/cmake)
[1.636s] -- Using all available rosidl_typesupport_c: rosidl_typesupport_fastrtps_c;rosidl_typesupport_introspection_c
[1.666s] -- Found rosidl_adapter: 1.3.1 (/opt/ros/foxy/share/rosidl_adapter/cmake)
[1.888s] -- Found OpenSSL: /usr/lib/x86_64-linux-gnu/libcrypto.so (found version "1.1.1f")  
[1.909s] -- Found FastRTPS: /opt/ros/foxy/include  
[2.007s] -- Using all available rosidl_typesupport_cpp: rosidl_typesupport_fastrtps_cpp;rosidl_typesupport_introspection_cpp
[2.077s] -- Found rmw_implementation_cmake: 1.0.4 (/opt/ros/foxy/share/rmw_implementation_cmake/cmake)
[2.079s] -- Using RMW implementation 'rmw_fastrtps_cpp' as default
[2.102s] -- Looking for pthread.h
[2.177s] -- Looking for pthread.h - found
[2.177s] -- Performing Test CMAKE_HAVE_LIBC_PTHREAD
[2.248s] -- Performing Test CMAKE_HAVE_LIBC_PTHREAD - Failed
[2.248s] -- Looking for pthread_create in pthreads
[2.327s] -- Looking for pthread_create in pthreads - not found
[2.327s] -- Looking for pthread_create in pthread
[2.383s] -- Looking for pthread_create in pthread - found
[2.383s] -- Found Threads: TRUE  
[2.584s] -- Found sensor_msgs: 2.0.5 (/opt/ros/foxy/share/sensor_msgs/cmake)
[2.670s] -- Found pcl_conversions: 2.2.1 (/opt/ros/foxy/share/pcl_conversions/cmake)
[2.827s] -- Checking for module 'eigen3'
[2.852s] --   Found eigen3, version 3.3.7
[2.891s] -- Found Eigen: /usr/include/eigen3 (Required is at least version "3.1") 
[2.891s] -- Eigen found (include: /usr/include/eigen3, version: 3.3.7)
[2.962s] -- Found Boost: /usr/include (found suitable version "1.71.0", minimum required is "1.55.0") found components: system filesystem date_time iostreams regex 
[2.970s] -- Checking for module 'flann'
[2.985s] --   Found flann, version 1.9.1
[3.011s] -- Found FLANN: /usr/lib/x86_64-linux-gnu/libflann_cpp.so  
[3.130s] -- The imported target "vtkParseOGLExt" references the file
[3.130s]    "/usr/bin/vtkParseOGLExt-7.1"
[3.130s] but this file does not exist.  Possible reasons include:
[3.130s] * The file was deleted, renamed, or moved to another location.
[3.130s] * An install or uninstall procedure did not complete successfully.
[3.130s] * The installation package was faulty and contained
[3.130s]    "/usr/lib/cmake/vtk-7.1/VTKTargets.cmake"
[3.130s] but not all the files it references.
[3.130s] 
[3.130s] -- The imported target "vtkRenderingPythonTkWidgets" references the file
[3.130s]    "/usr/lib/x86_64-linux-gnu/libvtkRenderingPythonTkWidgets.so"
[3.130s] but this file does not exist.  Possible reasons include:
[3.130s] * The file was deleted, renamed, or moved to another location.
[3.130s] * An install or uninstall procedure did not complete successfully.
[3.130s] * The installation package was faulty and contained
[3.130s]    "/usr/lib/cmake/vtk-7.1/VTKTargets.cmake"
[3.130s] but not all the files it references.
[3.130s] 
[3.130s] -- The imported target "vtk" references the file
[3.131s]    "/usr/bin/vtk"
[3.131s] but this file does not exist.  Possible reasons include:
[3.131s] * The file was deleted, renamed, or moved to another location.
[3.131s] * An install or uninstall procedure did not complete successfully.
[3.131s] * The installation package was faulty and contained
[3.131s]    "/usr/lib/cmake/vtk-7.1/VTKTargets.cmake"
[3.131s] but not all the files it references.
[3.131s] 
[3.131s] -- The imported target "pvtk" references the file
[3.131s]    "/usr/bin/pvtk"
[3.131s] but this file does not exist.  Possible reasons include:
[3.131s] * The file was deleted, renamed, or moved to another location.
[3.131s] * An install or uninstall procedure did not complete successfully.
[3.131s] * The installation package was faulty and contained
[3.131s]    "/usr/lib/cmake/vtk-7.1/VTKTargets.cmake"
[3.131s] but not all the files it references.
[3.131s] 
[3.253s] -- Checking for module 'libusb-1.0'
[3.259s] --   No package 'libusb-1.0' found
[3.265s] -- Could NOT find USB_10 (missing: USB_10_LIBRARY USB_10_INCLUDE_DIR) 
[3.265s] -- OpenNI disabled because libusb-1.0 not found.
[3.266s] ** WARNING ** io features related to openni will be disabled
[3.271s] -- Checking for module 'libusb-1.0'
[3.273s] --   No package 'libusb-1.0' found
[3.276s] -- Could NOT find USB_10 (missing: USB_10_LIBRARY USB_10_INCLUDE_DIR) 
[3.276s] -- OpenNI 2 disabled because libusb-1.0 not found.
[3.276s] ** WARNING ** io features related to openni2 will be disabled
[3.276s] ** WARNING ** io features related to pcap will be disabled
[3.276s] ** WARNING ** io features related to png will be disabled
[3.284s] -- LIBUSB_1_LIBRARY (missing: LIBUSB_1_INCLUDE_DIR) 
[3.284s] ** WARNING ** io features related to libusb-1.0 will be disabled
[3.286s] -- Checking for module 'libusb-1.0'
[3.288s] --   No package 'libusb-1.0' found
[3.289s] ** WARNING ** visualization features related to openni will be disabled
[3.289s] -- Could NOT find USB_10 (missing: USB_10_LIBRARY USB_10_INCLUDE_DIR) 
[3.289s] -- OpenNI disabled because libusb-1.0 not found.
[3.292s] -- Checking for module 'libusb-1.0'
[3.293s] --   No package 'libusb-1.0' found
[3.295s] -- Could NOT find USB_10 (missing: USB_10_LIBRARY USB_10_INCLUDE_DIR) 
[3.295s] -- OpenNI 2 disabled because libusb-1.0 not found.
[3.295s] ** WARNING ** visualization features related to openni2 will be disabled
[3.323s] -- Found Qhull: optimized;/usr/lib/x86_64-linux-gnu/libqhull.so;debug;/usr/lib/x86_64-linux-gnu/libqhull.so  
[3.323s] -- QHULL found (include: /usr/include, lib: optimized;/usr/lib/x86_64-linux-gnu/libqhull.so;debug;/usr/lib/x86_64-linux-gnu/libqhull.so)
[3.326s] -- Checking for module 'libusb-1.0'
[3.327s] --   No package 'libusb-1.0' found
[3.329s] -- Could NOT find USB_10 (missing: USB_10_LIBRARY USB_10_INCLUDE_DIR) 
[3.329s] -- OpenNI disabled because libusb-1.0 not found.
[3.329s] ** WARNING ** apps features related to openni will be disabled
[3.336s] -- looking for PCL_COMMON
[3.336s] -- Found PCL_COMMON: /usr/lib/x86_64-linux-gnu/libpcl_common.so  
[3.336s] -- looking for PCL_KDTREE
[3.337s] -- Found PCL_KDTREE: /usr/lib/x86_64-linux-gnu/libpcl_kdtree.so  
[3.337s] -- looking for PCL_OCTREE
[3.338s] -- Found PCL_OCTREE: /usr/lib/x86_64-linux-gnu/libpcl_octree.so  
[3.338s] -- looking for PCL_SEARCH
[3.338s] -- Found PCL_SEARCH: /usr/lib/x86_64-linux-gnu/libpcl_search.so  
[3.338s] -- looking for PCL_SAMPLE_CONSENSUS
[3.339s] -- Found PCL_SAMPLE_CONSENSUS: /usr/lib/x86_64-linux-gnu/libpcl_sample_consensus.so  
[3.339s] -- looking for PCL_FILTERS
[3.339s] -- Found PCL_FILTERS: /usr/lib/x86_64-linux-gnu/libpcl_filters.so  
[3.339s] -- looking for PCL_2D
[3.340s] -- Found PCL_2D: /usr/include/pcl-1.10  
[3.340s] -- looking for PCL_GEOMETRY
[3.340s] -- Found PCL_GEOMETRY: /usr/include/pcl-1.10  
[3.340s] -- looking for PCL_IO
[3.340s] -- Found PCL_IO: /usr/lib/x86_64-linux-gnu/libpcl_io.so  
[3.341s] -- looking for PCL_FEATURES
[3.341s] -- Found PCL_FEATURES: /usr/lib/x86_64-linux-gnu/libpcl_features.so  
[3.341s] -- looking for PCL_ML
[3.342s] -- Found PCL_ML: /usr/lib/x86_64-linux-gnu/libpcl_ml.so  
[3.342s] -- looking for PCL_SEGMENTATION
[3.342s] -- Found PCL_SEGMENTATION: /usr/lib/x86_64-linux-gnu/libpcl_segmentation.so  
[3.343s] -- looking for PCL_VISUALIZATION
[3.343s] -- Found PCL_VISUALIZATION: /usr/lib/x86_64-linux-gnu/libpcl_visualization.so  
[3.343s] -- looking for PCL_SURFACE
[3.344s] -- Found PCL_SURFACE: /usr/lib/x86_64-linux-gnu/libpcl_surface.so  
[3.344s] -- looking for PCL_REGISTRATION
[3.345s] -- Found PCL_REGISTRATION: /usr/lib/x86_64-linux-gnu/libpcl_registration.so  
[3.345s] -- looking for PCL_KEYPOINTS
[3.345s] -- Found PCL_KEYPOINTS: /usr/lib/x86_64-linux-gnu/libpcl_keypoints.so  
[3.346s] -- looking for PCL_TRACKING
[3.346s] -- Found PCL_TRACKING: /usr/lib/x86_64-linux-gnu/libpcl_tracking.so  
[3.346s] -- looking for PCL_RECOGNITION
[3.347s] -- Found PCL_RECOGNITION: /usr/lib/x86_64-linux-gnu/libpcl_recognition.so  
[3.347s] -- looking for PCL_STEREO
[3.348s] -- Found PCL_STEREO: /usr/lib/x86_64-linux-gnu/libpcl_stereo.so  
[3.348s] -- looking for PCL_APPS
[3.348s] -- Found PCL_APPS: /usr/lib/x86_64-linux-gnu/libpcl_apps.so  
[3.349s] -- looking for PCL_IN_HAND_SCANNER
[3.349s] -- Found PCL_IN_HAND_SCANNER: /usr/include/pcl-1.10  
[3.349s] -- looking for PCL_POINT_CLOUD_EDITOR
[3.349s] -- Found PCL_POINT_CLOUD_EDITOR: /usr/include/pcl-1.10  
[3.349s] -- looking for PCL_OUTOFCORE
[3.350s] -- Found PCL_OUTOFCORE: /usr/lib/x86_64-linux-gnu/libpcl_outofcore.so  
[3.350s] -- looking for PCL_PEOPLE
[3.351s] -- Found PCL_PEOPLE: /usr/lib/x86_64-linux-gnu/libpcl_people.so  
[3.351s] -- Found PCL: pcl_common;pcl_kdtree;pcl_octree;pcl_search;pcl_sample_consensus;pcl_filters;pcl_io;pcl_features;pcl_ml;pcl_segmentation;pcl_visualization;pcl_surface;pcl_registration;pcl_keypoints;pcl_tracking;pcl_recognition;pcl_stereo;pcl_apps;pcl_outofcore;pcl_people;/usr/lib/x86_64-linux-gnu/libboost_system.so;/usr/lib/x86_64-linux-gnu/libboost_filesystem.so;/usr/lib/x86_64-linux-gnu/libboost_date_time.so;/usr/lib/x86_64-linux-gnu/libboost_iostreams.so;/usr/lib/x86_64-linux-gnu/libboost_regex.so;optimized;/usr/lib/x86_64-linux-gnu/libqhull.so;debug;/usr/lib/x86_64-linux-gnu/libqhull.so;vtkChartsCore;vtkCommonColor;vtkCommonCore;vtksys;vtkCommonDataModel;vtkCommonMath;vtkCommonMisc;vtkCommonSystem;vtkCommonTransforms;vtkCommonExecutionModel;vtkFiltersGeneral;vtkCommonComputationalGeometry;vtkFiltersCore;vtkInfovisCore;vtkFiltersExtraction;vtkFiltersStatistics;vtkImagingFourier;vtkImagingCore;vtkalglib;vtkRenderingContext2D;vtkRenderingCore;vtkFiltersGeometry;vtkFiltersSources;vtkRenderingFreeType;/usr/lib/x86_64-linux-gnu/libfreetype.so;/usr/lib/x86_64-linux-gnu/libz.so;vtkFiltersModeling;vtkImagingSources;vtkInteractionStyle;vtkInteractionWidgets;vtkFiltersHybrid;vtkImagingColor;vtkImagingGeneral;vtkImagingHybrid;vtkIOImage;vtkDICOMParser;vtkmetaio;/usr/lib/x86_64-linux-gnu/libjpeg.so;/usr/lib/x86_64-linux-gnu/libpng.so;/usr/lib/x86_64-linux-gnu/libtiff.so;vtkRenderingAnnotation;vtkRenderingVolume;vtkIOXML;vtkIOCore;vtkIOXMLParser;/usr/lib/x86_64-linux-gnu/libexpat.so;vtkIOGeometry;vtkIOLegacy;vtkIOPLY;vtkRenderingLOD;vtkViewsContext2D;vtkViewsCore;vtkRenderingContextOpenGL2;vtkRenderingOpenGL2;FLANN::FLANN (Required is at least version "1.10") 
[3.357s] CMake Error at CMakeLists.txt:25 (find_package):
[3.357s]   By not providing "Findc_auto_vehicle_msgs.cmake" in CMAKE_MODULE_PATH this
[3.357s]   project has asked CMake to find a package configuration file provided by
[3.357s]   "c_auto_vehicle_msgs", but CMake did not find one.
[3.357s] 
[3.357s]   Could not find a package configuration file provided by
[3.357s]   "c_auto_vehicle_msgs" with any of the following names:
[3.357s] 
[3.357s]     c_auto_vehicle_msgsConfig.cmake
[3.357s]     c_auto_vehicle_msgs-config.cmake
[3.357s] 
[3.357s]   Add the installation prefix of "c_auto_vehicle_msgs" to CMAKE_PREFIX_PATH
[3.357s]   or set "c_auto_vehicle_msgs_DIR" to a directory containing one of the above
[3.357s]   files.  If "c_auto_vehicle_msgs" provides a separate development package or
[3.357s]   SDK, be sure it has been installed.
[3.357s] 
[3.357s] 
[3.357s] -- Configuring incomplete, errors occurred!
[3.357s] See also "/home/skyautonet/skyautonet_ws/eee/simple_topics/build/velocity_pubsub/CMakeFiles/CMakeOutput.log".
[3.357s] See also "/home/skyautonet/skyautonet_ws/eee/simple_topics/build/velocity_pubsub/CMakeFiles/CMakeError.log".
[3.364s] Invoked command in '/home/skyautonet/skyautonet_ws/eee/simple_topics/build/velocity_pubsub' returned '1': CMAKE_PREFIX_PATH=/opt/ros/foxy /usr/bin/cmake /home/skyautonet/skyautonet_ws/eee/simple_topics/src/velocity_report_pub -DCMAKE_INSTALL_PREFIX=/home/skyautonet/skyautonet_ws/eee/simple_topics/install/velocity_pubsub
