-- The C compiler identification is GNU 9.4.0
-- The CXX compiler identification is GNU 9.4.0
-- Check for working C compiler: /usr/bin/cc
-- Check for working C compiler: /usr/bin/cc -- works
-- Detecting C compiler ABI info
-- Detecting C compiler ABI info - done
-- Detecting C compile features
-- Detecting C compile features - done
-- Check for working CXX compiler: /usr/bin/c++
-- Check for working CXX compiler: /usr/bin/c++ -- works
-- Detecting CXX compiler ABI info
-- Detecting CXX compiler ABI info - done
-- Detecting CXX compile features
-- Detecting CXX compile features - done
-- Found ament_cmake_auto: 0.9.12 (/opt/ros/foxy/share/ament_cmake_auto/cmake)
-- Found PythonInterp: /usr/bin/python3 (found suitable version "3.8.10", minimum required is "3") 
-- Using PYTHON_EXECUTABLE: /usr/bin/python3
-- Using all available rosidl_typesupport_c: rosidl_typesupport_fastrtps_c;rosidl_typesupport_introspection_c
-- Found rosidl_adapter: 1.3.1 (/opt/ros/foxy/share/rosidl_adapter/cmake)
-- Found OpenSSL: /usr/lib/x86_64-linux-gnu/libcrypto.so (found version "1.1.1f")  
-- Found FastRTPS: /opt/ros/foxy/include  
-- Using all available rosidl_typesupport_cpp: rosidl_typesupport_fastrtps_cpp;rosidl_typesupport_introspection_cpp
-- Found ament_cmake_cppcheck: 0.9.8 (/opt/ros/foxy/share/ament_cmake_cppcheck/cmake)
-- Found ament_cmake_cpplint: 0.9.8 (/opt/ros/foxy/share/ament_cmake_cpplint/cmake)
-- Found ament_cmake_uncrustify: 0.9.8 (/opt/ros/foxy/share/ament_cmake_uncrustify/cmake)
-- Found ament_cmake_ros: 0.9.2 (/opt/ros/foxy/share/ament_cmake_ros/cmake)
-- Using all available rosidl_typesupport_c: rosidl_typesupport_fastrtps_c;rosidl_typesupport_introspection_c
-- Using all available rosidl_typesupport_cpp: rosidl_typesupport_fastrtps_cpp;rosidl_typesupport_introspection_cpp
-- Found PythonInterp: /usr/bin/python3 (found suitable version "3.8.10", minimum required is "3.5") 
-- Found python_cmake_module: 0.8.1 (/opt/ros/foxy/share/python_cmake_module/cmake)
-- Found PythonLibs: /usr/lib/x86_64-linux-gnu/libpython3.8.so (found suitable version "3.8.10", minimum required is "3.5") 
-- Using PYTHON_EXECUTABLE: /usr/bin/python3
-- Using PYTHON_INCLUDE_DIRS: /usr/include/python3.8
-- Using PYTHON_LIBRARIES: /usr/lib/x86_64-linux-gnu/libpython3.8.so
-- Found PythonExtra: .so  
-- Found ament_cmake_flake8: 0.9.8 (/opt/ros/foxy/share/ament_cmake_flake8/cmake)
-- Found ament_cmake_pep257: 0.9.8 (/opt/ros/foxy/share/ament_cmake_pep257/cmake)
-- Found ament_lint_auto: 0.9.8 (/opt/ros/foxy/share/ament_lint_auto/cmake)
-- Added test 'copyright' to check source files copyright and LICENSE
-- Added test 'lint_cmake' to check CMake code style
-- Added test 'xmllint' to check XML markup files
-- Configuring done
-- Generating done
-- Build files have been written to: /home/skyautonet/skyautonet_ws/eee/multi_lidar/build/c_auto_vehicle_msgs
[35m[1mScanning dependencies of target c_auto_vehicle_msgs__cpp[0m
[  3%] [34m[1mGenerating C code for ROS interfaces[0m
[  6%] [34m[1mGenerating C++ code for ROS interfaces[0m
[35m[1mScanning dependencies of target c_auto_vehicle_msgs__rosidl_generator_c[0m
[  6%] Built target c_auto_vehicle_msgs__cpp
[ 16%] [34m[1mGenerating C++ type support for eProsima Fast-RTPS[0m
[ 16%] [34m[1mGenerating C++ introspection for ROS interfaces[0m
[ 16%] [34m[1mGenerating C++ type support dispatch for ROS interfaces[0m
[ 19%] [32mBuilding C object CMakeFiles/c_auto_vehicle_msgs__rosidl_generator_c.dir/rosidl_generator_c/c_auto_vehicle_msgs/msg/detail/velocity_report__functions.c.o[0m
[35m[1mScanning dependencies of target c_auto_vehicle_msgs__rosidl_typesupport_cpp[0m
[ 22%] [32mBuilding CXX object CMakeFiles/c_auto_vehicle_msgs__rosidl_typesupport_cpp.dir/rosidl_typesupport_cpp/c_auto_vehicle_msgs/msg/velocity_report__type_support.cpp.o[0m
[35m[1mScanning dependencies of target c_auto_vehicle_msgs__rosidl_typesupport_introspection_cpp[0m
[35m[1mScanning dependencies of target c_auto_vehicle_msgs__rosidl_typesupport_fastrtps_cpp[0m
[ 25%] [32mBuilding CXX object CMakeFiles/c_auto_vehicle_msgs__rosidl_typesupport_introspection_cpp.dir/rosidl_typesupport_introspection_cpp/c_auto_vehicle_msgs/msg/detail/velocity_report__type_support.cpp.o[0m
[ 29%] [32m[1mLinking C shared library libc_auto_vehicle_msgs__rosidl_generator_c.so[0m
[ 32%] [32mBuilding CXX object CMakeFiles/c_auto_vehicle_msgs__rosidl_typesupport_fastrtps_cpp.dir/rosidl_typesupport_fastrtps_cpp/c_auto_vehicle_msgs/msg/detail/dds_fastrtps/velocity_report__type_support.cpp.o[0m
[ 32%] Built target c_auto_vehicle_msgs__rosidl_generator_c
[ 35%] [34m[1mGenerating C introspection for ROS interfaces[0m
[ 38%] [34m[1mGenerating C type support dispatch for ROS interfaces[0m
[ 41%] [32m[1mLinking CXX shared library libc_auto_vehicle_msgs__rosidl_typesupport_cpp.so[0m
[ 41%] Built target c_auto_vehicle_msgs__rosidl_typesupport_cpp
[ 45%] [32m[1mLinking CXX shared library libc_auto_vehicle_msgs__rosidl_typesupport_introspection_cpp.so[0m
[35m[1mScanning dependencies of target c_auto_vehicle_msgs__rosidl_typesupport_c[0m
[ 48%] [32mBuilding CXX object CMakeFiles/c_auto_vehicle_msgs__rosidl_typesupport_c.dir/rosidl_typesupport_c/c_auto_vehicle_msgs/msg/velocity_report__type_support.cpp.o[0m
[ 48%] Built target c_auto_vehicle_msgs__rosidl_typesupport_introspection_cpp
[ 51%] [32m[1mLinking CXX shared library libc_auto_vehicle_msgs__rosidl_typesupport_c.so[0m
[35m[1mScanning dependencies of target c_auto_vehicle_msgs__rosidl_typesupport_introspection_c[0m
[ 54%] [32mBuilding C object CMakeFiles/c_auto_vehicle_msgs__rosidl_typesupport_introspection_c.dir/rosidl_typesupport_introspection_c/c_auto_vehicle_msgs/msg/detail/velocity_report__type_support.c.o[0m
[ 54%] Built target c_auto_vehicle_msgs__rosidl_typesupport_c
[ 58%] [32m[1mLinking C shared library libc_auto_vehicle_msgs__rosidl_typesupport_introspection_c.so[0m
[ 58%] Built target c_auto_vehicle_msgs__rosidl_typesupport_introspection_c
[ 61%] [32m[1mLinking CXX shared library libc_auto_vehicle_msgs__rosidl_typesupport_fastrtps_cpp.so[0m
[ 61%] Built target c_auto_vehicle_msgs__rosidl_typesupport_fastrtps_cpp
[ 64%] [34m[1mGenerating C type support for eProsima Fast-RTPS[0m
[35m[1mScanning dependencies of target c_auto_vehicle_msgs__rosidl_typesupport_fastrtps_c[0m
[ 67%] [32mBuilding CXX object CMakeFiles/c_auto_vehicle_msgs__rosidl_typesupport_fastrtps_c.dir/rosidl_typesupport_fastrtps_c/c_auto_vehicle_msgs/msg/detail/velocity_report__type_support_c.cpp.o[0m
[ 70%] [32m[1mLinking CXX shared library libc_auto_vehicle_msgs__rosidl_typesupport_fastrtps_c.so[0m
[ 70%] Built target c_auto_vehicle_msgs__rosidl_typesupport_fastrtps_c
[35m[1mScanning dependencies of target c_auto_vehicle_msgs[0m
[ 70%] Built target c_auto_vehicle_msgs
[35m[1mScanning dependencies of target c_auto_vehicle_msgs__py[0m
[ 74%] [34m[1mGenerating Python code for ROS interfaces[0m
[ 74%] Built target c_auto_vehicle_msgs__py
[35m[1mScanning dependencies of target c_auto_vehicle_msgs__python[0m
[ 77%] [32mBuilding C object CMakeFiles/c_auto_vehicle_msgs__python.dir/rosidl_generator_py/c_auto_vehicle_msgs/msg/_velocity_report_s.c.o[0m
[ 80%] [32m[1mLinking C shared library rosidl_generator_py/c_auto_vehicle_msgs/libc_auto_vehicle_msgs__python.so[0m
[ 80%] Built target c_auto_vehicle_msgs__python
[35m[1mScanning dependencies of target c_auto_vehicle_msgs__rosidl_typesupport_c__pyext[0m
[35m[1mScanning dependencies of target c_auto_vehicle_msgs__rosidl_typesupport_introspection_c__pyext[0m
[35m[1mScanning dependencies of target c_auto_vehicle_msgs__rosidl_typesupport_fastrtps_c__pyext[0m
[ 83%] [32mBuilding C object CMakeFiles/c_auto_vehicle_msgs__rosidl_typesupport_c__pyext.dir/rosidl_generator_py/c_auto_vehicle_msgs/_c_auto_vehicle_msgs_s.ep.rosidl_typesupport_c.c.o[0m
[ 90%] [32mBuilding C object CMakeFiles/c_auto_vehicle_msgs__rosidl_typesupport_introspection_c__pyext.dir/rosidl_generator_py/c_auto_vehicle_msgs/_c_auto_vehicle_msgs_s.ep.rosidl_typesupport_introspection_c.c.o[0m
[ 90%] [32mBuilding C object CMakeFiles/c_auto_vehicle_msgs__rosidl_typesupport_fastrtps_c__pyext.dir/rosidl_generator_py/c_auto_vehicle_msgs/_c_auto_vehicle_msgs_s.ep.rosidl_typesupport_fastrtps_c.c.o[0m
[100%] [32m[1mLinking CXX shared library rosidl_generator_py/c_auto_vehicle_msgs/c_auto_vehicle_msgs_s__rosidl_typesupport_fastrtps_c.cpython-38-x86_64-linux-gnu.so[0m
[100%] [32m[1mLinking C shared library rosidl_generator_py/c_auto_vehicle_msgs/c_auto_vehicle_msgs_s__rosidl_typesupport_introspection_c.cpython-38-x86_64-linux-gnu.so[0m
[100%] [32m[1mLinking C shared library rosidl_generator_py/c_auto_vehicle_msgs/c_auto_vehicle_msgs_s__rosidl_typesupport_c.cpython-38-x86_64-linux-gnu.so[0m
[100%] Built target c_auto_vehicle_msgs__rosidl_typesupport_introspection_c__pyext
[100%] Built target c_auto_vehicle_msgs__rosidl_typesupport_c__pyext
[100%] Built target c_auto_vehicle_msgs__rosidl_typesupport_fastrtps_c__pyext
-- Install configuration: ""
-- Installing: /home/skyautonet/skyautonet_ws/eee/multi_lidar/install/c_auto_vehicle_msgs/share/ament_index/resource_index/rosidl_interfaces/c_auto_vehicle_msgs
-- Installing: /home/skyautonet/skyautonet_ws/eee/multi_lidar/install/c_auto_vehicle_msgs/include/c_auto_vehicle_msgs
-- Installing: /home/skyautonet/skyautonet_ws/eee/multi_lidar/install/c_auto_vehicle_msgs/include/c_auto_vehicle_msgs/msg
-- Installing: /home/skyautonet/skyautonet_ws/eee/multi_lidar/install/c_auto_vehicle_msgs/include/c_auto_vehicle_msgs/msg/detail
-- Installing: /home/skyautonet/skyautonet_ws/eee/multi_lidar/install/c_auto_vehicle_msgs/include/c_auto_vehicle_msgs/msg/detail/velocity_report__struct.h
-- Installing: /home/skyautonet/skyautonet_ws/eee/multi_lidar/install/c_auto_vehicle_msgs/include/c_auto_vehicle_msgs/msg/detail/velocity_report__functions.c
-- Installing: /home/skyautonet/skyautonet_ws/eee/multi_lidar/install/c_auto_vehicle_msgs/include/c_auto_vehicle_msgs/msg/detail/velocity_report__functions.h
-- Installing: /home/skyautonet/skyautonet_ws/eee/multi_lidar/install/c_auto_vehicle_msgs/include/c_auto_vehicle_msgs/msg/detail/velocity_report__type_support.h
-- Installing: /home/skyautonet/skyautonet_ws/eee/multi_lidar/install/c_auto_vehicle_msgs/include/c_auto_vehicle_msgs/msg/velocity_report.h
-- Installing: /home/skyautonet/skyautonet_ws/eee/multi_lidar/install/c_auto_vehicle_msgs/include/c_auto_vehicle_msgs/msg/rosidl_generator_c__visibility_control.h
-- Installing: /home/skyautonet/skyautonet_ws/eee/multi_lidar/install/c_auto_vehicle_msgs/share/c_auto_vehicle_msgs/environment/library_path.sh
-- Installing: /home/skyautonet/skyautonet_ws/eee/multi_lidar/install/c_auto_vehicle_msgs/share/c_auto_vehicle_msgs/environment/library_path.dsv
-- Installing: /home/skyautonet/skyautonet_ws/eee/multi_lidar/install/c_auto_vehicle_msgs/lib/libc_auto_vehicle_msgs__rosidl_generator_c.so
-- Set runtime path of "/home/skyautonet/skyautonet_ws/eee/multi_lidar/install/c_auto_vehicle_msgs/lib/libc_auto_vehicle_msgs__rosidl_generator_c.so" to ""
-- Up-to-date: /home/skyautonet/skyautonet_ws/eee/multi_lidar/install/c_auto_vehicle_msgs/include/c_auto_vehicle_msgs
-- Up-to-date: /home/skyautonet/skyautonet_ws/eee/multi_lidar/install/c_auto_vehicle_msgs/include/c_auto_vehicle_msgs/msg
-- Up-to-date: /home/skyautonet/skyautonet_ws/eee/multi_lidar/install/c_auto_vehicle_msgs/include/c_auto_vehicle_msgs/msg/detail
-- Installing: /home/skyautonet/skyautonet_ws/eee/multi_lidar/install/c_auto_vehicle_msgs/include/c_auto_vehicle_msgs/msg/detail/velocity_report__rosidl_typesupport_fastrtps_c.h
-- Installing: /home/skyautonet/skyautonet_ws/eee/multi_lidar/install/c_auto_vehicle_msgs/include/c_auto_vehicle_msgs/msg/rosidl_typesupport_fastrtps_c__visibility_control.h
-- Installing: /home/skyautonet/skyautonet_ws/eee/multi_lidar/install/c_auto_vehicle_msgs/lib/libc_auto_vehicle_msgs__rosidl_typesupport_fastrtps_c.so
-- Set runtime path of "/home/skyautonet/skyautonet_ws/eee/multi_lidar/install/c_auto_vehicle_msgs/lib/libc_auto_vehicle_msgs__rosidl_typesupport_fastrtps_c.so" to ""
-- Up-to-date: /home/skyautonet/skyautonet_ws/eee/multi_lidar/install/c_auto_vehicle_msgs/include/c_auto_vehicle_msgs
-- Up-to-date: /home/skyautonet/skyautonet_ws/eee/multi_lidar/install/c_auto_vehicle_msgs/include/c_auto_vehicle_msgs/msg
-- Installing: /home/skyautonet/skyautonet_ws/eee/multi_lidar/install/c_auto_vehicle_msgs/include/c_auto_vehicle_msgs/msg/rosidl_typesupport_fastrtps_cpp__visibility_control.h
-- Up-to-date: /home/skyautonet/skyautonet_ws/eee/multi_lidar/install/c_auto_vehicle_msgs/include/c_auto_vehicle_msgs/msg/detail
-- Installing: /home/skyautonet/skyautonet_ws/eee/multi_lidar/install/c_auto_vehicle_msgs/include/c_auto_vehicle_msgs/msg/detail/dds_fastrtps
-- Installing: /home/skyautonet/skyautonet_ws/eee/multi_lidar/install/c_auto_vehicle_msgs/include/c_auto_vehicle_msgs/msg/detail/velocity_report__rosidl_typesupport_fastrtps_cpp.hpp
-- Installing: /home/skyautonet/skyautonet_ws/eee/multi_lidar/install/c_auto_vehicle_msgs/lib/libc_auto_vehicle_msgs__rosidl_typesupport_fastrtps_cpp.so
-- Set runtime path of "/home/skyautonet/skyautonet_ws/eee/multi_lidar/install/c_auto_vehicle_msgs/lib/libc_auto_vehicle_msgs__rosidl_typesupport_fastrtps_cpp.so" to ""
-- Up-to-date: /home/skyautonet/skyautonet_ws/eee/multi_lidar/install/c_auto_vehicle_msgs/include/c_auto_vehicle_msgs
-- Up-to-date: /home/skyautonet/skyautonet_ws/eee/multi_lidar/install/c_auto_vehicle_msgs/include/c_auto_vehicle_msgs/msg
-- Installing: /home/skyautonet/skyautonet_ws/eee/multi_lidar/install/c_auto_vehicle_msgs/include/c_auto_vehicle_msgs/msg/rosidl_typesupport_introspection_c__visibility_control.h
-- Up-to-date: /home/skyautonet/skyautonet_ws/eee/multi_lidar/install/c_auto_vehicle_msgs/include/c_auto_vehicle_msgs/msg/detail
-- Installing: /home/skyautonet/skyautonet_ws/eee/multi_lidar/install/c_auto_vehicle_msgs/include/c_auto_vehicle_msgs/msg/detail/velocity_report__type_support.c
-- Installing: /home/skyautonet/skyautonet_ws/eee/multi_lidar/install/c_auto_vehicle_msgs/include/c_auto_vehicle_msgs/msg/detail/velocity_report__rosidl_typesupport_introspection_c.h
-- Installing: /home/skyautonet/skyautonet_ws/eee/multi_lidar/install/c_auto_vehicle_msgs/lib/libc_auto_vehicle_msgs__rosidl_typesupport_introspection_c.so
-- Set runtime path of "/home/skyautonet/skyautonet_ws/eee/multi_lidar/install/c_auto_vehicle_msgs/lib/libc_auto_vehicle_msgs__rosidl_typesupport_introspection_c.so" to ""
-- Installing: /home/skyautonet/skyautonet_ws/eee/multi_lidar/install/c_auto_vehicle_msgs/lib/libc_auto_vehicle_msgs__rosidl_typesupport_c.so
-- Set runtime path of "/home/skyautonet/skyautonet_ws/eee/multi_lidar/install/c_auto_vehicle_msgs/lib/libc_auto_vehicle_msgs__rosidl_typesupport_c.so" to ""
-- Up-to-date: /home/skyautonet/skyautonet_ws/eee/multi_lidar/install/c_auto_vehicle_msgs/include/c_auto_vehicle_msgs
-- Up-to-date: /home/skyautonet/skyautonet_ws/eee/multi_lidar/install/c_auto_vehicle_msgs/include/c_auto_vehicle_msgs/msg
-- Installing: /home/skyautonet/skyautonet_ws/eee/multi_lidar/install/c_auto_vehicle_msgs/include/c_auto_vehicle_msgs/msg/velocity_report.hpp
-- Up-to-date: /home/skyautonet/skyautonet_ws/eee/multi_lidar/install/c_auto_vehicle_msgs/include/c_auto_vehicle_msgs/msg/detail
-- Installing: /home/skyautonet/skyautonet_ws/eee/multi_lidar/install/c_auto_vehicle_msgs/include/c_auto_vehicle_msgs/msg/detail/velocity_report__type_support.hpp
-- Installing: /home/skyautonet/skyautonet_ws/eee/multi_lidar/install/c_auto_vehicle_msgs/include/c_auto_vehicle_msgs/msg/detail/velocity_report__struct.hpp
-- Installing: /home/skyautonet/skyautonet_ws/eee/multi_lidar/install/c_auto_vehicle_msgs/include/c_auto_vehicle_msgs/msg/detail/velocity_report__builder.hpp
-- Installing: /home/skyautonet/skyautonet_ws/eee/multi_lidar/install/c_auto_vehicle_msgs/include/c_auto_vehicle_msgs/msg/detail/velocity_report__traits.hpp
-- Installing: /home/skyautonet/skyautonet_ws/eee/multi_lidar/install/c_auto_vehicle_msgs/include/c_auto_vehicle_msgs/msg/rosidl_generator_cpp__visibility_control.hpp
-- Up-to-date: /home/skyautonet/skyautonet_ws/eee/multi_lidar/install/c_auto_vehicle_msgs/include/c_auto_vehicle_msgs
-- Up-to-date: /home/skyautonet/skyautonet_ws/eee/multi_lidar/install/c_auto_vehicle_msgs/include/c_auto_vehicle_msgs/msg
-- Up-to-date: /home/skyautonet/skyautonet_ws/eee/multi_lidar/install/c_auto_vehicle_msgs/include/c_auto_vehicle_msgs/msg/detail
-- Installing: /home/skyautonet/skyautonet_ws/eee/multi_lidar/install/c_auto_vehicle_msgs/include/c_auto_vehicle_msgs/msg/detail/velocity_report__rosidl_typesupport_introspection_cpp.hpp
-- Installing: /home/skyautonet/skyautonet_ws/eee/multi_lidar/install/c_auto_vehicle_msgs/include/c_auto_vehicle_msgs/msg/detail/velocity_report__type_support.cpp
-- Installing: /home/skyautonet/skyautonet_ws/eee/multi_lidar/install/c_auto_vehicle_msgs/lib/libc_auto_vehicle_msgs__rosidl_typesupport_introspection_cpp.so
-- Set runtime path of "/home/skyautonet/skyautonet_ws/eee/multi_lidar/install/c_auto_vehicle_msgs/lib/libc_auto_vehicle_msgs__rosidl_typesupport_introspection_cpp.so" to ""
-- Installing: /home/skyautonet/skyautonet_ws/eee/multi_lidar/install/c_auto_vehicle_msgs/lib/libc_auto_vehicle_msgs__rosidl_typesupport_cpp.so
-- Set runtime path of "/home/skyautonet/skyautonet_ws/eee/multi_lidar/install/c_auto_vehicle_msgs/lib/libc_auto_vehicle_msgs__rosidl_typesupport_cpp.so" to ""
-- Installing: /home/skyautonet/skyautonet_ws/eee/multi_lidar/install/c_auto_vehicle_msgs/share/c_auto_vehicle_msgs/environment/pythonpath.sh
-- Installing: /home/skyautonet/skyautonet_ws/eee/multi_lidar/install/c_auto_vehicle_msgs/share/c_auto_vehicle_msgs/environment/pythonpath.dsv
-- Installing: /home/skyautonet/skyautonet_ws/eee/multi_lidar/install/c_auto_vehicle_msgs/lib/python3.8/site-packages/c_auto_vehicle_msgs/__init__.py
Compiling '/home/skyautonet/skyautonet_ws/eee/multi_lidar/install/c_auto_vehicle_msgs/lib/python3.8/site-packages/c_auto_vehicle_msgs/__init__.py'...
-- Installing: /home/skyautonet/skyautonet_ws/eee/multi_lidar/install/c_auto_vehicle_msgs/lib/python3.8/site-packages/c_auto_vehicle_msgs/msg
-- Installing: /home/skyautonet/skyautonet_ws/eee/multi_lidar/install/c_auto_vehicle_msgs/lib/python3.8/site-packages/c_auto_vehicle_msgs/msg/_velocity_report.py
-- Installing: /home/skyautonet/skyautonet_ws/eee/multi_lidar/install/c_auto_vehicle_msgs/lib/python3.8/site-packages/c_auto_vehicle_msgs/msg/__init__.py
-- Installing: /home/skyautonet/skyautonet_ws/eee/multi_lidar/install/c_auto_vehicle_msgs/lib/python3.8/site-packages/c_auto_vehicle_msgs/msg/_velocity_report_s.c
-- Installing: /home/skyautonet/skyautonet_ws/eee/multi_lidar/install/c_auto_vehicle_msgs/lib/python3.8/site-packages/c_auto_vehicle_msgs/c_auto_vehicle_msgs_s__rosidl_typesupport_fastrtps_c.cpython-38-x86_64-linux-gnu.so
-- Set runtime path of "/home/skyautonet/skyautonet_ws/eee/multi_lidar/install/c_auto_vehicle_msgs/lib/python3.8/site-packages/c_auto_vehicle_msgs/c_auto_vehicle_msgs_s__rosidl_typesupport_fastrtps_c.cpython-38-x86_64-linux-gnu.so" to ""
-- Installing: /home/skyautonet/skyautonet_ws/eee/multi_lidar/install/c_auto_vehicle_msgs/lib/python3.8/site-packages/c_auto_vehicle_msgs/c_auto_vehicle_msgs_s__rosidl_typesupport_introspection_c.cpython-38-x86_64-linux-gnu.so
-- Set runtime path of "/home/skyautonet/skyautonet_ws/eee/multi_lidar/install/c_auto_vehicle_msgs/lib/python3.8/site-packages/c_auto_vehicle_msgs/c_auto_vehicle_msgs_s__rosidl_typesupport_introspection_c.cpython-38-x86_64-linux-gnu.so" to ""
-- Installing: /home/skyautonet/skyautonet_ws/eee/multi_lidar/install/c_auto_vehicle_msgs/lib/python3.8/site-packages/c_auto_vehicle_msgs/c_auto_vehicle_msgs_s__rosidl_typesupport_c.cpython-38-x86_64-linux-gnu.so
-- Set runtime path of "/home/skyautonet/skyautonet_ws/eee/multi_lidar/install/c_auto_vehicle_msgs/lib/python3.8/site-packages/c_auto_vehicle_msgs/c_auto_vehicle_msgs_s__rosidl_typesupport_c.cpython-38-x86_64-linux-gnu.so" to ""
-- Installing: /home/skyautonet/skyautonet_ws/eee/multi_lidar/install/c_auto_vehicle_msgs/lib/libc_auto_vehicle_msgs__python.so
-- Set runtime path of "/home/skyautonet/skyautonet_ws/eee/multi_lidar/install/c_auto_vehicle_msgs/lib/libc_auto_vehicle_msgs__python.so" to ""
-- Installing: /home/skyautonet/skyautonet_ws/eee/multi_lidar/install/c_auto_vehicle_msgs/share/c_auto_vehicle_msgs/msg/VelocityReport.idl
-- Installing: /home/skyautonet/skyautonet_ws/eee/multi_lidar/install/c_auto_vehicle_msgs/share/ament_index/resource_index/package_run_dependencies/c_auto_vehicle_msgs
-- Installing: /home/skyautonet/skyautonet_ws/eee/multi_lidar/install/c_auto_vehicle_msgs/share/ament_index/resource_index/parent_prefix_path/c_auto_vehicle_msgs
-- Installing: /home/skyautonet/skyautonet_ws/eee/multi_lidar/install/c_auto_vehicle_msgs/share/c_auto_vehicle_msgs/environment/ament_prefix_path.sh
-- Installing: /home/skyautonet/skyautonet_ws/eee/multi_lidar/install/c_auto_vehicle_msgs/share/c_auto_vehicle_msgs/environment/ament_prefix_path.dsv
-- Installing: /home/skyautonet/skyautonet_ws/eee/multi_lidar/install/c_auto_vehicle_msgs/share/c_auto_vehicle_msgs/environment/path.sh
-- Installing: /home/skyautonet/skyautonet_ws/eee/multi_lidar/install/c_auto_vehicle_msgs/share/c_auto_vehicle_msgs/environment/path.dsv
-- Installing: /home/skyautonet/skyautonet_ws/eee/multi_lidar/install/c_auto_vehicle_msgs/share/c_auto_vehicle_msgs/local_setup.bash
-- Installing: /home/skyautonet/skyautonet_ws/eee/multi_lidar/install/c_auto_vehicle_msgs/share/c_auto_vehicle_msgs/local_setup.sh
-- Installing: /home/skyautonet/skyautonet_ws/eee/multi_lidar/install/c_auto_vehicle_msgs/share/c_auto_vehicle_msgs/local_setup.zsh
-- Installing: /home/skyautonet/skyautonet_ws/eee/multi_lidar/install/c_auto_vehicle_msgs/share/c_auto_vehicle_msgs/local_setup.dsv
-- Installing: /home/skyautonet/skyautonet_ws/eee/multi_lidar/install/c_auto_vehicle_msgs/share/c_auto_vehicle_msgs/package.dsv
-- Installing: /home/skyautonet/skyautonet_ws/eee/multi_lidar/install/c_auto_vehicle_msgs/share/ament_index/resource_index/packages/c_auto_vehicle_msgs
-- Installing: /home/skyautonet/skyautonet_ws/eee/multi_lidar/install/c_auto_vehicle_msgs/share/c_auto_vehicle_msgs/cmake/c_auto_vehicle_msgs__rosidl_generator_cExport.cmake
-- Installing: /home/skyautonet/skyautonet_ws/eee/multi_lidar/install/c_auto_vehicle_msgs/share/c_auto_vehicle_msgs/cmake/c_auto_vehicle_msgs__rosidl_generator_cExport-noconfig.cmake
-- Installing: /home/skyautonet/skyautonet_ws/eee/multi_lidar/install/c_auto_vehicle_msgs/share/c_auto_vehicle_msgs/cmake/c_auto_vehicle_msgs__rosidl_typesupport_introspection_cExport.cmake
-- Installing: /home/skyautonet/skyautonet_ws/eee/multi_lidar/install/c_auto_vehicle_msgs/share/c_auto_vehicle_msgs/cmake/c_auto_vehicle_msgs__rosidl_typesupport_introspection_cExport-noconfig.cmake
-- Installing: /home/skyautonet/skyautonet_ws/eee/multi_lidar/install/c_auto_vehicle_msgs/share/c_auto_vehicle_msgs/cmake/c_auto_vehicle_msgs__rosidl_typesupport_cExport.cmake
-- Installing: /home/skyautonet/skyautonet_ws/eee/multi_lidar/install/c_auto_vehicle_msgs/share/c_auto_vehicle_msgs/cmake/c_auto_vehicle_msgs__rosidl_typesupport_cExport-noconfig.cmake
-- Installing: /home/skyautonet/skyautonet_ws/eee/multi_lidar/install/c_auto_vehicle_msgs/share/c_auto_vehicle_msgs/cmake/c_auto_vehicle_msgs__rosidl_generator_cppExport.cmake
-- Installing: /home/skyautonet/skyautonet_ws/eee/multi_lidar/install/c_auto_vehicle_msgs/share/c_auto_vehicle_msgs/cmake/c_auto_vehicle_msgs__rosidl_typesupport_introspection_cppExport.cmake
-- Installing: /home/skyautonet/skyautonet_ws/eee/multi_lidar/install/c_auto_vehicle_msgs/share/c_auto_vehicle_msgs/cmake/c_auto_vehicle_msgs__rosidl_typesupport_introspection_cppExport-noconfig.cmake
-- Installing: /home/skyautonet/skyautonet_ws/eee/multi_lidar/install/c_auto_vehicle_msgs/share/c_auto_vehicle_msgs/cmake/c_auto_vehicle_msgs__rosidl_typesupport_cppExport.cmake
-- Installing: /home/skyautonet/skyautonet_ws/eee/multi_lidar/install/c_auto_vehicle_msgs/share/c_auto_vehicle_msgs/cmake/c_auto_vehicle_msgs__rosidl_typesupport_cppExport-noconfig.cmake
-- Installing: /home/skyautonet/skyautonet_ws/eee/multi_lidar/install/c_auto_vehicle_msgs/share/c_auto_vehicle_msgs/cmake/rosidl_cmake-extras.cmake
-- Installing: /home/skyautonet/skyautonet_ws/eee/multi_lidar/install/c_auto_vehicle_msgs/share/c_auto_vehicle_msgs/cmake/ament_cmake_export_dependencies-extras.cmake
-- Installing: /home/skyautonet/skyautonet_ws/eee/multi_lidar/install/c_auto_vehicle_msgs/share/c_auto_vehicle_msgs/cmake/ament_cmake_export_libraries-extras.cmake
-- Installing: /home/skyautonet/skyautonet_ws/eee/multi_lidar/install/c_auto_vehicle_msgs/share/c_auto_vehicle_msgs/cmake/ament_cmake_export_targets-extras.cmake
-- Installing: /home/skyautonet/skyautonet_ws/eee/multi_lidar/install/c_auto_vehicle_msgs/share/c_auto_vehicle_msgs/cmake/ament_cmake_export_include_directories-extras.cmake
-- Installing: /home/skyautonet/skyautonet_ws/eee/multi_lidar/install/c_auto_vehicle_msgs/share/c_auto_vehicle_msgs/cmake/rosidl_cmake_export_typesupport_libraries-extras.cmake
-- Installing: /home/skyautonet/skyautonet_ws/eee/multi_lidar/install/c_auto_vehicle_msgs/share/c_auto_vehicle_msgs/cmake/rosidl_cmake_export_typesupport_targets-extras.cmake
-- Installing: /home/skyautonet/skyautonet_ws/eee/multi_lidar/install/c_auto_vehicle_msgs/share/c_auto_vehicle_msgs/cmake/c_auto_vehicle_msgsConfig.cmake
-- Installing: /home/skyautonet/skyautonet_ws/eee/multi_lidar/install/c_auto_vehicle_msgs/share/c_auto_vehicle_msgs/cmake/c_auto_vehicle_msgsConfig-version.cmake
-- Installing: /home/skyautonet/skyautonet_ws/eee/multi_lidar/install/c_auto_vehicle_msgs/share/c_auto_vehicle_msgs/package.xml
