[0.012s] Invoking command in '/home/skyautonet/skyautonet_ws/eee/multi_lidar/build/c_auto_vehicle_msgs': CMAKE_PREFIX_PATH=${CMAKE_PREFIX_PATH}:/opt/ros/foxy /usr/bin/cmake /home/skyautonet/skyautonet_ws/eee/multi_lidar/src/c_auto_vehicle_msgs -DCMAKE_INSTALL_PREFIX=/home/skyautonet/skyautonet_ws/eee/multi_lidar/install/c_auto_vehicle_msgs
[0.320s] -- The C compiler identification is GNU 9.4.0
[0.387s] -- The CXX compiler identification is GNU 9.4.0
[0.417s] -- Check for working C compiler: /usr/bin/cc
[0.509s] -- Check for working C compiler: /usr/bin/cc -- works
[0.510s] -- Detecting C compiler ABI info
[0.585s] -- Detecting C compiler ABI info - done
[0.592s] -- Detecting C compile features
[0.621s] -- Detecting C compile features - done
[0.636s] -- Check for working CXX compiler: /usr/bin/c++
[0.686s] -- Check for working CXX compiler: /usr/bin/c++ -- works
[0.687s] -- Detecting CXX compiler ABI info
[0.749s] -- Detecting CXX compiler ABI info - done
[0.755s] -- Detecting CXX compile features
[0.755s] -- Detecting CXX compile features - done
[0.791s] -- Found ament_cmake_auto: 0.9.12 (/opt/ros/foxy/share/ament_cmake_auto/cmake)
[0.866s] -- Found PythonInterp: /usr/bin/python3 (found suitable version "3.8.10", minimum required is "3") 
[0.866s] -- Using PYTHON_EXECUTABLE: /usr/bin/python3
[1.187s] -- Using all available rosidl_typesupport_c: rosidl_typesupport_fastrtps_c;rosidl_typesupport_introspection_c
[1.219s] -- Found rosidl_adapter: 1.3.1 (/opt/ros/foxy/share/rosidl_adapter/cmake)
[1.459s] -- Found OpenSSL: /usr/lib/x86_64-linux-gnu/libcrypto.so (found version "1.1.1f")  
[1.476s] -- Found FastRTPS: /opt/ros/foxy/include  
[1.574s] -- Using all available rosidl_typesupport_cpp: rosidl_typesupport_fastrtps_cpp;rosidl_typesupport_introspection_cpp
[1.657s] -- Found ament_cmake_cppcheck: 0.9.8 (/opt/ros/foxy/share/ament_cmake_cppcheck/cmake)
[1.661s] -- Found ament_cmake_cpplint: 0.9.8 (/opt/ros/foxy/share/ament_cmake_cpplint/cmake)
[1.663s] -- Found ament_cmake_uncrustify: 0.9.8 (/opt/ros/foxy/share/ament_cmake_uncrustify/cmake)
[1.665s] -- Found ament_cmake_ros: 0.9.2 (/opt/ros/foxy/share/ament_cmake_ros/cmake)
[1.755s] -- Using all available rosidl_typesupport_c: rosidl_typesupport_fastrtps_c;rosidl_typesupport_introspection_c
[1.802s] -- Using all available rosidl_typesupport_cpp: rosidl_typesupport_fastrtps_cpp;rosidl_typesupport_introspection_cpp
[1.818s] -- Found PythonInterp: /usr/bin/python3 (found suitable version "3.8.10", minimum required is "3.5") 
[1.830s] -- Found python_cmake_module: 0.8.1 (/opt/ros/foxy/share/python_cmake_module/cmake)
[1.921s] -- Found PythonLibs: /usr/lib/x86_64-linux-gnu/libpython3.8.so (found suitable version "3.8.10", minimum required is "3.5") 
[1.921s] -- Using PYTHON_EXECUTABLE: /usr/bin/python3
[1.921s] -- Using PYTHON_INCLUDE_DIRS: /usr/include/python3.8
[1.921s] -- Using PYTHON_LIBRARIES: /usr/lib/x86_64-linux-gnu/libpython3.8.so
[1.934s] -- Found PythonExtra: .so  
[1.992s] -- Found ament_cmake_flake8: 0.9.8 (/opt/ros/foxy/share/ament_cmake_flake8/cmake)
[2.000s] -- Found ament_cmake_pep257: 0.9.8 (/opt/ros/foxy/share/ament_cmake_pep257/cmake)
[2.002s] -- Found ament_lint_auto: 0.9.8 (/opt/ros/foxy/share/ament_lint_auto/cmake)
[2.151s] -- Added test 'copyright' to check source files copyright and LICENSE
[2.152s] -- Added test 'lint_cmake' to check CMake code style
[2.153s] -- Added test 'xmllint' to check XML markup files
[2.159s] -- Configuring done
[2.220s] -- Generating done
[2.222s] -- Build files have been written to: /home/skyautonet/skyautonet_ws/eee/multi_lidar/build/c_auto_vehicle_msgs
[2.230s] Invoked command in '/home/skyautonet/skyautonet_ws/eee/multi_lidar/build/c_auto_vehicle_msgs' returned '0': CMAKE_PREFIX_PATH=${CMAKE_PREFIX_PATH}:/opt/ros/foxy /usr/bin/cmake /home/skyautonet/skyautonet_ws/eee/multi_lidar/src/c_auto_vehicle_msgs -DCMAKE_INSTALL_PREFIX=/home/skyautonet/skyautonet_ws/eee/multi_lidar/install/c_auto_vehicle_msgs
[2.231s] Invoking command in '/home/skyautonet/skyautonet_ws/eee/multi_lidar/build/c_auto_vehicle_msgs': CMAKE_PREFIX_PATH=${CMAKE_PREFIX_PATH}:/opt/ros/foxy /usr/bin/cmake --build /home/skyautonet/skyautonet_ws/eee/multi_lidar/build/c_auto_vehicle_msgs -- -j20 -l20
[2.256s] [35m[1mScanning dependencies of target c_auto_vehicle_msgs__cpp[0m
[2.256s] [  3%] [34m[1mGenerating C code for ROS interfaces[0m
[2.261s] [  6%] [34m[1mGenerating C++ code for ROS interfaces[0m
[2.385s] [35m[1mScanning dependencies of target c_auto_vehicle_msgs__rosidl_generator_c[0m
[2.388s] [  6%] Built target c_auto_vehicle_msgs__cpp
[2.393s] [ 16%] [34m[1mGenerating C++ type support for eProsima Fast-RTPS[0m
[2.393s] [ 16%] [34m[1mGenerating C++ introspection for ROS interfaces[0m
[2.393s] [ 16%] [34m[1mGenerating C++ type support dispatch for ROS interfaces[0m
[2.458s] [ 19%] [32mBuilding C object CMakeFiles/c_auto_vehicle_msgs__rosidl_generator_c.dir/rosidl_generator_c/c_auto_vehicle_msgs/msg/detail/velocity_report__functions.c.o[0m
[2.519s] [35m[1mScanning dependencies of target c_auto_vehicle_msgs__rosidl_typesupport_cpp[0m
[2.550s] [ 22%] [32mBuilding CXX object CMakeFiles/c_auto_vehicle_msgs__rosidl_typesupport_cpp.dir/rosidl_typesupport_cpp/c_auto_vehicle_msgs/msg/velocity_report__type_support.cpp.o[0m
[2.570s] [35m[1mScanning dependencies of target c_auto_vehicle_msgs__rosidl_typesupport_introspection_cpp[0m
[2.570s] [35m[1mScanning dependencies of target c_auto_vehicle_msgs__rosidl_typesupport_fastrtps_cpp[0m
[2.583s] [ 25%] [32mBuilding CXX object CMakeFiles/c_auto_vehicle_msgs__rosidl_typesupport_introspection_cpp.dir/rosidl_typesupport_introspection_cpp/c_auto_vehicle_msgs/msg/detail/velocity_report__type_support.cpp.o[0m
[2.584s] [ 29%] [32m[1mLinking C shared library libc_auto_vehicle_msgs__rosidl_generator_c.so[0m
[2.595s] [ 32%] [32mBuilding CXX object CMakeFiles/c_auto_vehicle_msgs__rosidl_typesupport_fastrtps_cpp.dir/rosidl_typesupport_fastrtps_cpp/c_auto_vehicle_msgs/msg/detail/dds_fastrtps/velocity_report__type_support.cpp.o[0m
[2.605s] [ 32%] Built target c_auto_vehicle_msgs__rosidl_generator_c
[2.611s] [ 35%] [34m[1mGenerating C introspection for ROS interfaces[0m
[2.612s] [ 38%] [34m[1mGenerating C type support dispatch for ROS interfaces[0m
[2.691s] [ 41%] [32m[1mLinking CXX shared library libc_auto_vehicle_msgs__rosidl_typesupport_cpp.so[0m
[2.715s] [ 41%] Built target c_auto_vehicle_msgs__rosidl_typesupport_cpp
[2.732s] [ 45%] [32m[1mLinking CXX shared library libc_auto_vehicle_msgs__rosidl_typesupport_introspection_cpp.so[0m
[2.744s] [35m[1mScanning dependencies of target c_auto_vehicle_msgs__rosidl_typesupport_c[0m
[2.752s] [ 48%] [32mBuilding CXX object CMakeFiles/c_auto_vehicle_msgs__rosidl_typesupport_c.dir/rosidl_typesupport_c/c_auto_vehicle_msgs/msg/velocity_report__type_support.cpp.o[0m
[2.769s] [ 48%] Built target c_auto_vehicle_msgs__rosidl_typesupport_introspection_cpp
[2.772s] [ 51%] [32m[1mLinking CXX shared library libc_auto_vehicle_msgs__rosidl_typesupport_c.so[0m
[2.782s] [35m[1mScanning dependencies of target c_auto_vehicle_msgs__rosidl_typesupport_introspection_c[0m
[2.790s] [ 54%] [32mBuilding C object CMakeFiles/c_auto_vehicle_msgs__rosidl_typesupport_introspection_c.dir/rosidl_typesupport_introspection_c/c_auto_vehicle_msgs/msg/detail/velocity_report__type_support.c.o[0m
[2.794s] [ 54%] Built target c_auto_vehicle_msgs__rosidl_typesupport_c
[2.809s] [ 58%] [32m[1mLinking C shared library libc_auto_vehicle_msgs__rosidl_typesupport_introspection_c.so[0m
[2.827s] [ 58%] Built target c_auto_vehicle_msgs__rosidl_typesupport_introspection_c
[2.894s] [ 61%] [32m[1mLinking CXX shared library libc_auto_vehicle_msgs__rosidl_typesupport_fastrtps_cpp.so[0m
[2.970s] [ 61%] Built target c_auto_vehicle_msgs__rosidl_typesupport_fastrtps_cpp
[2.977s] [ 64%] [34m[1mGenerating C type support for eProsima Fast-RTPS[0m
[3.126s] [35m[1mScanning dependencies of target c_auto_vehicle_msgs__rosidl_typesupport_fastrtps_c[0m
[3.137s] [ 67%] [32mBuilding CXX object CMakeFiles/c_auto_vehicle_msgs__rosidl_typesupport_fastrtps_c.dir/rosidl_typesupport_fastrtps_c/c_auto_vehicle_msgs/msg/detail/velocity_report__type_support_c.cpp.o[0m
[3.294s] [ 70%] [32m[1mLinking CXX shared library libc_auto_vehicle_msgs__rosidl_typesupport_fastrtps_c.so[0m
[3.346s] [ 70%] Built target c_auto_vehicle_msgs__rosidl_typesupport_fastrtps_c
[3.351s] [35m[1mScanning dependencies of target c_auto_vehicle_msgs[0m
[3.357s] [ 70%] Built target c_auto_vehicle_msgs
[3.363s] [35m[1mScanning dependencies of target c_auto_vehicle_msgs__py[0m
[3.369s] [ 74%] [34m[1mGenerating Python code for ROS interfaces[0m
[3.716s] [ 74%] Built target c_auto_vehicle_msgs__py
[3.722s] [35m[1mScanning dependencies of target c_auto_vehicle_msgs__python[0m
[3.833s] [ 77%] [32mBuilding C object CMakeFiles/c_auto_vehicle_msgs__python.dir/rosidl_generator_py/c_auto_vehicle_msgs/msg/_velocity_report_s.c.o[0m
[3.901s] [ 80%] [32m[1mLinking C shared library rosidl_generator_py/c_auto_vehicle_msgs/libc_auto_vehicle_msgs__python.so[0m
[3.930s] [ 80%] Built target c_auto_vehicle_msgs__python
[3.936s] [35m[1mScanning dependencies of target c_auto_vehicle_msgs__rosidl_typesupport_c__pyext[0m
[3.936s] [35m[1mScanning dependencies of target c_auto_vehicle_msgs__rosidl_typesupport_introspection_c__pyext[0m
[3.936s] [35m[1mScanning dependencies of target c_auto_vehicle_msgs__rosidl_typesupport_fastrtps_c__pyext[0m
[3.946s] [ 83%] [32mBuilding C object CMakeFiles/c_auto_vehicle_msgs__rosidl_typesupport_c__pyext.dir/rosidl_generator_py/c_auto_vehicle_msgs/_c_auto_vehicle_msgs_s.ep.rosidl_typesupport_c.c.o[0m
[3.946s] [ 90%] [32mBuilding C object CMakeFiles/c_auto_vehicle_msgs__rosidl_typesupport_introspection_c__pyext.dir/rosidl_generator_py/c_auto_vehicle_msgs/_c_auto_vehicle_msgs_s.ep.rosidl_typesupport_introspection_c.c.o[0m
[3.946s] [ 90%] [32mBuilding C object CMakeFiles/c_auto_vehicle_msgs__rosidl_typesupport_fastrtps_c__pyext.dir/rosidl_generator_py/c_auto_vehicle_msgs/_c_auto_vehicle_msgs_s.ep.rosidl_typesupport_fastrtps_c.c.o[0m
[3.989s] [100%] [32m[1mLinking CXX shared library rosidl_generator_py/c_auto_vehicle_msgs/c_auto_vehicle_msgs_s__rosidl_typesupport_fastrtps_c.cpython-38-x86_64-linux-gnu.so[0m
[3.990s] [100%] [32m[1mLinking C shared library rosidl_generator_py/c_auto_vehicle_msgs/c_auto_vehicle_msgs_s__rosidl_typesupport_introspection_c.cpython-38-x86_64-linux-gnu.so[0m
[3.990s] [100%] [32m[1mLinking C shared library rosidl_generator_py/c_auto_vehicle_msgs/c_auto_vehicle_msgs_s__rosidl_typesupport_c.cpython-38-x86_64-linux-gnu.so[0m
[4.010s] [100%] Built target c_auto_vehicle_msgs__rosidl_typesupport_introspection_c__pyext
[4.010s] [100%] Built target c_auto_vehicle_msgs__rosidl_typesupport_c__pyext
[4.026s] [100%] Built target c_auto_vehicle_msgs__rosidl_typesupport_fastrtps_c__pyext
[4.034s] Invoked command in '/home/skyautonet/skyautonet_ws/eee/multi_lidar/build/c_auto_vehicle_msgs' returned '0': CMAKE_PREFIX_PATH=${CMAKE_PREFIX_PATH}:/opt/ros/foxy /usr/bin/cmake --build /home/skyautonet/skyautonet_ws/eee/multi_lidar/build/c_auto_vehicle_msgs -- -j20 -l20
[4.068s] Invoking command in '/home/skyautonet/skyautonet_ws/eee/multi_lidar/build/c_auto_vehicle_msgs': CMAKE_PREFIX_PATH=${CMAKE_PREFIX_PATH}:/opt/ros/foxy /usr/bin/cmake --install /home/skyautonet/skyautonet_ws/eee/multi_lidar/build/c_auto_vehicle_msgs
[4.073s] -- Install configuration: ""
[4.073s] -- Installing: /home/skyautonet/skyautonet_ws/eee/multi_lidar/install/c_auto_vehicle_msgs/share/ament_index/resource_index/rosidl_interfaces/c_auto_vehicle_msgs
[4.073s] -- Installing: /home/skyautonet/skyautonet_ws/eee/multi_lidar/install/c_auto_vehicle_msgs/include/c_auto_vehicle_msgs
[4.073s] -- Installing: /home/skyautonet/skyautonet_ws/eee/multi_lidar/install/c_auto_vehicle_msgs/include/c_auto_vehicle_msgs/msg
[4.073s] -- Installing: /home/skyautonet/skyautonet_ws/eee/multi_lidar/install/c_auto_vehicle_msgs/include/c_auto_vehicle_msgs/msg/detail
[4.073s] -- Installing: /home/skyautonet/skyautonet_ws/eee/multi_lidar/install/c_auto_vehicle_msgs/include/c_auto_vehicle_msgs/msg/detail/velocity_report__struct.h
[4.073s] -- Installing: /home/skyautonet/skyautonet_ws/eee/multi_lidar/install/c_auto_vehicle_msgs/include/c_auto_vehicle_msgs/msg/detail/velocity_report__functions.c
[4.073s] -- Installing: /home/skyautonet/skyautonet_ws/eee/multi_lidar/install/c_auto_vehicle_msgs/include/c_auto_vehicle_msgs/msg/detail/velocity_report__functions.h
[4.073s] -- Installing: /home/skyautonet/skyautonet_ws/eee/multi_lidar/install/c_auto_vehicle_msgs/include/c_auto_vehicle_msgs/msg/detail/velocity_report__type_support.h
[4.073s] -- Installing: /home/skyautonet/skyautonet_ws/eee/multi_lidar/install/c_auto_vehicle_msgs/include/c_auto_vehicle_msgs/msg/velocity_report.h
[4.073s] -- Installing: /home/skyautonet/skyautonet_ws/eee/multi_lidar/install/c_auto_vehicle_msgs/include/c_auto_vehicle_msgs/msg/rosidl_generator_c__visibility_control.h
[4.073s] -- Installing: /home/skyautonet/skyautonet_ws/eee/multi_lidar/install/c_auto_vehicle_msgs/share/c_auto_vehicle_msgs/environment/library_path.sh
[4.073s] -- Installing: /home/skyautonet/skyautonet_ws/eee/multi_lidar/install/c_auto_vehicle_msgs/share/c_auto_vehicle_msgs/environment/library_path.dsv
[4.073s] -- Installing: /home/skyautonet/skyautonet_ws/eee/multi_lidar/install/c_auto_vehicle_msgs/lib/libc_auto_vehicle_msgs__rosidl_generator_c.so
[4.073s] -- Set runtime path of "/home/skyautonet/skyautonet_ws/eee/multi_lidar/install/c_auto_vehicle_msgs/lib/libc_auto_vehicle_msgs__rosidl_generator_c.so" to ""
[4.073s] -- Up-to-date: /home/skyautonet/skyautonet_ws/eee/multi_lidar/install/c_auto_vehicle_msgs/include/c_auto_vehicle_msgs
[4.073s] -- Up-to-date: /home/skyautonet/skyautonet_ws/eee/multi_lidar/install/c_auto_vehicle_msgs/include/c_auto_vehicle_msgs/msg
[4.073s] -- Up-to-date: /home/skyautonet/skyautonet_ws/eee/multi_lidar/install/c_auto_vehicle_msgs/include/c_auto_vehicle_msgs/msg/detail
[4.073s] -- Installing: /home/skyautonet/skyautonet_ws/eee/multi_lidar/install/c_auto_vehicle_msgs/include/c_auto_vehicle_msgs/msg/detail/velocity_report__rosidl_typesupport_fastrtps_c.h
[4.074s] -- Installing: /home/skyautonet/skyautonet_ws/eee/multi_lidar/install/c_auto_vehicle_msgs/include/c_auto_vehicle_msgs/msg/rosidl_typesupport_fastrtps_c__visibility_control.h
[4.074s] -- Installing: /home/skyautonet/skyautonet_ws/eee/multi_lidar/install/c_auto_vehicle_msgs/lib/libc_auto_vehicle_msgs__rosidl_typesupport_fastrtps_c.so
[4.074s] -- Set runtime path of "/home/skyautonet/skyautonet_ws/eee/multi_lidar/install/c_auto_vehicle_msgs/lib/libc_auto_vehicle_msgs__rosidl_typesupport_fastrtps_c.so" to ""
[4.074s] -- Up-to-date: /home/skyautonet/skyautonet_ws/eee/multi_lidar/install/c_auto_vehicle_msgs/include/c_auto_vehicle_msgs
[4.074s] -- Up-to-date: /home/skyautonet/skyautonet_ws/eee/multi_lidar/install/c_auto_vehicle_msgs/include/c_auto_vehicle_msgs/msg
[4.074s] -- Installing: /home/skyautonet/skyautonet_ws/eee/multi_lidar/install/c_auto_vehicle_msgs/include/c_auto_vehicle_msgs/msg/rosidl_typesupport_fastrtps_cpp__visibility_control.h
[4.074s] -- Up-to-date: /home/skyautonet/skyautonet_ws/eee/multi_lidar/install/c_auto_vehicle_msgs/include/c_auto_vehicle_msgs/msg/detail
[4.074s] -- Installing: /home/skyautonet/skyautonet_ws/eee/multi_lidar/install/c_auto_vehicle_msgs/include/c_auto_vehicle_msgs/msg/detail/dds_fastrtps
[4.074s] -- Installing: /home/skyautonet/skyautonet_ws/eee/multi_lidar/install/c_auto_vehicle_msgs/include/c_auto_vehicle_msgs/msg/detail/velocity_report__rosidl_typesupport_fastrtps_cpp.hpp
[4.074s] -- Installing: /home/skyautonet/skyautonet_ws/eee/multi_lidar/install/c_auto_vehicle_msgs/lib/libc_auto_vehicle_msgs__rosidl_typesupport_fastrtps_cpp.so
[4.074s] -- Set runtime path of "/home/skyautonet/skyautonet_ws/eee/multi_lidar/install/c_auto_vehicle_msgs/lib/libc_auto_vehicle_msgs__rosidl_typesupport_fastrtps_cpp.so" to ""
[4.074s] -- Up-to-date: /home/skyautonet/skyautonet_ws/eee/multi_lidar/install/c_auto_vehicle_msgs/include/c_auto_vehicle_msgs
[4.074s] -- Up-to-date: /home/skyautonet/skyautonet_ws/eee/multi_lidar/install/c_auto_vehicle_msgs/include/c_auto_vehicle_msgs/msg
[4.074s] -- Installing: /home/skyautonet/skyautonet_ws/eee/multi_lidar/install/c_auto_vehicle_msgs/include/c_auto_vehicle_msgs/msg/rosidl_typesupport_introspection_c__visibility_control.h
[4.074s] -- Up-to-date: /home/skyautonet/skyautonet_ws/eee/multi_lidar/install/c_auto_vehicle_msgs/include/c_auto_vehicle_msgs/msg/detail
[4.074s] -- Installing: /home/skyautonet/skyautonet_ws/eee/multi_lidar/install/c_auto_vehicle_msgs/include/c_auto_vehicle_msgs/msg/detail/velocity_report__type_support.c
[4.074s] -- Installing: /home/skyautonet/skyautonet_ws/eee/multi_lidar/install/c_auto_vehicle_msgs/include/c_auto_vehicle_msgs/msg/detail/velocity_report__rosidl_typesupport_introspection_c.h
[4.074s] -- Installing: /home/skyautonet/skyautonet_ws/eee/multi_lidar/install/c_auto_vehicle_msgs/lib/libc_auto_vehicle_msgs__rosidl_typesupport_introspection_c.so
[4.074s] -- Set runtime path of "/home/skyautonet/skyautonet_ws/eee/multi_lidar/install/c_auto_vehicle_msgs/lib/libc_auto_vehicle_msgs__rosidl_typesupport_introspection_c.so" to ""
[4.075s] -- Installing: /home/skyautonet/skyautonet_ws/eee/multi_lidar/install/c_auto_vehicle_msgs/lib/libc_auto_vehicle_msgs__rosidl_typesupport_c.so
[4.075s] -- Set runtime path of "/home/skyautonet/skyautonet_ws/eee/multi_lidar/install/c_auto_vehicle_msgs/lib/libc_auto_vehicle_msgs__rosidl_typesupport_c.so" to ""
[4.075s] -- Up-to-date: /home/skyautonet/skyautonet_ws/eee/multi_lidar/install/c_auto_vehicle_msgs/include/c_auto_vehicle_msgs
[4.075s] -- Up-to-date: /home/skyautonet/skyautonet_ws/eee/multi_lidar/install/c_auto_vehicle_msgs/include/c_auto_vehicle_msgs/msg
[4.075s] -- Installing: /home/skyautonet/skyautonet_ws/eee/multi_lidar/install/c_auto_vehicle_msgs/include/c_auto_vehicle_msgs/msg/velocity_report.hpp
[4.075s] -- Up-to-date: /home/skyautonet/skyautonet_ws/eee/multi_lidar/install/c_auto_vehicle_msgs/include/c_auto_vehicle_msgs/msg/detail
[4.075s] -- Installing: /home/skyautonet/skyautonet_ws/eee/multi_lidar/install/c_auto_vehicle_msgs/include/c_auto_vehicle_msgs/msg/detail/velocity_report__type_support.hpp
[4.075s] -- Installing: /home/skyautonet/skyautonet_ws/eee/multi_lidar/install/c_auto_vehicle_msgs/include/c_auto_vehicle_msgs/msg/detail/velocity_report__struct.hpp
[4.075s] -- Installing: /home/skyautonet/skyautonet_ws/eee/multi_lidar/install/c_auto_vehicle_msgs/include/c_auto_vehicle_msgs/msg/detail/velocity_report__builder.hpp
[4.075s] -- Installing: /home/skyautonet/skyautonet_ws/eee/multi_lidar/install/c_auto_vehicle_msgs/include/c_auto_vehicle_msgs/msg/detail/velocity_report__traits.hpp
[4.075s] -- Installing: /home/skyautonet/skyautonet_ws/eee/multi_lidar/install/c_auto_vehicle_msgs/include/c_auto_vehicle_msgs/msg/rosidl_generator_cpp__visibility_control.hpp
[4.075s] -- Up-to-date: /home/skyautonet/skyautonet_ws/eee/multi_lidar/install/c_auto_vehicle_msgs/include/c_auto_vehicle_msgs
[4.075s] -- Up-to-date: /home/skyautonet/skyautonet_ws/eee/multi_lidar/install/c_auto_vehicle_msgs/include/c_auto_vehicle_msgs/msg
[4.075s] -- Up-to-date: /home/skyautonet/skyautonet_ws/eee/multi_lidar/install/c_auto_vehicle_msgs/include/c_auto_vehicle_msgs/msg/detail
[4.075s] -- Installing: /home/skyautonet/skyautonet_ws/eee/multi_lidar/install/c_auto_vehicle_msgs/include/c_auto_vehicle_msgs/msg/detail/velocity_report__rosidl_typesupport_introspection_cpp.hpp
[4.075s] -- Installing: /home/skyautonet/skyautonet_ws/eee/multi_lidar/install/c_auto_vehicle_msgs/include/c_auto_vehicle_msgs/msg/detail/velocity_report__type_support.cpp
[4.075s] -- Installing: /home/skyautonet/skyautonet_ws/eee/multi_lidar/install/c_auto_vehicle_msgs/lib/libc_auto_vehicle_msgs__rosidl_typesupport_introspection_cpp.so
[4.075s] -- Set runtime path of "/home/skyautonet/skyautonet_ws/eee/multi_lidar/install/c_auto_vehicle_msgs/lib/libc_auto_vehicle_msgs__rosidl_typesupport_introspection_cpp.so" to ""
[4.075s] -- Installing: /home/skyautonet/skyautonet_ws/eee/multi_lidar/install/c_auto_vehicle_msgs/lib/libc_auto_vehicle_msgs__rosidl_typesupport_cpp.so
[4.075s] -- Set runtime path of "/home/skyautonet/skyautonet_ws/eee/multi_lidar/install/c_auto_vehicle_msgs/lib/libc_auto_vehicle_msgs__rosidl_typesupport_cpp.so" to ""
[4.075s] -- Installing: /home/skyautonet/skyautonet_ws/eee/multi_lidar/install/c_auto_vehicle_msgs/share/c_auto_vehicle_msgs/environment/pythonpath.sh
[4.075s] -- Installing: /home/skyautonet/skyautonet_ws/eee/multi_lidar/install/c_auto_vehicle_msgs/share/c_auto_vehicle_msgs/environment/pythonpath.dsv
[4.076s] -- Installing: /home/skyautonet/skyautonet_ws/eee/multi_lidar/install/c_auto_vehicle_msgs/lib/python3.8/site-packages/c_auto_vehicle_msgs/__init__.py
[4.092s] Compiling '/home/skyautonet/skyautonet_ws/eee/multi_lidar/install/c_auto_vehicle_msgs/lib/python3.8/site-packages/c_auto_vehicle_msgs/__init__.py'...
[4.094s] -- Installing: /home/skyautonet/skyautonet_ws/eee/multi_lidar/install/c_auto_vehicle_msgs/lib/python3.8/site-packages/c_auto_vehicle_msgs/msg
[4.094s] -- Installing: /home/skyautonet/skyautonet_ws/eee/multi_lidar/install/c_auto_vehicle_msgs/lib/python3.8/site-packages/c_auto_vehicle_msgs/msg/_velocity_report.py
[4.094s] -- Installing: /home/skyautonet/skyautonet_ws/eee/multi_lidar/install/c_auto_vehicle_msgs/lib/python3.8/site-packages/c_auto_vehicle_msgs/msg/__init__.py
[4.094s] -- Installing: /home/skyautonet/skyautonet_ws/eee/multi_lidar/install/c_auto_vehicle_msgs/lib/python3.8/site-packages/c_auto_vehicle_msgs/msg/_velocity_report_s.c
[4.094s] -- Installing: /home/skyautonet/skyautonet_ws/eee/multi_lidar/install/c_auto_vehicle_msgs/lib/python3.8/site-packages/c_auto_vehicle_msgs/c_auto_vehicle_msgs_s__rosidl_typesupport_fastrtps_c.cpython-38-x86_64-linux-gnu.so
[4.094s] -- Set runtime path of "/home/skyautonet/skyautonet_ws/eee/multi_lidar/install/c_auto_vehicle_msgs/lib/python3.8/site-packages/c_auto_vehicle_msgs/c_auto_vehicle_msgs_s__rosidl_typesupport_fastrtps_c.cpython-38-x86_64-linux-gnu.so" to ""
[4.094s] -- Installing: /home/skyautonet/skyautonet_ws/eee/multi_lidar/install/c_auto_vehicle_msgs/lib/python3.8/site-packages/c_auto_vehicle_msgs/c_auto_vehicle_msgs_s__rosidl_typesupport_introspection_c.cpython-38-x86_64-linux-gnu.so
[4.095s] -- Set runtime path of "/home/skyautonet/skyautonet_ws/eee/multi_lidar/install/c_auto_vehicle_msgs/lib/python3.8/site-packages/c_auto_vehicle_msgs/c_auto_vehicle_msgs_s__rosidl_typesupport_introspection_c.cpython-38-x86_64-linux-gnu.so" to ""
[4.095s] -- Installing: /home/skyautonet/skyautonet_ws/eee/multi_lidar/install/c_auto_vehicle_msgs/lib/python3.8/site-packages/c_auto_vehicle_msgs/c_auto_vehicle_msgs_s__rosidl_typesupport_c.cpython-38-x86_64-linux-gnu.so
[4.095s] -- Set runtime path of "/home/skyautonet/skyautonet_ws/eee/multi_lidar/install/c_auto_vehicle_msgs/lib/python3.8/site-packages/c_auto_vehicle_msgs/c_auto_vehicle_msgs_s__rosidl_typesupport_c.cpython-38-x86_64-linux-gnu.so" to ""
[4.095s] -- Installing: /home/skyautonet/skyautonet_ws/eee/multi_lidar/install/c_auto_vehicle_msgs/lib/libc_auto_vehicle_msgs__python.so
[4.095s] -- Set runtime path of "/home/skyautonet/skyautonet_ws/eee/multi_lidar/install/c_auto_vehicle_msgs/lib/libc_auto_vehicle_msgs__python.so" to ""
[4.095s] -- Installing: /home/skyautonet/skyautonet_ws/eee/multi_lidar/install/c_auto_vehicle_msgs/share/c_auto_vehicle_msgs/msg/VelocityReport.idl
[4.095s] -- Installing: /home/skyautonet/skyautonet_ws/eee/multi_lidar/install/c_auto_vehicle_msgs/share/ament_index/resource_index/package_run_dependencies/c_auto_vehicle_msgs
[4.095s] -- Installing: /home/skyautonet/skyautonet_ws/eee/multi_lidar/install/c_auto_vehicle_msgs/share/ament_index/resource_index/parent_prefix_path/c_auto_vehicle_msgs
[4.095s] -- Installing: /home/skyautonet/skyautonet_ws/eee/multi_lidar/install/c_auto_vehicle_msgs/share/c_auto_vehicle_msgs/environment/ament_prefix_path.sh
[4.095s] -- Installing: /home/skyautonet/skyautonet_ws/eee/multi_lidar/install/c_auto_vehicle_msgs/share/c_auto_vehicle_msgs/environment/ament_prefix_path.dsv
[4.095s] -- Installing: /home/skyautonet/skyautonet_ws/eee/multi_lidar/install/c_auto_vehicle_msgs/share/c_auto_vehicle_msgs/environment/path.sh
[4.095s] -- Installing: /home/skyautonet/skyautonet_ws/eee/multi_lidar/install/c_auto_vehicle_msgs/share/c_auto_vehicle_msgs/environment/path.dsv
[4.095s] -- Installing: /home/skyautonet/skyautonet_ws/eee/multi_lidar/install/c_auto_vehicle_msgs/share/c_auto_vehicle_msgs/local_setup.bash
[4.096s] -- Installing: /home/skyautonet/skyautonet_ws/eee/multi_lidar/install/c_auto_vehicle_msgs/share/c_auto_vehicle_msgs/local_setup.sh
[4.096s] -- Installing: /home/skyautonet/skyautonet_ws/eee/multi_lidar/install/c_auto_vehicle_msgs/share/c_auto_vehicle_msgs/local_setup.zsh
[4.096s] -- Installing: /home/skyautonet/skyautonet_ws/eee/multi_lidar/install/c_auto_vehicle_msgs/share/c_auto_vehicle_msgs/local_setup.dsv
[4.096s] -- Installing: /home/skyautonet/skyautonet_ws/eee/multi_lidar/install/c_auto_vehicle_msgs/share/c_auto_vehicle_msgs/package.dsv
[4.096s] -- Installing: /home/skyautonet/skyautonet_ws/eee/multi_lidar/install/c_auto_vehicle_msgs/share/ament_index/resource_index/packages/c_auto_vehicle_msgs
[4.096s] -- Installing: /home/skyautonet/skyautonet_ws/eee/multi_lidar/install/c_auto_vehicle_msgs/share/c_auto_vehicle_msgs/cmake/c_auto_vehicle_msgs__rosidl_generator_cExport.cmake
[4.096s] -- Installing: /home/skyautonet/skyautonet_ws/eee/multi_lidar/install/c_auto_vehicle_msgs/share/c_auto_vehicle_msgs/cmake/c_auto_vehicle_msgs__rosidl_generator_cExport-noconfig.cmake
[4.096s] -- Installing: /home/skyautonet/skyautonet_ws/eee/multi_lidar/install/c_auto_vehicle_msgs/share/c_auto_vehicle_msgs/cmake/c_auto_vehicle_msgs__rosidl_typesupport_introspection_cExport.cmake
[4.096s] -- Installing: /home/skyautonet/skyautonet_ws/eee/multi_lidar/install/c_auto_vehicle_msgs/share/c_auto_vehicle_msgs/cmake/c_auto_vehicle_msgs__rosidl_typesupport_introspection_cExport-noconfig.cmake
[4.096s] -- Installing: /home/skyautonet/skyautonet_ws/eee/multi_lidar/install/c_auto_vehicle_msgs/share/c_auto_vehicle_msgs/cmake/c_auto_vehicle_msgs__rosidl_typesupport_cExport.cmake
[4.096s] -- Installing: /home/skyautonet/skyautonet_ws/eee/multi_lidar/install/c_auto_vehicle_msgs/share/c_auto_vehicle_msgs/cmake/c_auto_vehicle_msgs__rosidl_typesupport_cExport-noconfig.cmake
[4.096s] -- Installing: /home/skyautonet/skyautonet_ws/eee/multi_lidar/install/c_auto_vehicle_msgs/share/c_auto_vehicle_msgs/cmake/c_auto_vehicle_msgs__rosidl_generator_cppExport.cmake
[4.096s] -- Installing: /home/skyautonet/skyautonet_ws/eee/multi_lidar/install/c_auto_vehicle_msgs/share/c_auto_vehicle_msgs/cmake/c_auto_vehicle_msgs__rosidl_typesupport_introspection_cppExport.cmake
[4.096s] -- Installing: /home/skyautonet/skyautonet_ws/eee/multi_lidar/install/c_auto_vehicle_msgs/share/c_auto_vehicle_msgs/cmake/c_auto_vehicle_msgs__rosidl_typesupport_introspection_cppExport-noconfig.cmake
[4.096s] -- Installing: /home/skyautonet/skyautonet_ws/eee/multi_lidar/install/c_auto_vehicle_msgs/share/c_auto_vehicle_msgs/cmake/c_auto_vehicle_msgs__rosidl_typesupport_cppExport.cmake
[4.096s] -- Installing: /home/skyautonet/skyautonet_ws/eee/multi_lidar/install/c_auto_vehicle_msgs/share/c_auto_vehicle_msgs/cmake/c_auto_vehicle_msgs__rosidl_typesupport_cppExport-noconfig.cmake
[4.096s] -- Installing: /home/skyautonet/skyautonet_ws/eee/multi_lidar/install/c_auto_vehicle_msgs/share/c_auto_vehicle_msgs/cmake/rosidl_cmake-extras.cmake
[4.096s] -- Installing: /home/skyautonet/skyautonet_ws/eee/multi_lidar/install/c_auto_vehicle_msgs/share/c_auto_vehicle_msgs/cmake/ament_cmake_export_dependencies-extras.cmake
[4.097s] -- Installing: /home/skyautonet/skyautonet_ws/eee/multi_lidar/install/c_auto_vehicle_msgs/share/c_auto_vehicle_msgs/cmake/ament_cmake_export_libraries-extras.cmake
[4.097s] -- Installing: /home/skyautonet/skyautonet_ws/eee/multi_lidar/install/c_auto_vehicle_msgs/share/c_auto_vehicle_msgs/cmake/ament_cmake_export_targets-extras.cmake
[4.097s] -- Installing: /home/skyautonet/skyautonet_ws/eee/multi_lidar/install/c_auto_vehicle_msgs/share/c_auto_vehicle_msgs/cmake/ament_cmake_export_include_directories-extras.cmake
[4.097s] -- Installing: /home/skyautonet/skyautonet_ws/eee/multi_lidar/install/c_auto_vehicle_msgs/share/c_auto_vehicle_msgs/cmake/rosidl_cmake_export_typesupport_libraries-extras.cmake
[4.097s] -- Installing: /home/skyautonet/skyautonet_ws/eee/multi_lidar/install/c_auto_vehicle_msgs/share/c_auto_vehicle_msgs/cmake/rosidl_cmake_export_typesupport_targets-extras.cmake
[4.097s] -- Installing: /home/skyautonet/skyautonet_ws/eee/multi_lidar/install/c_auto_vehicle_msgs/share/c_auto_vehicle_msgs/cmake/c_auto_vehicle_msgsConfig.cmake
[4.097s] -- Installing: /home/skyautonet/skyautonet_ws/eee/multi_lidar/install/c_auto_vehicle_msgs/share/c_auto_vehicle_msgs/cmake/c_auto_vehicle_msgsConfig-version.cmake
[4.097s] -- Installing: /home/skyautonet/skyautonet_ws/eee/multi_lidar/install/c_auto_vehicle_msgs/share/c_auto_vehicle_msgs/package.xml
[4.099s] Invoked command in '/home/skyautonet/skyautonet_ws/eee/multi_lidar/build/c_auto_vehicle_msgs' returned '0': CMAKE_PREFIX_PATH=${CMAKE_PREFIX_PATH}:/opt/ros/foxy /usr/bin/cmake --install /home/skyautonet/skyautonet_ws/eee/multi_lidar/build/c_auto_vehicle_msgs
