[0.141s] DEBUG:colcon:Command line arguments: ['/usr/bin/colcon', 'build']
[0.141s] DEBUG:colcon:Parsed command line arguments: Namespace(allow_overriding=[], ament_cmake_args=None, base_paths=['.'], build_base='build', catkin_cmake_args=None, catkin_skip_building_tests=False, cmake_args=None, cmake_clean_cache=False, cmake_clean_first=False, cmake_force_configure=False, cmake_target=None, cmake_target_skip_unavailable=False, continue_on_error=False, event_handlers=None, executor='parallel', ignore_user_meta=False, install_base='install', log_base=None, log_level=None, main=<bound method BuildVerb.main of <colcon_core.verb.build.BuildVerb object at 0x7fc094df9760>>, merge_install=False, metas=['./colcon.meta'], packages_above=None, packages_above_and_dependencies=None, packages_above_depth=None, packages_end=None, packages_ignore=None, packages_ignore_regex=None, packages_select=None, packages_select_build_failed=False, packages_select_by_dep=None, packages_select_regex=None, packages_select_test_failures=False, packages_skip=None, packages_skip_build_finished=False, packages_skip_by_dep=None, packages_skip_regex=None, packages_skip_test_passed=False, packages_skip_up_to=None, packages_start=None, packages_up_to=None, packages_up_to_regex=None, parallel_workers=20, paths=None, symlink_install=False, test_result_base=None, verb_extension=<colcon_core.verb.build.BuildVerb object at 0x7fc094df9760>, verb_name='build', verb_parser=<colcon_defaults.argument_parser.defaults.DefaultArgumentsDecorator object at 0x7fc094df9cd0>)
[0.154s] Level 1:colcon.colcon_core.package_discovery:discover_packages(colcon_meta) check parameters
[0.154s] Level 1:colcon.colcon_core.package_discovery:discover_packages(recursive) check parameters
[0.154s] Level 1:colcon.colcon_core.package_discovery:discover_packages(ignore) check parameters
[0.154s] Level 1:colcon.colcon_core.package_discovery:discover_packages(path) check parameters
[0.154s] Level 1:colcon.colcon_core.package_discovery:discover_packages(colcon_meta) discover
[0.154s] Level 1:colcon.colcon_core.package_discovery:discover_packages(recursive) discover
[0.154s] INFO:colcon.colcon_core.package_discovery:Crawling recursively for packages in '/home/skyautonet/skyautonet_ws/eee/multi_lidar'
[0.154s] Level 1:colcon.colcon_core.package_identification:_identify(.) by extensions ['ignore', 'ignore_ament_install']
[0.154s] Level 1:colcon.colcon_core.package_identification:_identify(.) by extension 'ignore'
[0.154s] Level 1:colcon.colcon_core.package_identification:_identify(.) by extension 'ignore_ament_install'
[0.154s] Level 1:colcon.colcon_core.package_identification:_identify(.) by extensions ['colcon_pkg']
[0.154s] Level 1:colcon.colcon_core.package_identification:_identify(.) by extension 'colcon_pkg'
[0.154s] Level 1:colcon.colcon_core.package_identification:_identify(.) by extensions ['colcon_meta']
[0.154s] Level 1:colcon.colcon_core.package_identification:_identify(.) by extension 'colcon_meta'
[0.154s] Level 1:colcon.colcon_core.package_identification:_identify(.) by extensions ['ros']
[0.154s] Level 1:colcon.colcon_core.package_identification:_identify(.) by extension 'ros'
[0.163s] Level 1:colcon.colcon_core.package_identification:_identify(.) by extensions ['cmake', 'python']
[0.164s] Level 1:colcon.colcon_core.package_identification:_identify(.) by extension 'cmake'
[0.164s] Level 1:colcon.colcon_core.package_identification:_identify(.) by extension 'python'
[0.164s] Level 1:colcon.colcon_core.package_identification:_identify(.) by extensions ['python_setup_py']
[0.164s] Level 1:colcon.colcon_core.package_identification:_identify(.) by extension 'python_setup_py'
[0.164s] Level 1:colcon.colcon_core.package_identification:_identify(build) by extensions ['ignore', 'ignore_ament_install']
[0.164s] Level 1:colcon.colcon_core.package_identification:_identify(build) by extension 'ignore'
[0.164s] Level 1:colcon.colcon_core.package_identification:_identify(build) ignored
[0.164s] Level 1:colcon.colcon_core.package_identification:_identify(install) by extensions ['ignore', 'ignore_ament_install']
[0.164s] Level 1:colcon.colcon_core.package_identification:_identify(install) by extension 'ignore'
[0.164s] Level 1:colcon.colcon_core.package_identification:_identify(install) ignored
[0.164s] Level 1:colcon.colcon_core.package_identification:_identify(log) by extensions ['ignore', 'ignore_ament_install']
[0.164s] Level 1:colcon.colcon_core.package_identification:_identify(log) by extension 'ignore'
[0.164s] Level 1:colcon.colcon_core.package_identification:_identify(log) ignored
[0.164s] Level 1:colcon.colcon_core.package_identification:_identify(src) by extensions ['ignore', 'ignore_ament_install']
[0.164s] Level 1:colcon.colcon_core.package_identification:_identify(src) by extension 'ignore'
[0.164s] Level 1:colcon.colcon_core.package_identification:_identify(src) by extension 'ignore_ament_install'
[0.164s] Level 1:colcon.colcon_core.package_identification:_identify(src) by extensions ['colcon_pkg']
[0.164s] Level 1:colcon.colcon_core.package_identification:_identify(src) by extension 'colcon_pkg'
[0.164s] Level 1:colcon.colcon_core.package_identification:_identify(src) by extensions ['colcon_meta']
[0.164s] Level 1:colcon.colcon_core.package_identification:_identify(src) by extension 'colcon_meta'
[0.164s] Level 1:colcon.colcon_core.package_identification:_identify(src) by extensions ['ros']
[0.164s] Level 1:colcon.colcon_core.package_identification:_identify(src) by extension 'ros'
[0.164s] Level 1:colcon.colcon_core.package_identification:_identify(src) by extensions ['cmake', 'python']
[0.164s] Level 1:colcon.colcon_core.package_identification:_identify(src) by extension 'cmake'
[0.164s] Level 1:colcon.colcon_core.package_identification:_identify(src) by extension 'python'
[0.164s] Level 1:colcon.colcon_core.package_identification:_identify(src) by extensions ['python_setup_py']
[0.164s] Level 1:colcon.colcon_core.package_identification:_identify(src) by extension 'python_setup_py'
[0.164s] Level 1:colcon.colcon_core.package_identification:_identify(src/autoware_point_types) by extensions ['ignore', 'ignore_ament_install']
[0.164s] Level 1:colcon.colcon_core.package_identification:_identify(src/autoware_point_types) by extension 'ignore'
[0.164s] Level 1:colcon.colcon_core.package_identification:_identify(src/autoware_point_types) by extension 'ignore_ament_install'
[0.164s] Level 1:colcon.colcon_core.package_identification:_identify(src/autoware_point_types) by extensions ['colcon_pkg']
[0.164s] Level 1:colcon.colcon_core.package_identification:_identify(src/autoware_point_types) by extension 'colcon_pkg'
[0.165s] Level 1:colcon.colcon_core.package_identification:_identify(src/autoware_point_types) by extensions ['colcon_meta']
[0.165s] Level 1:colcon.colcon_core.package_identification:_identify(src/autoware_point_types) by extension 'colcon_meta'
[0.165s] Level 1:colcon.colcon_core.package_identification:_identify(src/autoware_point_types) by extensions ['ros']
[0.165s] Level 1:colcon.colcon_core.package_identification:_identify(src/autoware_point_types) by extension 'ros'
[0.166s] DEBUG:colcon.colcon_core.package_identification:Package 'src/autoware_point_types' with type 'ros.ament_cmake' and name 'autoware_point_types'
[0.166s] Level 1:colcon.colcon_core.package_identification:_identify(src/c_auto_vehicle_msgs) by extensions ['ignore', 'ignore_ament_install']
[0.166s] Level 1:colcon.colcon_core.package_identification:_identify(src/c_auto_vehicle_msgs) by extension 'ignore'
[0.166s] Level 1:colcon.colcon_core.package_identification:_identify(src/c_auto_vehicle_msgs) by extension 'ignore_ament_install'
[0.166s] Level 1:colcon.colcon_core.package_identification:_identify(src/c_auto_vehicle_msgs) by extensions ['colcon_pkg']
[0.166s] Level 1:colcon.colcon_core.package_identification:_identify(src/c_auto_vehicle_msgs) by extension 'colcon_pkg'
[0.166s] Level 1:colcon.colcon_core.package_identification:_identify(src/c_auto_vehicle_msgs) by extensions ['colcon_meta']
[0.166s] Level 1:colcon.colcon_core.package_identification:_identify(src/c_auto_vehicle_msgs) by extension 'colcon_meta'
[0.166s] Level 1:colcon.colcon_core.package_identification:_identify(src/c_auto_vehicle_msgs) by extensions ['ros']
[0.166s] Level 1:colcon.colcon_core.package_identification:_identify(src/c_auto_vehicle_msgs) by extension 'ros'
[0.167s] DEBUG:colcon.colcon_core.package_identification:Package 'src/c_auto_vehicle_msgs' with type 'ros.ament_cmake' and name 'c_auto_vehicle_msgs'
[0.167s] Level 1:colcon.colcon_core.package_identification:_identify(src/concat) by extensions ['ignore', 'ignore_ament_install']
[0.167s] Level 1:colcon.colcon_core.package_identification:_identify(src/concat) by extension 'ignore'
[0.167s] Level 1:colcon.colcon_core.package_identification:_identify(src/concat) by extension 'ignore_ament_install'
[0.167s] Level 1:colcon.colcon_core.package_identification:_identify(src/concat) by extensions ['colcon_pkg']
[0.167s] Level 1:colcon.colcon_core.package_identification:_identify(src/concat) by extension 'colcon_pkg'
[0.167s] Level 1:colcon.colcon_core.package_identification:_identify(src/concat) by extensions ['colcon_meta']
[0.167s] Level 1:colcon.colcon_core.package_identification:_identify(src/concat) by extension 'colcon_meta'
[0.167s] Level 1:colcon.colcon_core.package_identification:_identify(src/concat) by extensions ['ros']
[0.167s] Level 1:colcon.colcon_core.package_identification:_identify(src/concat) by extension 'ros'
[0.168s] DEBUG:colcon.colcon_core.package_identification:Package 'src/concat' with type 'ros.ament_cmake' and name 'concat'
[0.168s] Level 1:colcon.colcon_core.package_discovery:discover_packages(recursive) using defaults
[0.168s] Level 1:colcon.colcon_core.package_discovery:discover_packages(ignore) discover
[0.168s] Level 1:colcon.colcon_core.package_discovery:discover_packages(ignore) using defaults
[0.168s] Level 1:colcon.colcon_core.package_discovery:discover_packages(path) discover
[0.168s] Level 1:colcon.colcon_core.package_discovery:discover_packages(path) using defaults
[0.177s] Level 1:colcon.colcon_core.package_discovery:discover_packages(prefix_path) check parameters
[0.177s] Level 1:colcon.colcon_core.package_discovery:discover_packages(prefix_path) discover
[0.179s] DEBUG:colcon.colcon_installed_package_information.package_discovery:Found 269 installed packages in /opt/ros/foxy
[0.180s] Level 1:colcon.colcon_core.package_discovery:discover_packages(prefix_path) using defaults
[0.210s] Level 5:colcon.colcon_core.verb:set package 'autoware_point_types' build argument 'cmake_args' from command line to 'None'
[0.210s] Level 5:colcon.colcon_core.verb:set package 'autoware_point_types' build argument 'cmake_target' from command line to 'None'
[0.210s] Level 5:colcon.colcon_core.verb:set package 'autoware_point_types' build argument 'cmake_target_skip_unavailable' from command line to 'False'
[0.210s] Level 5:colcon.colcon_core.verb:set package 'autoware_point_types' build argument 'cmake_clean_cache' from command line to 'False'
[0.210s] Level 5:colcon.colcon_core.verb:set package 'autoware_point_types' build argument 'cmake_clean_first' from command line to 'False'
[0.210s] Level 5:colcon.colcon_core.verb:set package 'autoware_point_types' build argument 'cmake_force_configure' from command line to 'False'
[0.210s] Level 5:colcon.colcon_core.verb:set package 'autoware_point_types' build argument 'ament_cmake_args' from command line to 'None'
[0.210s] Level 5:colcon.colcon_core.verb:set package 'autoware_point_types' build argument 'catkin_cmake_args' from command line to 'None'
[0.210s] Level 5:colcon.colcon_core.verb:set package 'autoware_point_types' build argument 'catkin_skip_building_tests' from command line to 'False'
[0.210s] DEBUG:colcon.colcon_core.verb:Building package 'autoware_point_types' with the following arguments: {'ament_cmake_args': None, 'build_base': '/home/skyautonet/skyautonet_ws/eee/multi_lidar/build/autoware_point_types', 'catkin_cmake_args': None, 'catkin_skip_building_tests': False, 'cmake_args': None, 'cmake_clean_cache': False, 'cmake_clean_first': False, 'cmake_force_configure': False, 'cmake_target': None, 'cmake_target_skip_unavailable': False, 'install_base': '/home/skyautonet/skyautonet_ws/eee/multi_lidar/install/autoware_point_types', 'merge_install': False, 'path': '/home/skyautonet/skyautonet_ws/eee/multi_lidar/src/autoware_point_types', 'symlink_install': False, 'test_result_base': None}
[0.210s] Level 5:colcon.colcon_core.verb:set package 'c_auto_vehicle_msgs' build argument 'cmake_args' from command line to 'None'
[0.210s] Level 5:colcon.colcon_core.verb:set package 'c_auto_vehicle_msgs' build argument 'cmake_target' from command line to 'None'
[0.210s] Level 5:colcon.colcon_core.verb:set package 'c_auto_vehicle_msgs' build argument 'cmake_target_skip_unavailable' from command line to 'False'
[0.210s] Level 5:colcon.colcon_core.verb:set package 'c_auto_vehicle_msgs' build argument 'cmake_clean_cache' from command line to 'False'
[0.210s] Level 5:colcon.colcon_core.verb:set package 'c_auto_vehicle_msgs' build argument 'cmake_clean_first' from command line to 'False'
[0.210s] Level 5:colcon.colcon_core.verb:set package 'c_auto_vehicle_msgs' build argument 'cmake_force_configure' from command line to 'False'
[0.210s] Level 5:colcon.colcon_core.verb:set package 'c_auto_vehicle_msgs' build argument 'ament_cmake_args' from command line to 'None'
[0.210s] Level 5:colcon.colcon_core.verb:set package 'c_auto_vehicle_msgs' build argument 'catkin_cmake_args' from command line to 'None'
[0.210s] Level 5:colcon.colcon_core.verb:set package 'c_auto_vehicle_msgs' build argument 'catkin_skip_building_tests' from command line to 'False'
[0.210s] DEBUG:colcon.colcon_core.verb:Building package 'c_auto_vehicle_msgs' with the following arguments: {'ament_cmake_args': None, 'build_base': '/home/skyautonet/skyautonet_ws/eee/multi_lidar/build/c_auto_vehicle_msgs', 'catkin_cmake_args': None, 'catkin_skip_building_tests': False, 'cmake_args': None, 'cmake_clean_cache': False, 'cmake_clean_first': False, 'cmake_force_configure': False, 'cmake_target': None, 'cmake_target_skip_unavailable': False, 'install_base': '/home/skyautonet/skyautonet_ws/eee/multi_lidar/install/c_auto_vehicle_msgs', 'merge_install': False, 'path': '/home/skyautonet/skyautonet_ws/eee/multi_lidar/src/c_auto_vehicle_msgs', 'symlink_install': False, 'test_result_base': None}
[0.211s] Level 5:colcon.colcon_core.verb:set package 'concat' build argument 'cmake_args' from command line to 'None'
[0.211s] Level 5:colcon.colcon_core.verb:set package 'concat' build argument 'cmake_target' from command line to 'None'
[0.211s] Level 5:colcon.colcon_core.verb:set package 'concat' build argument 'cmake_target_skip_unavailable' from command line to 'False'
[0.211s] Level 5:colcon.colcon_core.verb:set package 'concat' build argument 'cmake_clean_cache' from command line to 'False'
[0.211s] Level 5:colcon.colcon_core.verb:set package 'concat' build argument 'cmake_clean_first' from command line to 'False'
[0.211s] Level 5:colcon.colcon_core.verb:set package 'concat' build argument 'cmake_force_configure' from command line to 'False'
[0.211s] Level 5:colcon.colcon_core.verb:set package 'concat' build argument 'ament_cmake_args' from command line to 'None'
[0.211s] Level 5:colcon.colcon_core.verb:set package 'concat' build argument 'catkin_cmake_args' from command line to 'None'
[0.211s] Level 5:colcon.colcon_core.verb:set package 'concat' build argument 'catkin_skip_building_tests' from command line to 'False'
[0.211s] DEBUG:colcon.colcon_core.verb:Building package 'concat' with the following arguments: {'ament_cmake_args': None, 'build_base': '/home/skyautonet/skyautonet_ws/eee/multi_lidar/build/concat', 'catkin_cmake_args': None, 'catkin_skip_building_tests': False, 'cmake_args': None, 'cmake_clean_cache': False, 'cmake_clean_first': False, 'cmake_force_configure': False, 'cmake_target': None, 'cmake_target_skip_unavailable': False, 'install_base': '/home/skyautonet/skyautonet_ws/eee/multi_lidar/install/concat', 'merge_install': False, 'path': '/home/skyautonet/skyautonet_ws/eee/multi_lidar/src/concat', 'symlink_install': False, 'test_result_base': None}
[0.211s] INFO:colcon.colcon_core.executor:Executing jobs using 'parallel' executor
[0.213s] DEBUG:colcon.colcon_parallel_executor.executor.parallel:run_until_complete
[0.213s] INFO:colcon.colcon_ros.task.ament_cmake.build:Building ROS package in '/home/skyautonet/skyautonet_ws/eee/multi_lidar/src/c_auto_vehicle_msgs' with build type 'ament_cmake'
[0.213s] INFO:colcon.colcon_cmake.task.cmake.build:Building CMake package in '/home/skyautonet/skyautonet_ws/eee/multi_lidar/src/c_auto_vehicle_msgs'
[0.215s] INFO:colcon.colcon_core.plugin_system:Skipping extension 'colcon_core.shell.bat': Not used on non-Windows systems
[0.215s] INFO:colcon.colcon_core.shell:Skip shell extension 'powershell' for command environment: Not usable outside of PowerShell
[0.215s] DEBUG:colcon.colcon_core.shell:Skip shell extension 'dsv' for command environment
[0.218s] INFO:colcon.colcon_ros.task.ament_cmake.build:Building ROS package in '/home/skyautonet/skyautonet_ws/eee/multi_lidar/src/autoware_point_types' with build type 'ament_cmake'
[0.218s] INFO:colcon.colcon_cmake.task.cmake.build:Building CMake package in '/home/skyautonet/skyautonet_ws/eee/multi_lidar/src/autoware_point_types'
[0.219s] INFO:colcon.colcon_core.shell:Skip shell extension 'powershell' for command environment: Not usable outside of PowerShell
[0.219s] DEBUG:colcon.colcon_core.shell:Skip shell extension 'dsv' for command environment
[0.224s] DEBUG:colcon.colcon_core.event_handler.log_command:Invoking command in '/home/skyautonet/skyautonet_ws/eee/multi_lidar/build/c_auto_vehicle_msgs': CMAKE_PREFIX_PATH=/opt/ros/foxy /usr/bin/cmake --build /home/skyautonet/skyautonet_ws/eee/multi_lidar/build/c_auto_vehicle_msgs -- -j20 -l20
[0.228s] DEBUG:colcon.colcon_core.event_handler.log_command:Invoking command in '/home/skyautonet/skyautonet_ws/eee/multi_lidar/build/autoware_point_types': CMAKE_PREFIX_PATH=/opt/ros/foxy /usr/bin/cmake --build /home/skyautonet/skyautonet_ws/eee/multi_lidar/build/autoware_point_types -- -j20 -l20
[0.247s] DEBUG:colcon.colcon_core.event_handler.log_command:Invoked command in '/home/skyautonet/skyautonet_ws/eee/multi_lidar/build/autoware_point_types' returned '0': CMAKE_PREFIX_PATH=/opt/ros/foxy /usr/bin/cmake --build /home/skyautonet/skyautonet_ws/eee/multi_lidar/build/autoware_point_types -- -j20 -l20
[0.254s] WARNING:colcon.colcon_cmake.task.cmake.build:Could not run installation step for package 'autoware_point_types' because it has no 'install' target
[0.255s] Level 1:colcon.colcon_core.environment:create_environment_scripts_only(autoware_point_types)
[0.258s] Level 1:colcon.colcon_core.environment:checking '/home/skyautonet/skyautonet_ws/eee/multi_lidar/install/autoware_point_types' for CMake module files
[0.258s] Level 1:colcon.colcon_core.environment:checking '/home/skyautonet/skyautonet_ws/eee/multi_lidar/install/autoware_point_types' for CMake config files
[0.258s] Level 1:colcon.colcon_core.environment:checking '/home/skyautonet/skyautonet_ws/eee/multi_lidar/install/autoware_point_types/bin'
[0.258s] Level 1:colcon.colcon_core.environment:checking '/home/skyautonet/skyautonet_ws/eee/multi_lidar/install/autoware_point_types/lib/pkgconfig/autoware_point_types.pc'
[0.258s] Level 1:colcon.colcon_core.environment:checking '/home/skyautonet/skyautonet_ws/eee/multi_lidar/install/autoware_point_types/lib/python3.8/site-packages'
[0.258s] Level 1:colcon.colcon_core.environment:checking '/home/skyautonet/skyautonet_ws/eee/multi_lidar/install/autoware_point_types/bin'
[0.259s] INFO:colcon.colcon_core.shell:Creating package script '/home/skyautonet/skyautonet_ws/eee/multi_lidar/install/autoware_point_types/share/autoware_point_types/package.ps1'
[0.259s] INFO:colcon.colcon_core.shell:Creating package descriptor '/home/skyautonet/skyautonet_ws/eee/multi_lidar/install/autoware_point_types/share/autoware_point_types/package.dsv'
[0.260s] INFO:colcon.colcon_core.shell:Creating package script '/home/skyautonet/skyautonet_ws/eee/multi_lidar/install/autoware_point_types/share/autoware_point_types/package.sh'
[0.260s] INFO:colcon.colcon_core.shell:Creating package script '/home/skyautonet/skyautonet_ws/eee/multi_lidar/install/autoware_point_types/share/autoware_point_types/package.bash'
[0.260s] INFO:colcon.colcon_core.shell:Creating package script '/home/skyautonet/skyautonet_ws/eee/multi_lidar/install/autoware_point_types/share/autoware_point_types/package.zsh'
[0.261s] Level 1:colcon.colcon_core.environment:create_file_with_runtime_dependencies(/home/skyautonet/skyautonet_ws/eee/multi_lidar/install/autoware_point_types/share/colcon-core/packages/autoware_point_types)
[0.269s] Level 1:colcon.colcon_core.environment:create_environment_scripts_only(autoware_point_types)
[0.271s] Level 1:colcon.colcon_core.environment:checking '/home/skyautonet/skyautonet_ws/eee/multi_lidar/install/autoware_point_types' for CMake module files
[0.271s] Level 1:colcon.colcon_core.environment:checking '/home/skyautonet/skyautonet_ws/eee/multi_lidar/install/autoware_point_types' for CMake config files
[0.271s] Level 1:colcon.colcon_core.environment:checking '/home/skyautonet/skyautonet_ws/eee/multi_lidar/install/autoware_point_types/bin'
[0.271s] Level 1:colcon.colcon_core.environment:checking '/home/skyautonet/skyautonet_ws/eee/multi_lidar/install/autoware_point_types/lib/pkgconfig/autoware_point_types.pc'
[0.271s] Level 1:colcon.colcon_core.environment:checking '/home/skyautonet/skyautonet_ws/eee/multi_lidar/install/autoware_point_types/lib/python3.8/site-packages'
[0.271s] Level 1:colcon.colcon_core.environment:checking '/home/skyautonet/skyautonet_ws/eee/multi_lidar/install/autoware_point_types/bin'
[0.272s] INFO:colcon.colcon_core.shell:Creating package script '/home/skyautonet/skyautonet_ws/eee/multi_lidar/install/autoware_point_types/share/autoware_point_types/package.ps1'
[0.272s] INFO:colcon.colcon_core.shell:Creating package descriptor '/home/skyautonet/skyautonet_ws/eee/multi_lidar/install/autoware_point_types/share/autoware_point_types/package.dsv'
[0.272s] INFO:colcon.colcon_core.shell:Creating package script '/home/skyautonet/skyautonet_ws/eee/multi_lidar/install/autoware_point_types/share/autoware_point_types/package.sh'
[0.272s] INFO:colcon.colcon_core.shell:Creating package script '/home/skyautonet/skyautonet_ws/eee/multi_lidar/install/autoware_point_types/share/autoware_point_types/package.bash'
[0.273s] INFO:colcon.colcon_core.shell:Creating package script '/home/skyautonet/skyautonet_ws/eee/multi_lidar/install/autoware_point_types/share/autoware_point_types/package.zsh'
[0.273s] Level 1:colcon.colcon_core.environment:create_file_with_runtime_dependencies(/home/skyautonet/skyautonet_ws/eee/multi_lidar/install/autoware_point_types/share/colcon-core/packages/autoware_point_types)
[0.339s] DEBUG:colcon.colcon_core.event_handler.log_command:Invoked command in '/home/skyautonet/skyautonet_ws/eee/multi_lidar/build/c_auto_vehicle_msgs' returned '0': CMAKE_PREFIX_PATH=/opt/ros/foxy /usr/bin/cmake --build /home/skyautonet/skyautonet_ws/eee/multi_lidar/build/c_auto_vehicle_msgs -- -j20 -l20
[0.404s] DEBUG:colcon.colcon_core.event_handler.log_command:Invoking command in '/home/skyautonet/skyautonet_ws/eee/multi_lidar/build/c_auto_vehicle_msgs': CMAKE_PREFIX_PATH=/opt/ros/foxy /usr/bin/cmake --install /home/skyautonet/skyautonet_ws/eee/multi_lidar/build/c_auto_vehicle_msgs
[0.447s] Level 1:colcon.colcon_core.environment:create_environment_scripts_only(c_auto_vehicle_msgs)
[0.447s] DEBUG:colcon.colcon_core.event_handler.log_command:Invoked command in '/home/skyautonet/skyautonet_ws/eee/multi_lidar/build/c_auto_vehicle_msgs' returned '0': CMAKE_PREFIX_PATH=/opt/ros/foxy /usr/bin/cmake --install /home/skyautonet/skyautonet_ws/eee/multi_lidar/build/c_auto_vehicle_msgs
[0.448s] Level 1:colcon.colcon_core.environment:checking '/home/skyautonet/skyautonet_ws/eee/multi_lidar/install/c_auto_vehicle_msgs' for CMake module files
[0.449s] Level 1:colcon.colcon_core.environment:checking '/home/skyautonet/skyautonet_ws/eee/multi_lidar/install/c_auto_vehicle_msgs' for CMake config files
[0.449s] Level 1:colcon.colcon_core.shell:create_environment_hook('c_auto_vehicle_msgs', 'cmake_prefix_path')
[0.449s] INFO:colcon.colcon_core.shell:Creating environment hook '/home/skyautonet/skyautonet_ws/eee/multi_lidar/install/c_auto_vehicle_msgs/share/c_auto_vehicle_msgs/hook/cmake_prefix_path.ps1'
[0.450s] INFO:colcon.colcon_core.shell:Creating environment descriptor '/home/skyautonet/skyautonet_ws/eee/multi_lidar/install/c_auto_vehicle_msgs/share/c_auto_vehicle_msgs/hook/cmake_prefix_path.dsv'
[0.450s] INFO:colcon.colcon_core.shell:Creating environment hook '/home/skyautonet/skyautonet_ws/eee/multi_lidar/install/c_auto_vehicle_msgs/share/c_auto_vehicle_msgs/hook/cmake_prefix_path.sh'
[0.450s] Level 1:colcon.colcon_core.environment:checking '/home/skyautonet/skyautonet_ws/eee/multi_lidar/install/c_auto_vehicle_msgs/lib'
[0.450s] Level 1:colcon.colcon_core.shell:create_environment_hook('c_auto_vehicle_msgs', 'ld_library_path_lib')
[0.451s] INFO:colcon.colcon_core.shell:Creating environment hook '/home/skyautonet/skyautonet_ws/eee/multi_lidar/install/c_auto_vehicle_msgs/share/c_auto_vehicle_msgs/hook/ld_library_path_lib.ps1'
[0.451s] INFO:colcon.colcon_core.shell:Creating environment descriptor '/home/skyautonet/skyautonet_ws/eee/multi_lidar/install/c_auto_vehicle_msgs/share/c_auto_vehicle_msgs/hook/ld_library_path_lib.dsv'
[0.451s] INFO:colcon.colcon_core.shell:Creating environment hook '/home/skyautonet/skyautonet_ws/eee/multi_lidar/install/c_auto_vehicle_msgs/share/c_auto_vehicle_msgs/hook/ld_library_path_lib.sh'
[0.451s] Level 1:colcon.colcon_core.environment:checking '/home/skyautonet/skyautonet_ws/eee/multi_lidar/install/c_auto_vehicle_msgs/bin'
[0.451s] Level 1:colcon.colcon_core.environment:checking '/home/skyautonet/skyautonet_ws/eee/multi_lidar/install/c_auto_vehicle_msgs/lib/pkgconfig/c_auto_vehicle_msgs.pc'
[0.451s] Level 1:colcon.colcon_core.environment:checking '/home/skyautonet/skyautonet_ws/eee/multi_lidar/install/c_auto_vehicle_msgs/lib/python3.8/site-packages'
[0.452s] Level 1:colcon.colcon_core.shell:create_environment_hook('c_auto_vehicle_msgs', 'pythonpath')
[0.452s] INFO:colcon.colcon_core.shell:Creating environment hook '/home/skyautonet/skyautonet_ws/eee/multi_lidar/install/c_auto_vehicle_msgs/share/c_auto_vehicle_msgs/hook/pythonpath.ps1'
[0.452s] INFO:colcon.colcon_core.shell:Creating environment descriptor '/home/skyautonet/skyautonet_ws/eee/multi_lidar/install/c_auto_vehicle_msgs/share/c_auto_vehicle_msgs/hook/pythonpath.dsv'
[0.452s] INFO:colcon.colcon_core.shell:Creating environment hook '/home/skyautonet/skyautonet_ws/eee/multi_lidar/install/c_auto_vehicle_msgs/share/c_auto_vehicle_msgs/hook/pythonpath.sh'
[0.453s] Level 1:colcon.colcon_core.environment:checking '/home/skyautonet/skyautonet_ws/eee/multi_lidar/install/c_auto_vehicle_msgs/bin'
[0.453s] INFO:colcon.colcon_core.shell:Creating package script '/home/skyautonet/skyautonet_ws/eee/multi_lidar/install/c_auto_vehicle_msgs/share/c_auto_vehicle_msgs/package.ps1'
[0.454s] INFO:colcon.colcon_core.shell:Creating package descriptor '/home/skyautonet/skyautonet_ws/eee/multi_lidar/install/c_auto_vehicle_msgs/share/c_auto_vehicle_msgs/package.dsv'
[0.454s] INFO:colcon.colcon_core.shell:Creating package script '/home/skyautonet/skyautonet_ws/eee/multi_lidar/install/c_auto_vehicle_msgs/share/c_auto_vehicle_msgs/package.sh'
[0.454s] INFO:colcon.colcon_core.shell:Creating package script '/home/skyautonet/skyautonet_ws/eee/multi_lidar/install/c_auto_vehicle_msgs/share/c_auto_vehicle_msgs/package.bash'
[0.454s] INFO:colcon.colcon_core.shell:Creating package script '/home/skyautonet/skyautonet_ws/eee/multi_lidar/install/c_auto_vehicle_msgs/share/c_auto_vehicle_msgs/package.zsh'
[0.454s] Level 1:colcon.colcon_core.environment:create_file_with_runtime_dependencies(/home/skyautonet/skyautonet_ws/eee/multi_lidar/install/c_auto_vehicle_msgs/share/colcon-core/packages/c_auto_vehicle_msgs)
[0.483s] Level 1:colcon.colcon_core.environment:create_environment_scripts_only(c_auto_vehicle_msgs)
[0.485s] Level 1:colcon.colcon_core.environment:checking '/home/skyautonet/skyautonet_ws/eee/multi_lidar/install/c_auto_vehicle_msgs' for CMake module files
[0.485s] Level 1:colcon.colcon_core.environment:checking '/home/skyautonet/skyautonet_ws/eee/multi_lidar/install/c_auto_vehicle_msgs' for CMake config files
[0.485s] Level 1:colcon.colcon_core.shell:create_environment_hook('c_auto_vehicle_msgs', 'cmake_prefix_path')
[0.487s] INFO:colcon.colcon_core.shell:Creating environment hook '/home/skyautonet/skyautonet_ws/eee/multi_lidar/install/c_auto_vehicle_msgs/share/c_auto_vehicle_msgs/hook/cmake_prefix_path.ps1'
[0.487s] INFO:colcon.colcon_core.shell:Creating environment descriptor '/home/skyautonet/skyautonet_ws/eee/multi_lidar/install/c_auto_vehicle_msgs/share/c_auto_vehicle_msgs/hook/cmake_prefix_path.dsv'
[0.487s] INFO:colcon.colcon_core.shell:Creating environment hook '/home/skyautonet/skyautonet_ws/eee/multi_lidar/install/c_auto_vehicle_msgs/share/c_auto_vehicle_msgs/hook/cmake_prefix_path.sh'
[0.488s] Level 1:colcon.colcon_core.environment:checking '/home/skyautonet/skyautonet_ws/eee/multi_lidar/install/c_auto_vehicle_msgs/lib'
[0.488s] Level 1:colcon.colcon_core.shell:create_environment_hook('c_auto_vehicle_msgs', 'ld_library_path_lib')
[0.489s] INFO:colcon.colcon_core.shell:Creating environment hook '/home/skyautonet/skyautonet_ws/eee/multi_lidar/install/c_auto_vehicle_msgs/share/c_auto_vehicle_msgs/hook/ld_library_path_lib.ps1'
[0.489s] INFO:colcon.colcon_core.shell:Creating environment descriptor '/home/skyautonet/skyautonet_ws/eee/multi_lidar/install/c_auto_vehicle_msgs/share/c_auto_vehicle_msgs/hook/ld_library_path_lib.dsv'
[0.490s] INFO:colcon.colcon_core.shell:Creating environment hook '/home/skyautonet/skyautonet_ws/eee/multi_lidar/install/c_auto_vehicle_msgs/share/c_auto_vehicle_msgs/hook/ld_library_path_lib.sh'
[0.490s] Level 1:colcon.colcon_core.environment:checking '/home/skyautonet/skyautonet_ws/eee/multi_lidar/install/c_auto_vehicle_msgs/bin'
[0.490s] Level 1:colcon.colcon_core.environment:checking '/home/skyautonet/skyautonet_ws/eee/multi_lidar/install/c_auto_vehicle_msgs/lib/pkgconfig/c_auto_vehicle_msgs.pc'
[0.490s] Level 1:colcon.colcon_core.environment:checking '/home/skyautonet/skyautonet_ws/eee/multi_lidar/install/c_auto_vehicle_msgs/lib/python3.8/site-packages'
[0.490s] Level 1:colcon.colcon_core.shell:create_environment_hook('c_auto_vehicle_msgs', 'pythonpath')
[0.491s] INFO:colcon.colcon_core.shell:Creating environment hook '/home/skyautonet/skyautonet_ws/eee/multi_lidar/install/c_auto_vehicle_msgs/share/c_auto_vehicle_msgs/hook/pythonpath.ps1'
[0.491s] INFO:colcon.colcon_core.shell:Creating environment descriptor '/home/skyautonet/skyautonet_ws/eee/multi_lidar/install/c_auto_vehicle_msgs/share/c_auto_vehicle_msgs/hook/pythonpath.dsv'
[0.491s] INFO:colcon.colcon_core.shell:Creating environment hook '/home/skyautonet/skyautonet_ws/eee/multi_lidar/install/c_auto_vehicle_msgs/share/c_auto_vehicle_msgs/hook/pythonpath.sh'
[0.492s] Level 1:colcon.colcon_core.environment:checking '/home/skyautonet/skyautonet_ws/eee/multi_lidar/install/c_auto_vehicle_msgs/bin'
[0.492s] INFO:colcon.colcon_core.shell:Creating package script '/home/skyautonet/skyautonet_ws/eee/multi_lidar/install/c_auto_vehicle_msgs/share/c_auto_vehicle_msgs/package.ps1'
[0.493s] INFO:colcon.colcon_core.shell:Creating package descriptor '/home/skyautonet/skyautonet_ws/eee/multi_lidar/install/c_auto_vehicle_msgs/share/c_auto_vehicle_msgs/package.dsv'
[0.493s] INFO:colcon.colcon_core.shell:Creating package script '/home/skyautonet/skyautonet_ws/eee/multi_lidar/install/c_auto_vehicle_msgs/share/c_auto_vehicle_msgs/package.sh'
[0.493s] INFO:colcon.colcon_core.shell:Creating package script '/home/skyautonet/skyautonet_ws/eee/multi_lidar/install/c_auto_vehicle_msgs/share/c_auto_vehicle_msgs/package.bash'
[0.493s] INFO:colcon.colcon_core.shell:Creating package script '/home/skyautonet/skyautonet_ws/eee/multi_lidar/install/c_auto_vehicle_msgs/share/c_auto_vehicle_msgs/package.zsh'
[0.494s] Level 1:colcon.colcon_core.environment:create_file_with_runtime_dependencies(/home/skyautonet/skyautonet_ws/eee/multi_lidar/install/c_auto_vehicle_msgs/share/colcon-core/packages/c_auto_vehicle_msgs)
[0.494s] INFO:colcon.colcon_ros.task.ament_cmake.build:Building ROS package in '/home/skyautonet/skyautonet_ws/eee/multi_lidar/src/concat' with build type 'ament_cmake'
[0.494s] INFO:colcon.colcon_cmake.task.cmake.build:Building CMake package in '/home/skyautonet/skyautonet_ws/eee/multi_lidar/src/concat'
[0.495s] INFO:colcon.colcon_core.shell:Skip shell extension 'powershell' for command environment: Not usable outside of PowerShell
[0.495s] DEBUG:colcon.colcon_core.shell:Skip shell extension 'dsv' for command environment
[0.508s] DEBUG:colcon.colcon_core.event_handler.log_command:Invoking command in '/home/skyautonet/skyautonet_ws/eee/multi_lidar/build/concat': AMENT_PREFIX_PATH=/home/skyautonet/skyautonet_ws/eee/multi_lidar/install/c_auto_vehicle_msgs:${AMENT_PREFIX_PATH} CMAKE_PREFIX_PATH=/home/skyautonet/skyautonet_ws/eee/multi_lidar/install/c_auto_vehicle_msgs:/opt/ros/foxy LD_LIBRARY_PATH=/home/skyautonet/skyautonet_ws/eee/multi_lidar/install/c_auto_vehicle_msgs/lib:/usr/local/cuda-11.4/lib64/:/opt/ros/foxy/opt/yaml_cpp_vendor/lib:/opt/ros/foxy/opt/rviz_ogre_vendor/lib:/opt/ros/foxy/lib/x86_64-linux-gnu:/opt/ros/foxy/lib:/usr/local/cuda-11.4/lib64 PYTHONPATH=/home/skyautonet/skyautonet_ws/eee/multi_lidar/install/c_auto_vehicle_msgs/lib/python3.8/site-packages:${PYTHONPATH} /usr/bin/cmake --build /home/skyautonet/skyautonet_ws/eee/multi_lidar/build/concat -- -j20 -l20
[13.657s] DEBUG:colcon.colcon_core.event_handler.log_command:Invoked command in '/home/skyautonet/skyautonet_ws/eee/multi_lidar/build/concat' returned '0': AMENT_PREFIX_PATH=/home/skyautonet/skyautonet_ws/eee/multi_lidar/install/c_auto_vehicle_msgs:${AMENT_PREFIX_PATH} CMAKE_PREFIX_PATH=/home/skyautonet/skyautonet_ws/eee/multi_lidar/install/c_auto_vehicle_msgs:/opt/ros/foxy LD_LIBRARY_PATH=/home/skyautonet/skyautonet_ws/eee/multi_lidar/install/c_auto_vehicle_msgs/lib:/usr/local/cuda-11.4/lib64/:/opt/ros/foxy/opt/yaml_cpp_vendor/lib:/opt/ros/foxy/opt/rviz_ogre_vendor/lib:/opt/ros/foxy/lib/x86_64-linux-gnu:/opt/ros/foxy/lib:/usr/local/cuda-11.4/lib64 PYTHONPATH=/home/skyautonet/skyautonet_ws/eee/multi_lidar/install/c_auto_vehicle_msgs/lib/python3.8/site-packages:${PYTHONPATH} /usr/bin/cmake --build /home/skyautonet/skyautonet_ws/eee/multi_lidar/build/concat -- -j20 -l20
[13.674s] DEBUG:colcon.colcon_core.event_handler.log_command:Invoking command in '/home/skyautonet/skyautonet_ws/eee/multi_lidar/build/concat': AMENT_PREFIX_PATH=/home/skyautonet/skyautonet_ws/eee/multi_lidar/install/c_auto_vehicle_msgs:${AMENT_PREFIX_PATH} CMAKE_PREFIX_PATH=/home/skyautonet/skyautonet_ws/eee/multi_lidar/install/c_auto_vehicle_msgs:/opt/ros/foxy LD_LIBRARY_PATH=/home/skyautonet/skyautonet_ws/eee/multi_lidar/install/c_auto_vehicle_msgs/lib:/usr/local/cuda-11.4/lib64/:/opt/ros/foxy/opt/yaml_cpp_vendor/lib:/opt/ros/foxy/opt/rviz_ogre_vendor/lib:/opt/ros/foxy/lib/x86_64-linux-gnu:/opt/ros/foxy/lib:/usr/local/cuda-11.4/lib64 PYTHONPATH=/home/skyautonet/skyautonet_ws/eee/multi_lidar/install/c_auto_vehicle_msgs/lib/python3.8/site-packages:${PYTHONPATH} /usr/bin/cmake --install /home/skyautonet/skyautonet_ws/eee/multi_lidar/build/concat
[13.821s] Level 1:colcon.colcon_core.environment:create_environment_scripts_only(concat)
[13.826s] Level 1:colcon.colcon_core.environment:checking '/home/skyautonet/skyautonet_ws/eee/multi_lidar/install/concat' for CMake module files
[13.828s] DEBUG:colcon.colcon_core.event_handler.log_command:Invoked command in '/home/skyautonet/skyautonet_ws/eee/multi_lidar/build/concat' returned '0': AMENT_PREFIX_PATH=/home/skyautonet/skyautonet_ws/eee/multi_lidar/install/c_auto_vehicle_msgs:${AMENT_PREFIX_PATH} CMAKE_PREFIX_PATH=/home/skyautonet/skyautonet_ws/eee/multi_lidar/install/c_auto_vehicle_msgs:/opt/ros/foxy LD_LIBRARY_PATH=/home/skyautonet/skyautonet_ws/eee/multi_lidar/install/c_auto_vehicle_msgs/lib:/usr/local/cuda-11.4/lib64/:/opt/ros/foxy/opt/yaml_cpp_vendor/lib:/opt/ros/foxy/opt/rviz_ogre_vendor/lib:/opt/ros/foxy/lib/x86_64-linux-gnu:/opt/ros/foxy/lib:/usr/local/cuda-11.4/lib64 PYTHONPATH=/home/skyautonet/skyautonet_ws/eee/multi_lidar/install/c_auto_vehicle_msgs/lib/python3.8/site-packages:${PYTHONPATH} /usr/bin/cmake --install /home/skyautonet/skyautonet_ws/eee/multi_lidar/build/concat
[13.829s] Level 1:colcon.colcon_core.environment:checking '/home/skyautonet/skyautonet_ws/eee/multi_lidar/install/concat' for CMake config files
[13.829s] Level 1:colcon.colcon_core.shell:create_environment_hook('concat', 'cmake_prefix_path')
[13.833s] INFO:colcon.colcon_core.shell:Creating environment hook '/home/skyautonet/skyautonet_ws/eee/multi_lidar/install/concat/share/concat/hook/cmake_prefix_path.ps1'
[13.834s] INFO:colcon.colcon_core.shell:Creating environment descriptor '/home/skyautonet/skyautonet_ws/eee/multi_lidar/install/concat/share/concat/hook/cmake_prefix_path.dsv'
[13.834s] INFO:colcon.colcon_core.shell:Creating environment hook '/home/skyautonet/skyautonet_ws/eee/multi_lidar/install/concat/share/concat/hook/cmake_prefix_path.sh'
[13.835s] Level 1:colcon.colcon_core.environment:checking '/home/skyautonet/skyautonet_ws/eee/multi_lidar/install/concat/lib'
[13.835s] Level 1:colcon.colcon_core.shell:create_environment_hook('concat', 'ld_library_path_lib')
[13.837s] INFO:colcon.colcon_core.shell:Creating environment hook '/home/skyautonet/skyautonet_ws/eee/multi_lidar/install/concat/share/concat/hook/ld_library_path_lib.ps1'
[13.838s] INFO:colcon.colcon_core.shell:Creating environment descriptor '/home/skyautonet/skyautonet_ws/eee/multi_lidar/install/concat/share/concat/hook/ld_library_path_lib.dsv'
[13.838s] INFO:colcon.colcon_core.shell:Creating environment hook '/home/skyautonet/skyautonet_ws/eee/multi_lidar/install/concat/share/concat/hook/ld_library_path_lib.sh'
[13.838s] Level 1:colcon.colcon_core.environment:checking '/home/skyautonet/skyautonet_ws/eee/multi_lidar/install/concat/bin'
[13.838s] Level 1:colcon.colcon_core.environment:checking '/home/skyautonet/skyautonet_ws/eee/multi_lidar/install/concat/lib/pkgconfig/concat.pc'
[13.839s] Level 1:colcon.colcon_core.environment:checking '/home/skyautonet/skyautonet_ws/eee/multi_lidar/install/concat/lib/python3.8/site-packages'
[13.839s] Level 1:colcon.colcon_core.environment:checking '/home/skyautonet/skyautonet_ws/eee/multi_lidar/install/concat/bin'
[13.840s] INFO:colcon.colcon_core.shell:Creating package script '/home/skyautonet/skyautonet_ws/eee/multi_lidar/install/concat/share/concat/package.ps1'
[13.841s] INFO:colcon.colcon_core.shell:Creating package descriptor '/home/skyautonet/skyautonet_ws/eee/multi_lidar/install/concat/share/concat/package.dsv'
[13.841s] INFO:colcon.colcon_core.shell:Creating package script '/home/skyautonet/skyautonet_ws/eee/multi_lidar/install/concat/share/concat/package.sh'
[13.841s] INFO:colcon.colcon_core.shell:Creating package script '/home/skyautonet/skyautonet_ws/eee/multi_lidar/install/concat/share/concat/package.bash'
[13.841s] INFO:colcon.colcon_core.shell:Creating package script '/home/skyautonet/skyautonet_ws/eee/multi_lidar/install/concat/share/concat/package.zsh'
[13.841s] Level 1:colcon.colcon_core.environment:create_file_with_runtime_dependencies(/home/skyautonet/skyautonet_ws/eee/multi_lidar/install/concat/share/colcon-core/packages/concat)
[13.886s] Level 1:colcon.colcon_core.environment:create_environment_scripts_only(concat)
[13.890s] Level 1:colcon.colcon_core.environment:checking '/home/skyautonet/skyautonet_ws/eee/multi_lidar/install/concat' for CMake module files
[13.891s] Level 1:colcon.colcon_core.environment:checking '/home/skyautonet/skyautonet_ws/eee/multi_lidar/install/concat' for CMake config files
[13.892s] Level 1:colcon.colcon_core.shell:create_environment_hook('concat', 'cmake_prefix_path')
[13.894s] INFO:colcon.colcon_core.shell:Creating environment hook '/home/skyautonet/skyautonet_ws/eee/multi_lidar/install/concat/share/concat/hook/cmake_prefix_path.ps1'
[13.895s] INFO:colcon.colcon_core.shell:Creating environment descriptor '/home/skyautonet/skyautonet_ws/eee/multi_lidar/install/concat/share/concat/hook/cmake_prefix_path.dsv'
[13.895s] INFO:colcon.colcon_core.shell:Creating environment hook '/home/skyautonet/skyautonet_ws/eee/multi_lidar/install/concat/share/concat/hook/cmake_prefix_path.sh'
[13.896s] Level 1:colcon.colcon_core.environment:checking '/home/skyautonet/skyautonet_ws/eee/multi_lidar/install/concat/lib'
[13.896s] Level 1:colcon.colcon_core.shell:create_environment_hook('concat', 'ld_library_path_lib')
[13.897s] INFO:colcon.colcon_core.shell:Creating environment hook '/home/skyautonet/skyautonet_ws/eee/multi_lidar/install/concat/share/concat/hook/ld_library_path_lib.ps1'
[13.898s] INFO:colcon.colcon_core.shell:Creating environment descriptor '/home/skyautonet/skyautonet_ws/eee/multi_lidar/install/concat/share/concat/hook/ld_library_path_lib.dsv'
[13.898s] INFO:colcon.colcon_core.shell:Creating environment hook '/home/skyautonet/skyautonet_ws/eee/multi_lidar/install/concat/share/concat/hook/ld_library_path_lib.sh'
[13.898s] Level 1:colcon.colcon_core.environment:checking '/home/skyautonet/skyautonet_ws/eee/multi_lidar/install/concat/bin'
[13.898s] Level 1:colcon.colcon_core.environment:checking '/home/skyautonet/skyautonet_ws/eee/multi_lidar/install/concat/lib/pkgconfig/concat.pc'
[13.899s] Level 1:colcon.colcon_core.environment:checking '/home/skyautonet/skyautonet_ws/eee/multi_lidar/install/concat/lib/python3.8/site-packages'
[13.899s] Level 1:colcon.colcon_core.environment:checking '/home/skyautonet/skyautonet_ws/eee/multi_lidar/install/concat/bin'
[13.900s] INFO:colcon.colcon_core.shell:Creating package script '/home/skyautonet/skyautonet_ws/eee/multi_lidar/install/concat/share/concat/package.ps1'
[13.900s] INFO:colcon.colcon_core.shell:Creating package descriptor '/home/skyautonet/skyautonet_ws/eee/multi_lidar/install/concat/share/concat/package.dsv'
[13.900s] INFO:colcon.colcon_core.shell:Creating package script '/home/skyautonet/skyautonet_ws/eee/multi_lidar/install/concat/share/concat/package.sh'
[13.901s] INFO:colcon.colcon_core.shell:Creating package script '/home/skyautonet/skyautonet_ws/eee/multi_lidar/install/concat/share/concat/package.bash'
[13.901s] INFO:colcon.colcon_core.shell:Creating package script '/home/skyautonet/skyautonet_ws/eee/multi_lidar/install/concat/share/concat/package.zsh'
[13.901s] Level 1:colcon.colcon_core.environment:create_file_with_runtime_dependencies(/home/skyautonet/skyautonet_ws/eee/multi_lidar/install/concat/share/colcon-core/packages/concat)
[13.901s] DEBUG:colcon.colcon_parallel_executor.executor.parallel:closing loop
[13.902s] DEBUG:colcon.colcon_parallel_executor.executor.parallel:loop closed
[13.902s] DEBUG:colcon.colcon_parallel_executor.executor.parallel:run_until_complete finished with '0'
[13.902s] DEBUG:colcon.colcon_core.event_reactor:joining thread
[13.906s] INFO:colcon.colcon_core.plugin_system:Skipping extension 'colcon_notification.desktop_notification.terminal_notifier': Not used on non-Darwin systems
[13.906s] INFO:colcon.colcon_core.plugin_system:Skipping extension 'colcon_notification.desktop_notification.win32': Not used on non-Windows systems
[13.906s] INFO:colcon.colcon_notification.desktop_notification:Sending desktop notification using 'notify2'
[13.921s] DEBUG:colcon.colcon_core.event_reactor:joined thread
[13.923s] INFO:colcon.colcon_core.shell:Creating prefix script '/home/skyautonet/skyautonet_ws/eee/multi_lidar/install/local_setup.ps1'
[13.924s] INFO:colcon.colcon_core.shell:Creating prefix util module '/home/skyautonet/skyautonet_ws/eee/multi_lidar/install/_local_setup_util_ps1.py'
[13.925s] INFO:colcon.colcon_core.shell:Creating prefix chain script '/home/skyautonet/skyautonet_ws/eee/multi_lidar/install/setup.ps1'
[13.927s] INFO:colcon.colcon_core.shell:Creating prefix script '/home/skyautonet/skyautonet_ws/eee/multi_lidar/install/local_setup.sh'
[13.927s] INFO:colcon.colcon_core.shell:Creating prefix util module '/home/skyautonet/skyautonet_ws/eee/multi_lidar/install/_local_setup_util_sh.py'
[13.928s] INFO:colcon.colcon_core.shell:Creating prefix chain script '/home/skyautonet/skyautonet_ws/eee/multi_lidar/install/setup.sh'
[13.929s] INFO:colcon.colcon_core.shell:Creating prefix script '/home/skyautonet/skyautonet_ws/eee/multi_lidar/install/local_setup.bash'
[13.929s] INFO:colcon.colcon_core.shell:Creating prefix chain script '/home/skyautonet/skyautonet_ws/eee/multi_lidar/install/setup.bash'
[13.930s] INFO:colcon.colcon_core.shell:Creating prefix script '/home/skyautonet/skyautonet_ws/eee/multi_lidar/install/local_setup.zsh'
[13.930s] INFO:colcon.colcon_core.shell:Creating prefix chain script '/home/skyautonet/skyautonet_ws/eee/multi_lidar/install/setup.zsh'
