[0.019s] Invoking command in '/home/skyautonet/skyautonet_ws/eee/multi_lidar/build/c_auto_vehicle_msgs': CMAKE_PREFIX_PATH=${CMAKE_PREFIX_PATH}:/opt/ros/foxy /usr/bin/cmake --build /home/skyautonet/skyautonet_ws/eee/multi_lidar/build/c_auto_vehicle_msgs -- -j20 -l20
[0.047s] [  3%] Built target c_auto_vehicle_msgs__cpp
[0.048s] [ 12%] Built target c_auto_vehicle_msgs__rosidl_generator_c
[0.063s] [ 48%] Built target c_auto_vehicle_msgs__rosidl_typesupport_introspection_c
[0.063s] [ 48%] Built target c_auto_vehicle_msgs__rosidl_typesupport_introspection_cpp
[0.063s] [ 48%] Built target c_auto_vehicle_msgs__rosidl_typesupport_cpp
[0.063s] [ 51%] Built target c_auto_vehicle_msgs__rosidl_typesupport_c
[0.064s] [ 61%] Built target c_auto_vehicle_msgs__rosidl_typesupport_fastrtps_cpp
[0.079s] [ 70%] Built target c_auto_vehicle_msgs__rosidl_typesupport_fastrtps_c
[0.090s] [ 70%] Built target c_auto_vehicle_msgs
[0.105s] [ 74%] Built target c_auto_vehicle_msgs__py
[0.122s] [ 80%] Built target c_auto_vehicle_msgs__python
[0.136s] [100%] Built target c_auto_vehicle_msgs__rosidl_typesupport_c__pyext
[0.136s] [100%] Built target c_auto_vehicle_msgs__rosidl_typesupport_introspection_c__pyext
[0.137s] [100%] Built target c_auto_vehicle_msgs__rosidl_typesupport_fastrtps_c__pyext
[0.142s] Invoked command in '/home/skyautonet/skyautonet_ws/eee/multi_lidar/build/c_auto_vehicle_msgs' returned '0': CMAKE_PREFIX_PATH=${CMAKE_PREFIX_PATH}:/opt/ros/foxy /usr/bin/cmake --build /home/skyautonet/skyautonet_ws/eee/multi_lidar/build/c_auto_vehicle_msgs -- -j20 -l20
[0.185s] Invoking command in '/home/skyautonet/skyautonet_ws/eee/multi_lidar/build/c_auto_vehicle_msgs': CMAKE_PREFIX_PATH=${CMAKE_PREFIX_PATH}:/opt/ros/foxy /usr/bin/cmake --install /home/skyautonet/skyautonet_ws/eee/multi_lidar/build/c_auto_vehicle_msgs
[0.192s] -- Install configuration: ""
[0.192s] -- Up-to-date: /home/skyautonet/skyautonet_ws/eee/multi_lidar/install/c_auto_vehicle_msgs/share/ament_index/resource_index/rosidl_interfaces/c_auto_vehicle_msgs
[0.192s] -- Up-to-date: /home/skyautonet/skyautonet_ws/eee/multi_lidar/install/c_auto_vehicle_msgs/include/c_auto_vehicle_msgs
[0.192s] -- Up-to-date: /home/skyautonet/skyautonet_ws/eee/multi_lidar/install/c_auto_vehicle_msgs/include/c_auto_vehicle_msgs/msg
[0.192s] -- Up-to-date: /home/skyautonet/skyautonet_ws/eee/multi_lidar/install/c_auto_vehicle_msgs/include/c_auto_vehicle_msgs/msg/detail
[0.192s] -- Up-to-date: /home/skyautonet/skyautonet_ws/eee/multi_lidar/install/c_auto_vehicle_msgs/include/c_auto_vehicle_msgs/msg/detail/velocity_report__struct.h
[0.192s] -- Up-to-date: /home/skyautonet/skyautonet_ws/eee/multi_lidar/install/c_auto_vehicle_msgs/include/c_auto_vehicle_msgs/msg/detail/velocity_report__functions.c
[0.192s] -- Up-to-date: /home/skyautonet/skyautonet_ws/eee/multi_lidar/install/c_auto_vehicle_msgs/include/c_auto_vehicle_msgs/msg/detail/velocity_report__functions.h
[0.192s] -- Up-to-date: /home/skyautonet/skyautonet_ws/eee/multi_lidar/install/c_auto_vehicle_msgs/include/c_auto_vehicle_msgs/msg/detail/velocity_report__type_support.h
[0.192s] -- Up-to-date: /home/skyautonet/skyautonet_ws/eee/multi_lidar/install/c_auto_vehicle_msgs/include/c_auto_vehicle_msgs/msg/velocity_report.h
[0.192s] -- Up-to-date: /home/skyautonet/skyautonet_ws/eee/multi_lidar/install/c_auto_vehicle_msgs/include/c_auto_vehicle_msgs/msg/rosidl_generator_c__visibility_control.h
[0.193s] -- Up-to-date: /home/skyautonet/skyautonet_ws/eee/multi_lidar/install/c_auto_vehicle_msgs/share/c_auto_vehicle_msgs/environment/library_path.sh
[0.193s] -- Up-to-date: /home/skyautonet/skyautonet_ws/eee/multi_lidar/install/c_auto_vehicle_msgs/share/c_auto_vehicle_msgs/environment/library_path.dsv
[0.193s] -- Up-to-date: /home/skyautonet/skyautonet_ws/eee/multi_lidar/install/c_auto_vehicle_msgs/lib/libc_auto_vehicle_msgs__rosidl_generator_c.so
[0.193s] -- Up-to-date: /home/skyautonet/skyautonet_ws/eee/multi_lidar/install/c_auto_vehicle_msgs/include/c_auto_vehicle_msgs
[0.193s] -- Up-to-date: /home/skyautonet/skyautonet_ws/eee/multi_lidar/install/c_auto_vehicle_msgs/include/c_auto_vehicle_msgs/msg
[0.193s] -- Up-to-date: /home/skyautonet/skyautonet_ws/eee/multi_lidar/install/c_auto_vehicle_msgs/include/c_auto_vehicle_msgs/msg/detail
[0.193s] -- Up-to-date: /home/skyautonet/skyautonet_ws/eee/multi_lidar/install/c_auto_vehicle_msgs/include/c_auto_vehicle_msgs/msg/detail/velocity_report__rosidl_typesupport_fastrtps_c.h
[0.193s] -- Up-to-date: /home/skyautonet/skyautonet_ws/eee/multi_lidar/install/c_auto_vehicle_msgs/include/c_auto_vehicle_msgs/msg/rosidl_typesupport_fastrtps_c__visibility_control.h
[0.193s] -- Up-to-date: /home/skyautonet/skyautonet_ws/eee/multi_lidar/install/c_auto_vehicle_msgs/lib/libc_auto_vehicle_msgs__rosidl_typesupport_fastrtps_c.so
[0.193s] -- Up-to-date: /home/skyautonet/skyautonet_ws/eee/multi_lidar/install/c_auto_vehicle_msgs/include/c_auto_vehicle_msgs
[0.193s] -- Up-to-date: /home/skyautonet/skyautonet_ws/eee/multi_lidar/install/c_auto_vehicle_msgs/include/c_auto_vehicle_msgs/msg
[0.193s] -- Up-to-date: /home/skyautonet/skyautonet_ws/eee/multi_lidar/install/c_auto_vehicle_msgs/include/c_auto_vehicle_msgs/msg/rosidl_typesupport_fastrtps_cpp__visibility_control.h
[0.193s] -- Up-to-date: /home/skyautonet/skyautonet_ws/eee/multi_lidar/install/c_auto_vehicle_msgs/include/c_auto_vehicle_msgs/msg/detail
[0.193s] -- Up-to-date: /home/skyautonet/skyautonet_ws/eee/multi_lidar/install/c_auto_vehicle_msgs/include/c_auto_vehicle_msgs/msg/detail/dds_fastrtps
[0.193s] -- Up-to-date: /home/skyautonet/skyautonet_ws/eee/multi_lidar/install/c_auto_vehicle_msgs/include/c_auto_vehicle_msgs/msg/detail/velocity_report__rosidl_typesupport_fastrtps_cpp.hpp
[0.193s] -- Up-to-date: /home/skyautonet/skyautonet_ws/eee/multi_lidar/install/c_auto_vehicle_msgs/lib/libc_auto_vehicle_msgs__rosidl_typesupport_fastrtps_cpp.so
[0.193s] -- Up-to-date: /home/skyautonet/skyautonet_ws/eee/multi_lidar/install/c_auto_vehicle_msgs/include/c_auto_vehicle_msgs
[0.193s] -- Up-to-date: /home/skyautonet/skyautonet_ws/eee/multi_lidar/install/c_auto_vehicle_msgs/include/c_auto_vehicle_msgs/msg
[0.193s] -- Up-to-date: /home/skyautonet/skyautonet_ws/eee/multi_lidar/install/c_auto_vehicle_msgs/include/c_auto_vehicle_msgs/msg/rosidl_typesupport_introspection_c__visibility_control.h
[0.193s] -- Up-to-date: /home/skyautonet/skyautonet_ws/eee/multi_lidar/install/c_auto_vehicle_msgs/include/c_auto_vehicle_msgs/msg/detail
[0.193s] -- Up-to-date: /home/skyautonet/skyautonet_ws/eee/multi_lidar/install/c_auto_vehicle_msgs/include/c_auto_vehicle_msgs/msg/detail/velocity_report__type_support.c
[0.193s] -- Up-to-date: /home/skyautonet/skyautonet_ws/eee/multi_lidar/install/c_auto_vehicle_msgs/include/c_auto_vehicle_msgs/msg/detail/velocity_report__rosidl_typesupport_introspection_c.h
[0.193s] -- Up-to-date: /home/skyautonet/skyautonet_ws/eee/multi_lidar/install/c_auto_vehicle_msgs/lib/libc_auto_vehicle_msgs__rosidl_typesupport_introspection_c.so
[0.193s] -- Up-to-date: /home/skyautonet/skyautonet_ws/eee/multi_lidar/install/c_auto_vehicle_msgs/lib/libc_auto_vehicle_msgs__rosidl_typesupport_c.so
[0.193s] -- Up-to-date: /home/skyautonet/skyautonet_ws/eee/multi_lidar/install/c_auto_vehicle_msgs/include/c_auto_vehicle_msgs
[0.193s] -- Up-to-date: /home/skyautonet/skyautonet_ws/eee/multi_lidar/install/c_auto_vehicle_msgs/include/c_auto_vehicle_msgs/msg
[0.194s] -- Up-to-date: /home/skyautonet/skyautonet_ws/eee/multi_lidar/install/c_auto_vehicle_msgs/include/c_auto_vehicle_msgs/msg/velocity_report.hpp
[0.194s] -- Up-to-date: /home/skyautonet/skyautonet_ws/eee/multi_lidar/install/c_auto_vehicle_msgs/include/c_auto_vehicle_msgs/msg/detail
[0.194s] -- Up-to-date: /home/skyautonet/skyautonet_ws/eee/multi_lidar/install/c_auto_vehicle_msgs/include/c_auto_vehicle_msgs/msg/detail/velocity_report__type_support.hpp
[0.194s] -- Up-to-date: /home/skyautonet/skyautonet_ws/eee/multi_lidar/install/c_auto_vehicle_msgs/include/c_auto_vehicle_msgs/msg/detail/velocity_report__struct.hpp
[0.194s] -- Up-to-date: /home/skyautonet/skyautonet_ws/eee/multi_lidar/install/c_auto_vehicle_msgs/include/c_auto_vehicle_msgs/msg/detail/velocity_report__builder.hpp
[0.194s] -- Up-to-date: /home/skyautonet/skyautonet_ws/eee/multi_lidar/install/c_auto_vehicle_msgs/include/c_auto_vehicle_msgs/msg/detail/velocity_report__traits.hpp
[0.194s] -- Up-to-date: /home/skyautonet/skyautonet_ws/eee/multi_lidar/install/c_auto_vehicle_msgs/include/c_auto_vehicle_msgs/msg/rosidl_generator_cpp__visibility_control.hpp
[0.194s] -- Up-to-date: /home/skyautonet/skyautonet_ws/eee/multi_lidar/install/c_auto_vehicle_msgs/include/c_auto_vehicle_msgs
[0.194s] -- Up-to-date: /home/skyautonet/skyautonet_ws/eee/multi_lidar/install/c_auto_vehicle_msgs/include/c_auto_vehicle_msgs/msg
[0.194s] -- Up-to-date: /home/skyautonet/skyautonet_ws/eee/multi_lidar/install/c_auto_vehicle_msgs/include/c_auto_vehicle_msgs/msg/detail
[0.194s] -- Up-to-date: /home/skyautonet/skyautonet_ws/eee/multi_lidar/install/c_auto_vehicle_msgs/include/c_auto_vehicle_msgs/msg/detail/velocity_report__rosidl_typesupport_introspection_cpp.hpp
[0.194s] -- Up-to-date: /home/skyautonet/skyautonet_ws/eee/multi_lidar/install/c_auto_vehicle_msgs/include/c_auto_vehicle_msgs/msg/detail/velocity_report__type_support.cpp
[0.194s] -- Up-to-date: /home/skyautonet/skyautonet_ws/eee/multi_lidar/install/c_auto_vehicle_msgs/lib/libc_auto_vehicle_msgs__rosidl_typesupport_introspection_cpp.so
[0.194s] -- Up-to-date: /home/skyautonet/skyautonet_ws/eee/multi_lidar/install/c_auto_vehicle_msgs/lib/libc_auto_vehicle_msgs__rosidl_typesupport_cpp.so
[0.194s] -- Up-to-date: /home/skyautonet/skyautonet_ws/eee/multi_lidar/install/c_auto_vehicle_msgs/share/c_auto_vehicle_msgs/environment/pythonpath.sh
[0.194s] -- Up-to-date: /home/skyautonet/skyautonet_ws/eee/multi_lidar/install/c_auto_vehicle_msgs/share/c_auto_vehicle_msgs/environment/pythonpath.dsv
[0.194s] -- Up-to-date: /home/skyautonet/skyautonet_ws/eee/multi_lidar/install/c_auto_vehicle_msgs/lib/python3.8/site-packages/c_auto_vehicle_msgs/__init__.py
[0.214s] -- Up-to-date: /home/skyautonet/skyautonet_ws/eee/multi_lidar/install/c_auto_vehicle_msgs/lib/python3.8/site-packages/c_auto_vehicle_msgs/msg
[0.214s] -- Up-to-date: /home/skyautonet/skyautonet_ws/eee/multi_lidar/install/c_auto_vehicle_msgs/lib/python3.8/site-packages/c_auto_vehicle_msgs/msg/_velocity_report.py
[0.214s] -- Up-to-date: /home/skyautonet/skyautonet_ws/eee/multi_lidar/install/c_auto_vehicle_msgs/lib/python3.8/site-packages/c_auto_vehicle_msgs/msg/__init__.py
[0.214s] -- Up-to-date: /home/skyautonet/skyautonet_ws/eee/multi_lidar/install/c_auto_vehicle_msgs/lib/python3.8/site-packages/c_auto_vehicle_msgs/msg/_velocity_report_s.c
[0.214s] -- Up-to-date: /home/skyautonet/skyautonet_ws/eee/multi_lidar/install/c_auto_vehicle_msgs/lib/python3.8/site-packages/c_auto_vehicle_msgs/c_auto_vehicle_msgs_s__rosidl_typesupport_fastrtps_c.cpython-38-x86_64-linux-gnu.so
[0.214s] -- Up-to-date: /home/skyautonet/skyautonet_ws/eee/multi_lidar/install/c_auto_vehicle_msgs/lib/python3.8/site-packages/c_auto_vehicle_msgs/c_auto_vehicle_msgs_s__rosidl_typesupport_introspection_c.cpython-38-x86_64-linux-gnu.so
[0.215s] -- Up-to-date: /home/skyautonet/skyautonet_ws/eee/multi_lidar/install/c_auto_vehicle_msgs/lib/python3.8/site-packages/c_auto_vehicle_msgs/c_auto_vehicle_msgs_s__rosidl_typesupport_c.cpython-38-x86_64-linux-gnu.so
[0.215s] -- Up-to-date: /home/skyautonet/skyautonet_ws/eee/multi_lidar/install/c_auto_vehicle_msgs/lib/libc_auto_vehicle_msgs__python.so
[0.215s] -- Up-to-date: /home/skyautonet/skyautonet_ws/eee/multi_lidar/install/c_auto_vehicle_msgs/share/c_auto_vehicle_msgs/msg/VelocityReport.idl
[0.215s] -- Up-to-date: /home/skyautonet/skyautonet_ws/eee/multi_lidar/install/c_auto_vehicle_msgs/share/ament_index/resource_index/package_run_dependencies/c_auto_vehicle_msgs
[0.215s] -- Up-to-date: /home/skyautonet/skyautonet_ws/eee/multi_lidar/install/c_auto_vehicle_msgs/share/ament_index/resource_index/parent_prefix_path/c_auto_vehicle_msgs
[0.215s] -- Up-to-date: /home/skyautonet/skyautonet_ws/eee/multi_lidar/install/c_auto_vehicle_msgs/share/c_auto_vehicle_msgs/environment/ament_prefix_path.sh
[0.215s] -- Up-to-date: /home/skyautonet/skyautonet_ws/eee/multi_lidar/install/c_auto_vehicle_msgs/share/c_auto_vehicle_msgs/environment/ament_prefix_path.dsv
[0.215s] -- Up-to-date: /home/skyautonet/skyautonet_ws/eee/multi_lidar/install/c_auto_vehicle_msgs/share/c_auto_vehicle_msgs/environment/path.sh
[0.215s] -- Up-to-date: /home/skyautonet/skyautonet_ws/eee/multi_lidar/install/c_auto_vehicle_msgs/share/c_auto_vehicle_msgs/environment/path.dsv
[0.215s] -- Up-to-date: /home/skyautonet/skyautonet_ws/eee/multi_lidar/install/c_auto_vehicle_msgs/share/c_auto_vehicle_msgs/local_setup.bash
[0.215s] -- Up-to-date: /home/skyautonet/skyautonet_ws/eee/multi_lidar/install/c_auto_vehicle_msgs/share/c_auto_vehicle_msgs/local_setup.sh
[0.215s] -- Up-to-date: /home/skyautonet/skyautonet_ws/eee/multi_lidar/install/c_auto_vehicle_msgs/share/c_auto_vehicle_msgs/local_setup.zsh
[0.215s] -- Up-to-date: /home/skyautonet/skyautonet_ws/eee/multi_lidar/install/c_auto_vehicle_msgs/share/c_auto_vehicle_msgs/local_setup.dsv
[0.215s] -- Installing: /home/skyautonet/skyautonet_ws/eee/multi_lidar/install/c_auto_vehicle_msgs/share/c_auto_vehicle_msgs/package.dsv
[0.215s] -- Up-to-date: /home/skyautonet/skyautonet_ws/eee/multi_lidar/install/c_auto_vehicle_msgs/share/ament_index/resource_index/packages/c_auto_vehicle_msgs
[0.215s] -- Up-to-date: /home/skyautonet/skyautonet_ws/eee/multi_lidar/install/c_auto_vehicle_msgs/share/c_auto_vehicle_msgs/cmake/c_auto_vehicle_msgs__rosidl_generator_cExport.cmake
[0.215s] -- Up-to-date: /home/skyautonet/skyautonet_ws/eee/multi_lidar/install/c_auto_vehicle_msgs/share/c_auto_vehicle_msgs/cmake/c_auto_vehicle_msgs__rosidl_generator_cExport-noconfig.cmake
[0.216s] -- Up-to-date: /home/skyautonet/skyautonet_ws/eee/multi_lidar/install/c_auto_vehicle_msgs/share/c_auto_vehicle_msgs/cmake/c_auto_vehicle_msgs__rosidl_typesupport_introspection_cExport.cmake
[0.216s] -- Up-to-date: /home/skyautonet/skyautonet_ws/eee/multi_lidar/install/c_auto_vehicle_msgs/share/c_auto_vehicle_msgs/cmake/c_auto_vehicle_msgs__rosidl_typesupport_introspection_cExport-noconfig.cmake
[0.216s] -- Up-to-date: /home/skyautonet/skyautonet_ws/eee/multi_lidar/install/c_auto_vehicle_msgs/share/c_auto_vehicle_msgs/cmake/c_auto_vehicle_msgs__rosidl_typesupport_cExport.cmake
[0.216s] -- Up-to-date: /home/skyautonet/skyautonet_ws/eee/multi_lidar/install/c_auto_vehicle_msgs/share/c_auto_vehicle_msgs/cmake/c_auto_vehicle_msgs__rosidl_typesupport_cExport-noconfig.cmake
[0.216s] -- Up-to-date: /home/skyautonet/skyautonet_ws/eee/multi_lidar/install/c_auto_vehicle_msgs/share/c_auto_vehicle_msgs/cmake/c_auto_vehicle_msgs__rosidl_generator_cppExport.cmake
[0.216s] -- Up-to-date: /home/skyautonet/skyautonet_ws/eee/multi_lidar/install/c_auto_vehicle_msgs/share/c_auto_vehicle_msgs/cmake/c_auto_vehicle_msgs__rosidl_typesupport_introspection_cppExport.cmake
[0.216s] -- Up-to-date: /home/skyautonet/skyautonet_ws/eee/multi_lidar/install/c_auto_vehicle_msgs/share/c_auto_vehicle_msgs/cmake/c_auto_vehicle_msgs__rosidl_typesupport_introspection_cppExport-noconfig.cmake
[0.216s] -- Up-to-date: /home/skyautonet/skyautonet_ws/eee/multi_lidar/install/c_auto_vehicle_msgs/share/c_auto_vehicle_msgs/cmake/c_auto_vehicle_msgs__rosidl_typesupport_cppExport.cmake
[0.216s] -- Up-to-date: /home/skyautonet/skyautonet_ws/eee/multi_lidar/install/c_auto_vehicle_msgs/share/c_auto_vehicle_msgs/cmake/c_auto_vehicle_msgs__rosidl_typesupport_cppExport-noconfig.cmake
[0.216s] -- Up-to-date: /home/skyautonet/skyautonet_ws/eee/multi_lidar/install/c_auto_vehicle_msgs/share/c_auto_vehicle_msgs/cmake/rosidl_cmake-extras.cmake
[0.216s] -- Up-to-date: /home/skyautonet/skyautonet_ws/eee/multi_lidar/install/c_auto_vehicle_msgs/share/c_auto_vehicle_msgs/cmake/ament_cmake_export_dependencies-extras.cmake
[0.216s] -- Up-to-date: /home/skyautonet/skyautonet_ws/eee/multi_lidar/install/c_auto_vehicle_msgs/share/c_auto_vehicle_msgs/cmake/ament_cmake_export_libraries-extras.cmake
[0.216s] -- Up-to-date: /home/skyautonet/skyautonet_ws/eee/multi_lidar/install/c_auto_vehicle_msgs/share/c_auto_vehicle_msgs/cmake/ament_cmake_export_targets-extras.cmake
[0.216s] -- Up-to-date: /home/skyautonet/skyautonet_ws/eee/multi_lidar/install/c_auto_vehicle_msgs/share/c_auto_vehicle_msgs/cmake/ament_cmake_export_include_directories-extras.cmake
[0.216s] -- Up-to-date: /home/skyautonet/skyautonet_ws/eee/multi_lidar/install/c_auto_vehicle_msgs/share/c_auto_vehicle_msgs/cmake/rosidl_cmake_export_typesupport_libraries-extras.cmake
[0.216s] -- Up-to-date: /home/skyautonet/skyautonet_ws/eee/multi_lidar/install/c_auto_vehicle_msgs/share/c_auto_vehicle_msgs/cmake/rosidl_cmake_export_typesupport_targets-extras.cmake
[0.216s] -- Up-to-date: /home/skyautonet/skyautonet_ws/eee/multi_lidar/install/c_auto_vehicle_msgs/share/c_auto_vehicle_msgs/cmake/c_auto_vehicle_msgsConfig.cmake
[0.216s] -- Up-to-date: /home/skyautonet/skyautonet_ws/eee/multi_lidar/install/c_auto_vehicle_msgs/share/c_auto_vehicle_msgs/cmake/c_auto_vehicle_msgsConfig-version.cmake
[0.216s] -- Up-to-date: /home/skyautonet/skyautonet_ws/eee/multi_lidar/install/c_auto_vehicle_msgs/share/c_auto_vehicle_msgs/package.xml
[0.220s] Invoked command in '/home/skyautonet/skyautonet_ws/eee/multi_lidar/build/c_auto_vehicle_msgs' returned '0': CMAKE_PREFIX_PATH=${CMAKE_PREFIX_PATH}:/opt/ros/foxy /usr/bin/cmake --install /home/skyautonet/skyautonet_ws/eee/multi_lidar/build/c_auto_vehicle_msgs
