[0.190s] Invoking command in '/home/skyautonet/skyautonet_ws/eee/simple_topics/build/velocity_pubsub': CMAKE_PREFIX_PATH=${CMAKE_PREFIX_PATH}:/opt/ros/foxy /usr/bin/cmake --build /home/skyautonet/skyautonet_ws/eee/simple_topics/build/velocity_pubsub -- -j20 -l20
[0.392s] -- Found ament_cmake: 0.9.12 (/opt/ros/foxy/share/ament_cmake/cmake)
[0.420s] -- Found PythonInterp: /usr/bin/python3 (found suitable version "3.8.10", minimum required is "3") 
[0.420s] -- Using PYTHON_EXECUTABLE: /usr/bin/python3
[0.507s] -- Found rclcpp: 2.4.3 (/opt/ros/foxy/share/rclcpp/cmake)
[0.525s] -- Using all available rosidl_typesupport_c: rosidl_typesupport_fastrtps_c;rosidl_typesupport_introspection_c
[0.527s] -- Found rosidl_adapter: 1.3.1 (/opt/ros/foxy/share/rosidl_adapter/cmake)
[0.590s] -- Using all available rosidl_typesupport_cpp: rosidl_typesupport_fastrtps_cpp;rosidl_typesupport_introspection_cpp
[0.615s] -- Found rmw_implementation_cmake: 1.0.4 (/opt/ros/foxy/share/rmw_implementation_cmake/cmake)
[0.616s] -- Using RMW implementation 'rmw_fastrtps_cpp' as default
[0.692s] -- Found sensor_msgs: 2.0.5 (/opt/ros/foxy/share/sensor_msgs/cmake)
[0.754s] -- Found pcl_conversions: 2.2.1 (/opt/ros/foxy/share/pcl_conversions/cmake)
[0.852s] -- Eigen found (include: /usr/include/eigen3, version: 3.3.7)
[0.914s] -- The imported target "vtkParseOGLExt" references the file
[0.914s]    "/usr/bin/vtkParseOGLExt-7.1"
[0.914s] but this file does not exist.  Possible reasons include:
[0.914s] * The file was deleted, renamed, or moved to another location.
[0.914s] * An install or uninstall procedure did not complete successfully.
[0.914s] * The installation package was faulty and contained
[0.914s]    "/usr/lib/cmake/vtk-7.1/VTKTargets.cmake"
[0.914s] but not all the files it references.
[0.914s] 
[0.915s] -- The imported target "vtkRenderingPythonTkWidgets" references the file
[0.915s]    "/usr/lib/x86_64-linux-gnu/libvtkRenderingPythonTkWidgets.so"
[0.915s] but this file does not exist.  Possible reasons include:
[0.915s] * The file was deleted, renamed, or moved to another location.
[0.915s] * An install or uninstall procedure did not complete successfully.
[0.915s] * The installation package was faulty and contained
[0.915s]    "/usr/lib/cmake/vtk-7.1/VTKTargets.cmake"
[0.915s] but not all the files it references.
[0.915s] 
[0.915s] -- The imported target "vtk" references the file
[0.915s]    "/usr/bin/vtk"
[0.915s] but this file does not exist.  Possible reasons include:
[0.915s] * The file was deleted, renamed, or moved to another location.
[0.915s] * An install or uninstall procedure did not complete successfully.
[0.915s] * The installation package was faulty and contained
[0.915s]    "/usr/lib/cmake/vtk-7.1/VTKTargets.cmake"
[0.915s] but not all the files it references.
[0.915s] 
[0.916s] -- The imported target "pvtk" references the file
[0.916s]    "/usr/bin/pvtk"
[0.916s] but this file does not exist.  Possible reasons include:
[0.916s] * The file was deleted, renamed, or moved to another location.
[0.916s] * An install or uninstall procedure did not complete successfully.
[0.916s] * The installation package was faulty and contained
[0.916s]    "/usr/lib/cmake/vtk-7.1/VTKTargets.cmake"
[0.916s] but not all the files it references.
[0.916s] 
[0.927s] -- Checking for module 'libusb-1.0'
[0.981s] --   No package 'libusb-1.0' found
[0.986s] -- Could NOT find USB_10 (missing: USB_10_LIBRARY USB_10_INCLUDE_DIR) 
[0.986s] -- OpenNI disabled because libusb-1.0 not found.
[0.987s] ** WARNING ** io features related to openni will be disabled
[0.991s] -- Checking for module 'libusb-1.0'
[0.993s] --   No package 'libusb-1.0' found
[0.995s] -- Could NOT find USB_10 (missing: USB_10_LIBRARY USB_10_INCLUDE_DIR) 
[0.995s] -- OpenNI 2 disabled because libusb-1.0 not found.
[0.995s] ** WARNING ** io features related to openni2 will be disabled
[0.995s] ** WARNING ** io features related to pcap will be disabled
[0.995s] ** WARNING ** io features related to png will be disabled
[1.002s] -- LIBUSB_1_LIBRARY (missing: LIBUSB_1_INCLUDE_DIR) 
[1.002s] ** WARNING ** io features related to libusb-1.0 will be disabled
[1.005s] -- Checking for module 'libusb-1.0'
[1.006s] --   No package 'libusb-1.0' found
[1.007s] -- Could NOT find USB_10 (missing: USB_10_LIBRARY USB_10_INCLUDE_DIR) 
[1.007s] -- OpenNI disabled because libusb-1.0 not found.
[1.008s] ** WARNING ** visualization features related to openni will be disabled
[1.010s] -- Checking for module 'libusb-1.0'
[1.011s] --   No package 'libusb-1.0' found
[1.013s] -- Could NOT find USB_10 (missing: USB_10_LIBRARY USB_10_INCLUDE_DIR) 
[1.013s] -- OpenNI 2 disabled because libusb-1.0 not found.
[1.013s] ** WARNING ** visualization features related to openni2 will be disabled
[1.020s] -- QHULL found (include: /usr/include, lib: optimized;/usr/lib/x86_64-linux-gnu/libqhull.so;debug;/usr/lib/x86_64-linux-gnu/libqhull.so)
[1.023s] -- Checking for module 'libusb-1.0'
[1.024s] --   No package 'libusb-1.0' found
[1.026s] -- Could NOT find USB_10 (missing: USB_10_LIBRARY USB_10_INCLUDE_DIR) 
[1.026s] -- OpenNI disabled because libusb-1.0 not found.
[1.026s] ** WARNING ** apps features related to openni will be disabled
[1.033s] -- looking for PCL_COMMON
[1.033s] -- looking for PCL_KDTREE
[1.034s] -- looking for PCL_OCTREE
[1.034s] -- looking for PCL_SEARCH
[1.034s] -- looking for PCL_SAMPLE_CONSENSUS
[1.035s] -- looking for PCL_FILTERS
[1.035s] -- looking for PCL_2D
[1.035s] -- looking for PCL_GEOMETRY
[1.036s] -- looking for PCL_IO
[1.036s] -- looking for PCL_FEATURES
[1.036s] -- looking for PCL_ML
[1.037s] -- looking for PCL_SEGMENTATION
[1.037s] -- looking for PCL_VISUALIZATION
[1.038s] -- looking for PCL_SURFACE
[1.038s] -- looking for PCL_REGISTRATION
[1.039s] -- looking for PCL_KEYPOINTS
[1.039s] -- looking for PCL_TRACKING
[1.040s] -- looking for PCL_RECOGNITION
[1.040s] -- looking for PCL_STEREO
[1.040s] -- looking for PCL_APPS
[1.041s] -- looking for PCL_IN_HAND_SCANNER
[1.041s] -- looking for PCL_POINT_CLOUD_EDITOR
[1.041s] -- looking for PCL_OUTOFCORE
[1.042s] -- looking for PCL_PEOPLE
[1.043s] -- Found c_auto_vehicle_msgs: 0.0.0 (/home/skyautonet/skyautonet_ws/eee/multi_lidar/install/c_auto_vehicle_msgs/share/c_auto_vehicle_msgs/cmake)
[1.117s] -- Found velocity_msg: 0.0.0 (/home/skyautonet/skyautonet_ws/eee/lidar_preprocessor/install/velocity_msg/share/velocity_msg/cmake)
[1.244s] -- Found launch_testing_ament_cmake: 0.10.10 (/opt/ros/foxy/share/launch_testing_ament_cmake/cmake)
[1.253s] -- Found python_cmake_module: 0.8.1 (/opt/ros/foxy/share/python_cmake_module/cmake)
[1.271s] -- Found PythonInterp: /usr/bin/python3 (found suitable version "3.8.10", minimum required is "3.5") 
[1.273s] -- Using PYTHON_EXECUTABLE: /usr/bin/python3
[1.273s] -- Using PYTHON_INCLUDE_DIRS: /usr/include/python3.8
[1.273s] -- Using PYTHON_LIBRARIES: /usr/lib/x86_64-linux-gnu/libpython3.8.so
[1.307s] -- Configuring done
[1.363s] -- Generating done
[1.364s] -- Build files have been written to: /home/skyautonet/skyautonet_ws/eee/simple_topics/build/velocity_pubsub
[1.424s] [35m[1mScanning dependencies of target auto_velocity[0m
[1.440s] [ 40%] Built target int_velocity
[1.463s] [ 60%] [32mBuilding CXX object CMakeFiles/auto_velocity.dir/src/code_node.cpp.o[0m
[1.465s] [ 80%] [32mBuilding CXX object CMakeFiles/auto_velocity.dir/src/code.cpp.o[0m
[3.937s] [01m[K/home/skyautonet/skyautonet_ws/eee/simple_topics/src/velocity_report_pub/src/code.cpp:[m[K In member function ‘[01m[Kvoid SampleVelocity::topic_callback(sensor_msgs::msg::PointCloud2_<std::allocator<void> >::SharedPtr)[m[K’:
[3.937s] [01m[K/home/skyautonet/skyautonet_ws/eee/simple_topics/src/velocity_report_pub/src/code.cpp:46:16:[m[K [01;35m[Kwarning: [m[Kunused variable ‘[01m[Knum_points[m[K’ [[01;35m[K-Wunused-variable[m[K]
[3.937s]    46 |   unsigned int [01;35m[Knum_points[m[K = msg->width;
[3.937s]       |                [01;35m[K^~~~~~~~~~[m[K
[6.184s] [100%] [32m[1mLinking CXX executable auto_velocity[0m
[6.476s] [100%] Built target auto_velocity
[6.483s] Invoked command in '/home/skyautonet/skyautonet_ws/eee/simple_topics/build/velocity_pubsub' returned '0': CMAKE_PREFIX_PATH=${CMAKE_PREFIX_PATH}:/opt/ros/foxy /usr/bin/cmake --build /home/skyautonet/skyautonet_ws/eee/simple_topics/build/velocity_pubsub -- -j20 -l20
[6.503s] Invoking command in '/home/skyautonet/skyautonet_ws/eee/simple_topics/build/velocity_pubsub': CMAKE_PREFIX_PATH=${CMAKE_PREFIX_PATH}:/opt/ros/foxy /usr/bin/cmake --install /home/skyautonet/skyautonet_ws/eee/simple_topics/build/velocity_pubsub
[6.509s] -- Install configuration: ""
[6.516s] -- Installing: /home/skyautonet/skyautonet_ws/eee/simple_topics/install/velocity_pubsub/lib/velocity_pubsub/auto_velocity
[6.517s] -- Set runtime path of "/home/skyautonet/skyautonet_ws/eee/simple_topics/install/velocity_pubsub/lib/velocity_pubsub/auto_velocity" to ""
[6.522s] -- Up-to-date: /home/skyautonet/skyautonet_ws/eee/simple_topics/install/velocity_pubsub/lib/velocity_pubsub/int_velocity
[6.522s] -- Up-to-date: /home/skyautonet/skyautonet_ws/eee/simple_topics/install/velocity_pubsub/share/velocity_pubsub//launch
[6.522s] -- Up-to-date: /home/skyautonet/skyautonet_ws/eee/simple_topics/install/velocity_pubsub/share/velocity_pubsub//launch/launch.py
[6.522s] -- Up-to-date: /home/skyautonet/skyautonet_ws/eee/simple_topics/install/velocity_pubsub/share/ament_index/resource_index/package_run_dependencies/velocity_pubsub
[6.522s] -- Installing: /home/skyautonet/skyautonet_ws/eee/simple_topics/install/velocity_pubsub/share/ament_index/resource_index/parent_prefix_path/velocity_pubsub
[6.522s] -- Up-to-date: /home/skyautonet/skyautonet_ws/eee/simple_topics/install/velocity_pubsub/share/velocity_pubsub/environment/ament_prefix_path.sh
[6.522s] -- Installing: /home/skyautonet/skyautonet_ws/eee/simple_topics/install/velocity_pubsub/share/velocity_pubsub/environment/ament_prefix_path.dsv
[6.522s] -- Up-to-date: /home/skyautonet/skyautonet_ws/eee/simple_topics/install/velocity_pubsub/share/velocity_pubsub/environment/path.sh
[6.522s] -- Installing: /home/skyautonet/skyautonet_ws/eee/simple_topics/install/velocity_pubsub/share/velocity_pubsub/environment/path.dsv
[6.522s] -- Up-to-date: /home/skyautonet/skyautonet_ws/eee/simple_topics/install/velocity_pubsub/share/velocity_pubsub/local_setup.bash
[6.522s] -- Up-to-date: /home/skyautonet/skyautonet_ws/eee/simple_topics/install/velocity_pubsub/share/velocity_pubsub/local_setup.sh
[6.522s] -- Up-to-date: /home/skyautonet/skyautonet_ws/eee/simple_topics/install/velocity_pubsub/share/velocity_pubsub/local_setup.zsh
[6.522s] -- Installing: /home/skyautonet/skyautonet_ws/eee/simple_topics/install/velocity_pubsub/share/velocity_pubsub/local_setup.dsv
[6.523s] -- Installing: /home/skyautonet/skyautonet_ws/eee/simple_topics/install/velocity_pubsub/share/velocity_pubsub/package.dsv
[6.523s] -- Up-to-date: /home/skyautonet/skyautonet_ws/eee/simple_topics/install/velocity_pubsub/share/ament_index/resource_index/packages/velocity_pubsub
[6.523s] -- Up-to-date: /home/skyautonet/skyautonet_ws/eee/simple_topics/install/velocity_pubsub/share/velocity_pubsub/cmake/velocity_pubsubConfig.cmake
[6.523s] -- Up-to-date: /home/skyautonet/skyautonet_ws/eee/simple_topics/install/velocity_pubsub/share/velocity_pubsub/cmake/velocity_pubsubConfig-version.cmake
[6.523s] -- Up-to-date: /home/skyautonet/skyautonet_ws/eee/simple_topics/install/velocity_pubsub/share/velocity_pubsub/package.xml
[6.525s] Invoked command in '/home/skyautonet/skyautonet_ws/eee/simple_topics/build/velocity_pubsub' returned '0': CMAKE_PREFIX_PATH=${CMAKE_PREFIX_PATH}:/opt/ros/foxy /usr/bin/cmake --install /home/skyautonet/skyautonet_ws/eee/simple_topics/build/velocity_pubsub
