[0.006s] Invoking command in '/home/skyautonet/skyautonet_ws/eee/lidar_preprocessor/build/three_lidar': AMENT_PREFIX_PATH=/home/skyautonet/skyautonet_ws/eee/lidar_preprocessor/install/velocity_msg:${AMENT_PREFIX_PATH} CMAKE_PREFIX_PATH=/home/skyautonet/skyautonet_ws/eee/lidar_preprocessor/install/velocity_msg:/opt/ros/foxy LD_LIBRARY_PATH=/home/skyautonet/skyautonet_ws/eee/lidar_preprocessor/install/velocity_msg/lib:/usr/local/cuda-11.4/lib64/:/opt/ros/foxy/opt/yaml_cpp_vendor/lib:/opt/ros/foxy/opt/rviz_ogre_vendor/lib:/opt/ros/foxy/lib/x86_64-linux-gnu:/opt/ros/foxy/lib:/usr/local/cuda-11.4/lib64 PYTHONPATH=/home/skyautonet/skyautonet_ws/eee/lidar_preprocessor/install/velocity_msg/lib/python3.8/site-packages:${PYTHONPATH} /usr/bin/cmake /home/skyautonet/skyautonet_ws/eee/lidar_preprocessor/src/three_lidar -DCMAKE_INSTALL_PREFIX=/home/skyautonet/skyautonet_ws/eee/lidar_preprocessor/install/three_lidar
[0.054s] -- The C compiler identification is GNU 9.4.0
[0.098s] -- The CXX compiler identification is GNU 9.4.0
[0.100s] -- Check for working C compiler: /usr/bin/cc
[0.189s] -- Check for working C compiler: /usr/bin/cc -- works
[0.190s] -- Detecting C compiler ABI info
[0.269s] -- Detecting C compiler ABI info - done
[0.281s] -- Detecting C compile features
[0.282s] -- Detecting C compile features - done
[0.283s] -- Check for working CXX compiler: /usr/bin/c++
[0.345s] -- Check for working CXX compiler: /usr/bin/c++ -- works
[0.345s] -- Detecting CXX compiler ABI info
[0.395s] -- Detecting CXX compiler ABI info - done
[0.401s] -- Detecting CXX compile features
[0.401s] -- Detecting CXX compile features - done
[0.403s] -- Found ament_cmake: 0.9.12 (/opt/ros/foxy/share/ament_cmake/cmake)
[0.417s] -- Found PythonInterp: /usr/bin/python3 (found suitable version "3.8.10", minimum required is "3") 
[0.417s] -- Using PYTHON_EXECUTABLE: /usr/bin/python3
[0.510s] -- Found rclcpp: 2.4.3 (/opt/ros/foxy/share/rclcpp/cmake)
[0.534s] -- Using all available rosidl_typesupport_c: rosidl_typesupport_fastrtps_c;rosidl_typesupport_introspection_c
[0.537s] -- Found rosidl_adapter: 1.3.1 (/opt/ros/foxy/share/rosidl_adapter/cmake)
[0.580s] -- Found OpenSSL: /usr/lib/x86_64-linux-gnu/libcrypto.so (found version "1.1.1f")  
[0.598s] -- Found FastRTPS: /opt/ros/foxy/include  
[0.636s] -- Using all available rosidl_typesupport_cpp: rosidl_typesupport_fastrtps_cpp;rosidl_typesupport_introspection_cpp
[0.665s] -- Found rmw_implementation_cmake: 1.0.4 (/opt/ros/foxy/share/rmw_implementation_cmake/cmake)
[0.665s] -- Using RMW implementation 'rmw_fastrtps_cpp' as default
[0.666s] -- Looking for pthread.h
[0.716s] -- Looking for pthread.h - found
[0.716s] -- Performing Test CMAKE_HAVE_LIBC_PTHREAD
[0.769s] -- Performing Test CMAKE_HAVE_LIBC_PTHREAD - Failed
[0.769s] -- Looking for pthread_create in pthreads
[0.822s] -- Looking for pthread_create in pthreads - not found
[0.823s] -- Looking for pthread_create in pthread
[0.915s] -- Looking for pthread_create in pthread - found
[0.917s] -- Found Threads: TRUE  
[0.999s] -- Found sensor_msgs: 2.0.5 (/opt/ros/foxy/share/sensor_msgs/cmake)
[1.061s] -- Found pcl_msgs: 1.0.0 (/opt/ros/foxy/share/pcl_msgs/cmake)
[1.124s] -- Found pcl_conversions: 2.2.1 (/opt/ros/foxy/share/pcl_conversions/cmake)
[1.152s] -- Checking for module 'eigen3'
[1.161s] --   Found eigen3, version 3.3.7
[1.178s] -- Found Eigen: /usr/include/eigen3 (Required is at least version "3.1") 
[1.179s] -- Eigen found (include: /usr/include/eigen3, version: 3.3.7)
[1.203s] -- Found Boost: /usr/include (found suitable version "1.71.0", minimum required is "1.55.0") found components: system filesystem date_time iostreams regex 
[1.211s] -- Checking for module 'flann'
[1.218s] --   Found flann, version 1.9.1
[1.237s] -- Found FLANN: /usr/lib/x86_64-linux-gnu/libflann_cpp.so  
[1.266s] -- The imported target "vtkParseOGLExt" references the file
[1.266s]    "/usr/bin/vtkParseOGLExt-7.1"
[1.266s] but this file does not exist.  Possible reasons include:
[1.266s] * The file was deleted, renamed, or moved to another location.
[1.266s] * An install or uninstall procedure did not complete successfully.
[1.266s] * The installation package was faulty and contained
[1.266s]    "/usr/lib/cmake/vtk-7.1/VTKTargets.cmake"
[1.266s] but not all the files it references.
[1.266s] 
[1.267s] -- The imported target "vtkRenderingPythonTkWidgets" references the file
[1.267s]    "/usr/lib/x86_64-linux-gnu/libvtkRenderingPythonTkWidgets.so"
[1.267s] but this file does not exist.  Possible reasons include:
[1.267s] * The file was deleted, renamed, or moved to another location.
[1.267s] * An install or uninstall procedure did not complete successfully.
[1.267s] * The installation package was faulty and contained
[1.267s]    "/usr/lib/cmake/vtk-7.1/VTKTargets.cmake"
[1.267s] but not all the files it references.
[1.267s] 
[1.267s] -- The imported target "vtk" references the file
[1.267s]    "/usr/bin/vtk"
[1.267s] but this file does not exist.  Possible reasons include:
[1.267s] * The file was deleted, renamed, or moved to another location.
[1.267s] * An install or uninstall procedure did not complete successfully.
[1.267s] * The installation package was faulty and contained
[1.267s]    "/usr/lib/cmake/vtk-7.1/VTKTargets.cmake"
[1.267s] but not all the files it references.
[1.267s] 
[1.267s] -- The imported target "pvtk" references the file
[1.267s]    "/usr/bin/pvtk"
[1.267s] but this file does not exist.  Possible reasons include:
[1.267s] * The file was deleted, renamed, or moved to another location.
[1.267s] * An install or uninstall procedure did not complete successfully.
[1.267s] * The installation package was faulty and contained
[1.267s]    "/usr/lib/cmake/vtk-7.1/VTKTargets.cmake"
[1.267s] but not all the files it references.
[1.267s] 
[1.277s] -- Checking for module 'libusb-1.0'
[1.279s] --   No package 'libusb-1.0' found
[1.281s] -- Could NOT find USB_10 (missing: USB_10_LIBRARY USB_10_INCLUDE_DIR) 
[1.281s] -- OpenNI disabled because libusb-1.0 not found.
[1.281s] ** WARNING ** io features related to openni will be disabled
[1.283s] -- Checking for module 'libusb-1.0'
[1.285s] --   No package 'libusb-1.0' found
[1.286s] -- Could NOT find USB_10 (missing: USB_10_LIBRARY USB_10_INCLUDE_DIR) 
[1.286s] -- OpenNI 2 disabled because libusb-1.0 not found.
[1.286s] ** WARNING ** io features related to openni2 will be disabled
[1.286s] ** WARNING ** io features related to pcap will be disabled
[1.286s] ** WARNING ** io features related to png will be disabled
[1.294s] -- LIBUSB_1_LIBRARY (missing: LIBUSB_1_INCLUDE_DIR) 
[1.294s] ** WARNING ** io features related to libusb-1.0 will be disabled
[1.296s] -- Checking for module 'libusb-1.0'
[1.297s] --   No package 'libusb-1.0' found
[1.299s] -- Could NOT find USB_10 (missing: USB_10_LIBRARY USB_10_INCLUDE_DIR) 
[1.299s] -- OpenNI disabled because libusb-1.0 not found.
[1.299s] ** WARNING ** visualization features related to openni will be disabled
[1.301s] -- Checking for module 'libusb-1.0'
[1.303s] --   No package 'libusb-1.0' found
[1.304s] -- Could NOT find USB_10 (missing: USB_10_LIBRARY USB_10_INCLUDE_DIR) 
[1.304s] -- OpenNI 2 disabled because libusb-1.0 not found.
[1.304s] ** WARNING ** visualization features related to openni2 will be disabled
[1.317s] -- Found Qhull: optimized;/usr/lib/x86_64-linux-gnu/libqhull.so;debug;/usr/lib/x86_64-linux-gnu/libqhull.so  
[1.317s] -- QHULL found (include: /usr/include, lib: optimized;/usr/lib/x86_64-linux-gnu/libqhull.so;debug;/usr/lib/x86_64-linux-gnu/libqhull.so)
[1.319s] -- Checking for module 'libusb-1.0'
[1.321s] --   No package 'libusb-1.0' found
[1.322s] -- Could NOT find USB_10 (missing: USB_10_LIBRARY USB_10_INCLUDE_DIR) 
[1.322s] -- OpenNI disabled because libusb-1.0 not found.
[1.322s] ** WARNING ** apps features related to openni will be disabled
[1.328s] -- looking for PCL_COMMON
[1.329s] -- Found PCL_COMMON: /usr/lib/x86_64-linux-gnu/libpcl_common.so  
[1.329s] -- looking for PCL_KDTREE
[1.330s] -- Found PCL_KDTREE: /usr/lib/x86_64-linux-gnu/libpcl_kdtree.so  
[1.330s] -- looking for PCL_OCTREE
[1.330s] -- Found PCL_OCTREE: /usr/lib/x86_64-linux-gnu/libpcl_octree.so  
[1.330s] -- looking for PCL_SEARCH
[1.331s] -- Found PCL_SEARCH: /usr/lib/x86_64-linux-gnu/libpcl_search.so  
[1.331s] -- looking for PCL_SAMPLE_CONSENSUS
[1.331s] -- Found PCL_SAMPLE_CONSENSUS: /usr/lib/x86_64-linux-gnu/libpcl_sample_consensus.so  
[1.331s] -- looking for PCL_FILTERS
[1.332s] -- Found PCL_FILTERS: /usr/lib/x86_64-linux-gnu/libpcl_filters.so  
[1.332s] -- looking for PCL_2D
[1.332s] -- Found PCL_2D: /usr/include/pcl-1.10  
[1.332s] -- looking for PCL_GEOMETRY
[1.333s] -- Found PCL_GEOMETRY: /usr/include/pcl-1.10  
[1.333s] -- looking for PCL_IO
[1.333s] -- Found PCL_IO: /usr/lib/x86_64-linux-gnu/libpcl_io.so  
[1.333s] -- looking for PCL_FEATURES
[1.334s] -- Found PCL_FEATURES: /usr/lib/x86_64-linux-gnu/libpcl_features.so  
[1.334s] -- looking for PCL_ML
[1.335s] -- Found PCL_ML: /usr/lib/x86_64-linux-gnu/libpcl_ml.so  
[1.335s] -- looking for PCL_SEGMENTATION
[1.335s] -- Found PCL_SEGMENTATION: /usr/lib/x86_64-linux-gnu/libpcl_segmentation.so  
[1.335s] -- looking for PCL_VISUALIZATION
[1.336s] -- Found PCL_VISUALIZATION: /usr/lib/x86_64-linux-gnu/libpcl_visualization.so  
[1.336s] -- looking for PCL_SURFACE
[1.337s] -- Found PCL_SURFACE: /usr/lib/x86_64-linux-gnu/libpcl_surface.so  
[1.337s] -- looking for PCL_REGISTRATION
[1.337s] -- Found PCL_REGISTRATION: /usr/lib/x86_64-linux-gnu/libpcl_registration.so  
[1.338s] -- looking for PCL_KEYPOINTS
[1.338s] -- Found PCL_KEYPOINTS: /usr/lib/x86_64-linux-gnu/libpcl_keypoints.so  
[1.338s] -- looking for PCL_TRACKING
[1.339s] -- Found PCL_TRACKING: /usr/lib/x86_64-linux-gnu/libpcl_tracking.so  
[1.339s] -- looking for PCL_RECOGNITION
[1.340s] -- Found PCL_RECOGNITION: /usr/lib/x86_64-linux-gnu/libpcl_recognition.so  
[1.340s] -- looking for PCL_STEREO
[1.340s] -- Found PCL_STEREO: /usr/lib/x86_64-linux-gnu/libpcl_stereo.so  
[1.341s] -- looking for PCL_APPS
[1.341s] -- Found PCL_APPS: /usr/lib/x86_64-linux-gnu/libpcl_apps.so  
[1.342s] -- looking for PCL_IN_HAND_SCANNER
[1.342s] -- Found PCL_IN_HAND_SCANNER: /usr/include/pcl-1.10  
[1.342s] -- looking for PCL_POINT_CLOUD_EDITOR
[1.342s] -- Found PCL_POINT_CLOUD_EDITOR: /usr/include/pcl-1.10  
[1.342s] -- looking for PCL_OUTOFCORE
[1.343s] -- Found PCL_OUTOFCORE: /usr/lib/x86_64-linux-gnu/libpcl_outofcore.so  
[1.343s] -- looking for PCL_PEOPLE
[1.344s] -- Found PCL_PEOPLE: /usr/lib/x86_64-linux-gnu/libpcl_people.so  
[1.344s] -- Found PCL: pcl_common;pcl_kdtree;pcl_octree;pcl_search;pcl_sample_consensus;pcl_filters;pcl_io;pcl_features;pcl_ml;pcl_segmentation;pcl_visualization;pcl_surface;pcl_registration;pcl_keypoints;pcl_tracking;pcl_recognition;pcl_stereo;pcl_apps;pcl_outofcore;pcl_people;/usr/lib/x86_64-linux-gnu/libboost_system.so;/usr/lib/x86_64-linux-gnu/libboost_filesystem.so;/usr/lib/x86_64-linux-gnu/libboost_date_time.so;/usr/lib/x86_64-linux-gnu/libboost_iostreams.so;/usr/lib/x86_64-linux-gnu/libboost_regex.so;optimized;/usr/lib/x86_64-linux-gnu/libqhull.so;debug;/usr/lib/x86_64-linux-gnu/libqhull.so;vtkChartsCore;vtkCommonColor;vtkCommonCore;vtksys;vtkCommonDataModel;vtkCommonMath;vtkCommonMisc;vtkCommonSystem;vtkCommonTransforms;vtkCommonExecutionModel;vtkFiltersGeneral;vtkCommonComputationalGeometry;vtkFiltersCore;vtkInfovisCore;vtkFiltersExtraction;vtkFiltersStatistics;vtkImagingFourier;vtkImagingCore;vtkalglib;vtkRenderingContext2D;vtkRenderingCore;vtkFiltersGeometry;vtkFiltersSources;vtkRenderingFreeType;/usr/lib/x86_64-linux-gnu/libfreetype.so;/usr/lib/x86_64-linux-gnu/libz.so;vtkFiltersModeling;vtkImagingSources;vtkInteractionStyle;vtkInteractionWidgets;vtkFiltersHybrid;vtkImagingColor;vtkImagingGeneral;vtkImagingHybrid;vtkIOImage;vtkDICOMParser;vtkmetaio;/usr/lib/x86_64-linux-gnu/libjpeg.so;/usr/lib/x86_64-linux-gnu/libpng.so;/usr/lib/x86_64-linux-gnu/libtiff.so;vtkRenderingAnnotation;vtkRenderingVolume;vtkIOXML;vtkIOCore;vtkIOXMLParser;/usr/lib/x86_64-linux-gnu/libexpat.so;vtkIOGeometry;vtkIOLegacy;vtkIOPLY;vtkRenderingLOD;vtkViewsContext2D;vtkViewsCore;vtkRenderingContextOpenGL2;vtkRenderingOpenGL2;FLANN::FLANN (Required is at least version "1.10") 
[1.345s] -- Found velocity_msg: 0.0.0 (/home/skyautonet/skyautonet_ws/eee/lidar_preprocessor/install/velocity_msg/share/velocity_msg/cmake)
[1.421s] -- Found launch_testing_ament_cmake: 0.10.10 (/opt/ros/foxy/share/launch_testing_ament_cmake/cmake)
[1.422s] -- Found python_cmake_module: 0.8.1 (/opt/ros/foxy/share/python_cmake_module/cmake)
[1.434s] -- Found PythonInterp: /usr/bin/python3 (found suitable version "3.8.10", minimum required is "3.5") 
[1.437s] -- Found PythonLibs: /usr/lib/x86_64-linux-gnu/libpython3.8.so (found suitable version "3.8.10", minimum required is "3.5") 
[1.437s] -- Using PYTHON_EXECUTABLE: /usr/bin/python3
[1.437s] -- Using PYTHON_INCLUDE_DIRS: /usr/include/python3.8
[1.437s] -- Using PYTHON_LIBRARIES: /usr/lib/x86_64-linux-gnu/libpython3.8.so
[1.448s] -- Found PythonExtra: .so  
[1.483s] -- Configuring done
[1.532s] -- Generating done
[1.533s] -- Build files have been written to: /home/skyautonet/skyautonet_ws/eee/lidar_preprocessor/build/three_lidar
[1.539s] Invoked command in '/home/skyautonet/skyautonet_ws/eee/lidar_preprocessor/build/three_lidar' returned '0': AMENT_PREFIX_PATH=/home/skyautonet/skyautonet_ws/eee/lidar_preprocessor/install/velocity_msg:${AMENT_PREFIX_PATH} CMAKE_PREFIX_PATH=/home/skyautonet/skyautonet_ws/eee/lidar_preprocessor/install/velocity_msg:/opt/ros/foxy LD_LIBRARY_PATH=/home/skyautonet/skyautonet_ws/eee/lidar_preprocessor/install/velocity_msg/lib:/usr/local/cuda-11.4/lib64/:/opt/ros/foxy/opt/yaml_cpp_vendor/lib:/opt/ros/foxy/opt/rviz_ogre_vendor/lib:/opt/ros/foxy/lib/x86_64-linux-gnu:/opt/ros/foxy/lib:/usr/local/cuda-11.4/lib64 PYTHONPATH=/home/skyautonet/skyautonet_ws/eee/lidar_preprocessor/install/velocity_msg/lib/python3.8/site-packages:${PYTHONPATH} /usr/bin/cmake /home/skyautonet/skyautonet_ws/eee/lidar_preprocessor/src/three_lidar -DCMAKE_INSTALL_PREFIX=/home/skyautonet/skyautonet_ws/eee/lidar_preprocessor/install/three_lidar
[1.540s] Invoking command in '/home/skyautonet/skyautonet_ws/eee/lidar_preprocessor/build/three_lidar': AMENT_PREFIX_PATH=/home/skyautonet/skyautonet_ws/eee/lidar_preprocessor/install/velocity_msg:${AMENT_PREFIX_PATH} CMAKE_PREFIX_PATH=/home/skyautonet/skyautonet_ws/eee/lidar_preprocessor/install/velocity_msg:/opt/ros/foxy LD_LIBRARY_PATH=/home/skyautonet/skyautonet_ws/eee/lidar_preprocessor/install/velocity_msg/lib:/usr/local/cuda-11.4/lib64/:/opt/ros/foxy/opt/yaml_cpp_vendor/lib:/opt/ros/foxy/opt/rviz_ogre_vendor/lib:/opt/ros/foxy/lib/x86_64-linux-gnu:/opt/ros/foxy/lib:/usr/local/cuda-11.4/lib64 PYTHONPATH=/home/skyautonet/skyautonet_ws/eee/lidar_preprocessor/install/velocity_msg/lib/python3.8/site-packages:${PYTHONPATH} /usr/bin/cmake --build /home/skyautonet/skyautonet_ws/eee/lidar_preprocessor/build/three_lidar -- -j20 -l20
[1.563s] [35m[1mScanning dependencies of target right[0m
[1.564s] [35m[1mScanning dependencies of target back[0m
[1.564s] [35m[1mScanning dependencies of target left[0m
[1.608s] [ 33%] [32mBuilding CXX object CMakeFiles/right.dir/src/right_lidar_node.cpp.o[0m
[1.608s] [ 33%] [32mBuilding CXX object CMakeFiles/back.dir/src/back_lidar_node.cpp.o[0m
[1.609s] [ 33%] [32mBuilding CXX object CMakeFiles/left.dir/src/left_lidar_node.cpp.o[0m
[1.610s] [ 44%] [32mBuilding CXX object CMakeFiles/right.dir/src/right_lidar.cpp.o[0m
[1.610s] [ 55%] [32mBuilding CXX object CMakeFiles/left.dir/src/left_lidar.cpp.o[0m
[1.610s] [ 66%] [32mBuilding CXX object CMakeFiles/back.dir/src/back_lidar.cpp.o[0m
[4.692s] [01m[K/home/skyautonet/skyautonet_ws/eee/lidar_preprocessor/src/three_lidar/src/back_lidar.cpp:[m[K In member function ‘[01m[Kvoid BACK_PREPROCESSING::topic_callback(sensor_msgs::msg::PointCloud2_<std::allocator<void> >::SharedPtr)[m[K’:
[4.692s] [01m[K/home/skyautonet/skyautonet_ws/eee/lidar_preprocessor/src/three_lidar/src/back_lidar.cpp:83:19:[m[K [01;35m[Kwarning: [m[Kvariable ‘[01m[Ktransform_1[m[K’ set but not used [[01;35m[K-Wunused-but-set-variable[m[K]
[4.692s]    83 |   Eigen::Matrix4f [01;35m[Ktransform_1[m[K = Eigen::Matrix4f::Identity();
[4.692s]       |                   [01;35m[K^~~~~~~~~~~[m[K
[4.692s] [01m[K/home/skyautonet/skyautonet_ws/eee/lidar_preprocessor/src/three_lidar/src/left_lidar.cpp:[m[K In member function ‘[01m[Kvoid LEFT_PREPROCESSING::topic_callback(sensor_msgs::msg::PointCloud2_<std::allocator<void> >::SharedPtr)[m[K’:
[4.692s] [01m[K/home/skyautonet/skyautonet_ws/eee/lidar_preprocessor/src/three_lidar/src/left_lidar.cpp:83:19:[m[K [01;35m[Kwarning: [m[Kvariable ‘[01m[Ktransform_1[m[K’ set but not used [[01;35m[K-Wunused-but-set-variable[m[K]
[4.692s]    83 |   Eigen::Matrix4f [01;35m[Ktransform_1[m[K = Eigen::Matrix4f::Identity();
[4.692s]       |                   [01;35m[K^~~~~~~~~~~[m[K
[4.703s] [01m[K/home/skyautonet/skyautonet_ws/eee/lidar_preprocessor/src/three_lidar/src/right_lidar.cpp:[m[K In member function ‘[01m[Kvoid RIGHT_PREPROCESSING::topic_callback(sensor_msgs::msg::PointCloud2_<std::allocator<void> >::SharedPtr)[m[K’:
[4.703s] [01m[K/home/skyautonet/skyautonet_ws/eee/lidar_preprocessor/src/three_lidar/src/right_lidar.cpp:83:19:[m[K [01;35m[Kwarning: [m[Kvariable ‘[01m[Ktransform_1[m[K’ set but not used [[01;35m[K-Wunused-but-set-variable[m[K]
[4.703s]    83 |   Eigen::Matrix4f [01;35m[Ktransform_1[m[K = Eigen::Matrix4f::Identity();
[4.703s]       |                   [01;35m[K^~~~~~~~~~~[m[K
[10.691s] [ 77%] [32m[1mLinking CXX executable right[0m
[10.753s] [ 88%] [32m[1mLinking CXX executable left[0m
[10.764s] [100%] [32m[1mLinking CXX executable back[0m
[12.885s] [100%] Built target right
[12.972s] [100%] Built target back
[12.972s] [100%] Built target left
[12.977s] Invoked command in '/home/skyautonet/skyautonet_ws/eee/lidar_preprocessor/build/three_lidar' returned '0': AMENT_PREFIX_PATH=/home/skyautonet/skyautonet_ws/eee/lidar_preprocessor/install/velocity_msg:${AMENT_PREFIX_PATH} CMAKE_PREFIX_PATH=/home/skyautonet/skyautonet_ws/eee/lidar_preprocessor/install/velocity_msg:/opt/ros/foxy LD_LIBRARY_PATH=/home/skyautonet/skyautonet_ws/eee/lidar_preprocessor/install/velocity_msg/lib:/usr/local/cuda-11.4/lib64/:/opt/ros/foxy/opt/yaml_cpp_vendor/lib:/opt/ros/foxy/opt/rviz_ogre_vendor/lib:/opt/ros/foxy/lib/x86_64-linux-gnu:/opt/ros/foxy/lib:/usr/local/cuda-11.4/lib64 PYTHONPATH=/home/skyautonet/skyautonet_ws/eee/lidar_preprocessor/install/velocity_msg/lib/python3.8/site-packages:${PYTHONPATH} /usr/bin/cmake --build /home/skyautonet/skyautonet_ws/eee/lidar_preprocessor/build/three_lidar -- -j20 -l20
[13.000s] Invoking command in '/home/skyautonet/skyautonet_ws/eee/lidar_preprocessor/build/three_lidar': AMENT_PREFIX_PATH=/home/skyautonet/skyautonet_ws/eee/lidar_preprocessor/install/velocity_msg:${AMENT_PREFIX_PATH} CMAKE_PREFIX_PATH=/home/skyautonet/skyautonet_ws/eee/lidar_preprocessor/install/velocity_msg:/opt/ros/foxy LD_LIBRARY_PATH=/home/skyautonet/skyautonet_ws/eee/lidar_preprocessor/install/velocity_msg/lib:/usr/local/cuda-11.4/lib64/:/opt/ros/foxy/opt/yaml_cpp_vendor/lib:/opt/ros/foxy/opt/rviz_ogre_vendor/lib:/opt/ros/foxy/lib/x86_64-linux-gnu:/opt/ros/foxy/lib:/usr/local/cuda-11.4/lib64 PYTHONPATH=/home/skyautonet/skyautonet_ws/eee/lidar_preprocessor/install/velocity_msg/lib/python3.8/site-packages:${PYTHONPATH} /usr/bin/cmake --install /home/skyautonet/skyautonet_ws/eee/lidar_preprocessor/build/three_lidar
[13.009s] -- Install configuration: ""
[13.009s] -- Installing: /home/skyautonet/skyautonet_ws/eee/lidar_preprocessor/install/three_lidar/lib/three_lidar/back
[13.011s] -- Set runtime path of "/home/skyautonet/skyautonet_ws/eee/lidar_preprocessor/install/three_lidar/lib/three_lidar/back" to ""
[13.011s] -- Installing: /home/skyautonet/skyautonet_ws/eee/lidar_preprocessor/install/three_lidar/lib/three_lidar/left
[13.014s] -- Set runtime path of "/home/skyautonet/skyautonet_ws/eee/lidar_preprocessor/install/three_lidar/lib/three_lidar/left" to ""
[13.014s] -- Installing: /home/skyautonet/skyautonet_ws/eee/lidar_preprocessor/install/three_lidar/lib/three_lidar/right
[13.017s] -- Set runtime path of "/home/skyautonet/skyautonet_ws/eee/lidar_preprocessor/install/three_lidar/lib/three_lidar/right" to ""
[13.017s] -- Installing: /home/skyautonet/skyautonet_ws/eee/lidar_preprocessor/install/three_lidar/share/three_lidar//launch
[13.017s] -- Installing: /home/skyautonet/skyautonet_ws/eee/lidar_preprocessor/install/three_lidar/share/three_lidar//launch/__pycache__
[13.017s] -- Installing: /home/skyautonet/skyautonet_ws/eee/lidar_preprocessor/install/three_lidar/share/three_lidar//launch/__pycache__/launch.cpython-38.pyc
[13.017s] -- Installing: /home/skyautonet/skyautonet_ws/eee/lidar_preprocessor/install/three_lidar/share/three_lidar//launch/launch.py
[13.017s] -- Installing: /home/skyautonet/skyautonet_ws/eee/lidar_preprocessor/install/three_lidar/share/ament_index/resource_index/package_run_dependencies/three_lidar
[13.017s] -- Installing: /home/skyautonet/skyautonet_ws/eee/lidar_preprocessor/install/three_lidar/share/ament_index/resource_index/parent_prefix_path/three_lidar
[13.017s] -- Installing: /home/skyautonet/skyautonet_ws/eee/lidar_preprocessor/install/three_lidar/share/three_lidar/environment/ament_prefix_path.sh
[13.017s] -- Installing: /home/skyautonet/skyautonet_ws/eee/lidar_preprocessor/install/three_lidar/share/three_lidar/environment/ament_prefix_path.dsv
[13.018s] -- Installing: /home/skyautonet/skyautonet_ws/eee/lidar_preprocessor/install/three_lidar/share/three_lidar/environment/path.sh
[13.018s] -- Installing: /home/skyautonet/skyautonet_ws/eee/lidar_preprocessor/install/three_lidar/share/three_lidar/environment/path.dsv
[13.018s] -- Installing: /home/skyautonet/skyautonet_ws/eee/lidar_preprocessor/install/three_lidar/share/three_lidar/local_setup.bash
[13.018s] -- Installing: /home/skyautonet/skyautonet_ws/eee/lidar_preprocessor/install/three_lidar/share/three_lidar/local_setup.sh
[13.018s] -- Installing: /home/skyautonet/skyautonet_ws/eee/lidar_preprocessor/install/three_lidar/share/three_lidar/local_setup.zsh
[13.018s] -- Installing: /home/skyautonet/skyautonet_ws/eee/lidar_preprocessor/install/three_lidar/share/three_lidar/local_setup.dsv
[13.018s] -- Installing: /home/skyautonet/skyautonet_ws/eee/lidar_preprocessor/install/three_lidar/share/three_lidar/package.dsv
[13.018s] -- Installing: /home/skyautonet/skyautonet_ws/eee/lidar_preprocessor/install/three_lidar/share/ament_index/resource_index/packages/three_lidar
[13.018s] -- Installing: /home/skyautonet/skyautonet_ws/eee/lidar_preprocessor/install/three_lidar/share/three_lidar/cmake/three_lidarConfig.cmake
[13.018s] -- Installing: /home/skyautonet/skyautonet_ws/eee/lidar_preprocessor/install/three_lidar/share/three_lidar/cmake/three_lidarConfig-version.cmake
[13.018s] -- Installing: /home/skyautonet/skyautonet_ws/eee/lidar_preprocessor/install/three_lidar/share/three_lidar/package.xml
[13.022s] Invoked command in '/home/skyautonet/skyautonet_ws/eee/lidar_preprocessor/build/three_lidar' returned '0': AMENT_PREFIX_PATH=/home/skyautonet/skyautonet_ws/eee/lidar_preprocessor/install/velocity_msg:${AMENT_PREFIX_PATH} CMAKE_PREFIX_PATH=/home/skyautonet/skyautonet_ws/eee/lidar_preprocessor/install/velocity_msg:/opt/ros/foxy LD_LIBRARY_PATH=/home/skyautonet/skyautonet_ws/eee/lidar_preprocessor/install/velocity_msg/lib:/usr/local/cuda-11.4/lib64/:/opt/ros/foxy/opt/yaml_cpp_vendor/lib:/opt/ros/foxy/opt/rviz_ogre_vendor/lib:/opt/ros/foxy/lib/x86_64-linux-gnu:/opt/ros/foxy/lib:/usr/local/cuda-11.4/lib64 PYTHONPATH=/home/skyautonet/skyautonet_ws/eee/lidar_preprocessor/install/velocity_msg/lib/python3.8/site-packages:${PYTHONPATH} /usr/bin/cmake --install /home/skyautonet/skyautonet_ws/eee/lidar_preprocessor/build/three_lidar
