[0.143s] DEBUG:colcon:Command line arguments: ['/usr/bin/colcon', 'build']
[0.143s] DEBUG:colcon:Parsed command line arguments: Namespace(allow_overriding=[], ament_cmake_args=None, base_paths=['.'], build_base='build', catkin_cmake_args=None, catkin_skip_building_tests=False, cmake_args=None, cmake_clean_cache=False, cmake_clean_first=False, cmake_force_configure=False, cmake_target=None, cmake_target_skip_unavailable=False, continue_on_error=False, event_handlers=None, executor='parallel', ignore_user_meta=False, install_base='install', log_base=None, log_level=None, main=<bound method BuildVerb.main of <colcon_core.verb.build.BuildVerb object at 0x7f19fadea760>>, merge_install=False, metas=['./colcon.meta'], packages_above=None, packages_above_and_dependencies=None, packages_above_depth=None, packages_end=None, packages_ignore=None, packages_ignore_regex=None, packages_select=None, packages_select_build_failed=False, packages_select_by_dep=None, packages_select_regex=None, packages_select_test_failures=False, packages_skip=None, packages_skip_build_finished=False, packages_skip_by_dep=None, packages_skip_regex=None, packages_skip_test_passed=False, packages_skip_up_to=None, packages_start=None, packages_up_to=None, packages_up_to_regex=None, parallel_workers=20, paths=None, symlink_install=False, test_result_base=None, verb_extension=<colcon_core.verb.build.BuildVerb object at 0x7f19fadea760>, verb_name='build', verb_parser=<colcon_defaults.argument_parser.defaults.DefaultArgumentsDecorator object at 0x7f19fadeaca0>)
[0.156s] Level 1:colcon.colcon_core.package_discovery:discover_packages(colcon_meta) check parameters
[0.156s] Level 1:colcon.colcon_core.package_discovery:discover_packages(recursive) check parameters
[0.156s] Level 1:colcon.colcon_core.package_discovery:discover_packages(ignore) check parameters
[0.156s] Level 1:colcon.colcon_core.package_discovery:discover_packages(path) check parameters
[0.156s] Level 1:colcon.colcon_core.package_discovery:discover_packages(colcon_meta) discover
[0.156s] Level 1:colcon.colcon_core.package_discovery:discover_packages(recursive) discover
[0.156s] INFO:colcon.colcon_core.package_discovery:Crawling recursively for packages in '/home/skyautonet/skyautonet_ws/eee/multi_lidar'
[0.156s] Level 1:colcon.colcon_core.package_identification:_identify(.) by extensions ['ignore', 'ignore_ament_install']
[0.156s] Level 1:colcon.colcon_core.package_identification:_identify(.) by extension 'ignore'
[0.156s] Level 1:colcon.colcon_core.package_identification:_identify(.) by extension 'ignore_ament_install'
[0.156s] Level 1:colcon.colcon_core.package_identification:_identify(.) by extensions ['colcon_pkg']
[0.156s] Level 1:colcon.colcon_core.package_identification:_identify(.) by extension 'colcon_pkg'
[0.156s] Level 1:colcon.colcon_core.package_identification:_identify(.) by extensions ['colcon_meta']
[0.156s] Level 1:colcon.colcon_core.package_identification:_identify(.) by extension 'colcon_meta'
[0.156s] Level 1:colcon.colcon_core.package_identification:_identify(.) by extensions ['ros']
[0.156s] Level 1:colcon.colcon_core.package_identification:_identify(.) by extension 'ros'
[0.166s] Level 1:colcon.colcon_core.package_identification:_identify(.) by extensions ['cmake', 'python']
[0.166s] Level 1:colcon.colcon_core.package_identification:_identify(.) by extension 'cmake'
[0.166s] Level 1:colcon.colcon_core.package_identification:_identify(.) by extension 'python'
[0.166s] Level 1:colcon.colcon_core.package_identification:_identify(.) by extensions ['python_setup_py']
[0.166s] Level 1:colcon.colcon_core.package_identification:_identify(.) by extension 'python_setup_py'
[0.166s] Level 1:colcon.colcon_core.package_identification:_identify(build) by extensions ['ignore', 'ignore_ament_install']
[0.166s] Level 1:colcon.colcon_core.package_identification:_identify(build) by extension 'ignore'
[0.166s] Level 1:colcon.colcon_core.package_identification:_identify(build) ignored
[0.166s] Level 1:colcon.colcon_core.package_identification:_identify(install) by extensions ['ignore', 'ignore_ament_install']
[0.167s] Level 1:colcon.colcon_core.package_identification:_identify(install) by extension 'ignore'
[0.167s] Level 1:colcon.colcon_core.package_identification:_identify(install) ignored
[0.167s] Level 1:colcon.colcon_core.package_identification:_identify(log) by extensions ['ignore', 'ignore_ament_install']
[0.167s] Level 1:colcon.colcon_core.package_identification:_identify(log) by extension 'ignore'
[0.167s] Level 1:colcon.colcon_core.package_identification:_identify(log) ignored
[0.167s] Level 1:colcon.colcon_core.package_identification:_identify(src) by extensions ['ignore', 'ignore_ament_install']
[0.167s] Level 1:colcon.colcon_core.package_identification:_identify(src) by extension 'ignore'
[0.167s] Level 1:colcon.colcon_core.package_identification:_identify(src) by extension 'ignore_ament_install'
[0.167s] Level 1:colcon.colcon_core.package_identification:_identify(src) by extensions ['colcon_pkg']
[0.167s] Level 1:colcon.colcon_core.package_identification:_identify(src) by extension 'colcon_pkg'
[0.167s] Level 1:colcon.colcon_core.package_identification:_identify(src) by extensions ['colcon_meta']
[0.167s] Level 1:colcon.colcon_core.package_identification:_identify(src) by extension 'colcon_meta'
[0.167s] Level 1:colcon.colcon_core.package_identification:_identify(src) by extensions ['ros']
[0.167s] Level 1:colcon.colcon_core.package_identification:_identify(src) by extension 'ros'
[0.167s] Level 1:colcon.colcon_core.package_identification:_identify(src) by extensions ['cmake', 'python']
[0.167s] Level 1:colcon.colcon_core.package_identification:_identify(src) by extension 'cmake'
[0.167s] Level 1:colcon.colcon_core.package_identification:_identify(src) by extension 'python'
[0.167s] Level 1:colcon.colcon_core.package_identification:_identify(src) by extensions ['python_setup_py']
[0.167s] Level 1:colcon.colcon_core.package_identification:_identify(src) by extension 'python_setup_py'
[0.167s] Level 1:colcon.colcon_core.package_identification:_identify(src/autoware_point_types) by extensions ['ignore', 'ignore_ament_install']
[0.167s] Level 1:colcon.colcon_core.package_identification:_identify(src/autoware_point_types) by extension 'ignore'
[0.167s] Level 1:colcon.colcon_core.package_identification:_identify(src/autoware_point_types) by extension 'ignore_ament_install'
[0.167s] Level 1:colcon.colcon_core.package_identification:_identify(src/autoware_point_types) by extensions ['colcon_pkg']
[0.167s] Level 1:colcon.colcon_core.package_identification:_identify(src/autoware_point_types) by extension 'colcon_pkg'
[0.167s] Level 1:colcon.colcon_core.package_identification:_identify(src/autoware_point_types) by extensions ['colcon_meta']
[0.167s] Level 1:colcon.colcon_core.package_identification:_identify(src/autoware_point_types) by extension 'colcon_meta'
[0.167s] Level 1:colcon.colcon_core.package_identification:_identify(src/autoware_point_types) by extensions ['ros']
[0.167s] Level 1:colcon.colcon_core.package_identification:_identify(src/autoware_point_types) by extension 'ros'
[0.169s] DEBUG:colcon.colcon_core.package_identification:Package 'src/autoware_point_types' with type 'ros.ament_cmake' and name 'autoware_point_types'
[0.169s] Level 1:colcon.colcon_core.package_identification:_identify(src/c_auto_vehicle_msgs) by extensions ['ignore', 'ignore_ament_install']
[0.169s] Level 1:colcon.colcon_core.package_identification:_identify(src/c_auto_vehicle_msgs) by extension 'ignore'
[0.169s] Level 1:colcon.colcon_core.package_identification:_identify(src/c_auto_vehicle_msgs) by extension 'ignore_ament_install'
[0.169s] Level 1:colcon.colcon_core.package_identification:_identify(src/c_auto_vehicle_msgs) by extensions ['colcon_pkg']
[0.169s] Level 1:colcon.colcon_core.package_identification:_identify(src/c_auto_vehicle_msgs) by extension 'colcon_pkg'
[0.169s] Level 1:colcon.colcon_core.package_identification:_identify(src/c_auto_vehicle_msgs) by extensions ['colcon_meta']
[0.169s] Level 1:colcon.colcon_core.package_identification:_identify(src/c_auto_vehicle_msgs) by extension 'colcon_meta'
[0.169s] Level 1:colcon.colcon_core.package_identification:_identify(src/c_auto_vehicle_msgs) by extensions ['ros']
[0.169s] Level 1:colcon.colcon_core.package_identification:_identify(src/c_auto_vehicle_msgs) by extension 'ros'
[0.169s] DEBUG:colcon.colcon_core.package_identification:Package 'src/c_auto_vehicle_msgs' with type 'ros.ament_cmake' and name 'c_auto_vehicle_msgs'
[0.169s] Level 1:colcon.colcon_core.package_identification:_identify(src/concat) by extensions ['ignore', 'ignore_ament_install']
[0.169s] Level 1:colcon.colcon_core.package_identification:_identify(src/concat) by extension 'ignore'
[0.169s] Level 1:colcon.colcon_core.package_identification:_identify(src/concat) by extension 'ignore_ament_install'
[0.169s] Level 1:colcon.colcon_core.package_identification:_identify(src/concat) by extensions ['colcon_pkg']
[0.169s] Level 1:colcon.colcon_core.package_identification:_identify(src/concat) by extension 'colcon_pkg'
[0.169s] Level 1:colcon.colcon_core.package_identification:_identify(src/concat) by extensions ['colcon_meta']
[0.169s] Level 1:colcon.colcon_core.package_identification:_identify(src/concat) by extension 'colcon_meta'
[0.169s] Level 1:colcon.colcon_core.package_identification:_identify(src/concat) by extensions ['ros']
[0.169s] Level 1:colcon.colcon_core.package_identification:_identify(src/concat) by extension 'ros'
[0.170s] DEBUG:colcon.colcon_core.package_identification:Package 'src/concat' with type 'ros.ament_cmake' and name 'concat'
[0.170s] Level 1:colcon.colcon_core.package_discovery:discover_packages(recursive) using defaults
[0.170s] Level 1:colcon.colcon_core.package_discovery:discover_packages(ignore) discover
[0.170s] Level 1:colcon.colcon_core.package_discovery:discover_packages(ignore) using defaults
[0.170s] Level 1:colcon.colcon_core.package_discovery:discover_packages(path) discover
[0.170s] Level 1:colcon.colcon_core.package_discovery:discover_packages(path) using defaults
[0.181s] Level 1:colcon.colcon_core.package_discovery:discover_packages(prefix_path) check parameters
[0.181s] Level 1:colcon.colcon_core.package_discovery:discover_packages(prefix_path) discover
[0.182s] DEBUG:colcon.colcon_installed_package_information.package_discovery:Found 3 installed packages in /home/skyautonet/skyautonet_ws/eee/multi_lidar/install
[0.183s] DEBUG:colcon.colcon_installed_package_information.package_discovery:Found 269 installed packages in /opt/ros/foxy
[0.184s] Level 1:colcon.colcon_core.package_discovery:discover_packages(prefix_path) using defaults
[0.216s] Level 5:colcon.colcon_core.verb:set package 'autoware_point_types' build argument 'cmake_args' from command line to 'None'
[0.216s] Level 5:colcon.colcon_core.verb:set package 'autoware_point_types' build argument 'cmake_target' from command line to 'None'
[0.216s] Level 5:colcon.colcon_core.verb:set package 'autoware_point_types' build argument 'cmake_target_skip_unavailable' from command line to 'False'
[0.216s] Level 5:colcon.colcon_core.verb:set package 'autoware_point_types' build argument 'cmake_clean_cache' from command line to 'False'
[0.216s] Level 5:colcon.colcon_core.verb:set package 'autoware_point_types' build argument 'cmake_clean_first' from command line to 'False'
[0.216s] Level 5:colcon.colcon_core.verb:set package 'autoware_point_types' build argument 'cmake_force_configure' from command line to 'False'
[0.216s] Level 5:colcon.colcon_core.verb:set package 'autoware_point_types' build argument 'ament_cmake_args' from command line to 'None'
[0.216s] Level 5:colcon.colcon_core.verb:set package 'autoware_point_types' build argument 'catkin_cmake_args' from command line to 'None'
[0.216s] Level 5:colcon.colcon_core.verb:set package 'autoware_point_types' build argument 'catkin_skip_building_tests' from command line to 'False'
[0.216s] DEBUG:colcon.colcon_core.verb:Building package 'autoware_point_types' with the following arguments: {'ament_cmake_args': None, 'build_base': '/home/skyautonet/skyautonet_ws/eee/multi_lidar/build/autoware_point_types', 'catkin_cmake_args': None, 'catkin_skip_building_tests': False, 'cmake_args': None, 'cmake_clean_cache': False, 'cmake_clean_first': False, 'cmake_force_configure': False, 'cmake_target': None, 'cmake_target_skip_unavailable': False, 'install_base': '/home/skyautonet/skyautonet_ws/eee/multi_lidar/install/autoware_point_types', 'merge_install': False, 'path': '/home/skyautonet/skyautonet_ws/eee/multi_lidar/src/autoware_point_types', 'symlink_install': False, 'test_result_base': None}
[0.217s] Level 5:colcon.colcon_core.verb:set package 'c_auto_vehicle_msgs' build argument 'cmake_args' from command line to 'None'
[0.217s] Level 5:colcon.colcon_core.verb:set package 'c_auto_vehicle_msgs' build argument 'cmake_target' from command line to 'None'
[0.217s] Level 5:colcon.colcon_core.verb:set package 'c_auto_vehicle_msgs' build argument 'cmake_target_skip_unavailable' from command line to 'False'
[0.217s] Level 5:colcon.colcon_core.verb:set package 'c_auto_vehicle_msgs' build argument 'cmake_clean_cache' from command line to 'False'
[0.217s] Level 5:colcon.colcon_core.verb:set package 'c_auto_vehicle_msgs' build argument 'cmake_clean_first' from command line to 'False'
[0.217s] Level 5:colcon.colcon_core.verb:set package 'c_auto_vehicle_msgs' build argument 'cmake_force_configure' from command line to 'False'
[0.217s] Level 5:colcon.colcon_core.verb:set package 'c_auto_vehicle_msgs' build argument 'ament_cmake_args' from command line to 'None'
[0.217s] Level 5:colcon.colcon_core.verb:set package 'c_auto_vehicle_msgs' build argument 'catkin_cmake_args' from command line to 'None'
[0.217s] Level 5:colcon.colcon_core.verb:set package 'c_auto_vehicle_msgs' build argument 'catkin_skip_building_tests' from command line to 'False'
[0.217s] DEBUG:colcon.colcon_core.verb:Building package 'c_auto_vehicle_msgs' with the following arguments: {'ament_cmake_args': None, 'build_base': '/home/skyautonet/skyautonet_ws/eee/multi_lidar/build/c_auto_vehicle_msgs', 'catkin_cmake_args': None, 'catkin_skip_building_tests': False, 'cmake_args': None, 'cmake_clean_cache': False, 'cmake_clean_first': False, 'cmake_force_configure': False, 'cmake_target': None, 'cmake_target_skip_unavailable': False, 'install_base': '/home/skyautonet/skyautonet_ws/eee/multi_lidar/install/c_auto_vehicle_msgs', 'merge_install': False, 'path': '/home/skyautonet/skyautonet_ws/eee/multi_lidar/src/c_auto_vehicle_msgs', 'symlink_install': False, 'test_result_base': None}
[0.217s] Level 5:colcon.colcon_core.verb:set package 'concat' build argument 'cmake_args' from command line to 'None'
[0.217s] Level 5:colcon.colcon_core.verb:set package 'concat' build argument 'cmake_target' from command line to 'None'
[0.217s] Level 5:colcon.colcon_core.verb:set package 'concat' build argument 'cmake_target_skip_unavailable' from command line to 'False'
[0.217s] Level 5:colcon.colcon_core.verb:set package 'concat' build argument 'cmake_clean_cache' from command line to 'False'
[0.217s] Level 5:colcon.colcon_core.verb:set package 'concat' build argument 'cmake_clean_first' from command line to 'False'
[0.217s] Level 5:colcon.colcon_core.verb:set package 'concat' build argument 'cmake_force_configure' from command line to 'False'
[0.217s] Level 5:colcon.colcon_core.verb:set package 'concat' build argument 'ament_cmake_args' from command line to 'None'
[0.217s] Level 5:colcon.colcon_core.verb:set package 'concat' build argument 'catkin_cmake_args' from command line to 'None'
[0.217s] Level 5:colcon.colcon_core.verb:set package 'concat' build argument 'catkin_skip_building_tests' from command line to 'False'
[0.217s] DEBUG:colcon.colcon_core.verb:Building package 'concat' with the following arguments: {'ament_cmake_args': None, 'build_base': '/home/skyautonet/skyautonet_ws/eee/multi_lidar/build/concat', 'catkin_cmake_args': None, 'catkin_skip_building_tests': False, 'cmake_args': None, 'cmake_clean_cache': False, 'cmake_clean_first': False, 'cmake_force_configure': False, 'cmake_target': None, 'cmake_target_skip_unavailable': False, 'install_base': '/home/skyautonet/skyautonet_ws/eee/multi_lidar/install/concat', 'merge_install': False, 'path': '/home/skyautonet/skyautonet_ws/eee/multi_lidar/src/concat', 'symlink_install': False, 'test_result_base': None}
[0.217s] INFO:colcon.colcon_core.executor:Executing jobs using 'parallel' executor
[0.219s] DEBUG:colcon.colcon_parallel_executor.executor.parallel:run_until_complete
[0.219s] INFO:colcon.colcon_ros.task.ament_cmake.build:Building ROS package in '/home/skyautonet/skyautonet_ws/eee/multi_lidar/src/c_auto_vehicle_msgs' with build type 'ament_cmake'
[0.219s] INFO:colcon.colcon_cmake.task.cmake.build:Building CMake package in '/home/skyautonet/skyautonet_ws/eee/multi_lidar/src/c_auto_vehicle_msgs'
[0.222s] INFO:colcon.colcon_core.plugin_system:Skipping extension 'colcon_core.shell.bat': Not used on non-Windows systems
[0.222s] INFO:colcon.colcon_core.shell:Skip shell extension 'powershell' for command environment: Not usable outside of PowerShell
[0.222s] DEBUG:colcon.colcon_core.shell:Skip shell extension 'dsv' for command environment
[0.225s] INFO:colcon.colcon_ros.task.ament_cmake.build:Building ROS package in '/home/skyautonet/skyautonet_ws/eee/multi_lidar/src/autoware_point_types' with build type 'ament_cmake'
[0.225s] INFO:colcon.colcon_cmake.task.cmake.build:Building CMake package in '/home/skyautonet/skyautonet_ws/eee/multi_lidar/src/autoware_point_types'
[0.226s] INFO:colcon.colcon_core.shell:Skip shell extension 'powershell' for command environment: Not usable outside of PowerShell
[0.226s] DEBUG:colcon.colcon_core.shell:Skip shell extension 'dsv' for command environment
[0.234s] DEBUG:colcon.colcon_core.event_handler.log_command:Invoking command in '/home/skyautonet/skyautonet_ws/eee/multi_lidar/build/c_auto_vehicle_msgs': CMAKE_PREFIX_PATH=${CMAKE_PREFIX_PATH}:/opt/ros/foxy /usr/bin/cmake --build /home/skyautonet/skyautonet_ws/eee/multi_lidar/build/c_auto_vehicle_msgs -- -j20 -l20
[0.242s] DEBUG:colcon.colcon_core.event_handler.log_command:Invoking command in '/home/skyautonet/skyautonet_ws/eee/multi_lidar/build/autoware_point_types': CMAKE_PREFIX_PATH=${CMAKE_PREFIX_PATH}:/opt/ros/foxy /usr/bin/cmake --build /home/skyautonet/skyautonet_ws/eee/multi_lidar/build/autoware_point_types -- -j20 -l20
[0.265s] DEBUG:colcon.colcon_core.event_handler.log_command:Invoked command in '/home/skyautonet/skyautonet_ws/eee/multi_lidar/build/autoware_point_types' returned '0': CMAKE_PREFIX_PATH=${CMAKE_PREFIX_PATH}:/opt/ros/foxy /usr/bin/cmake --build /home/skyautonet/skyautonet_ws/eee/multi_lidar/build/autoware_point_types -- -j20 -l20
[0.276s] WARNING:colcon.colcon_cmake.task.cmake.build:Could not run installation step for package 'autoware_point_types' because it has no 'install' target
[0.276s] Level 1:colcon.colcon_core.environment:create_environment_scripts_only(autoware_point_types)
[0.280s] Level 1:colcon.colcon_core.environment:checking '/home/skyautonet/skyautonet_ws/eee/multi_lidar/install/autoware_point_types' for CMake module files
[0.280s] Level 1:colcon.colcon_core.environment:checking '/home/skyautonet/skyautonet_ws/eee/multi_lidar/install/autoware_point_types' for CMake config files
[0.280s] Level 1:colcon.colcon_core.environment:checking '/home/skyautonet/skyautonet_ws/eee/multi_lidar/install/autoware_point_types/bin'
[0.281s] Level 1:colcon.colcon_core.environment:checking '/home/skyautonet/skyautonet_ws/eee/multi_lidar/install/autoware_point_types/lib/pkgconfig/autoware_point_types.pc'
[0.281s] Level 1:colcon.colcon_core.environment:checking '/home/skyautonet/skyautonet_ws/eee/multi_lidar/install/autoware_point_types/lib/python3.8/site-packages'
[0.281s] Level 1:colcon.colcon_core.environment:checking '/home/skyautonet/skyautonet_ws/eee/multi_lidar/install/autoware_point_types/bin'
[0.282s] INFO:colcon.colcon_core.shell:Creating package script '/home/skyautonet/skyautonet_ws/eee/multi_lidar/install/autoware_point_types/share/autoware_point_types/package.ps1'
[0.282s] INFO:colcon.colcon_core.shell:Creating package descriptor '/home/skyautonet/skyautonet_ws/eee/multi_lidar/install/autoware_point_types/share/autoware_point_types/package.dsv'
[0.283s] INFO:colcon.colcon_core.shell:Creating package script '/home/skyautonet/skyautonet_ws/eee/multi_lidar/install/autoware_point_types/share/autoware_point_types/package.sh'
[0.283s] INFO:colcon.colcon_core.shell:Creating package script '/home/skyautonet/skyautonet_ws/eee/multi_lidar/install/autoware_point_types/share/autoware_point_types/package.bash'
[0.284s] INFO:colcon.colcon_core.shell:Creating package script '/home/skyautonet/skyautonet_ws/eee/multi_lidar/install/autoware_point_types/share/autoware_point_types/package.zsh'
[0.284s] Level 1:colcon.colcon_core.environment:create_file_with_runtime_dependencies(/home/skyautonet/skyautonet_ws/eee/multi_lidar/install/autoware_point_types/share/colcon-core/packages/autoware_point_types)
[0.294s] Level 1:colcon.colcon_core.environment:create_environment_scripts_only(autoware_point_types)
[0.296s] Level 1:colcon.colcon_core.environment:checking '/home/skyautonet/skyautonet_ws/eee/multi_lidar/install/autoware_point_types' for CMake module files
[0.297s] Level 1:colcon.colcon_core.environment:checking '/home/skyautonet/skyautonet_ws/eee/multi_lidar/install/autoware_point_types' for CMake config files
[0.297s] Level 1:colcon.colcon_core.environment:checking '/home/skyautonet/skyautonet_ws/eee/multi_lidar/install/autoware_point_types/bin'
[0.297s] Level 1:colcon.colcon_core.environment:checking '/home/skyautonet/skyautonet_ws/eee/multi_lidar/install/autoware_point_types/lib/pkgconfig/autoware_point_types.pc'
[0.297s] Level 1:colcon.colcon_core.environment:checking '/home/skyautonet/skyautonet_ws/eee/multi_lidar/install/autoware_point_types/lib/python3.8/site-packages'
[0.298s] Level 1:colcon.colcon_core.environment:checking '/home/skyautonet/skyautonet_ws/eee/multi_lidar/install/autoware_point_types/bin'
[0.298s] INFO:colcon.colcon_core.shell:Creating package script '/home/skyautonet/skyautonet_ws/eee/multi_lidar/install/autoware_point_types/share/autoware_point_types/package.ps1'
[0.299s] INFO:colcon.colcon_core.shell:Creating package descriptor '/home/skyautonet/skyautonet_ws/eee/multi_lidar/install/autoware_point_types/share/autoware_point_types/package.dsv'
[0.299s] INFO:colcon.colcon_core.shell:Creating package script '/home/skyautonet/skyautonet_ws/eee/multi_lidar/install/autoware_point_types/share/autoware_point_types/package.sh'
[0.299s] INFO:colcon.colcon_core.shell:Creating package script '/home/skyautonet/skyautonet_ws/eee/multi_lidar/install/autoware_point_types/share/autoware_point_types/package.bash'
[0.299s] INFO:colcon.colcon_core.shell:Creating package script '/home/skyautonet/skyautonet_ws/eee/multi_lidar/install/autoware_point_types/share/autoware_point_types/package.zsh'
[0.299s] Level 1:colcon.colcon_core.environment:create_file_with_runtime_dependencies(/home/skyautonet/skyautonet_ws/eee/multi_lidar/install/autoware_point_types/share/colcon-core/packages/autoware_point_types)
[0.366s] DEBUG:colcon.colcon_core.event_handler.log_command:Invoked command in '/home/skyautonet/skyautonet_ws/eee/multi_lidar/build/c_auto_vehicle_msgs' returned '0': CMAKE_PREFIX_PATH=${CMAKE_PREFIX_PATH}:/opt/ros/foxy /usr/bin/cmake --build /home/skyautonet/skyautonet_ws/eee/multi_lidar/build/c_auto_vehicle_msgs -- -j20 -l20
[0.400s] DEBUG:colcon.colcon_core.event_handler.log_command:Invoking command in '/home/skyautonet/skyautonet_ws/eee/multi_lidar/build/c_auto_vehicle_msgs': CMAKE_PREFIX_PATH=${CMAKE_PREFIX_PATH}:/opt/ros/foxy /usr/bin/cmake --install /home/skyautonet/skyautonet_ws/eee/multi_lidar/build/c_auto_vehicle_msgs
[0.440s] Level 1:colcon.colcon_core.environment:create_environment_scripts_only(c_auto_vehicle_msgs)
[0.440s] DEBUG:colcon.colcon_core.event_handler.log_command:Invoked command in '/home/skyautonet/skyautonet_ws/eee/multi_lidar/build/c_auto_vehicle_msgs' returned '0': CMAKE_PREFIX_PATH=${CMAKE_PREFIX_PATH}:/opt/ros/foxy /usr/bin/cmake --install /home/skyautonet/skyautonet_ws/eee/multi_lidar/build/c_auto_vehicle_msgs
[0.441s] Level 1:colcon.colcon_core.environment:checking '/home/skyautonet/skyautonet_ws/eee/multi_lidar/install/c_auto_vehicle_msgs' for CMake module files
[0.441s] Level 1:colcon.colcon_core.environment:checking '/home/skyautonet/skyautonet_ws/eee/multi_lidar/install/c_auto_vehicle_msgs' for CMake config files
[0.441s] Level 1:colcon.colcon_core.shell:create_environment_hook('c_auto_vehicle_msgs', 'cmake_prefix_path')
[0.442s] INFO:colcon.colcon_core.shell:Creating environment hook '/home/skyautonet/skyautonet_ws/eee/multi_lidar/install/c_auto_vehicle_msgs/share/c_auto_vehicle_msgs/hook/cmake_prefix_path.ps1'
[0.442s] INFO:colcon.colcon_core.shell:Creating environment descriptor '/home/skyautonet/skyautonet_ws/eee/multi_lidar/install/c_auto_vehicle_msgs/share/c_auto_vehicle_msgs/hook/cmake_prefix_path.dsv'
[0.443s] INFO:colcon.colcon_core.shell:Creating environment hook '/home/skyautonet/skyautonet_ws/eee/multi_lidar/install/c_auto_vehicle_msgs/share/c_auto_vehicle_msgs/hook/cmake_prefix_path.sh'
[0.443s] Level 1:colcon.colcon_core.environment:checking '/home/skyautonet/skyautonet_ws/eee/multi_lidar/install/c_auto_vehicle_msgs/lib'
[0.443s] Level 1:colcon.colcon_core.shell:create_environment_hook('c_auto_vehicle_msgs', 'ld_library_path_lib')
[0.444s] INFO:colcon.colcon_core.shell:Creating environment hook '/home/skyautonet/skyautonet_ws/eee/multi_lidar/install/c_auto_vehicle_msgs/share/c_auto_vehicle_msgs/hook/ld_library_path_lib.ps1'
[0.444s] INFO:colcon.colcon_core.shell:Creating environment descriptor '/home/skyautonet/skyautonet_ws/eee/multi_lidar/install/c_auto_vehicle_msgs/share/c_auto_vehicle_msgs/hook/ld_library_path_lib.dsv'
[0.444s] INFO:colcon.colcon_core.shell:Creating environment hook '/home/skyautonet/skyautonet_ws/eee/multi_lidar/install/c_auto_vehicle_msgs/share/c_auto_vehicle_msgs/hook/ld_library_path_lib.sh'
[0.445s] Level 1:colcon.colcon_core.environment:checking '/home/skyautonet/skyautonet_ws/eee/multi_lidar/install/c_auto_vehicle_msgs/bin'
[0.445s] Level 1:colcon.colcon_core.environment:checking '/home/skyautonet/skyautonet_ws/eee/multi_lidar/install/c_auto_vehicle_msgs/lib/pkgconfig/c_auto_vehicle_msgs.pc'
[0.445s] Level 1:colcon.colcon_core.environment:checking '/home/skyautonet/skyautonet_ws/eee/multi_lidar/install/c_auto_vehicle_msgs/lib/python3.8/site-packages'
[0.445s] Level 1:colcon.colcon_core.shell:create_environment_hook('c_auto_vehicle_msgs', 'pythonpath')
[0.446s] INFO:colcon.colcon_core.shell:Creating environment hook '/home/skyautonet/skyautonet_ws/eee/multi_lidar/install/c_auto_vehicle_msgs/share/c_auto_vehicle_msgs/hook/pythonpath.ps1'
[0.446s] INFO:colcon.colcon_core.shell:Creating environment descriptor '/home/skyautonet/skyautonet_ws/eee/multi_lidar/install/c_auto_vehicle_msgs/share/c_auto_vehicle_msgs/hook/pythonpath.dsv'
[0.446s] INFO:colcon.colcon_core.shell:Creating environment hook '/home/skyautonet/skyautonet_ws/eee/multi_lidar/install/c_auto_vehicle_msgs/share/c_auto_vehicle_msgs/hook/pythonpath.sh'
[0.446s] Level 1:colcon.colcon_core.environment:checking '/home/skyautonet/skyautonet_ws/eee/multi_lidar/install/c_auto_vehicle_msgs/bin'
[0.447s] INFO:colcon.colcon_core.shell:Creating package script '/home/skyautonet/skyautonet_ws/eee/multi_lidar/install/c_auto_vehicle_msgs/share/c_auto_vehicle_msgs/package.ps1'
[0.447s] INFO:colcon.colcon_core.shell:Creating package descriptor '/home/skyautonet/skyautonet_ws/eee/multi_lidar/install/c_auto_vehicle_msgs/share/c_auto_vehicle_msgs/package.dsv'
[0.448s] INFO:colcon.colcon_core.shell:Creating package script '/home/skyautonet/skyautonet_ws/eee/multi_lidar/install/c_auto_vehicle_msgs/share/c_auto_vehicle_msgs/package.sh'
[0.448s] INFO:colcon.colcon_core.shell:Creating package script '/home/skyautonet/skyautonet_ws/eee/multi_lidar/install/c_auto_vehicle_msgs/share/c_auto_vehicle_msgs/package.bash'
[0.448s] INFO:colcon.colcon_core.shell:Creating package script '/home/skyautonet/skyautonet_ws/eee/multi_lidar/install/c_auto_vehicle_msgs/share/c_auto_vehicle_msgs/package.zsh'
[0.448s] Level 1:colcon.colcon_core.environment:create_file_with_runtime_dependencies(/home/skyautonet/skyautonet_ws/eee/multi_lidar/install/c_auto_vehicle_msgs/share/colcon-core/packages/c_auto_vehicle_msgs)
[0.482s] Level 1:colcon.colcon_core.environment:create_environment_scripts_only(c_auto_vehicle_msgs)
[0.483s] Level 1:colcon.colcon_core.environment:checking '/home/skyautonet/skyautonet_ws/eee/multi_lidar/install/c_auto_vehicle_msgs' for CMake module files
[0.484s] Level 1:colcon.colcon_core.environment:checking '/home/skyautonet/skyautonet_ws/eee/multi_lidar/install/c_auto_vehicle_msgs' for CMake config files
[0.484s] Level 1:colcon.colcon_core.shell:create_environment_hook('c_auto_vehicle_msgs', 'cmake_prefix_path')
[0.484s] INFO:colcon.colcon_core.shell:Creating environment hook '/home/skyautonet/skyautonet_ws/eee/multi_lidar/install/c_auto_vehicle_msgs/share/c_auto_vehicle_msgs/hook/cmake_prefix_path.ps1'
[0.485s] INFO:colcon.colcon_core.shell:Creating environment descriptor '/home/skyautonet/skyautonet_ws/eee/multi_lidar/install/c_auto_vehicle_msgs/share/c_auto_vehicle_msgs/hook/cmake_prefix_path.dsv'
[0.485s] INFO:colcon.colcon_core.shell:Creating environment hook '/home/skyautonet/skyautonet_ws/eee/multi_lidar/install/c_auto_vehicle_msgs/share/c_auto_vehicle_msgs/hook/cmake_prefix_path.sh'
[0.485s] Level 1:colcon.colcon_core.environment:checking '/home/skyautonet/skyautonet_ws/eee/multi_lidar/install/c_auto_vehicle_msgs/lib'
[0.485s] Level 1:colcon.colcon_core.shell:create_environment_hook('c_auto_vehicle_msgs', 'ld_library_path_lib')
[0.486s] INFO:colcon.colcon_core.shell:Creating environment hook '/home/skyautonet/skyautonet_ws/eee/multi_lidar/install/c_auto_vehicle_msgs/share/c_auto_vehicle_msgs/hook/ld_library_path_lib.ps1'
[0.486s] INFO:colcon.colcon_core.shell:Creating environment descriptor '/home/skyautonet/skyautonet_ws/eee/multi_lidar/install/c_auto_vehicle_msgs/share/c_auto_vehicle_msgs/hook/ld_library_path_lib.dsv'
[0.486s] INFO:colcon.colcon_core.shell:Creating environment hook '/home/skyautonet/skyautonet_ws/eee/multi_lidar/install/c_auto_vehicle_msgs/share/c_auto_vehicle_msgs/hook/ld_library_path_lib.sh'
[0.487s] Level 1:colcon.colcon_core.environment:checking '/home/skyautonet/skyautonet_ws/eee/multi_lidar/install/c_auto_vehicle_msgs/bin'
[0.487s] Level 1:colcon.colcon_core.environment:checking '/home/skyautonet/skyautonet_ws/eee/multi_lidar/install/c_auto_vehicle_msgs/lib/pkgconfig/c_auto_vehicle_msgs.pc'
[0.487s] Level 1:colcon.colcon_core.environment:checking '/home/skyautonet/skyautonet_ws/eee/multi_lidar/install/c_auto_vehicle_msgs/lib/python3.8/site-packages'
[0.487s] Level 1:colcon.colcon_core.shell:create_environment_hook('c_auto_vehicle_msgs', 'pythonpath')
[0.487s] INFO:colcon.colcon_core.shell:Creating environment hook '/home/skyautonet/skyautonet_ws/eee/multi_lidar/install/c_auto_vehicle_msgs/share/c_auto_vehicle_msgs/hook/pythonpath.ps1'
[0.488s] INFO:colcon.colcon_core.shell:Creating environment descriptor '/home/skyautonet/skyautonet_ws/eee/multi_lidar/install/c_auto_vehicle_msgs/share/c_auto_vehicle_msgs/hook/pythonpath.dsv'
[0.488s] INFO:colcon.colcon_core.shell:Creating environment hook '/home/skyautonet/skyautonet_ws/eee/multi_lidar/install/c_auto_vehicle_msgs/share/c_auto_vehicle_msgs/hook/pythonpath.sh'
[0.488s] Level 1:colcon.colcon_core.environment:checking '/home/skyautonet/skyautonet_ws/eee/multi_lidar/install/c_auto_vehicle_msgs/bin'
[0.489s] INFO:colcon.colcon_core.shell:Creating package script '/home/skyautonet/skyautonet_ws/eee/multi_lidar/install/c_auto_vehicle_msgs/share/c_auto_vehicle_msgs/package.ps1'
[0.489s] INFO:colcon.colcon_core.shell:Creating package descriptor '/home/skyautonet/skyautonet_ws/eee/multi_lidar/install/c_auto_vehicle_msgs/share/c_auto_vehicle_msgs/package.dsv'
[0.489s] INFO:colcon.colcon_core.shell:Creating package script '/home/skyautonet/skyautonet_ws/eee/multi_lidar/install/c_auto_vehicle_msgs/share/c_auto_vehicle_msgs/package.sh'
[0.489s] INFO:colcon.colcon_core.shell:Creating package script '/home/skyautonet/skyautonet_ws/eee/multi_lidar/install/c_auto_vehicle_msgs/share/c_auto_vehicle_msgs/package.bash'
[0.490s] INFO:colcon.colcon_core.shell:Creating package script '/home/skyautonet/skyautonet_ws/eee/multi_lidar/install/c_auto_vehicle_msgs/share/c_auto_vehicle_msgs/package.zsh'
[0.490s] Level 1:colcon.colcon_core.environment:create_file_with_runtime_dependencies(/home/skyautonet/skyautonet_ws/eee/multi_lidar/install/c_auto_vehicle_msgs/share/colcon-core/packages/c_auto_vehicle_msgs)
[0.490s] INFO:colcon.colcon_ros.task.ament_cmake.build:Building ROS package in '/home/skyautonet/skyautonet_ws/eee/multi_lidar/src/concat' with build type 'ament_cmake'
[0.490s] INFO:colcon.colcon_cmake.task.cmake.build:Building CMake package in '/home/skyautonet/skyautonet_ws/eee/multi_lidar/src/concat'
[0.491s] INFO:colcon.colcon_core.shell:Skip shell extension 'powershell' for command environment: Not usable outside of PowerShell
[0.491s] DEBUG:colcon.colcon_core.shell:Skip shell extension 'dsv' for command environment
[0.499s] DEBUG:colcon.colcon_core.event_handler.log_command:Invoking command in '/home/skyautonet/skyautonet_ws/eee/multi_lidar/build/concat': CMAKE_PREFIX_PATH=/home/skyautonet/skyautonet_ws/eee/multi_lidar/install/c_auto_vehicle_msgs:/home/skyautonet/skyautonet_ws/eee/multi_lidar/install/concat:/opt/ros/foxy LD_LIBRARY_PATH=/home/skyautonet/skyautonet_ws/eee/multi_lidar/install/c_auto_vehicle_msgs/lib:/usr/local/cuda-11.4/lib64/:/home/skyautonet/skyautonet_ws/eee/multi_lidar/install/concat/lib:/usr/local/cuda-11.4/lib64/:/opt/ros/foxy/opt/yaml_cpp_vendor/lib:/opt/ros/foxy/opt/rviz_ogre_vendor/lib:/opt/ros/foxy/lib/x86_64-linux-gnu:/opt/ros/foxy/lib:/usr/local/cuda-11.4/lib64 /usr/bin/cmake --build /home/skyautonet/skyautonet_ws/eee/multi_lidar/build/concat -- -j20 -l20
[9.881s] DEBUG:colcon.colcon_core.event_handler.log_command:Invoked command in '/home/skyautonet/skyautonet_ws/eee/multi_lidar/build/concat' returned '0': CMAKE_PREFIX_PATH=/home/skyautonet/skyautonet_ws/eee/multi_lidar/install/c_auto_vehicle_msgs:/home/skyautonet/skyautonet_ws/eee/multi_lidar/install/concat:/opt/ros/foxy LD_LIBRARY_PATH=/home/skyautonet/skyautonet_ws/eee/multi_lidar/install/c_auto_vehicle_msgs/lib:/usr/local/cuda-11.4/lib64/:/home/skyautonet/skyautonet_ws/eee/multi_lidar/install/concat/lib:/usr/local/cuda-11.4/lib64/:/opt/ros/foxy/opt/yaml_cpp_vendor/lib:/opt/ros/foxy/opt/rviz_ogre_vendor/lib:/opt/ros/foxy/lib/x86_64-linux-gnu:/opt/ros/foxy/lib:/usr/local/cuda-11.4/lib64 /usr/bin/cmake --build /home/skyautonet/skyautonet_ws/eee/multi_lidar/build/concat -- -j20 -l20
[9.899s] DEBUG:colcon.colcon_core.event_handler.log_command:Invoking command in '/home/skyautonet/skyautonet_ws/eee/multi_lidar/build/concat': CMAKE_PREFIX_PATH=/home/skyautonet/skyautonet_ws/eee/multi_lidar/install/c_auto_vehicle_msgs:/home/skyautonet/skyautonet_ws/eee/multi_lidar/install/concat:/opt/ros/foxy LD_LIBRARY_PATH=/home/skyautonet/skyautonet_ws/eee/multi_lidar/install/c_auto_vehicle_msgs/lib:/usr/local/cuda-11.4/lib64/:/home/skyautonet/skyautonet_ws/eee/multi_lidar/install/concat/lib:/usr/local/cuda-11.4/lib64/:/opt/ros/foxy/opt/yaml_cpp_vendor/lib:/opt/ros/foxy/opt/rviz_ogre_vendor/lib:/opt/ros/foxy/lib/x86_64-linux-gnu:/opt/ros/foxy/lib:/usr/local/cuda-11.4/lib64 /usr/bin/cmake --install /home/skyautonet/skyautonet_ws/eee/multi_lidar/build/concat
[9.909s] Level 1:colcon.colcon_core.environment:create_environment_scripts_only(concat)
[9.910s] Level 1:colcon.colcon_core.environment:checking '/home/skyautonet/skyautonet_ws/eee/multi_lidar/install/concat' for CMake module files
[9.911s] DEBUG:colcon.colcon_core.event_handler.log_command:Invoked command in '/home/skyautonet/skyautonet_ws/eee/multi_lidar/build/concat' returned '0': CMAKE_PREFIX_PATH=/home/skyautonet/skyautonet_ws/eee/multi_lidar/install/c_auto_vehicle_msgs:/home/skyautonet/skyautonet_ws/eee/multi_lidar/install/concat:/opt/ros/foxy LD_LIBRARY_PATH=/home/skyautonet/skyautonet_ws/eee/multi_lidar/install/c_auto_vehicle_msgs/lib:/usr/local/cuda-11.4/lib64/:/home/skyautonet/skyautonet_ws/eee/multi_lidar/install/concat/lib:/usr/local/cuda-11.4/lib64/:/opt/ros/foxy/opt/yaml_cpp_vendor/lib:/opt/ros/foxy/opt/rviz_ogre_vendor/lib:/opt/ros/foxy/lib/x86_64-linux-gnu:/opt/ros/foxy/lib:/usr/local/cuda-11.4/lib64 /usr/bin/cmake --install /home/skyautonet/skyautonet_ws/eee/multi_lidar/build/concat
[9.911s] Level 1:colcon.colcon_core.environment:checking '/home/skyautonet/skyautonet_ws/eee/multi_lidar/install/concat' for CMake config files
[9.911s] Level 1:colcon.colcon_core.shell:create_environment_hook('concat', 'cmake_prefix_path')
[9.912s] INFO:colcon.colcon_core.shell:Creating environment hook '/home/skyautonet/skyautonet_ws/eee/multi_lidar/install/concat/share/concat/hook/cmake_prefix_path.ps1'
[9.912s] INFO:colcon.colcon_core.shell:Creating environment descriptor '/home/skyautonet/skyautonet_ws/eee/multi_lidar/install/concat/share/concat/hook/cmake_prefix_path.dsv'
[9.912s] INFO:colcon.colcon_core.shell:Creating environment hook '/home/skyautonet/skyautonet_ws/eee/multi_lidar/install/concat/share/concat/hook/cmake_prefix_path.sh'
[9.912s] Level 1:colcon.colcon_core.environment:checking '/home/skyautonet/skyautonet_ws/eee/multi_lidar/install/concat/lib'
[9.912s] Level 1:colcon.colcon_core.shell:create_environment_hook('concat', 'ld_library_path_lib')
[9.913s] INFO:colcon.colcon_core.shell:Creating environment hook '/home/skyautonet/skyautonet_ws/eee/multi_lidar/install/concat/share/concat/hook/ld_library_path_lib.ps1'
[9.913s] INFO:colcon.colcon_core.shell:Creating environment descriptor '/home/skyautonet/skyautonet_ws/eee/multi_lidar/install/concat/share/concat/hook/ld_library_path_lib.dsv'
[9.913s] INFO:colcon.colcon_core.shell:Creating environment hook '/home/skyautonet/skyautonet_ws/eee/multi_lidar/install/concat/share/concat/hook/ld_library_path_lib.sh'
[9.913s] Level 1:colcon.colcon_core.environment:checking '/home/skyautonet/skyautonet_ws/eee/multi_lidar/install/concat/bin'
[9.913s] Level 1:colcon.colcon_core.environment:checking '/home/skyautonet/skyautonet_ws/eee/multi_lidar/install/concat/lib/pkgconfig/concat.pc'
[9.914s] Level 1:colcon.colcon_core.environment:checking '/home/skyautonet/skyautonet_ws/eee/multi_lidar/install/concat/lib/python3.8/site-packages'
[9.914s] Level 1:colcon.colcon_core.environment:checking '/home/skyautonet/skyautonet_ws/eee/multi_lidar/install/concat/bin'
[9.914s] INFO:colcon.colcon_core.shell:Creating package script '/home/skyautonet/skyautonet_ws/eee/multi_lidar/install/concat/share/concat/package.ps1'
[9.915s] INFO:colcon.colcon_core.shell:Creating package descriptor '/home/skyautonet/skyautonet_ws/eee/multi_lidar/install/concat/share/concat/package.dsv'
[9.915s] INFO:colcon.colcon_core.shell:Creating package script '/home/skyautonet/skyautonet_ws/eee/multi_lidar/install/concat/share/concat/package.sh'
[9.915s] INFO:colcon.colcon_core.shell:Creating package script '/home/skyautonet/skyautonet_ws/eee/multi_lidar/install/concat/share/concat/package.bash'
[9.915s] INFO:colcon.colcon_core.shell:Creating package script '/home/skyautonet/skyautonet_ws/eee/multi_lidar/install/concat/share/concat/package.zsh'
[9.915s] Level 1:colcon.colcon_core.environment:create_file_with_runtime_dependencies(/home/skyautonet/skyautonet_ws/eee/multi_lidar/install/concat/share/colcon-core/packages/concat)
[9.933s] Level 1:colcon.colcon_core.environment:create_environment_scripts_only(concat)
[9.934s] Level 1:colcon.colcon_core.environment:checking '/home/skyautonet/skyautonet_ws/eee/multi_lidar/install/concat' for CMake module files
[9.935s] Level 1:colcon.colcon_core.environment:checking '/home/skyautonet/skyautonet_ws/eee/multi_lidar/install/concat' for CMake config files
[9.935s] Level 1:colcon.colcon_core.shell:create_environment_hook('concat', 'cmake_prefix_path')
[9.935s] INFO:colcon.colcon_core.shell:Creating environment hook '/home/skyautonet/skyautonet_ws/eee/multi_lidar/install/concat/share/concat/hook/cmake_prefix_path.ps1'
[9.936s] INFO:colcon.colcon_core.shell:Creating environment descriptor '/home/skyautonet/skyautonet_ws/eee/multi_lidar/install/concat/share/concat/hook/cmake_prefix_path.dsv'
[9.936s] INFO:colcon.colcon_core.shell:Creating environment hook '/home/skyautonet/skyautonet_ws/eee/multi_lidar/install/concat/share/concat/hook/cmake_prefix_path.sh'
[9.936s] Level 1:colcon.colcon_core.environment:checking '/home/skyautonet/skyautonet_ws/eee/multi_lidar/install/concat/lib'
[9.936s] Level 1:colcon.colcon_core.shell:create_environment_hook('concat', 'ld_library_path_lib')
[9.937s] INFO:colcon.colcon_core.shell:Creating environment hook '/home/skyautonet/skyautonet_ws/eee/multi_lidar/install/concat/share/concat/hook/ld_library_path_lib.ps1'
[9.937s] INFO:colcon.colcon_core.shell:Creating environment descriptor '/home/skyautonet/skyautonet_ws/eee/multi_lidar/install/concat/share/concat/hook/ld_library_path_lib.dsv'
[9.937s] INFO:colcon.colcon_core.shell:Creating environment hook '/home/skyautonet/skyautonet_ws/eee/multi_lidar/install/concat/share/concat/hook/ld_library_path_lib.sh'
[9.937s] Level 1:colcon.colcon_core.environment:checking '/home/skyautonet/skyautonet_ws/eee/multi_lidar/install/concat/bin'
[9.937s] Level 1:colcon.colcon_core.environment:checking '/home/skyautonet/skyautonet_ws/eee/multi_lidar/install/concat/lib/pkgconfig/concat.pc'
[9.937s] Level 1:colcon.colcon_core.environment:checking '/home/skyautonet/skyautonet_ws/eee/multi_lidar/install/concat/lib/python3.8/site-packages'
[9.937s] Level 1:colcon.colcon_core.environment:checking '/home/skyautonet/skyautonet_ws/eee/multi_lidar/install/concat/bin'
[9.938s] INFO:colcon.colcon_core.shell:Creating package script '/home/skyautonet/skyautonet_ws/eee/multi_lidar/install/concat/share/concat/package.ps1'
[9.938s] INFO:colcon.colcon_core.shell:Creating package descriptor '/home/skyautonet/skyautonet_ws/eee/multi_lidar/install/concat/share/concat/package.dsv'
[9.938s] INFO:colcon.colcon_core.shell:Creating package script '/home/skyautonet/skyautonet_ws/eee/multi_lidar/install/concat/share/concat/package.sh'
[9.939s] INFO:colcon.colcon_core.shell:Creating package script '/home/skyautonet/skyautonet_ws/eee/multi_lidar/install/concat/share/concat/package.bash'
[9.939s] INFO:colcon.colcon_core.shell:Creating package script '/home/skyautonet/skyautonet_ws/eee/multi_lidar/install/concat/share/concat/package.zsh'
[9.939s] Level 1:colcon.colcon_core.environment:create_file_with_runtime_dependencies(/home/skyautonet/skyautonet_ws/eee/multi_lidar/install/concat/share/colcon-core/packages/concat)
[9.939s] DEBUG:colcon.colcon_parallel_executor.executor.parallel:closing loop
[9.939s] DEBUG:colcon.colcon_parallel_executor.executor.parallel:loop closed
[9.940s] DEBUG:colcon.colcon_parallel_executor.executor.parallel:run_until_complete finished with '0'
[9.940s] DEBUG:colcon.colcon_core.event_reactor:joining thread
[9.943s] INFO:colcon.colcon_core.plugin_system:Skipping extension 'colcon_notification.desktop_notification.terminal_notifier': Not used on non-Darwin systems
[9.943s] INFO:colcon.colcon_core.plugin_system:Skipping extension 'colcon_notification.desktop_notification.win32': Not used on non-Windows systems
[9.943s] INFO:colcon.colcon_notification.desktop_notification:Sending desktop notification using 'notify2'
[9.961s] DEBUG:colcon.colcon_core.event_reactor:joined thread
[9.962s] INFO:colcon.colcon_core.shell:Creating prefix script '/home/skyautonet/skyautonet_ws/eee/multi_lidar/install/local_setup.ps1'
[9.963s] INFO:colcon.colcon_core.shell:Creating prefix util module '/home/skyautonet/skyautonet_ws/eee/multi_lidar/install/_local_setup_util_ps1.py'
[9.964s] INFO:colcon.colcon_core.shell:Creating prefix chain script '/home/skyautonet/skyautonet_ws/eee/multi_lidar/install/setup.ps1'
[9.965s] INFO:colcon.colcon_core.shell:Creating prefix script '/home/skyautonet/skyautonet_ws/eee/multi_lidar/install/local_setup.sh'
[9.966s] INFO:colcon.colcon_core.shell:Creating prefix util module '/home/skyautonet/skyautonet_ws/eee/multi_lidar/install/_local_setup_util_sh.py'
[9.966s] INFO:colcon.colcon_core.shell:Creating prefix chain script '/home/skyautonet/skyautonet_ws/eee/multi_lidar/install/setup.sh'
[9.967s] INFO:colcon.colcon_core.shell:Creating prefix script '/home/skyautonet/skyautonet_ws/eee/multi_lidar/install/local_setup.bash'
[9.968s] INFO:colcon.colcon_core.shell:Creating prefix chain script '/home/skyautonet/skyautonet_ws/eee/multi_lidar/install/setup.bash'
[9.969s] INFO:colcon.colcon_core.shell:Creating prefix script '/home/skyautonet/skyautonet_ws/eee/multi_lidar/install/local_setup.zsh'
[9.969s] INFO:colcon.colcon_core.shell:Creating prefix chain script '/home/skyautonet/skyautonet_ws/eee/multi_lidar/install/setup.zsh'
