-- Found ament_cmake: 0.9.12 (/opt/ros/foxy/share/ament_cmake/cmake)
-- Using PYTHON_EXECUTABLE: /usr/bin/python3
-- Found rclcpp: 2.4.3 (/opt/ros/foxy/share/rclcpp/cmake)
-- Using all available rosidl_typesupport_c: rosidl_typesupport_fastrtps_c;rosidl_typesupport_introspection_c
-- Found rosidl_adapter: 1.3.1 (/opt/ros/foxy/share/rosidl_adapter/cmake)
-- Using all available rosidl_typesupport_cpp: rosidl_typesupport_fastrtps_cpp;rosidl_typesupport_introspection_cpp
-- Found rmw_implementation_cmake: 1.0.4 (/opt/ros/foxy/share/rmw_implementation_cmake/cmake)
-- Using RMW implementation 'rmw_fastrtps_cpp' as default
-- Found sensor_msgs: 2.0.5 (/opt/ros/foxy/share/sensor_msgs/cmake)
-- Found pcl_conversions: 2.2.1 (/opt/ros/foxy/share/pcl_conversions/cmake)
-- Eigen found (include: /usr/include/eigen3, version: 3.3.7)
-- The imported target "vtkParseOGLExt" references the file
   "/usr/bin/vtkParseOGLExt-7.1"
but this file does not exist.  Possible reasons include:
* The file was deleted, renamed, or moved to another location.
* An install or uninstall procedure did not complete successfully.
* The installation package was faulty and contained
   "/usr/lib/cmake/vtk-7.1/VTKTargets.cmake"
but not all the files it references.

-- The imported target "vtkRenderingPythonTkWidgets" references the file
   "/usr/lib/x86_64-linux-gnu/libvtkRenderingPythonTkWidgets.so"
but this file does not exist.  Possible reasons include:
* The file was deleted, renamed, or moved to another location.
* An install or uninstall procedure did not complete successfully.
* The installation package was faulty and contained
   "/usr/lib/cmake/vtk-7.1/VTKTargets.cmake"
but not all the files it references.

-- The imported target "vtk" references the file
   "/usr/bin/vtk"
but this file does not exist.  Possible reasons include:
* The file was deleted, renamed, or moved to another location.
* An install or uninstall procedure did not complete successfully.
* The installation package was faulty and contained
   "/usr/lib/cmake/vtk-7.1/VTKTargets.cmake"
but not all the files it references.

-- The imported target "pvtk" references the file
   "/usr/bin/pvtk"
but this file does not exist.  Possible reasons include:
* The file was deleted, renamed, or moved to another location.
* An install or uninstall procedure did not complete successfully.
* The installation package was faulty and contained
   "/usr/lib/cmake/vtk-7.1/VTKTargets.cmake"
but not all the files it references.

-- Checking for module 'libusb-1.0'
--   No package 'libusb-1.0' found
-- Could NOT find USB_10 (missing: USB_10_LIBRARY USB_10_INCLUDE_DIR) 
-- OpenNI disabled because libusb-1.0 not found.
** WARNING ** io features related to openni will be disabled
-- Checking for module 'libusb-1.0'
--   No package 'libusb-1.0' found
-- Could NOT find USB_10 (missing: USB_10_LIBRARY USB_10_INCLUDE_DIR) 
-- OpenNI 2 disabled because libusb-1.0 not found.
** WARNING ** io features related to openni2 will be disabled
** WARNING ** io features related to pcap will be disabled
** WARNING ** io features related to png will be disabled
** WARNING ** io features related to libusb-1.0 will be disabled
-- LIBUSB_1_LIBRARY (missing: LIBUSB_1_INCLUDE_DIR) 
-- Checking for module 'libusb-1.0'
--   No package 'libusb-1.0' found
-- Could NOT find USB_10 (missing: USB_10_LIBRARY USB_10_INCLUDE_DIR) 
-- OpenNI disabled because libusb-1.0 not found.
** WARNING ** visualization features related to openni will be disabled
-- Checking for module 'libusb-1.0'
--   No package 'libusb-1.0' found
-- Could NOT find USB_10 (missing: USB_10_LIBRARY USB_10_INCLUDE_DIR) 
-- OpenNI 2 disabled because libusb-1.0 not found.
** WARNING ** visualization features related to openni2 will be disabled
-- QHULL found (include: /usr/include, lib: optimized;/usr/lib/x86_64-linux-gnu/libqhull.so;debug;/usr/lib/x86_64-linux-gnu/libqhull.so)
-- Checking for module 'libusb-1.0'
--   No package 'libusb-1.0' found
-- Could NOT find USB_10 (missing: USB_10_LIBRARY USB_10_INCLUDE_DIR) 
-- OpenNI disabled because libusb-1.0 not found.
** WARNING ** apps features related to openni will be disabled
-- looking for PCL_COMMON
-- looking for PCL_KDTREE
-- looking for PCL_OCTREE
-- looking for PCL_SEARCH
-- looking for PCL_SAMPLE_CONSENSUS
-- looking for PCL_FILTERS
-- looking for PCL_2D
-- looking for PCL_GEOMETRY
-- looking for PCL_IO
-- looking for PCL_FEATURES
-- looking for PCL_ML
-- looking for PCL_SEGMENTATION
-- looking for PCL_VISUALIZATION
-- looking for PCL_SURFACE
-- looking for PCL_REGISTRATION
-- looking for PCL_KEYPOINTS
-- looking for PCL_TRACKING
-- looking for PCL_RECOGNITION
-- looking for PCL_STEREO
-- looking for PCL_APPS
-- looking for PCL_IN_HAND_SCANNER
-- looking for PCL_POINT_CLOUD_EDITOR
-- looking for PCL_OUTOFCORE
-- looking for PCL_PEOPLE
-- Found c_auto_vehicle_msgs: 0.0.0 (/home/skyautonet/skyautonet_ws/eee/multi_lidar/install/c_auto_vehicle_msgs/share/c_auto_vehicle_msgs/cmake)
-- Found velocity_msg: 0.0.0 (/home/skyautonet/skyautonet_ws/eee/lidar_preprocessor/install/velocity_msg/share/velocity_msg/cmake)
-- Found launch_testing_ament_cmake: 0.10.10 (/opt/ros/foxy/share/launch_testing_ament_cmake/cmake)
-- Found python_cmake_module: 0.8.1 (/opt/ros/foxy/share/python_cmake_module/cmake)
-- Found PythonInterp: /usr/bin/python3 (found suitable version "3.8.10", minimum required is "3.5") 
-- Found PythonLibs: /usr/lib/x86_64-linux-gnu/libpython3.8.so (found suitable version "3.8.10", minimum required is "3.5") 
-- Using PYTHON_EXECUTABLE: /usr/bin/python3
-- Using PYTHON_INCLUDE_DIRS: /usr/include/python3.8
-- Using PYTHON_LIBRARIES: /usr/lib/x86_64-linux-gnu/libpython3.8.so
-- Found PythonExtra: .so  
-- Configuring done
-- Generating done
-- Build files have been written to: /home/skyautonet/skyautonet_ws/eee/simple_topics/build/velocity_pubsub
[35m[1mScanning dependencies of target int_velocity[0m
[35m[1mScanning dependencies of target auto_velocity[0m
[ 20%] [32mBuilding CXX object CMakeFiles/int_velocity.dir/src/publisher_member_function.cpp.o[0m
[ 40%] [32mBuilding CXX object CMakeFiles/auto_velocity.dir/src/code_node.cpp.o[0m
[ 60%] [32mBuilding CXX object CMakeFiles/auto_velocity.dir/src/code.cpp.o[0m
[ 80%] [32m[1mLinking CXX executable int_velocity[0m
[ 80%] Built target int_velocity
[01m[K/home/skyautonet/skyautonet_ws/eee/simple_topics/src/velocity_report_pub/src/code.cpp:[m[K In member function ‘[01m[Kvoid SampleVelocity::topic_callback(sensor_msgs::msg::PointCloud2_<std::allocator<void> >::SharedPtr)[m[K’:
[01m[K/home/skyautonet/skyautonet_ws/eee/simple_topics/src/velocity_report_pub/src/code.cpp:46:16:[m[K [01;35m[Kwarning: [m[Kunused variable ‘[01m[Knum_points[m[K’ [[01;35m[K-Wunused-variable[m[K]
   46 |   unsigned int [01;35m[Knum_points[m[K = msg->width;
      |                [01;35m[K^~~~~~~~~~[m[K
[100%] [32m[1mLinking CXX executable auto_velocity[0m
[100%] Built target auto_velocity
-- Install configuration: ""
-- Installing: /home/skyautonet/skyautonet_ws/eee/simple_topics/install/velocity_pubsub/lib/velocity_pubsub/auto_velocity
-- Set runtime path of "/home/skyautonet/skyautonet_ws/eee/simple_topics/install/velocity_pubsub/lib/velocity_pubsub/auto_velocity" to ""
-- Installing: /home/skyautonet/skyautonet_ws/eee/simple_topics/install/velocity_pubsub/lib/velocity_pubsub/int_velocity
-- Set runtime path of "/home/skyautonet/skyautonet_ws/eee/simple_topics/install/velocity_pubsub/lib/velocity_pubsub/int_velocity" to ""
-- Installing: /home/skyautonet/skyautonet_ws/eee/simple_topics/install/velocity_pubsub/share/velocity_pubsub//launch
-- Installing: /home/skyautonet/skyautonet_ws/eee/simple_topics/install/velocity_pubsub/share/velocity_pubsub//launch/launch.py
-- Installing: /home/skyautonet/skyautonet_ws/eee/simple_topics/install/velocity_pubsub/share/ament_index/resource_index/package_run_dependencies/velocity_pubsub
-- Installing: /home/skyautonet/skyautonet_ws/eee/simple_topics/install/velocity_pubsub/share/ament_index/resource_index/parent_prefix_path/velocity_pubsub
-- Installing: /home/skyautonet/skyautonet_ws/eee/simple_topics/install/velocity_pubsub/share/velocity_pubsub/environment/ament_prefix_path.sh
-- Installing: /home/skyautonet/skyautonet_ws/eee/simple_topics/install/velocity_pubsub/share/velocity_pubsub/environment/ament_prefix_path.dsv
-- Installing: /home/skyautonet/skyautonet_ws/eee/simple_topics/install/velocity_pubsub/share/velocity_pubsub/environment/path.sh
-- Installing: /home/skyautonet/skyautonet_ws/eee/simple_topics/install/velocity_pubsub/share/velocity_pubsub/environment/path.dsv
-- Installing: /home/skyautonet/skyautonet_ws/eee/simple_topics/install/velocity_pubsub/share/velocity_pubsub/local_setup.bash
-- Installing: /home/skyautonet/skyautonet_ws/eee/simple_topics/install/velocity_pubsub/share/velocity_pubsub/local_setup.sh
-- Installing: /home/skyautonet/skyautonet_ws/eee/simple_topics/install/velocity_pubsub/share/velocity_pubsub/local_setup.zsh
-- Installing: /home/skyautonet/skyautonet_ws/eee/simple_topics/install/velocity_pubsub/share/velocity_pubsub/local_setup.dsv
-- Installing: /home/skyautonet/skyautonet_ws/eee/simple_topics/install/velocity_pubsub/share/velocity_pubsub/package.dsv
-- Installing: /home/skyautonet/skyautonet_ws/eee/simple_topics/install/velocity_pubsub/share/ament_index/resource_index/packages/velocity_pubsub
-- Installing: /home/skyautonet/skyautonet_ws/eee/simple_topics/install/velocity_pubsub/share/velocity_pubsub/cmake/velocity_pubsubConfig.cmake
-- Installing: /home/skyautonet/skyautonet_ws/eee/simple_topics/install/velocity_pubsub/share/velocity_pubsub/cmake/velocity_pubsubConfig-version.cmake
-- Installing: /home/skyautonet/skyautonet_ws/eee/simple_topics/install/velocity_pubsub/share/velocity_pubsub/package.xml
