[0.151s] DEBUG:colcon:Command line arguments: ['/usr/bin/colcon', 'build']
[0.151s] DEBUG:colcon:Parsed command line arguments: Namespace(allow_overriding=[], ament_cmake_args=None, base_paths=['.'], build_base='build', catkin_cmake_args=None, catkin_skip_building_tests=False, cmake_args=None, cmake_clean_cache=False, cmake_clean_first=False, cmake_force_configure=False, cmake_target=None, cmake_target_skip_unavailable=False, continue_on_error=False, event_handlers=None, executor='parallel', ignore_user_meta=False, install_base='install', log_base=None, log_level=None, main=<bound method BuildVerb.main of <colcon_core.verb.build.BuildVerb object at 0x7f0b2df0f760>>, merge_install=False, metas=['./colcon.meta'], packages_above=None, packages_above_and_dependencies=None, packages_above_depth=None, packages_end=None, packages_ignore=None, packages_ignore_regex=None, packages_select=None, packages_select_build_failed=False, packages_select_by_dep=None, packages_select_regex=None, packages_select_test_failures=False, packages_skip=None, packages_skip_build_finished=False, packages_skip_by_dep=None, packages_skip_regex=None, packages_skip_test_passed=False, packages_skip_up_to=None, packages_start=None, packages_up_to=None, packages_up_to_regex=None, parallel_workers=20, paths=None, symlink_install=False, test_result_base=None, verb_extension=<colcon_core.verb.build.BuildVerb object at 0x7f0b2df0f760>, verb_name='build', verb_parser=<colcon_defaults.argument_parser.defaults.DefaultArgumentsDecorator object at 0x7f0b2df0fcd0>)
[0.166s] Level 1:colcon.colcon_core.package_discovery:discover_packages(colcon_meta) check parameters
[0.166s] Level 1:colcon.colcon_core.package_discovery:discover_packages(recursive) check parameters
[0.166s] Level 1:colcon.colcon_core.package_discovery:discover_packages(ignore) check parameters
[0.166s] Level 1:colcon.colcon_core.package_discovery:discover_packages(path) check parameters
[0.166s] Level 1:colcon.colcon_core.package_discovery:discover_packages(colcon_meta) discover
[0.166s] Level 1:colcon.colcon_core.package_discovery:discover_packages(recursive) discover
[0.166s] INFO:colcon.colcon_core.package_discovery:Crawling recursively for packages in '/home/skyautonet/skyautonet_ws/eee/multi_lidar'
[0.166s] Level 1:colcon.colcon_core.package_identification:_identify(.) by extensions ['ignore', 'ignore_ament_install']
[0.166s] Level 1:colcon.colcon_core.package_identification:_identify(.) by extension 'ignore'
[0.166s] Level 1:colcon.colcon_core.package_identification:_identify(.) by extension 'ignore_ament_install'
[0.166s] Level 1:colcon.colcon_core.package_identification:_identify(.) by extensions ['colcon_pkg']
[0.166s] Level 1:colcon.colcon_core.package_identification:_identify(.) by extension 'colcon_pkg'
[0.166s] Level 1:colcon.colcon_core.package_identification:_identify(.) by extensions ['colcon_meta']
[0.166s] Level 1:colcon.colcon_core.package_identification:_identify(.) by extension 'colcon_meta'
[0.166s] Level 1:colcon.colcon_core.package_identification:_identify(.) by extensions ['ros']
[0.166s] Level 1:colcon.colcon_core.package_identification:_identify(.) by extension 'ros'
[0.179s] Level 1:colcon.colcon_core.package_identification:_identify(.) by extensions ['cmake', 'python']
[0.179s] Level 1:colcon.colcon_core.package_identification:_identify(.) by extension 'cmake'
[0.179s] Level 1:colcon.colcon_core.package_identification:_identify(.) by extension 'python'
[0.179s] Level 1:colcon.colcon_core.package_identification:_identify(.) by extensions ['python_setup_py']
[0.179s] Level 1:colcon.colcon_core.package_identification:_identify(.) by extension 'python_setup_py'
[0.179s] Level 1:colcon.colcon_core.package_identification:_identify(build) by extensions ['ignore', 'ignore_ament_install']
[0.179s] Level 1:colcon.colcon_core.package_identification:_identify(build) by extension 'ignore'
[0.180s] Level 1:colcon.colcon_core.package_identification:_identify(build) ignored
[0.180s] Level 1:colcon.colcon_core.package_identification:_identify(install) by extensions ['ignore', 'ignore_ament_install']
[0.180s] Level 1:colcon.colcon_core.package_identification:_identify(install) by extension 'ignore'
[0.180s] Level 1:colcon.colcon_core.package_identification:_identify(install) ignored
[0.180s] Level 1:colcon.colcon_core.package_identification:_identify(log) by extensions ['ignore', 'ignore_ament_install']
[0.180s] Level 1:colcon.colcon_core.package_identification:_identify(log) by extension 'ignore'
[0.180s] Level 1:colcon.colcon_core.package_identification:_identify(log) ignored
[0.180s] Level 1:colcon.colcon_core.package_identification:_identify(src) by extensions ['ignore', 'ignore_ament_install']
[0.180s] Level 1:colcon.colcon_core.package_identification:_identify(src) by extension 'ignore'
[0.180s] Level 1:colcon.colcon_core.package_identification:_identify(src) by extension 'ignore_ament_install'
[0.180s] Level 1:colcon.colcon_core.package_identification:_identify(src) by extensions ['colcon_pkg']
[0.180s] Level 1:colcon.colcon_core.package_identification:_identify(src) by extension 'colcon_pkg'
[0.180s] Level 1:colcon.colcon_core.package_identification:_identify(src) by extensions ['colcon_meta']
[0.180s] Level 1:colcon.colcon_core.package_identification:_identify(src) by extension 'colcon_meta'
[0.180s] Level 1:colcon.colcon_core.package_identification:_identify(src) by extensions ['ros']
[0.180s] Level 1:colcon.colcon_core.package_identification:_identify(src) by extension 'ros'
[0.180s] Level 1:colcon.colcon_core.package_identification:_identify(src) by extensions ['cmake', 'python']
[0.180s] Level 1:colcon.colcon_core.package_identification:_identify(src) by extension 'cmake'
[0.180s] Level 1:colcon.colcon_core.package_identification:_identify(src) by extension 'python'
[0.180s] Level 1:colcon.colcon_core.package_identification:_identify(src) by extensions ['python_setup_py']
[0.180s] Level 1:colcon.colcon_core.package_identification:_identify(src) by extension 'python_setup_py'
[0.180s] Level 1:colcon.colcon_core.package_identification:_identify(src/autoware_point_types) by extensions ['ignore', 'ignore_ament_install']
[0.180s] Level 1:colcon.colcon_core.package_identification:_identify(src/autoware_point_types) by extension 'ignore'
[0.180s] Level 1:colcon.colcon_core.package_identification:_identify(src/autoware_point_types) by extension 'ignore_ament_install'
[0.180s] Level 1:colcon.colcon_core.package_identification:_identify(src/autoware_point_types) by extensions ['colcon_pkg']
[0.180s] Level 1:colcon.colcon_core.package_identification:_identify(src/autoware_point_types) by extension 'colcon_pkg'
[0.180s] Level 1:colcon.colcon_core.package_identification:_identify(src/autoware_point_types) by extensions ['colcon_meta']
[0.180s] Level 1:colcon.colcon_core.package_identification:_identify(src/autoware_point_types) by extension 'colcon_meta'
[0.180s] Level 1:colcon.colcon_core.package_identification:_identify(src/autoware_point_types) by extensions ['ros']
[0.180s] Level 1:colcon.colcon_core.package_identification:_identify(src/autoware_point_types) by extension 'ros'
[0.182s] DEBUG:colcon.colcon_core.package_identification:Package 'src/autoware_point_types' with type 'ros.ament_cmake' and name 'autoware_point_types'
[0.182s] Level 1:colcon.colcon_core.package_identification:_identify(src/c_auto_vehicle_msgs) by extensions ['ignore', 'ignore_ament_install']
[0.182s] Level 1:colcon.colcon_core.package_identification:_identify(src/c_auto_vehicle_msgs) by extension 'ignore'
[0.182s] Level 1:colcon.colcon_core.package_identification:_identify(src/c_auto_vehicle_msgs) by extension 'ignore_ament_install'
[0.182s] Level 1:colcon.colcon_core.package_identification:_identify(src/c_auto_vehicle_msgs) by extensions ['colcon_pkg']
[0.182s] Level 1:colcon.colcon_core.package_identification:_identify(src/c_auto_vehicle_msgs) by extension 'colcon_pkg'
[0.182s] Level 1:colcon.colcon_core.package_identification:_identify(src/c_auto_vehicle_msgs) by extensions ['colcon_meta']
[0.182s] Level 1:colcon.colcon_core.package_identification:_identify(src/c_auto_vehicle_msgs) by extension 'colcon_meta'
[0.182s] Level 1:colcon.colcon_core.package_identification:_identify(src/c_auto_vehicle_msgs) by extensions ['ros']
[0.182s] Level 1:colcon.colcon_core.package_identification:_identify(src/c_auto_vehicle_msgs) by extension 'ros'
[0.183s] DEBUG:colcon.colcon_core.package_identification:Package 'src/c_auto_vehicle_msgs' with type 'ros.ament_cmake' and name 'c_auto_vehicle_msgs'
[0.183s] Level 1:colcon.colcon_core.package_identification:_identify(src/concat) by extensions ['ignore', 'ignore_ament_install']
[0.183s] Level 1:colcon.colcon_core.package_identification:_identify(src/concat) by extension 'ignore'
[0.183s] Level 1:colcon.colcon_core.package_identification:_identify(src/concat) by extension 'ignore_ament_install'
[0.183s] Level 1:colcon.colcon_core.package_identification:_identify(src/concat) by extensions ['colcon_pkg']
[0.183s] Level 1:colcon.colcon_core.package_identification:_identify(src/concat) by extension 'colcon_pkg'
[0.183s] Level 1:colcon.colcon_core.package_identification:_identify(src/concat) by extensions ['colcon_meta']
[0.183s] Level 1:colcon.colcon_core.package_identification:_identify(src/concat) by extension 'colcon_meta'
[0.183s] Level 1:colcon.colcon_core.package_identification:_identify(src/concat) by extensions ['ros']
[0.183s] Level 1:colcon.colcon_core.package_identification:_identify(src/concat) by extension 'ros'
[0.184s] DEBUG:colcon.colcon_core.package_identification:Package 'src/concat' with type 'ros.ament_cmake' and name 'concat'
[0.184s] Level 1:colcon.colcon_core.package_discovery:discover_packages(recursive) using defaults
[0.184s] Level 1:colcon.colcon_core.package_discovery:discover_packages(ignore) discover
[0.184s] Level 1:colcon.colcon_core.package_discovery:discover_packages(ignore) using defaults
[0.184s] Level 1:colcon.colcon_core.package_discovery:discover_packages(path) discover
[0.184s] Level 1:colcon.colcon_core.package_discovery:discover_packages(path) using defaults
[0.195s] Level 1:colcon.colcon_core.package_discovery:discover_packages(prefix_path) check parameters
[0.195s] Level 1:colcon.colcon_core.package_discovery:discover_packages(prefix_path) discover
[0.196s] DEBUG:colcon.colcon_installed_package_information.package_discovery:Found 3 installed packages in /home/skyautonet/skyautonet_ws/eee/multi_lidar/install
[0.197s] DEBUG:colcon.colcon_installed_package_information.package_discovery:Found 269 installed packages in /opt/ros/foxy
[0.198s] Level 1:colcon.colcon_core.package_discovery:discover_packages(prefix_path) using defaults
[0.231s] Level 5:colcon.colcon_core.verb:set package 'autoware_point_types' build argument 'cmake_args' from command line to 'None'
[0.231s] Level 5:colcon.colcon_core.verb:set package 'autoware_point_types' build argument 'cmake_target' from command line to 'None'
[0.231s] Level 5:colcon.colcon_core.verb:set package 'autoware_point_types' build argument 'cmake_target_skip_unavailable' from command line to 'False'
[0.231s] Level 5:colcon.colcon_core.verb:set package 'autoware_point_types' build argument 'cmake_clean_cache' from command line to 'False'
[0.231s] Level 5:colcon.colcon_core.verb:set package 'autoware_point_types' build argument 'cmake_clean_first' from command line to 'False'
[0.231s] Level 5:colcon.colcon_core.verb:set package 'autoware_point_types' build argument 'cmake_force_configure' from command line to 'False'
[0.231s] Level 5:colcon.colcon_core.verb:set package 'autoware_point_types' build argument 'ament_cmake_args' from command line to 'None'
[0.231s] Level 5:colcon.colcon_core.verb:set package 'autoware_point_types' build argument 'catkin_cmake_args' from command line to 'None'
[0.231s] Level 5:colcon.colcon_core.verb:set package 'autoware_point_types' build argument 'catkin_skip_building_tests' from command line to 'False'
[0.231s] DEBUG:colcon.colcon_core.verb:Building package 'autoware_point_types' with the following arguments: {'ament_cmake_args': None, 'build_base': '/home/skyautonet/skyautonet_ws/eee/multi_lidar/build/autoware_point_types', 'catkin_cmake_args': None, 'catkin_skip_building_tests': False, 'cmake_args': None, 'cmake_clean_cache': False, 'cmake_clean_first': False, 'cmake_force_configure': False, 'cmake_target': None, 'cmake_target_skip_unavailable': False, 'install_base': '/home/skyautonet/skyautonet_ws/eee/multi_lidar/install/autoware_point_types', 'merge_install': False, 'path': '/home/skyautonet/skyautonet_ws/eee/multi_lidar/src/autoware_point_types', 'symlink_install': False, 'test_result_base': None}
[0.232s] Level 5:colcon.colcon_core.verb:set package 'c_auto_vehicle_msgs' build argument 'cmake_args' from command line to 'None'
[0.232s] Level 5:colcon.colcon_core.verb:set package 'c_auto_vehicle_msgs' build argument 'cmake_target' from command line to 'None'
[0.232s] Level 5:colcon.colcon_core.verb:set package 'c_auto_vehicle_msgs' build argument 'cmake_target_skip_unavailable' from command line to 'False'
[0.232s] Level 5:colcon.colcon_core.verb:set package 'c_auto_vehicle_msgs' build argument 'cmake_clean_cache' from command line to 'False'
[0.232s] Level 5:colcon.colcon_core.verb:set package 'c_auto_vehicle_msgs' build argument 'cmake_clean_first' from command line to 'False'
[0.232s] Level 5:colcon.colcon_core.verb:set package 'c_auto_vehicle_msgs' build argument 'cmake_force_configure' from command line to 'False'
[0.232s] Level 5:colcon.colcon_core.verb:set package 'c_auto_vehicle_msgs' build argument 'ament_cmake_args' from command line to 'None'
[0.232s] Level 5:colcon.colcon_core.verb:set package 'c_auto_vehicle_msgs' build argument 'catkin_cmake_args' from command line to 'None'
[0.232s] Level 5:colcon.colcon_core.verb:set package 'c_auto_vehicle_msgs' build argument 'catkin_skip_building_tests' from command line to 'False'
[0.232s] DEBUG:colcon.colcon_core.verb:Building package 'c_auto_vehicle_msgs' with the following arguments: {'ament_cmake_args': None, 'build_base': '/home/skyautonet/skyautonet_ws/eee/multi_lidar/build/c_auto_vehicle_msgs', 'catkin_cmake_args': None, 'catkin_skip_building_tests': False, 'cmake_args': None, 'cmake_clean_cache': False, 'cmake_clean_first': False, 'cmake_force_configure': False, 'cmake_target': None, 'cmake_target_skip_unavailable': False, 'install_base': '/home/skyautonet/skyautonet_ws/eee/multi_lidar/install/c_auto_vehicle_msgs', 'merge_install': False, 'path': '/home/skyautonet/skyautonet_ws/eee/multi_lidar/src/c_auto_vehicle_msgs', 'symlink_install': False, 'test_result_base': None}
[0.232s] Level 5:colcon.colcon_core.verb:set package 'concat' build argument 'cmake_args' from command line to 'None'
[0.233s] Level 5:colcon.colcon_core.verb:set package 'concat' build argument 'cmake_target' from command line to 'None'
[0.233s] Level 5:colcon.colcon_core.verb:set package 'concat' build argument 'cmake_target_skip_unavailable' from command line to 'False'
[0.233s] Level 5:colcon.colcon_core.verb:set package 'concat' build argument 'cmake_clean_cache' from command line to 'False'
[0.233s] Level 5:colcon.colcon_core.verb:set package 'concat' build argument 'cmake_clean_first' from command line to 'False'
[0.233s] Level 5:colcon.colcon_core.verb:set package 'concat' build argument 'cmake_force_configure' from command line to 'False'
[0.233s] Level 5:colcon.colcon_core.verb:set package 'concat' build argument 'ament_cmake_args' from command line to 'None'
[0.233s] Level 5:colcon.colcon_core.verb:set package 'concat' build argument 'catkin_cmake_args' from command line to 'None'
[0.233s] Level 5:colcon.colcon_core.verb:set package 'concat' build argument 'catkin_skip_building_tests' from command line to 'False'
[0.233s] DEBUG:colcon.colcon_core.verb:Building package 'concat' with the following arguments: {'ament_cmake_args': None, 'build_base': '/home/skyautonet/skyautonet_ws/eee/multi_lidar/build/concat', 'catkin_cmake_args': None, 'catkin_skip_building_tests': False, 'cmake_args': None, 'cmake_clean_cache': False, 'cmake_clean_first': False, 'cmake_force_configure': False, 'cmake_target': None, 'cmake_target_skip_unavailable': False, 'install_base': '/home/skyautonet/skyautonet_ws/eee/multi_lidar/install/concat', 'merge_install': False, 'path': '/home/skyautonet/skyautonet_ws/eee/multi_lidar/src/concat', 'symlink_install': False, 'test_result_base': None}
[0.233s] INFO:colcon.colcon_core.executor:Executing jobs using 'parallel' executor
[0.235s] DEBUG:colcon.colcon_parallel_executor.executor.parallel:run_until_complete
[0.235s] INFO:colcon.colcon_ros.task.ament_cmake.build:Building ROS package in '/home/skyautonet/skyautonet_ws/eee/multi_lidar/src/c_auto_vehicle_msgs' with build type 'ament_cmake'
[0.235s] INFO:colcon.colcon_cmake.task.cmake.build:Building CMake package in '/home/skyautonet/skyautonet_ws/eee/multi_lidar/src/c_auto_vehicle_msgs'
[0.238s] INFO:colcon.colcon_core.plugin_system:Skipping extension 'colcon_core.shell.bat': Not used on non-Windows systems
[0.238s] INFO:colcon.colcon_core.shell:Skip shell extension 'powershell' for command environment: Not usable outside of PowerShell
[0.238s] DEBUG:colcon.colcon_core.shell:Skip shell extension 'dsv' for command environment
[0.241s] INFO:colcon.colcon_ros.task.ament_cmake.build:Building ROS package in '/home/skyautonet/skyautonet_ws/eee/multi_lidar/src/autoware_point_types' with build type 'ament_cmake'
[0.242s] INFO:colcon.colcon_cmake.task.cmake.build:Building CMake package in '/home/skyautonet/skyautonet_ws/eee/multi_lidar/src/autoware_point_types'
[0.242s] INFO:colcon.colcon_core.shell:Skip shell extension 'powershell' for command environment: Not usable outside of PowerShell
[0.243s] DEBUG:colcon.colcon_core.shell:Skip shell extension 'dsv' for command environment
[0.251s] DEBUG:colcon.colcon_core.event_handler.log_command:Invoking command in '/home/skyautonet/skyautonet_ws/eee/multi_lidar/build/c_auto_vehicle_msgs': CMAKE_PREFIX_PATH=${CMAKE_PREFIX_PATH}:/opt/ros/foxy /usr/bin/cmake --build /home/skyautonet/skyautonet_ws/eee/multi_lidar/build/c_auto_vehicle_msgs -- -j20 -l20
[0.254s] DEBUG:colcon.colcon_core.event_handler.log_command:Invoking command in '/home/skyautonet/skyautonet_ws/eee/multi_lidar/build/autoware_point_types': CMAKE_PREFIX_PATH=${CMAKE_PREFIX_PATH}:/opt/ros/foxy /usr/bin/cmake --build /home/skyautonet/skyautonet_ws/eee/multi_lidar/build/autoware_point_types -- -j20 -l20
[0.277s] DEBUG:colcon.colcon_core.event_handler.log_command:Invoked command in '/home/skyautonet/skyautonet_ws/eee/multi_lidar/build/autoware_point_types' returned '0': CMAKE_PREFIX_PATH=${CMAKE_PREFIX_PATH}:/opt/ros/foxy /usr/bin/cmake --build /home/skyautonet/skyautonet_ws/eee/multi_lidar/build/autoware_point_types -- -j20 -l20
[0.286s] WARNING:colcon.colcon_cmake.task.cmake.build:Could not run installation step for package 'autoware_point_types' because it has no 'install' target
[0.286s] Level 1:colcon.colcon_core.environment:create_environment_scripts_only(autoware_point_types)
[0.289s] Level 1:colcon.colcon_core.environment:checking '/home/skyautonet/skyautonet_ws/eee/multi_lidar/install/autoware_point_types' for CMake module files
[0.290s] Level 1:colcon.colcon_core.environment:checking '/home/skyautonet/skyautonet_ws/eee/multi_lidar/install/autoware_point_types' for CMake config files
[0.290s] Level 1:colcon.colcon_core.environment:checking '/home/skyautonet/skyautonet_ws/eee/multi_lidar/install/autoware_point_types/bin'
[0.290s] Level 1:colcon.colcon_core.environment:checking '/home/skyautonet/skyautonet_ws/eee/multi_lidar/install/autoware_point_types/lib/pkgconfig/autoware_point_types.pc'
[0.290s] Level 1:colcon.colcon_core.environment:checking '/home/skyautonet/skyautonet_ws/eee/multi_lidar/install/autoware_point_types/lib/python3.8/site-packages'
[0.290s] Level 1:colcon.colcon_core.environment:checking '/home/skyautonet/skyautonet_ws/eee/multi_lidar/install/autoware_point_types/bin'
[0.291s] INFO:colcon.colcon_core.shell:Creating package script '/home/skyautonet/skyautonet_ws/eee/multi_lidar/install/autoware_point_types/share/autoware_point_types/package.ps1'
[0.291s] INFO:colcon.colcon_core.shell:Creating package descriptor '/home/skyautonet/skyautonet_ws/eee/multi_lidar/install/autoware_point_types/share/autoware_point_types/package.dsv'
[0.291s] INFO:colcon.colcon_core.shell:Creating package script '/home/skyautonet/skyautonet_ws/eee/multi_lidar/install/autoware_point_types/share/autoware_point_types/package.sh'
[0.292s] INFO:colcon.colcon_core.shell:Creating package script '/home/skyautonet/skyautonet_ws/eee/multi_lidar/install/autoware_point_types/share/autoware_point_types/package.bash'
[0.292s] INFO:colcon.colcon_core.shell:Creating package script '/home/skyautonet/skyautonet_ws/eee/multi_lidar/install/autoware_point_types/share/autoware_point_types/package.zsh'
[0.292s] Level 1:colcon.colcon_core.environment:create_file_with_runtime_dependencies(/home/skyautonet/skyautonet_ws/eee/multi_lidar/install/autoware_point_types/share/colcon-core/packages/autoware_point_types)
[0.302s] Level 1:colcon.colcon_core.environment:create_environment_scripts_only(autoware_point_types)
[0.304s] Level 1:colcon.colcon_core.environment:checking '/home/skyautonet/skyautonet_ws/eee/multi_lidar/install/autoware_point_types' for CMake module files
[0.304s] Level 1:colcon.colcon_core.environment:checking '/home/skyautonet/skyautonet_ws/eee/multi_lidar/install/autoware_point_types' for CMake config files
[0.305s] Level 1:colcon.colcon_core.environment:checking '/home/skyautonet/skyautonet_ws/eee/multi_lidar/install/autoware_point_types/bin'
[0.305s] Level 1:colcon.colcon_core.environment:checking '/home/skyautonet/skyautonet_ws/eee/multi_lidar/install/autoware_point_types/lib/pkgconfig/autoware_point_types.pc'
[0.305s] Level 1:colcon.colcon_core.environment:checking '/home/skyautonet/skyautonet_ws/eee/multi_lidar/install/autoware_point_types/lib/python3.8/site-packages'
[0.305s] Level 1:colcon.colcon_core.environment:checking '/home/skyautonet/skyautonet_ws/eee/multi_lidar/install/autoware_point_types/bin'
[0.306s] INFO:colcon.colcon_core.shell:Creating package script '/home/skyautonet/skyautonet_ws/eee/multi_lidar/install/autoware_point_types/share/autoware_point_types/package.ps1'
[0.306s] INFO:colcon.colcon_core.shell:Creating package descriptor '/home/skyautonet/skyautonet_ws/eee/multi_lidar/install/autoware_point_types/share/autoware_point_types/package.dsv'
[0.306s] INFO:colcon.colcon_core.shell:Creating package script '/home/skyautonet/skyautonet_ws/eee/multi_lidar/install/autoware_point_types/share/autoware_point_types/package.sh'
[0.307s] INFO:colcon.colcon_core.shell:Creating package script '/home/skyautonet/skyautonet_ws/eee/multi_lidar/install/autoware_point_types/share/autoware_point_types/package.bash'
[0.307s] INFO:colcon.colcon_core.shell:Creating package script '/home/skyautonet/skyautonet_ws/eee/multi_lidar/install/autoware_point_types/share/autoware_point_types/package.zsh'
[0.307s] Level 1:colcon.colcon_core.environment:create_file_with_runtime_dependencies(/home/skyautonet/skyautonet_ws/eee/multi_lidar/install/autoware_point_types/share/colcon-core/packages/autoware_point_types)
[0.391s] DEBUG:colcon.colcon_core.event_handler.log_command:Invoked command in '/home/skyautonet/skyautonet_ws/eee/multi_lidar/build/c_auto_vehicle_msgs' returned '0': CMAKE_PREFIX_PATH=${CMAKE_PREFIX_PATH}:/opt/ros/foxy /usr/bin/cmake --build /home/skyautonet/skyautonet_ws/eee/multi_lidar/build/c_auto_vehicle_msgs -- -j20 -l20
[0.423s] DEBUG:colcon.colcon_core.event_handler.log_command:Invoking command in '/home/skyautonet/skyautonet_ws/eee/multi_lidar/build/c_auto_vehicle_msgs': CMAKE_PREFIX_PATH=${CMAKE_PREFIX_PATH}:/opt/ros/foxy /usr/bin/cmake --install /home/skyautonet/skyautonet_ws/eee/multi_lidar/build/c_auto_vehicle_msgs
[0.452s] Level 1:colcon.colcon_core.environment:create_environment_scripts_only(c_auto_vehicle_msgs)
[0.452s] DEBUG:colcon.colcon_core.event_handler.log_command:Invoked command in '/home/skyautonet/skyautonet_ws/eee/multi_lidar/build/c_auto_vehicle_msgs' returned '0': CMAKE_PREFIX_PATH=${CMAKE_PREFIX_PATH}:/opt/ros/foxy /usr/bin/cmake --install /home/skyautonet/skyautonet_ws/eee/multi_lidar/build/c_auto_vehicle_msgs
[0.454s] Level 1:colcon.colcon_core.environment:checking '/home/skyautonet/skyautonet_ws/eee/multi_lidar/install/c_auto_vehicle_msgs' for CMake module files
[0.454s] Level 1:colcon.colcon_core.environment:checking '/home/skyautonet/skyautonet_ws/eee/multi_lidar/install/c_auto_vehicle_msgs' for CMake config files
[0.455s] Level 1:colcon.colcon_core.shell:create_environment_hook('c_auto_vehicle_msgs', 'cmake_prefix_path')
[0.455s] INFO:colcon.colcon_core.shell:Creating environment hook '/home/skyautonet/skyautonet_ws/eee/multi_lidar/install/c_auto_vehicle_msgs/share/c_auto_vehicle_msgs/hook/cmake_prefix_path.ps1'
[0.455s] INFO:colcon.colcon_core.shell:Creating environment descriptor '/home/skyautonet/skyautonet_ws/eee/multi_lidar/install/c_auto_vehicle_msgs/share/c_auto_vehicle_msgs/hook/cmake_prefix_path.dsv'
[0.456s] INFO:colcon.colcon_core.shell:Creating environment hook '/home/skyautonet/skyautonet_ws/eee/multi_lidar/install/c_auto_vehicle_msgs/share/c_auto_vehicle_msgs/hook/cmake_prefix_path.sh'
[0.456s] Level 1:colcon.colcon_core.environment:checking '/home/skyautonet/skyautonet_ws/eee/multi_lidar/install/c_auto_vehicle_msgs/lib'
[0.456s] Level 1:colcon.colcon_core.shell:create_environment_hook('c_auto_vehicle_msgs', 'ld_library_path_lib')
[0.457s] INFO:colcon.colcon_core.shell:Creating environment hook '/home/skyautonet/skyautonet_ws/eee/multi_lidar/install/c_auto_vehicle_msgs/share/c_auto_vehicle_msgs/hook/ld_library_path_lib.ps1'
[0.457s] INFO:colcon.colcon_core.shell:Creating environment descriptor '/home/skyautonet/skyautonet_ws/eee/multi_lidar/install/c_auto_vehicle_msgs/share/c_auto_vehicle_msgs/hook/ld_library_path_lib.dsv'
[0.457s] INFO:colcon.colcon_core.shell:Creating environment hook '/home/skyautonet/skyautonet_ws/eee/multi_lidar/install/c_auto_vehicle_msgs/share/c_auto_vehicle_msgs/hook/ld_library_path_lib.sh'
[0.458s] Level 1:colcon.colcon_core.environment:checking '/home/skyautonet/skyautonet_ws/eee/multi_lidar/install/c_auto_vehicle_msgs/bin'
[0.458s] Level 1:colcon.colcon_core.environment:checking '/home/skyautonet/skyautonet_ws/eee/multi_lidar/install/c_auto_vehicle_msgs/lib/pkgconfig/c_auto_vehicle_msgs.pc'
[0.458s] Level 1:colcon.colcon_core.environment:checking '/home/skyautonet/skyautonet_ws/eee/multi_lidar/install/c_auto_vehicle_msgs/lib/python3.8/site-packages'
[0.458s] Level 1:colcon.colcon_core.shell:create_environment_hook('c_auto_vehicle_msgs', 'pythonpath')
[0.458s] INFO:colcon.colcon_core.shell:Creating environment hook '/home/skyautonet/skyautonet_ws/eee/multi_lidar/install/c_auto_vehicle_msgs/share/c_auto_vehicle_msgs/hook/pythonpath.ps1'
[0.459s] INFO:colcon.colcon_core.shell:Creating environment descriptor '/home/skyautonet/skyautonet_ws/eee/multi_lidar/install/c_auto_vehicle_msgs/share/c_auto_vehicle_msgs/hook/pythonpath.dsv'
[0.459s] INFO:colcon.colcon_core.shell:Creating environment hook '/home/skyautonet/skyautonet_ws/eee/multi_lidar/install/c_auto_vehicle_msgs/share/c_auto_vehicle_msgs/hook/pythonpath.sh'
[0.459s] Level 1:colcon.colcon_core.environment:checking '/home/skyautonet/skyautonet_ws/eee/multi_lidar/install/c_auto_vehicle_msgs/bin'
[0.460s] INFO:colcon.colcon_core.shell:Creating package script '/home/skyautonet/skyautonet_ws/eee/multi_lidar/install/c_auto_vehicle_msgs/share/c_auto_vehicle_msgs/package.ps1'
[0.460s] INFO:colcon.colcon_core.shell:Creating package descriptor '/home/skyautonet/skyautonet_ws/eee/multi_lidar/install/c_auto_vehicle_msgs/share/c_auto_vehicle_msgs/package.dsv'
[0.460s] INFO:colcon.colcon_core.shell:Creating package script '/home/skyautonet/skyautonet_ws/eee/multi_lidar/install/c_auto_vehicle_msgs/share/c_auto_vehicle_msgs/package.sh'
[0.460s] INFO:colcon.colcon_core.shell:Creating package script '/home/skyautonet/skyautonet_ws/eee/multi_lidar/install/c_auto_vehicle_msgs/share/c_auto_vehicle_msgs/package.bash'
[0.460s] INFO:colcon.colcon_core.shell:Creating package script '/home/skyautonet/skyautonet_ws/eee/multi_lidar/install/c_auto_vehicle_msgs/share/c_auto_vehicle_msgs/package.zsh'
[0.461s] Level 1:colcon.colcon_core.environment:create_file_with_runtime_dependencies(/home/skyautonet/skyautonet_ws/eee/multi_lidar/install/c_auto_vehicle_msgs/share/colcon-core/packages/c_auto_vehicle_msgs)
[0.488s] Level 1:colcon.colcon_core.environment:create_environment_scripts_only(c_auto_vehicle_msgs)
[0.489s] Level 1:colcon.colcon_core.environment:checking '/home/skyautonet/skyautonet_ws/eee/multi_lidar/install/c_auto_vehicle_msgs' for CMake module files
[0.490s] Level 1:colcon.colcon_core.environment:checking '/home/skyautonet/skyautonet_ws/eee/multi_lidar/install/c_auto_vehicle_msgs' for CMake config files
[0.490s] Level 1:colcon.colcon_core.shell:create_environment_hook('c_auto_vehicle_msgs', 'cmake_prefix_path')
[0.490s] INFO:colcon.colcon_core.shell:Creating environment hook '/home/skyautonet/skyautonet_ws/eee/multi_lidar/install/c_auto_vehicle_msgs/share/c_auto_vehicle_msgs/hook/cmake_prefix_path.ps1'
[0.491s] INFO:colcon.colcon_core.shell:Creating environment descriptor '/home/skyautonet/skyautonet_ws/eee/multi_lidar/install/c_auto_vehicle_msgs/share/c_auto_vehicle_msgs/hook/cmake_prefix_path.dsv'
[0.491s] INFO:colcon.colcon_core.shell:Creating environment hook '/home/skyautonet/skyautonet_ws/eee/multi_lidar/install/c_auto_vehicle_msgs/share/c_auto_vehicle_msgs/hook/cmake_prefix_path.sh'
[0.491s] Level 1:colcon.colcon_core.environment:checking '/home/skyautonet/skyautonet_ws/eee/multi_lidar/install/c_auto_vehicle_msgs/lib'
[0.491s] Level 1:colcon.colcon_core.shell:create_environment_hook('c_auto_vehicle_msgs', 'ld_library_path_lib')
[0.492s] INFO:colcon.colcon_core.shell:Creating environment hook '/home/skyautonet/skyautonet_ws/eee/multi_lidar/install/c_auto_vehicle_msgs/share/c_auto_vehicle_msgs/hook/ld_library_path_lib.ps1'
[0.492s] INFO:colcon.colcon_core.shell:Creating environment descriptor '/home/skyautonet/skyautonet_ws/eee/multi_lidar/install/c_auto_vehicle_msgs/share/c_auto_vehicle_msgs/hook/ld_library_path_lib.dsv'
[0.492s] INFO:colcon.colcon_core.shell:Creating environment hook '/home/skyautonet/skyautonet_ws/eee/multi_lidar/install/c_auto_vehicle_msgs/share/c_auto_vehicle_msgs/hook/ld_library_path_lib.sh'
[0.492s] Level 1:colcon.colcon_core.environment:checking '/home/skyautonet/skyautonet_ws/eee/multi_lidar/install/c_auto_vehicle_msgs/bin'
[0.492s] Level 1:colcon.colcon_core.environment:checking '/home/skyautonet/skyautonet_ws/eee/multi_lidar/install/c_auto_vehicle_msgs/lib/pkgconfig/c_auto_vehicle_msgs.pc'
[0.492s] Level 1:colcon.colcon_core.environment:checking '/home/skyautonet/skyautonet_ws/eee/multi_lidar/install/c_auto_vehicle_msgs/lib/python3.8/site-packages'
[0.492s] Level 1:colcon.colcon_core.shell:create_environment_hook('c_auto_vehicle_msgs', 'pythonpath')
[0.493s] INFO:colcon.colcon_core.shell:Creating environment hook '/home/skyautonet/skyautonet_ws/eee/multi_lidar/install/c_auto_vehicle_msgs/share/c_auto_vehicle_msgs/hook/pythonpath.ps1'
[0.493s] INFO:colcon.colcon_core.shell:Creating environment descriptor '/home/skyautonet/skyautonet_ws/eee/multi_lidar/install/c_auto_vehicle_msgs/share/c_auto_vehicle_msgs/hook/pythonpath.dsv'
[0.493s] INFO:colcon.colcon_core.shell:Creating environment hook '/home/skyautonet/skyautonet_ws/eee/multi_lidar/install/c_auto_vehicle_msgs/share/c_auto_vehicle_msgs/hook/pythonpath.sh'
[0.493s] Level 1:colcon.colcon_core.environment:checking '/home/skyautonet/skyautonet_ws/eee/multi_lidar/install/c_auto_vehicle_msgs/bin'
[0.494s] INFO:colcon.colcon_core.shell:Creating package script '/home/skyautonet/skyautonet_ws/eee/multi_lidar/install/c_auto_vehicle_msgs/share/c_auto_vehicle_msgs/package.ps1'
[0.494s] INFO:colcon.colcon_core.shell:Creating package descriptor '/home/skyautonet/skyautonet_ws/eee/multi_lidar/install/c_auto_vehicle_msgs/share/c_auto_vehicle_msgs/package.dsv'
[0.495s] INFO:colcon.colcon_core.shell:Creating package script '/home/skyautonet/skyautonet_ws/eee/multi_lidar/install/c_auto_vehicle_msgs/share/c_auto_vehicle_msgs/package.sh'
[0.495s] INFO:colcon.colcon_core.shell:Creating package script '/home/skyautonet/skyautonet_ws/eee/multi_lidar/install/c_auto_vehicle_msgs/share/c_auto_vehicle_msgs/package.bash'
[0.495s] INFO:colcon.colcon_core.shell:Creating package script '/home/skyautonet/skyautonet_ws/eee/multi_lidar/install/c_auto_vehicle_msgs/share/c_auto_vehicle_msgs/package.zsh'
[0.495s] Level 1:colcon.colcon_core.environment:create_file_with_runtime_dependencies(/home/skyautonet/skyautonet_ws/eee/multi_lidar/install/c_auto_vehicle_msgs/share/colcon-core/packages/c_auto_vehicle_msgs)
[0.495s] INFO:colcon.colcon_ros.task.ament_cmake.build:Building ROS package in '/home/skyautonet/skyautonet_ws/eee/multi_lidar/src/concat' with build type 'ament_cmake'
[0.495s] INFO:colcon.colcon_cmake.task.cmake.build:Building CMake package in '/home/skyautonet/skyautonet_ws/eee/multi_lidar/src/concat'
[0.496s] INFO:colcon.colcon_core.shell:Skip shell extension 'powershell' for command environment: Not usable outside of PowerShell
[0.496s] DEBUG:colcon.colcon_core.shell:Skip shell extension 'dsv' for command environment
[0.504s] DEBUG:colcon.colcon_core.event_handler.log_command:Invoking command in '/home/skyautonet/skyautonet_ws/eee/multi_lidar/build/concat': CMAKE_PREFIX_PATH=/home/skyautonet/skyautonet_ws/eee/multi_lidar/install/c_auto_vehicle_msgs:/home/skyautonet/skyautonet_ws/eee/multi_lidar/install/concat:/opt/ros/foxy LD_LIBRARY_PATH=/home/skyautonet/skyautonet_ws/eee/multi_lidar/install/c_auto_vehicle_msgs/lib:/usr/local/cuda-11.4/lib64/:/home/skyautonet/skyautonet_ws/eee/multi_lidar/install/concat/lib:/usr/local/cuda-11.4/lib64/:/opt/ros/foxy/opt/yaml_cpp_vendor/lib:/opt/ros/foxy/opt/rviz_ogre_vendor/lib:/opt/ros/foxy/lib/x86_64-linux-gnu:/opt/ros/foxy/lib:/usr/local/cuda-11.4/lib64 /usr/bin/cmake --build /home/skyautonet/skyautonet_ws/eee/multi_lidar/build/concat -- -j20 -l20
[0.583s] DEBUG:colcon.colcon_core.event_handler.log_command:Invoked command in '/home/skyautonet/skyautonet_ws/eee/multi_lidar/build/concat' returned '0': CMAKE_PREFIX_PATH=/home/skyautonet/skyautonet_ws/eee/multi_lidar/install/c_auto_vehicle_msgs:/home/skyautonet/skyautonet_ws/eee/multi_lidar/install/concat:/opt/ros/foxy LD_LIBRARY_PATH=/home/skyautonet/skyautonet_ws/eee/multi_lidar/install/c_auto_vehicle_msgs/lib:/usr/local/cuda-11.4/lib64/:/home/skyautonet/skyautonet_ws/eee/multi_lidar/install/concat/lib:/usr/local/cuda-11.4/lib64/:/opt/ros/foxy/opt/yaml_cpp_vendor/lib:/opt/ros/foxy/opt/rviz_ogre_vendor/lib:/opt/ros/foxy/lib/x86_64-linux-gnu:/opt/ros/foxy/lib:/usr/local/cuda-11.4/lib64 /usr/bin/cmake --build /home/skyautonet/skyautonet_ws/eee/multi_lidar/build/concat -- -j20 -l20
[0.618s] DEBUG:colcon.colcon_core.event_handler.log_command:Invoking command in '/home/skyautonet/skyautonet_ws/eee/multi_lidar/build/concat': CMAKE_PREFIX_PATH=/home/skyautonet/skyautonet_ws/eee/multi_lidar/install/c_auto_vehicle_msgs:/home/skyautonet/skyautonet_ws/eee/multi_lidar/install/concat:/opt/ros/foxy LD_LIBRARY_PATH=/home/skyautonet/skyautonet_ws/eee/multi_lidar/install/c_auto_vehicle_msgs/lib:/usr/local/cuda-11.4/lib64/:/home/skyautonet/skyautonet_ws/eee/multi_lidar/install/concat/lib:/usr/local/cuda-11.4/lib64/:/opt/ros/foxy/opt/yaml_cpp_vendor/lib:/opt/ros/foxy/opt/rviz_ogre_vendor/lib:/opt/ros/foxy/lib/x86_64-linux-gnu:/opt/ros/foxy/lib:/usr/local/cuda-11.4/lib64 /usr/bin/cmake --install /home/skyautonet/skyautonet_ws/eee/multi_lidar/build/concat
[0.631s] Level 1:colcon.colcon_core.environment:create_environment_scripts_only(concat)
[0.631s] DEBUG:colcon.colcon_core.event_handler.log_command:Invoked command in '/home/skyautonet/skyautonet_ws/eee/multi_lidar/build/concat' returned '0': CMAKE_PREFIX_PATH=/home/skyautonet/skyautonet_ws/eee/multi_lidar/install/c_auto_vehicle_msgs:/home/skyautonet/skyautonet_ws/eee/multi_lidar/install/concat:/opt/ros/foxy LD_LIBRARY_PATH=/home/skyautonet/skyautonet_ws/eee/multi_lidar/install/c_auto_vehicle_msgs/lib:/usr/local/cuda-11.4/lib64/:/home/skyautonet/skyautonet_ws/eee/multi_lidar/install/concat/lib:/usr/local/cuda-11.4/lib64/:/opt/ros/foxy/opt/yaml_cpp_vendor/lib:/opt/ros/foxy/opt/rviz_ogre_vendor/lib:/opt/ros/foxy/lib/x86_64-linux-gnu:/opt/ros/foxy/lib:/usr/local/cuda-11.4/lib64 /usr/bin/cmake --install /home/skyautonet/skyautonet_ws/eee/multi_lidar/build/concat
[0.632s] Level 1:colcon.colcon_core.environment:checking '/home/skyautonet/skyautonet_ws/eee/multi_lidar/install/concat' for CMake module files
[0.633s] Level 1:colcon.colcon_core.environment:checking '/home/skyautonet/skyautonet_ws/eee/multi_lidar/install/concat' for CMake config files
[0.633s] Level 1:colcon.colcon_core.shell:create_environment_hook('concat', 'cmake_prefix_path')
[0.633s] INFO:colcon.colcon_core.shell:Creating environment hook '/home/skyautonet/skyautonet_ws/eee/multi_lidar/install/concat/share/concat/hook/cmake_prefix_path.ps1'
[0.634s] INFO:colcon.colcon_core.shell:Creating environment descriptor '/home/skyautonet/skyautonet_ws/eee/multi_lidar/install/concat/share/concat/hook/cmake_prefix_path.dsv'
[0.634s] INFO:colcon.colcon_core.shell:Creating environment hook '/home/skyautonet/skyautonet_ws/eee/multi_lidar/install/concat/share/concat/hook/cmake_prefix_path.sh'
[0.634s] Level 1:colcon.colcon_core.environment:checking '/home/skyautonet/skyautonet_ws/eee/multi_lidar/install/concat/lib'
[0.634s] Level 1:colcon.colcon_core.shell:create_environment_hook('concat', 'ld_library_path_lib')
[0.635s] INFO:colcon.colcon_core.shell:Creating environment hook '/home/skyautonet/skyautonet_ws/eee/multi_lidar/install/concat/share/concat/hook/ld_library_path_lib.ps1'
[0.635s] INFO:colcon.colcon_core.shell:Creating environment descriptor '/home/skyautonet/skyautonet_ws/eee/multi_lidar/install/concat/share/concat/hook/ld_library_path_lib.dsv'
[0.635s] INFO:colcon.colcon_core.shell:Creating environment hook '/home/skyautonet/skyautonet_ws/eee/multi_lidar/install/concat/share/concat/hook/ld_library_path_lib.sh'
[0.635s] Level 1:colcon.colcon_core.environment:checking '/home/skyautonet/skyautonet_ws/eee/multi_lidar/install/concat/bin'
[0.635s] Level 1:colcon.colcon_core.environment:checking '/home/skyautonet/skyautonet_ws/eee/multi_lidar/install/concat/lib/pkgconfig/concat.pc'
[0.635s] Level 1:colcon.colcon_core.environment:checking '/home/skyautonet/skyautonet_ws/eee/multi_lidar/install/concat/lib/python3.8/site-packages'
[0.636s] Level 1:colcon.colcon_core.environment:checking '/home/skyautonet/skyautonet_ws/eee/multi_lidar/install/concat/bin'
[0.636s] INFO:colcon.colcon_core.shell:Creating package script '/home/skyautonet/skyautonet_ws/eee/multi_lidar/install/concat/share/concat/package.ps1'
[0.636s] INFO:colcon.colcon_core.shell:Creating package descriptor '/home/skyautonet/skyautonet_ws/eee/multi_lidar/install/concat/share/concat/package.dsv'
[0.637s] INFO:colcon.colcon_core.shell:Creating package script '/home/skyautonet/skyautonet_ws/eee/multi_lidar/install/concat/share/concat/package.sh'
[0.637s] INFO:colcon.colcon_core.shell:Creating package script '/home/skyautonet/skyautonet_ws/eee/multi_lidar/install/concat/share/concat/package.bash'
[0.637s] INFO:colcon.colcon_core.shell:Creating package script '/home/skyautonet/skyautonet_ws/eee/multi_lidar/install/concat/share/concat/package.zsh'
[0.637s] Level 1:colcon.colcon_core.environment:create_file_with_runtime_dependencies(/home/skyautonet/skyautonet_ws/eee/multi_lidar/install/concat/share/colcon-core/packages/concat)
[0.658s] Level 1:colcon.colcon_core.environment:create_environment_scripts_only(concat)
[0.661s] Level 1:colcon.colcon_core.environment:checking '/home/skyautonet/skyautonet_ws/eee/multi_lidar/install/concat' for CMake module files
[0.661s] Level 1:colcon.colcon_core.environment:checking '/home/skyautonet/skyautonet_ws/eee/multi_lidar/install/concat' for CMake config files
[0.662s] Level 1:colcon.colcon_core.shell:create_environment_hook('concat', 'cmake_prefix_path')
[0.663s] INFO:colcon.colcon_core.shell:Creating environment hook '/home/skyautonet/skyautonet_ws/eee/multi_lidar/install/concat/share/concat/hook/cmake_prefix_path.ps1'
[0.664s] INFO:colcon.colcon_core.shell:Creating environment descriptor '/home/skyautonet/skyautonet_ws/eee/multi_lidar/install/concat/share/concat/hook/cmake_prefix_path.dsv'
[0.664s] INFO:colcon.colcon_core.shell:Creating environment hook '/home/skyautonet/skyautonet_ws/eee/multi_lidar/install/concat/share/concat/hook/cmake_prefix_path.sh'
[0.664s] Level 1:colcon.colcon_core.environment:checking '/home/skyautonet/skyautonet_ws/eee/multi_lidar/install/concat/lib'
[0.664s] Level 1:colcon.colcon_core.shell:create_environment_hook('concat', 'ld_library_path_lib')
[0.666s] INFO:colcon.colcon_core.shell:Creating environment hook '/home/skyautonet/skyautonet_ws/eee/multi_lidar/install/concat/share/concat/hook/ld_library_path_lib.ps1'
[0.666s] INFO:colcon.colcon_core.shell:Creating environment descriptor '/home/skyautonet/skyautonet_ws/eee/multi_lidar/install/concat/share/concat/hook/ld_library_path_lib.dsv'
[0.666s] INFO:colcon.colcon_core.shell:Creating environment hook '/home/skyautonet/skyautonet_ws/eee/multi_lidar/install/concat/share/concat/hook/ld_library_path_lib.sh'
[0.666s] Level 1:colcon.colcon_core.environment:checking '/home/skyautonet/skyautonet_ws/eee/multi_lidar/install/concat/bin'
[0.666s] Level 1:colcon.colcon_core.environment:checking '/home/skyautonet/skyautonet_ws/eee/multi_lidar/install/concat/lib/pkgconfig/concat.pc'
[0.667s] Level 1:colcon.colcon_core.environment:checking '/home/skyautonet/skyautonet_ws/eee/multi_lidar/install/concat/lib/python3.8/site-packages'
[0.667s] Level 1:colcon.colcon_core.environment:checking '/home/skyautonet/skyautonet_ws/eee/multi_lidar/install/concat/bin'
[0.668s] INFO:colcon.colcon_core.shell:Creating package script '/home/skyautonet/skyautonet_ws/eee/multi_lidar/install/concat/share/concat/package.ps1'
[0.668s] INFO:colcon.colcon_core.shell:Creating package descriptor '/home/skyautonet/skyautonet_ws/eee/multi_lidar/install/concat/share/concat/package.dsv'
[0.668s] INFO:colcon.colcon_core.shell:Creating package script '/home/skyautonet/skyautonet_ws/eee/multi_lidar/install/concat/share/concat/package.sh'
[0.668s] INFO:colcon.colcon_core.shell:Creating package script '/home/skyautonet/skyautonet_ws/eee/multi_lidar/install/concat/share/concat/package.bash'
[0.669s] INFO:colcon.colcon_core.shell:Creating package script '/home/skyautonet/skyautonet_ws/eee/multi_lidar/install/concat/share/concat/package.zsh'
[0.669s] Level 1:colcon.colcon_core.environment:create_file_with_runtime_dependencies(/home/skyautonet/skyautonet_ws/eee/multi_lidar/install/concat/share/colcon-core/packages/concat)
[0.669s] DEBUG:colcon.colcon_parallel_executor.executor.parallel:closing loop
[0.669s] DEBUG:colcon.colcon_parallel_executor.executor.parallel:loop closed
[0.669s] DEBUG:colcon.colcon_parallel_executor.executor.parallel:run_until_complete finished with '0'
[0.669s] DEBUG:colcon.colcon_core.event_reactor:joining thread
[0.673s] INFO:colcon.colcon_core.plugin_system:Skipping extension 'colcon_notification.desktop_notification.terminal_notifier': Not used on non-Darwin systems
[0.673s] INFO:colcon.colcon_core.plugin_system:Skipping extension 'colcon_notification.desktop_notification.win32': Not used on non-Windows systems
[0.673s] INFO:colcon.colcon_notification.desktop_notification:Sending desktop notification using 'notify2'
[0.682s] DEBUG:colcon.colcon_core.event_reactor:joined thread
[0.682s] INFO:colcon.colcon_core.shell:Creating prefix script '/home/skyautonet/skyautonet_ws/eee/multi_lidar/install/local_setup.ps1'
[0.683s] INFO:colcon.colcon_core.shell:Creating prefix util module '/home/skyautonet/skyautonet_ws/eee/multi_lidar/install/_local_setup_util_ps1.py'
[0.683s] INFO:colcon.colcon_core.shell:Creating prefix chain script '/home/skyautonet/skyautonet_ws/eee/multi_lidar/install/setup.ps1'
[0.684s] INFO:colcon.colcon_core.shell:Creating prefix script '/home/skyautonet/skyautonet_ws/eee/multi_lidar/install/local_setup.sh'
[0.684s] INFO:colcon.colcon_core.shell:Creating prefix util module '/home/skyautonet/skyautonet_ws/eee/multi_lidar/install/_local_setup_util_sh.py'
[0.684s] INFO:colcon.colcon_core.shell:Creating prefix chain script '/home/skyautonet/skyautonet_ws/eee/multi_lidar/install/setup.sh'
[0.685s] INFO:colcon.colcon_core.shell:Creating prefix script '/home/skyautonet/skyautonet_ws/eee/multi_lidar/install/local_setup.bash'
[0.685s] INFO:colcon.colcon_core.shell:Creating prefix chain script '/home/skyautonet/skyautonet_ws/eee/multi_lidar/install/setup.bash'
[0.686s] INFO:colcon.colcon_core.shell:Creating prefix script '/home/skyautonet/skyautonet_ws/eee/multi_lidar/install/local_setup.zsh'
[0.686s] INFO:colcon.colcon_core.shell:Creating prefix chain script '/home/skyautonet/skyautonet_ws/eee/multi_lidar/install/setup.zsh'
