[0.141s] DEBUG:colcon:Command line arguments: ['/usr/bin/colcon', 'build']
[0.141s] DEBUG:colcon:Parsed command line arguments: Namespace(allow_overriding=[], ament_cmake_args=None, base_paths=['.'], build_base='build', catkin_cmake_args=None, catkin_skip_building_tests=False, cmake_args=None, cmake_clean_cache=False, cmake_clean_first=False, cmake_force_configure=False, cmake_target=None, cmake_target_skip_unavailable=False, continue_on_error=False, event_handlers=None, executor='parallel', ignore_user_meta=False, install_base='install', log_base=None, log_level=None, main=<bound method BuildVerb.main of <colcon_core.verb.build.BuildVerb object at 0x7f395159a670>>, merge_install=False, metas=['./colcon.meta'], packages_above=None, packages_above_and_dependencies=None, packages_above_depth=None, packages_end=None, packages_ignore=None, packages_ignore_regex=None, packages_select=None, packages_select_build_failed=False, packages_select_by_dep=None, packages_select_regex=None, packages_select_test_failures=False, packages_skip=None, packages_skip_build_finished=False, packages_skip_by_dep=None, packages_skip_regex=None, packages_skip_test_passed=False, packages_skip_up_to=None, packages_start=None, packages_up_to=None, packages_up_to_regex=None, parallel_workers=20, paths=None, symlink_install=False, test_result_base=None, verb_extension=<colcon_core.verb.build.BuildVerb object at 0x7f395159a670>, verb_name='build', verb_parser=<colcon_defaults.argument_parser.defaults.DefaultArgumentsDecorator object at 0x7f395159abb0>)
[0.154s] Level 1:colcon.colcon_core.package_discovery:discover_packages(colcon_meta) check parameters
[0.154s] Level 1:colcon.colcon_core.package_discovery:discover_packages(recursive) check parameters
[0.154s] Level 1:colcon.colcon_core.package_discovery:discover_packages(ignore) check parameters
[0.154s] Level 1:colcon.colcon_core.package_discovery:discover_packages(path) check parameters
[0.154s] Level 1:colcon.colcon_core.package_discovery:discover_packages(colcon_meta) discover
[0.154s] Level 1:colcon.colcon_core.package_discovery:discover_packages(recursive) discover
[0.154s] INFO:colcon.colcon_core.package_discovery:Crawling recursively for packages in '/home/skyautonet/skyautonet_ws/eee/lidar_preprocessor'
[0.154s] Level 1:colcon.colcon_core.package_identification:_identify(.) by extensions ['ignore', 'ignore_ament_install']
[0.154s] Level 1:colcon.colcon_core.package_identification:_identify(.) by extension 'ignore'
[0.154s] Level 1:colcon.colcon_core.package_identification:_identify(.) by extension 'ignore_ament_install'
[0.154s] Level 1:colcon.colcon_core.package_identification:_identify(.) by extensions ['colcon_pkg']
[0.154s] Level 1:colcon.colcon_core.package_identification:_identify(.) by extension 'colcon_pkg'
[0.154s] Level 1:colcon.colcon_core.package_identification:_identify(.) by extensions ['colcon_meta']
[0.154s] Level 1:colcon.colcon_core.package_identification:_identify(.) by extension 'colcon_meta'
[0.154s] Level 1:colcon.colcon_core.package_identification:_identify(.) by extensions ['ros']
[0.154s] Level 1:colcon.colcon_core.package_identification:_identify(.) by extension 'ros'
[0.164s] Level 1:colcon.colcon_core.package_identification:_identify(.) by extensions ['cmake', 'python']
[0.164s] Level 1:colcon.colcon_core.package_identification:_identify(.) by extension 'cmake'
[0.164s] Level 1:colcon.colcon_core.package_identification:_identify(.) by extension 'python'
[0.164s] Level 1:colcon.colcon_core.package_identification:_identify(.) by extensions ['python_setup_py']
[0.164s] Level 1:colcon.colcon_core.package_identification:_identify(.) by extension 'python_setup_py'
[0.164s] Level 1:colcon.colcon_core.package_identification:_identify(build) by extensions ['ignore', 'ignore_ament_install']
[0.164s] Level 1:colcon.colcon_core.package_identification:_identify(build) by extension 'ignore'
[0.164s] Level 1:colcon.colcon_core.package_identification:_identify(build) ignored
[0.164s] Level 1:colcon.colcon_core.package_identification:_identify(install) by extensions ['ignore', 'ignore_ament_install']
[0.164s] Level 1:colcon.colcon_core.package_identification:_identify(install) by extension 'ignore'
[0.164s] Level 1:colcon.colcon_core.package_identification:_identify(install) ignored
[0.164s] Level 1:colcon.colcon_core.package_identification:_identify(log) by extensions ['ignore', 'ignore_ament_install']
[0.164s] Level 1:colcon.colcon_core.package_identification:_identify(log) by extension 'ignore'
[0.164s] Level 1:colcon.colcon_core.package_identification:_identify(log) ignored
[0.164s] Level 1:colcon.colcon_core.package_identification:_identify(src) by extensions ['ignore', 'ignore_ament_install']
[0.164s] Level 1:colcon.colcon_core.package_identification:_identify(src) by extension 'ignore'
[0.164s] Level 1:colcon.colcon_core.package_identification:_identify(src) by extension 'ignore_ament_install'
[0.164s] Level 1:colcon.colcon_core.package_identification:_identify(src) by extensions ['colcon_pkg']
[0.164s] Level 1:colcon.colcon_core.package_identification:_identify(src) by extension 'colcon_pkg'
[0.164s] Level 1:colcon.colcon_core.package_identification:_identify(src) by extensions ['colcon_meta']
[0.164s] Level 1:colcon.colcon_core.package_identification:_identify(src) by extension 'colcon_meta'
[0.164s] Level 1:colcon.colcon_core.package_identification:_identify(src) by extensions ['ros']
[0.164s] Level 1:colcon.colcon_core.package_identification:_identify(src) by extension 'ros'
[0.164s] Level 1:colcon.colcon_core.package_identification:_identify(src) by extensions ['cmake', 'python']
[0.164s] Level 1:colcon.colcon_core.package_identification:_identify(src) by extension 'cmake'
[0.164s] Level 1:colcon.colcon_core.package_identification:_identify(src) by extension 'python'
[0.164s] Level 1:colcon.colcon_core.package_identification:_identify(src) by extensions ['python_setup_py']
[0.164s] Level 1:colcon.colcon_core.package_identification:_identify(src) by extension 'python_setup_py'
[0.164s] Level 1:colcon.colcon_core.package_identification:_identify(src/three_lidar) by extensions ['ignore', 'ignore_ament_install']
[0.164s] Level 1:colcon.colcon_core.package_identification:_identify(src/three_lidar) by extension 'ignore'
[0.164s] Level 1:colcon.colcon_core.package_identification:_identify(src/three_lidar) by extension 'ignore_ament_install'
[0.164s] Level 1:colcon.colcon_core.package_identification:_identify(src/three_lidar) by extensions ['colcon_pkg']
[0.164s] Level 1:colcon.colcon_core.package_identification:_identify(src/three_lidar) by extension 'colcon_pkg'
[0.164s] Level 1:colcon.colcon_core.package_identification:_identify(src/three_lidar) by extensions ['colcon_meta']
[0.165s] Level 1:colcon.colcon_core.package_identification:_identify(src/three_lidar) by extension 'colcon_meta'
[0.165s] Level 1:colcon.colcon_core.package_identification:_identify(src/three_lidar) by extensions ['ros']
[0.165s] Level 1:colcon.colcon_core.package_identification:_identify(src/three_lidar) by extension 'ros'
[0.166s] DEBUG:colcon.colcon_core.package_identification:Package 'src/three_lidar' with type 'ros.ament_cmake' and name 'three_lidar'
[0.166s] Level 1:colcon.colcon_core.package_identification:_identify(src/velocity_msg) by extensions ['ignore', 'ignore_ament_install']
[0.166s] Level 1:colcon.colcon_core.package_identification:_identify(src/velocity_msg) by extension 'ignore'
[0.166s] Level 1:colcon.colcon_core.package_identification:_identify(src/velocity_msg) by extension 'ignore_ament_install'
[0.166s] Level 1:colcon.colcon_core.package_identification:_identify(src/velocity_msg) by extensions ['colcon_pkg']
[0.166s] Level 1:colcon.colcon_core.package_identification:_identify(src/velocity_msg) by extension 'colcon_pkg'
[0.166s] Level 1:colcon.colcon_core.package_identification:_identify(src/velocity_msg) by extensions ['colcon_meta']
[0.166s] Level 1:colcon.colcon_core.package_identification:_identify(src/velocity_msg) by extension 'colcon_meta'
[0.166s] Level 1:colcon.colcon_core.package_identification:_identify(src/velocity_msg) by extensions ['ros']
[0.166s] Level 1:colcon.colcon_core.package_identification:_identify(src/velocity_msg) by extension 'ros'
[0.167s] DEBUG:colcon.colcon_core.package_identification:Package 'src/velocity_msg' with type 'ros.ament_cmake' and name 'velocity_msg'
[0.167s] Level 1:colcon.colcon_core.package_discovery:discover_packages(recursive) using defaults
[0.167s] Level 1:colcon.colcon_core.package_discovery:discover_packages(ignore) discover
[0.167s] Level 1:colcon.colcon_core.package_discovery:discover_packages(ignore) using defaults
[0.167s] Level 1:colcon.colcon_core.package_discovery:discover_packages(path) discover
[0.167s] Level 1:colcon.colcon_core.package_discovery:discover_packages(path) using defaults
[0.177s] Level 1:colcon.colcon_core.package_discovery:discover_packages(prefix_path) check parameters
[0.177s] Level 1:colcon.colcon_core.package_discovery:discover_packages(prefix_path) discover
[0.179s] DEBUG:colcon.colcon_installed_package_information.package_discovery:Found 2 installed packages in /home/skyautonet/skyautonet_ws/eee/lidar_preprocessor/install
[0.179s] DEBUG:colcon.colcon_installed_package_information.package_discovery:Found 269 installed packages in /opt/ros/foxy
[0.180s] Level 1:colcon.colcon_core.package_discovery:discover_packages(prefix_path) using defaults
[0.213s] Level 5:colcon.colcon_core.verb:set package 'velocity_msg' build argument 'cmake_args' from command line to 'None'
[0.213s] Level 5:colcon.colcon_core.verb:set package 'velocity_msg' build argument 'cmake_target' from command line to 'None'
[0.213s] Level 5:colcon.colcon_core.verb:set package 'velocity_msg' build argument 'cmake_target_skip_unavailable' from command line to 'False'
[0.213s] Level 5:colcon.colcon_core.verb:set package 'velocity_msg' build argument 'cmake_clean_cache' from command line to 'False'
[0.213s] Level 5:colcon.colcon_core.verb:set package 'velocity_msg' build argument 'cmake_clean_first' from command line to 'False'
[0.213s] Level 5:colcon.colcon_core.verb:set package 'velocity_msg' build argument 'cmake_force_configure' from command line to 'False'
[0.213s] Level 5:colcon.colcon_core.verb:set package 'velocity_msg' build argument 'ament_cmake_args' from command line to 'None'
[0.213s] Level 5:colcon.colcon_core.verb:set package 'velocity_msg' build argument 'catkin_cmake_args' from command line to 'None'
[0.213s] Level 5:colcon.colcon_core.verb:set package 'velocity_msg' build argument 'catkin_skip_building_tests' from command line to 'False'
[0.213s] DEBUG:colcon.colcon_core.verb:Building package 'velocity_msg' with the following arguments: {'ament_cmake_args': None, 'build_base': '/home/skyautonet/skyautonet_ws/eee/lidar_preprocessor/build/velocity_msg', 'catkin_cmake_args': None, 'catkin_skip_building_tests': False, 'cmake_args': None, 'cmake_clean_cache': False, 'cmake_clean_first': False, 'cmake_force_configure': False, 'cmake_target': None, 'cmake_target_skip_unavailable': False, 'install_base': '/home/skyautonet/skyautonet_ws/eee/lidar_preprocessor/install/velocity_msg', 'merge_install': False, 'path': '/home/skyautonet/skyautonet_ws/eee/lidar_preprocessor/src/velocity_msg', 'symlink_install': False, 'test_result_base': None}
[0.214s] Level 5:colcon.colcon_core.verb:set package 'three_lidar' build argument 'cmake_args' from command line to 'None'
[0.214s] Level 5:colcon.colcon_core.verb:set package 'three_lidar' build argument 'cmake_target' from command line to 'None'
[0.214s] Level 5:colcon.colcon_core.verb:set package 'three_lidar' build argument 'cmake_target_skip_unavailable' from command line to 'False'
[0.214s] Level 5:colcon.colcon_core.verb:set package 'three_lidar' build argument 'cmake_clean_cache' from command line to 'False'
[0.214s] Level 5:colcon.colcon_core.verb:set package 'three_lidar' build argument 'cmake_clean_first' from command line to 'False'
[0.214s] Level 5:colcon.colcon_core.verb:set package 'three_lidar' build argument 'cmake_force_configure' from command line to 'False'
[0.214s] Level 5:colcon.colcon_core.verb:set package 'three_lidar' build argument 'ament_cmake_args' from command line to 'None'
[0.214s] Level 5:colcon.colcon_core.verb:set package 'three_lidar' build argument 'catkin_cmake_args' from command line to 'None'
[0.214s] Level 5:colcon.colcon_core.verb:set package 'three_lidar' build argument 'catkin_skip_building_tests' from command line to 'False'
[0.214s] DEBUG:colcon.colcon_core.verb:Building package 'three_lidar' with the following arguments: {'ament_cmake_args': None, 'build_base': '/home/skyautonet/skyautonet_ws/eee/lidar_preprocessor/build/three_lidar', 'catkin_cmake_args': None, 'catkin_skip_building_tests': False, 'cmake_args': None, 'cmake_clean_cache': False, 'cmake_clean_first': False, 'cmake_force_configure': False, 'cmake_target': None, 'cmake_target_skip_unavailable': False, 'install_base': '/home/skyautonet/skyautonet_ws/eee/lidar_preprocessor/install/three_lidar', 'merge_install': False, 'path': '/home/skyautonet/skyautonet_ws/eee/lidar_preprocessor/src/three_lidar', 'symlink_install': False, 'test_result_base': None}
[0.214s] INFO:colcon.colcon_core.executor:Executing jobs using 'parallel' executor
[0.216s] DEBUG:colcon.colcon_parallel_executor.executor.parallel:run_until_complete
[0.216s] INFO:colcon.colcon_ros.task.ament_cmake.build:Building ROS package in '/home/skyautonet/skyautonet_ws/eee/lidar_preprocessor/src/velocity_msg' with build type 'ament_cmake'
[0.216s] INFO:colcon.colcon_cmake.task.cmake.build:Building CMake package in '/home/skyautonet/skyautonet_ws/eee/lidar_preprocessor/src/velocity_msg'
[0.218s] INFO:colcon.colcon_core.plugin_system:Skipping extension 'colcon_core.shell.bat': Not used on non-Windows systems
[0.218s] INFO:colcon.colcon_core.shell:Skip shell extension 'powershell' for command environment: Not usable outside of PowerShell
[0.218s] DEBUG:colcon.colcon_core.shell:Skip shell extension 'dsv' for command environment
[0.227s] DEBUG:colcon.colcon_core.event_handler.log_command:Invoking command in '/home/skyautonet/skyautonet_ws/eee/lidar_preprocessor/build/velocity_msg': CMAKE_PREFIX_PATH=${CMAKE_PREFIX_PATH}:/opt/ros/foxy /usr/bin/cmake --build /home/skyautonet/skyautonet_ws/eee/lidar_preprocessor/build/velocity_msg -- -j20 -l20
[0.460s] DEBUG:colcon.colcon_core.event_handler.log_command:Invoked command in '/home/skyautonet/skyautonet_ws/eee/lidar_preprocessor/build/velocity_msg' returned '0': CMAKE_PREFIX_PATH=${CMAKE_PREFIX_PATH}:/opt/ros/foxy /usr/bin/cmake --build /home/skyautonet/skyautonet_ws/eee/lidar_preprocessor/build/velocity_msg -- -j20 -l20
[0.538s] DEBUG:colcon.colcon_core.event_handler.log_command:Invoking command in '/home/skyautonet/skyautonet_ws/eee/lidar_preprocessor/build/velocity_msg': CMAKE_PREFIX_PATH=${CMAKE_PREFIX_PATH}:/opt/ros/foxy /usr/bin/cmake --install /home/skyautonet/skyautonet_ws/eee/lidar_preprocessor/build/velocity_msg
[0.577s] Level 1:colcon.colcon_core.environment:create_environment_scripts_only(velocity_msg)
[0.577s] DEBUG:colcon.colcon_core.event_handler.log_command:Invoked command in '/home/skyautonet/skyautonet_ws/eee/lidar_preprocessor/build/velocity_msg' returned '0': CMAKE_PREFIX_PATH=${CMAKE_PREFIX_PATH}:/opt/ros/foxy /usr/bin/cmake --install /home/skyautonet/skyautonet_ws/eee/lidar_preprocessor/build/velocity_msg
[0.580s] Level 1:colcon.colcon_core.environment:checking '/home/skyautonet/skyautonet_ws/eee/lidar_preprocessor/install/velocity_msg' for CMake module files
[0.580s] Level 1:colcon.colcon_core.environment:checking '/home/skyautonet/skyautonet_ws/eee/lidar_preprocessor/install/velocity_msg' for CMake config files
[0.580s] Level 1:colcon.colcon_core.shell:create_environment_hook('velocity_msg', 'cmake_prefix_path')
[0.581s] INFO:colcon.colcon_core.shell:Creating environment hook '/home/skyautonet/skyautonet_ws/eee/lidar_preprocessor/install/velocity_msg/share/velocity_msg/hook/cmake_prefix_path.ps1'
[0.581s] INFO:colcon.colcon_core.shell:Creating environment descriptor '/home/skyautonet/skyautonet_ws/eee/lidar_preprocessor/install/velocity_msg/share/velocity_msg/hook/cmake_prefix_path.dsv'
[0.582s] INFO:colcon.colcon_core.shell:Creating environment hook '/home/skyautonet/skyautonet_ws/eee/lidar_preprocessor/install/velocity_msg/share/velocity_msg/hook/cmake_prefix_path.sh'
[0.582s] Level 1:colcon.colcon_core.environment:checking '/home/skyautonet/skyautonet_ws/eee/lidar_preprocessor/install/velocity_msg/lib'
[0.582s] Level 1:colcon.colcon_core.shell:create_environment_hook('velocity_msg', 'ld_library_path_lib')
[0.583s] INFO:colcon.colcon_core.shell:Creating environment hook '/home/skyautonet/skyautonet_ws/eee/lidar_preprocessor/install/velocity_msg/share/velocity_msg/hook/ld_library_path_lib.ps1'
[0.583s] INFO:colcon.colcon_core.shell:Creating environment descriptor '/home/skyautonet/skyautonet_ws/eee/lidar_preprocessor/install/velocity_msg/share/velocity_msg/hook/ld_library_path_lib.dsv'
[0.583s] INFO:colcon.colcon_core.shell:Creating environment hook '/home/skyautonet/skyautonet_ws/eee/lidar_preprocessor/install/velocity_msg/share/velocity_msg/hook/ld_library_path_lib.sh'
[0.583s] Level 1:colcon.colcon_core.environment:checking '/home/skyautonet/skyautonet_ws/eee/lidar_preprocessor/install/velocity_msg/bin'
[0.583s] Level 1:colcon.colcon_core.environment:checking '/home/skyautonet/skyautonet_ws/eee/lidar_preprocessor/install/velocity_msg/lib/pkgconfig/velocity_msg.pc'
[0.583s] Level 1:colcon.colcon_core.environment:checking '/home/skyautonet/skyautonet_ws/eee/lidar_preprocessor/install/velocity_msg/lib/python3.8/site-packages'
[0.583s] Level 1:colcon.colcon_core.shell:create_environment_hook('velocity_msg', 'pythonpath')
[0.584s] INFO:colcon.colcon_core.shell:Creating environment hook '/home/skyautonet/skyautonet_ws/eee/lidar_preprocessor/install/velocity_msg/share/velocity_msg/hook/pythonpath.ps1'
[0.584s] INFO:colcon.colcon_core.shell:Creating environment descriptor '/home/skyautonet/skyautonet_ws/eee/lidar_preprocessor/install/velocity_msg/share/velocity_msg/hook/pythonpath.dsv'
[0.584s] INFO:colcon.colcon_core.shell:Creating environment hook '/home/skyautonet/skyautonet_ws/eee/lidar_preprocessor/install/velocity_msg/share/velocity_msg/hook/pythonpath.sh'
[0.585s] Level 1:colcon.colcon_core.environment:checking '/home/skyautonet/skyautonet_ws/eee/lidar_preprocessor/install/velocity_msg/bin'
[0.585s] INFO:colcon.colcon_core.shell:Creating package script '/home/skyautonet/skyautonet_ws/eee/lidar_preprocessor/install/velocity_msg/share/velocity_msg/package.ps1'
[0.586s] INFO:colcon.colcon_core.shell:Creating package descriptor '/home/skyautonet/skyautonet_ws/eee/lidar_preprocessor/install/velocity_msg/share/velocity_msg/package.dsv'
[0.586s] INFO:colcon.colcon_core.shell:Creating package script '/home/skyautonet/skyautonet_ws/eee/lidar_preprocessor/install/velocity_msg/share/velocity_msg/package.sh'
[0.586s] INFO:colcon.colcon_core.shell:Creating package script '/home/skyautonet/skyautonet_ws/eee/lidar_preprocessor/install/velocity_msg/share/velocity_msg/package.bash'
[0.587s] INFO:colcon.colcon_core.shell:Creating package script '/home/skyautonet/skyautonet_ws/eee/lidar_preprocessor/install/velocity_msg/share/velocity_msg/package.zsh'
[0.587s] Level 1:colcon.colcon_core.environment:create_file_with_runtime_dependencies(/home/skyautonet/skyautonet_ws/eee/lidar_preprocessor/install/velocity_msg/share/colcon-core/packages/velocity_msg)
[0.641s] Level 1:colcon.colcon_core.environment:create_environment_scripts_only(velocity_msg)
[0.643s] Level 1:colcon.colcon_core.environment:checking '/home/skyautonet/skyautonet_ws/eee/lidar_preprocessor/install/velocity_msg' for CMake module files
[0.644s] Level 1:colcon.colcon_core.environment:checking '/home/skyautonet/skyautonet_ws/eee/lidar_preprocessor/install/velocity_msg' for CMake config files
[0.644s] Level 1:colcon.colcon_core.shell:create_environment_hook('velocity_msg', 'cmake_prefix_path')
[0.646s] INFO:colcon.colcon_core.shell:Creating environment hook '/home/skyautonet/skyautonet_ws/eee/lidar_preprocessor/install/velocity_msg/share/velocity_msg/hook/cmake_prefix_path.ps1'
[0.646s] INFO:colcon.colcon_core.shell:Creating environment descriptor '/home/skyautonet/skyautonet_ws/eee/lidar_preprocessor/install/velocity_msg/share/velocity_msg/hook/cmake_prefix_path.dsv'
[0.646s] INFO:colcon.colcon_core.shell:Creating environment hook '/home/skyautonet/skyautonet_ws/eee/lidar_preprocessor/install/velocity_msg/share/velocity_msg/hook/cmake_prefix_path.sh'
[0.647s] Level 1:colcon.colcon_core.environment:checking '/home/skyautonet/skyautonet_ws/eee/lidar_preprocessor/install/velocity_msg/lib'
[0.647s] Level 1:colcon.colcon_core.shell:create_environment_hook('velocity_msg', 'ld_library_path_lib')
[0.648s] INFO:colcon.colcon_core.shell:Creating environment hook '/home/skyautonet/skyautonet_ws/eee/lidar_preprocessor/install/velocity_msg/share/velocity_msg/hook/ld_library_path_lib.ps1'
[0.648s] INFO:colcon.colcon_core.shell:Creating environment descriptor '/home/skyautonet/skyautonet_ws/eee/lidar_preprocessor/install/velocity_msg/share/velocity_msg/hook/ld_library_path_lib.dsv'
[0.648s] INFO:colcon.colcon_core.shell:Creating environment hook '/home/skyautonet/skyautonet_ws/eee/lidar_preprocessor/install/velocity_msg/share/velocity_msg/hook/ld_library_path_lib.sh'
[0.648s] Level 1:colcon.colcon_core.environment:checking '/home/skyautonet/skyautonet_ws/eee/lidar_preprocessor/install/velocity_msg/bin'
[0.648s] Level 1:colcon.colcon_core.environment:checking '/home/skyautonet/skyautonet_ws/eee/lidar_preprocessor/install/velocity_msg/lib/pkgconfig/velocity_msg.pc'
[0.648s] Level 1:colcon.colcon_core.environment:checking '/home/skyautonet/skyautonet_ws/eee/lidar_preprocessor/install/velocity_msg/lib/python3.8/site-packages'
[0.649s] Level 1:colcon.colcon_core.shell:create_environment_hook('velocity_msg', 'pythonpath')
[0.649s] INFO:colcon.colcon_core.shell:Creating environment hook '/home/skyautonet/skyautonet_ws/eee/lidar_preprocessor/install/velocity_msg/share/velocity_msg/hook/pythonpath.ps1'
[0.649s] INFO:colcon.colcon_core.shell:Creating environment descriptor '/home/skyautonet/skyautonet_ws/eee/lidar_preprocessor/install/velocity_msg/share/velocity_msg/hook/pythonpath.dsv'
[0.649s] INFO:colcon.colcon_core.shell:Creating environment hook '/home/skyautonet/skyautonet_ws/eee/lidar_preprocessor/install/velocity_msg/share/velocity_msg/hook/pythonpath.sh'
[0.650s] Level 1:colcon.colcon_core.environment:checking '/home/skyautonet/skyautonet_ws/eee/lidar_preprocessor/install/velocity_msg/bin'
[0.650s] INFO:colcon.colcon_core.shell:Creating package script '/home/skyautonet/skyautonet_ws/eee/lidar_preprocessor/install/velocity_msg/share/velocity_msg/package.ps1'
[0.651s] INFO:colcon.colcon_core.shell:Creating package descriptor '/home/skyautonet/skyautonet_ws/eee/lidar_preprocessor/install/velocity_msg/share/velocity_msg/package.dsv'
[0.651s] INFO:colcon.colcon_core.shell:Creating package script '/home/skyautonet/skyautonet_ws/eee/lidar_preprocessor/install/velocity_msg/share/velocity_msg/package.sh'
[0.651s] INFO:colcon.colcon_core.shell:Creating package script '/home/skyautonet/skyautonet_ws/eee/lidar_preprocessor/install/velocity_msg/share/velocity_msg/package.bash'
[0.651s] INFO:colcon.colcon_core.shell:Creating package script '/home/skyautonet/skyautonet_ws/eee/lidar_preprocessor/install/velocity_msg/share/velocity_msg/package.zsh'
[0.652s] Level 1:colcon.colcon_core.environment:create_file_with_runtime_dependencies(/home/skyautonet/skyautonet_ws/eee/lidar_preprocessor/install/velocity_msg/share/colcon-core/packages/velocity_msg)
[0.652s] INFO:colcon.colcon_ros.task.ament_cmake.build:Building ROS package in '/home/skyautonet/skyautonet_ws/eee/lidar_preprocessor/src/three_lidar' with build type 'ament_cmake'
[0.652s] INFO:colcon.colcon_cmake.task.cmake.build:Building CMake package in '/home/skyautonet/skyautonet_ws/eee/lidar_preprocessor/src/three_lidar'
[0.653s] INFO:colcon.colcon_core.shell:Skip shell extension 'powershell' for command environment: Not usable outside of PowerShell
[0.653s] DEBUG:colcon.colcon_core.shell:Skip shell extension 'dsv' for command environment
[0.660s] DEBUG:colcon.colcon_core.event_handler.log_command:Invoking command in '/home/skyautonet/skyautonet_ws/eee/lidar_preprocessor/build/three_lidar': CMAKE_PREFIX_PATH=/home/skyautonet/skyautonet_ws/eee/lidar_preprocessor/install/velocity_msg:/home/skyautonet/skyautonet_ws/eee/lidar_preprocessor/install/three_lidar:/opt/ros/foxy LD_LIBRARY_PATH=/home/skyautonet/skyautonet_ws/eee/lidar_preprocessor/install/velocity_msg/lib:/usr/local/cuda-11.4/lib64/:/usr/local/cuda-11.4/lib64/:/opt/ros/foxy/opt/yaml_cpp_vendor/lib:/opt/ros/foxy/opt/rviz_ogre_vendor/lib:/opt/ros/foxy/lib/x86_64-linux-gnu:/opt/ros/foxy/lib:/usr/local/cuda-11.4/lib64 /usr/bin/cmake --build /home/skyautonet/skyautonet_ws/eee/lidar_preprocessor/build/three_lidar -- -j20 -l20
[12.399s] DEBUG:colcon.colcon_core.event_handler.log_command:Invoked command in '/home/skyautonet/skyautonet_ws/eee/lidar_preprocessor/build/three_lidar' returned '0': CMAKE_PREFIX_PATH=/home/skyautonet/skyautonet_ws/eee/lidar_preprocessor/install/velocity_msg:/home/skyautonet/skyautonet_ws/eee/lidar_preprocessor/install/three_lidar:/opt/ros/foxy LD_LIBRARY_PATH=/home/skyautonet/skyautonet_ws/eee/lidar_preprocessor/install/velocity_msg/lib:/usr/local/cuda-11.4/lib64/:/usr/local/cuda-11.4/lib64/:/opt/ros/foxy/opt/yaml_cpp_vendor/lib:/opt/ros/foxy/opt/rviz_ogre_vendor/lib:/opt/ros/foxy/lib/x86_64-linux-gnu:/opt/ros/foxy/lib:/usr/local/cuda-11.4/lib64 /usr/bin/cmake --build /home/skyautonet/skyautonet_ws/eee/lidar_preprocessor/build/three_lidar -- -j20 -l20
[12.417s] DEBUG:colcon.colcon_core.event_handler.log_command:Invoking command in '/home/skyautonet/skyautonet_ws/eee/lidar_preprocessor/build/three_lidar': CMAKE_PREFIX_PATH=/home/skyautonet/skyautonet_ws/eee/lidar_preprocessor/install/velocity_msg:/home/skyautonet/skyautonet_ws/eee/lidar_preprocessor/install/three_lidar:/opt/ros/foxy LD_LIBRARY_PATH=/home/skyautonet/skyautonet_ws/eee/lidar_preprocessor/install/velocity_msg/lib:/usr/local/cuda-11.4/lib64/:/usr/local/cuda-11.4/lib64/:/opt/ros/foxy/opt/yaml_cpp_vendor/lib:/opt/ros/foxy/opt/rviz_ogre_vendor/lib:/opt/ros/foxy/lib/x86_64-linux-gnu:/opt/ros/foxy/lib:/usr/local/cuda-11.4/lib64 /usr/bin/cmake --install /home/skyautonet/skyautonet_ws/eee/lidar_preprocessor/build/three_lidar
[12.446s] Level 1:colcon.colcon_core.environment:create_environment_scripts_only(three_lidar)
[12.447s] DEBUG:colcon.colcon_core.event_handler.log_command:Invoked command in '/home/skyautonet/skyautonet_ws/eee/lidar_preprocessor/build/three_lidar' returned '0': CMAKE_PREFIX_PATH=/home/skyautonet/skyautonet_ws/eee/lidar_preprocessor/install/velocity_msg:/home/skyautonet/skyautonet_ws/eee/lidar_preprocessor/install/three_lidar:/opt/ros/foxy LD_LIBRARY_PATH=/home/skyautonet/skyautonet_ws/eee/lidar_preprocessor/install/velocity_msg/lib:/usr/local/cuda-11.4/lib64/:/usr/local/cuda-11.4/lib64/:/opt/ros/foxy/opt/yaml_cpp_vendor/lib:/opt/ros/foxy/opt/rviz_ogre_vendor/lib:/opt/ros/foxy/lib/x86_64-linux-gnu:/opt/ros/foxy/lib:/usr/local/cuda-11.4/lib64 /usr/bin/cmake --install /home/skyautonet/skyautonet_ws/eee/lidar_preprocessor/build/three_lidar
[12.449s] Level 1:colcon.colcon_core.environment:checking '/home/skyautonet/skyautonet_ws/eee/lidar_preprocessor/install/three_lidar' for CMake module files
[12.450s] Level 1:colcon.colcon_core.environment:checking '/home/skyautonet/skyautonet_ws/eee/lidar_preprocessor/install/three_lidar' for CMake config files
[12.450s] Level 1:colcon.colcon_core.shell:create_environment_hook('three_lidar', 'cmake_prefix_path')
[12.452s] INFO:colcon.colcon_core.shell:Creating environment hook '/home/skyautonet/skyautonet_ws/eee/lidar_preprocessor/install/three_lidar/share/three_lidar/hook/cmake_prefix_path.ps1'
[12.485s] INFO:colcon.colcon_core.shell:Creating environment descriptor '/home/skyautonet/skyautonet_ws/eee/lidar_preprocessor/install/three_lidar/share/three_lidar/hook/cmake_prefix_path.dsv'
[12.486s] INFO:colcon.colcon_core.shell:Creating environment hook '/home/skyautonet/skyautonet_ws/eee/lidar_preprocessor/install/three_lidar/share/three_lidar/hook/cmake_prefix_path.sh'
[12.487s] Level 1:colcon.colcon_core.environment:checking '/home/skyautonet/skyautonet_ws/eee/lidar_preprocessor/install/three_lidar/lib'
[12.487s] Level 1:colcon.colcon_core.environment:checking '/home/skyautonet/skyautonet_ws/eee/lidar_preprocessor/install/three_lidar/bin'
[12.487s] Level 1:colcon.colcon_core.environment:checking '/home/skyautonet/skyautonet_ws/eee/lidar_preprocessor/install/three_lidar/lib/pkgconfig/three_lidar.pc'
[12.488s] Level 1:colcon.colcon_core.environment:checking '/home/skyautonet/skyautonet_ws/eee/lidar_preprocessor/install/three_lidar/lib/python3.8/site-packages'
[12.488s] Level 1:colcon.colcon_core.environment:checking '/home/skyautonet/skyautonet_ws/eee/lidar_preprocessor/install/three_lidar/bin'
[12.492s] INFO:colcon.colcon_core.shell:Creating package script '/home/skyautonet/skyautonet_ws/eee/lidar_preprocessor/install/three_lidar/share/three_lidar/package.ps1'
[12.493s] INFO:colcon.colcon_core.shell:Creating package descriptor '/home/skyautonet/skyautonet_ws/eee/lidar_preprocessor/install/three_lidar/share/three_lidar/package.dsv'
[12.493s] INFO:colcon.colcon_core.shell:Creating package script '/home/skyautonet/skyautonet_ws/eee/lidar_preprocessor/install/three_lidar/share/three_lidar/package.sh'
[12.494s] INFO:colcon.colcon_core.shell:Creating package script '/home/skyautonet/skyautonet_ws/eee/lidar_preprocessor/install/three_lidar/share/three_lidar/package.bash'
[12.495s] INFO:colcon.colcon_core.shell:Creating package script '/home/skyautonet/skyautonet_ws/eee/lidar_preprocessor/install/three_lidar/share/three_lidar/package.zsh'
[12.495s] Level 1:colcon.colcon_core.environment:create_file_with_runtime_dependencies(/home/skyautonet/skyautonet_ws/eee/lidar_preprocessor/install/three_lidar/share/colcon-core/packages/three_lidar)
[12.548s] Level 1:colcon.colcon_core.environment:create_environment_scripts_only(three_lidar)
[12.552s] Level 1:colcon.colcon_core.environment:checking '/home/skyautonet/skyautonet_ws/eee/lidar_preprocessor/install/three_lidar' for CMake module files
[12.553s] Level 1:colcon.colcon_core.environment:checking '/home/skyautonet/skyautonet_ws/eee/lidar_preprocessor/install/three_lidar' for CMake config files
[12.553s] Level 1:colcon.colcon_core.shell:create_environment_hook('three_lidar', 'cmake_prefix_path')
[12.555s] INFO:colcon.colcon_core.shell:Creating environment hook '/home/skyautonet/skyautonet_ws/eee/lidar_preprocessor/install/three_lidar/share/three_lidar/hook/cmake_prefix_path.ps1'
[12.555s] INFO:colcon.colcon_core.shell:Creating environment descriptor '/home/skyautonet/skyautonet_ws/eee/lidar_preprocessor/install/three_lidar/share/three_lidar/hook/cmake_prefix_path.dsv'
[12.556s] INFO:colcon.colcon_core.shell:Creating environment hook '/home/skyautonet/skyautonet_ws/eee/lidar_preprocessor/install/three_lidar/share/three_lidar/hook/cmake_prefix_path.sh'
[12.556s] Level 1:colcon.colcon_core.environment:checking '/home/skyautonet/skyautonet_ws/eee/lidar_preprocessor/install/three_lidar/lib'
[12.556s] Level 1:colcon.colcon_core.environment:checking '/home/skyautonet/skyautonet_ws/eee/lidar_preprocessor/install/three_lidar/bin'
[12.557s] Level 1:colcon.colcon_core.environment:checking '/home/skyautonet/skyautonet_ws/eee/lidar_preprocessor/install/three_lidar/lib/pkgconfig/three_lidar.pc'
[12.557s] Level 1:colcon.colcon_core.environment:checking '/home/skyautonet/skyautonet_ws/eee/lidar_preprocessor/install/three_lidar/lib/python3.8/site-packages'
[12.557s] Level 1:colcon.colcon_core.environment:checking '/home/skyautonet/skyautonet_ws/eee/lidar_preprocessor/install/three_lidar/bin'
[12.558s] INFO:colcon.colcon_core.shell:Creating package script '/home/skyautonet/skyautonet_ws/eee/lidar_preprocessor/install/three_lidar/share/three_lidar/package.ps1'
[12.558s] INFO:colcon.colcon_core.shell:Creating package descriptor '/home/skyautonet/skyautonet_ws/eee/lidar_preprocessor/install/three_lidar/share/three_lidar/package.dsv'
[12.559s] INFO:colcon.colcon_core.shell:Creating package script '/home/skyautonet/skyautonet_ws/eee/lidar_preprocessor/install/three_lidar/share/three_lidar/package.sh'
[12.559s] INFO:colcon.colcon_core.shell:Creating package script '/home/skyautonet/skyautonet_ws/eee/lidar_preprocessor/install/three_lidar/share/three_lidar/package.bash'
[12.559s] INFO:colcon.colcon_core.shell:Creating package script '/home/skyautonet/skyautonet_ws/eee/lidar_preprocessor/install/three_lidar/share/three_lidar/package.zsh'
[12.559s] Level 1:colcon.colcon_core.environment:create_file_with_runtime_dependencies(/home/skyautonet/skyautonet_ws/eee/lidar_preprocessor/install/three_lidar/share/colcon-core/packages/three_lidar)
[12.560s] DEBUG:colcon.colcon_parallel_executor.executor.parallel:closing loop
[12.560s] DEBUG:colcon.colcon_parallel_executor.executor.parallel:loop closed
[12.560s] DEBUG:colcon.colcon_parallel_executor.executor.parallel:run_until_complete finished with '0'
[12.560s] DEBUG:colcon.colcon_core.event_reactor:joining thread
[12.582s] INFO:colcon.colcon_core.plugin_system:Skipping extension 'colcon_notification.desktop_notification.terminal_notifier': Not used on non-Darwin systems
[12.583s] INFO:colcon.colcon_core.plugin_system:Skipping extension 'colcon_notification.desktop_notification.win32': Not used on non-Windows systems
[12.583s] INFO:colcon.colcon_notification.desktop_notification:Sending desktop notification using 'notify2'
[12.599s] DEBUG:colcon.colcon_core.event_reactor:joined thread
[12.600s] INFO:colcon.colcon_core.shell:Creating prefix script '/home/skyautonet/skyautonet_ws/eee/lidar_preprocessor/install/local_setup.ps1'
[12.600s] INFO:colcon.colcon_core.shell:Creating prefix util module '/home/skyautonet/skyautonet_ws/eee/lidar_preprocessor/install/_local_setup_util_ps1.py'
[12.601s] INFO:colcon.colcon_core.shell:Creating prefix chain script '/home/skyautonet/skyautonet_ws/eee/lidar_preprocessor/install/setup.ps1'
[12.601s] INFO:colcon.colcon_core.shell:Creating prefix script '/home/skyautonet/skyautonet_ws/eee/lidar_preprocessor/install/local_setup.sh'
[12.602s] INFO:colcon.colcon_core.shell:Creating prefix util module '/home/skyautonet/skyautonet_ws/eee/lidar_preprocessor/install/_local_setup_util_sh.py'
[12.602s] INFO:colcon.colcon_core.shell:Creating prefix chain script '/home/skyautonet/skyautonet_ws/eee/lidar_preprocessor/install/setup.sh'
[12.602s] INFO:colcon.colcon_core.shell:Creating prefix script '/home/skyautonet/skyautonet_ws/eee/lidar_preprocessor/install/local_setup.bash'
[12.603s] INFO:colcon.colcon_core.shell:Creating prefix chain script '/home/skyautonet/skyautonet_ws/eee/lidar_preprocessor/install/setup.bash'
[12.603s] INFO:colcon.colcon_core.shell:Creating prefix script '/home/skyautonet/skyautonet_ws/eee/lidar_preprocessor/install/local_setup.zsh'
[12.603s] INFO:colcon.colcon_core.shell:Creating prefix chain script '/home/skyautonet/skyautonet_ws/eee/lidar_preprocessor/install/setup.zsh'
