[35m[1mScanning dependencies of target right[0m
[35m[1mScanning dependencies of target left[0m
[35m[1mScanning dependencies of target back[0m
[ 33%] [32mBuilding CXX object CMakeFiles/back.dir/src/back_lidar.cpp.o[0m
[ 33%] [32mBuilding CXX object CMakeFiles/left.dir/src/left_lidar.cpp.o[0m
[ 33%] [32mBuilding CXX object CMakeFiles/right.dir/src/right_lidar.cpp.o[0m
[01m[K/home/skyautonet/skyautonet_ws/eee/lidar_preprocessor/src/three_lidar/src/right_lidar.cpp:[m[K In member function ‘[01m[Kvoid RIGHT_PREPROCESSING::topic_callback(sensor_msgs::msg::PointCloud2_<std::allocator<void> >::SharedPtr)[m[K’:
[01m[K/home/skyautonet/skyautonet_ws/eee/lidar_preprocessor/src/three_lidar/src/right_lidar.cpp:120:43:[m[K [01;31m[Kerror: [m[K‘[01m[Kusing SharedPtr = class std::shared_ptr<rclcpp::Clock>[m[K’ {aka ‘[01m[Kclass std::shared_ptr<rclcpp::Clock>[m[K’} has no member named ‘[01m[Know[m[K’
  120 | get_clock().[01;31m[Know[m[K();
      |             [01;31m[K^~~[m[K

[01m[K/home/skyautonet/skyautonet_ws/eee/lidar_preprocessor/src/three_lidar/src/back_lidar.cpp:[m[K In member function ‘[01m[Kvoid BACK_PREPROCESSING::topic_callback(sensor_msgs::msg::PointCloud2_<std::allocator<void> >::SharedPtr)[m[K’:
[01m[K/home/skyautonet/skyautonet_ws/eee/lidar_preprocessor/src/three_lidar/src/back_lidar.cpp:122:43:[m[K [01;31m[Kerror: [m[K‘[01m[Kusing SharedPtr = class std::shared_ptr<rclcpp::Clock>[m[K’ {aka ‘[01m[Kclass std::shared_ptr<rclcpp::Clock>[m[K’} has no member named ‘[01m[Know[m[K’
  122 |   output.header.stamp = this->get_clock().[01;31m[Know[m[K();
      |                                           [01;31m[K^~~[m[K
[01m[K/home/skyautonet/skyautonet_ws/eee/lidar_preprocessor/src/three_lidar/src/left_lidar.cpp:[m[K In member function ‘[01m[Kvoid LEFT_PREPROCESSING::topic_callback(sensor_msgs::msg::PointCloud2_<std::allocator<void> >::SharedPtr)[m[K’:
[01m[K/home/skyautonet/skyautonet_ws/eee/lidar_preprocessor/src/three_lidar/src/left_lidar.cpp:119:43:[m[K [01;31m[Kerror: [m[K‘[01m[Kusing SharedPtr = class std::shared_ptr<rclcpp::Clock>[m[K’ {aka ‘[01m[Kclass std::shared_ptr<rclcpp::Clock>[m[K’} has no member named ‘[01m[Know[m[K’
  119 |   output.header.stamp = this->get_clock().[01;31m[Know[m[K();
      |                                           [01;31m[K^~~[m[K
make[2]: *** [CMakeFiles/back.dir/build.make:76: CMakeFiles/back.dir/src/back_lidar.cpp.o] Error 1
make[2]: *** [CMakeFiles/right.dir/build.make:76: CMakeFiles/right.dir/src/right_lidar.cpp.o] Error 1
make[1]: *** [CMakeFiles/Makefile2:136: CMakeFiles/back.dir/all] Error 2
make[1]: *** Waiting for unfinished jobs....
make[1]: *** [CMakeFiles/Makefile2:82: CMakeFiles/right.dir/all] Error 2
make[2]: *** [CMakeFiles/left.dir/build.make:76: CMakeFiles/left.dir/src/left_lidar.cpp.o] Error 1
make[1]: *** [CMakeFiles/Makefile2:109: CMakeFiles/left.dir/all] Error 2
make: *** [Makefile:141: all] Error 2
