[0.009s] Invoking command in '/home/skyautonet/skyautonet_ws/eee/lidar_preprocessor/build/three_lidar': CMAKE_PREFIX_PATH=/home/skyautonet/skyautonet_ws/eee/lidar_preprocessor/install/velocity_msg:/home/skyautonet/skyautonet_ws/eee/lidar_preprocessor/install/three_lidar:/opt/ros/foxy LD_LIBRARY_PATH=/home/skyautonet/skyautonet_ws/eee/lidar_preprocessor/install/velocity_msg/lib:/usr/local/cuda-11.4/lib64/:/opt/ros/foxy/opt/yaml_cpp_vendor/lib:/opt/ros/foxy/opt/rviz_ogre_vendor/lib:/opt/ros/foxy/lib/x86_64-linux-gnu:/opt/ros/foxy/lib:/usr/local/cuda-11.4/lib64 /usr/bin/cmake --build /home/skyautonet/skyautonet_ws/eee/lidar_preprocessor/build/three_lidar -- -j20 -l20
[0.143s] [35m[1mScanning dependencies of target right[0m
[0.143s] [35m[1mScanning dependencies of target left[0m
[0.143s] [35m[1mScanning dependencies of target back[0m
[0.187s] [ 33%] [32mBuilding CXX object CMakeFiles/back.dir/src/back_lidar.cpp.o[0m
[0.187s] [ 33%] [32mBuilding CXX object CMakeFiles/left.dir/src/left_lidar.cpp.o[0m
[0.187s] [ 33%] [32mBuilding CXX object CMakeFiles/right.dir/src/right_lidar.cpp.o[0m
[3.334s] [01m[K/home/skyautonet/skyautonet_ws/eee/lidar_preprocessor/src/three_lidar/src/right_lidar.cpp:[m[K In member function ‘[01m[Kvoid RIGHT_PREPROCESSING::topic_callback(sensor_msgs::msg::PointCloud2_<std::allocator<void> >::SharedPtr)[m[K’:
[3.334s] [01m[K/home/skyautonet/skyautonet_ws/eee/lidar_preprocessor/src/three_lidar/src/right_lidar.cpp:120:43:[m[K [01;31m[Kerror: [m[K‘[01m[Kusing SharedPtr = class std::shared_ptr<rclcpp::Clock>[m[K’ {aka ‘[01m[Kclass std::shared_ptr<rclcpp::Clock>[m[K’} has no member named ‘[01m[Know[m[K’
[3.334s]   120 | get_clock().[01;31m[Know[m[K();
[3.334s]       |             [01;31m[K^~~[m[K
[3.334s] 
[3.334s] [01m[K/home/skyautonet/skyautonet_ws/eee/lidar_preprocessor/src/three_lidar/src/back_lidar.cpp:[m[K In member function ‘[01m[Kvoid BACK_PREPROCESSING::topic_callback(sensor_msgs::msg::PointCloud2_<std::allocator<void> >::SharedPtr)[m[K’:
[3.334s] [01m[K/home/skyautonet/skyautonet_ws/eee/lidar_preprocessor/src/three_lidar/src/back_lidar.cpp:122:43:[m[K [01;31m[Kerror: [m[K‘[01m[Kusing SharedPtr = class std::shared_ptr<rclcpp::Clock>[m[K’ {aka ‘[01m[Kclass std::shared_ptr<rclcpp::Clock>[m[K’} has no member named ‘[01m[Know[m[K’
[3.334s]   122 |   output.header.stamp = this->get_clock().[01;31m[Know[m[K();
[3.334s]       |                                           [01;31m[K^~~[m[K
[3.388s] [01m[K/home/skyautonet/skyautonet_ws/eee/lidar_preprocessor/src/three_lidar/src/left_lidar.cpp:[m[K In member function ‘[01m[Kvoid LEFT_PREPROCESSING::topic_callback(sensor_msgs::msg::PointCloud2_<std::allocator<void> >::SharedPtr)[m[K’:
[3.389s] [01m[K/home/skyautonet/skyautonet_ws/eee/lidar_preprocessor/src/three_lidar/src/left_lidar.cpp:119:43:[m[K [01;31m[Kerror: [m[K‘[01m[Kusing SharedPtr = class std::shared_ptr<rclcpp::Clock>[m[K’ {aka ‘[01m[Kclass std::shared_ptr<rclcpp::Clock>[m[K’} has no member named ‘[01m[Know[m[K’
[3.389s]   119 |   output.header.stamp = this->get_clock().[01;31m[Know[m[K();
[3.389s]       |                                           [01;31m[K^~~[m[K
[6.902s] make[2]: *** [CMakeFiles/back.dir/build.make:76: CMakeFiles/back.dir/src/back_lidar.cpp.o] Error 1
[6.902s] make[2]: *** [CMakeFiles/right.dir/build.make:76: CMakeFiles/right.dir/src/right_lidar.cpp.o] Error 1
[6.903s] make[1]: *** [CMakeFiles/Makefile2:136: CMakeFiles/back.dir/all] Error 2
[6.903s] make[1]: *** Waiting for unfinished jobs....
[6.903s] make[1]: *** [CMakeFiles/Makefile2:82: CMakeFiles/right.dir/all] Error 2
[6.987s] make[2]: *** [CMakeFiles/left.dir/build.make:76: CMakeFiles/left.dir/src/left_lidar.cpp.o] Error 1
[6.987s] make[1]: *** [CMakeFiles/Makefile2:109: CMakeFiles/left.dir/all] Error 2
[6.987s] make: *** [Makefile:141: all] Error 2
[6.989s] Invoked command in '/home/skyautonet/skyautonet_ws/eee/lidar_preprocessor/build/three_lidar' returned '2': CMAKE_PREFIX_PATH=/home/skyautonet/skyautonet_ws/eee/lidar_preprocessor/install/velocity_msg:/home/skyautonet/skyautonet_ws/eee/lidar_preprocessor/install/three_lidar:/opt/ros/foxy LD_LIBRARY_PATH=/home/skyautonet/skyautonet_ws/eee/lidar_preprocessor/install/velocity_msg/lib:/usr/local/cuda-11.4/lib64/:/opt/ros/foxy/opt/yaml_cpp_vendor/lib:/opt/ros/foxy/opt/rviz_ogre_vendor/lib:/opt/ros/foxy/lib/x86_64-linux-gnu:/opt/ros/foxy/lib:/usr/local/cuda-11.4/lib64 /usr/bin/cmake --build /home/skyautonet/skyautonet_ws/eee/lidar_preprocessor/build/three_lidar -- -j20 -l20
