[0.146s] DEBUG:colcon:Command line arguments: ['/usr/bin/colcon', 'build']
[0.146s] DEBUG:colcon:Parsed command line arguments: Namespace(allow_overriding=[], ament_cmake_args=None, base_paths=['.'], build_base='build', catkin_cmake_args=None, catkin_skip_building_tests=False, cmake_args=None, cmake_clean_cache=False, cmake_clean_first=False, cmake_force_configure=False, cmake_target=None, cmake_target_skip_unavailable=False, continue_on_error=False, event_handlers=None, executor='parallel', ignore_user_meta=False, install_base='install', log_base=None, log_level=None, main=<bound method BuildVerb.main of <colcon_core.verb.build.BuildVerb object at 0x7efe2bdcd760>>, merge_install=False, metas=['./colcon.meta'], packages_above=None, packages_above_and_dependencies=None, packages_above_depth=None, packages_end=None, packages_ignore=None, packages_ignore_regex=None, packages_select=None, packages_select_build_failed=False, packages_select_by_dep=None, packages_select_regex=None, packages_select_test_failures=False, packages_skip=None, packages_skip_build_finished=False, packages_skip_by_dep=None, packages_skip_regex=None, packages_skip_test_passed=False, packages_skip_up_to=None, packages_start=None, packages_up_to=None, packages_up_to_regex=None, parallel_workers=20, paths=None, symlink_install=False, test_result_base=None, verb_extension=<colcon_core.verb.build.BuildVerb object at 0x7efe2bdcd760>, verb_name='build', verb_parser=<colcon_defaults.argument_parser.defaults.DefaultArgumentsDecorator object at 0x7efe2bdcdca0>)
[0.159s] Level 1:colcon.colcon_core.package_discovery:discover_packages(colcon_meta) check parameters
[0.159s] Level 1:colcon.colcon_core.package_discovery:discover_packages(recursive) check parameters
[0.159s] Level 1:colcon.colcon_core.package_discovery:discover_packages(ignore) check parameters
[0.159s] Level 1:colcon.colcon_core.package_discovery:discover_packages(path) check parameters
[0.159s] Level 1:colcon.colcon_core.package_discovery:discover_packages(colcon_meta) discover
[0.159s] Level 1:colcon.colcon_core.package_discovery:discover_packages(recursive) discover
[0.159s] INFO:colcon.colcon_core.package_discovery:Crawling recursively for packages in '/home/skyautonet/skyautonet_ws/eee/multi_lidar'
[0.159s] Level 1:colcon.colcon_core.package_identification:_identify(.) by extensions ['ignore', 'ignore_ament_install']
[0.159s] Level 1:colcon.colcon_core.package_identification:_identify(.) by extension 'ignore'
[0.159s] Level 1:colcon.colcon_core.package_identification:_identify(.) by extension 'ignore_ament_install'
[0.159s] Level 1:colcon.colcon_core.package_identification:_identify(.) by extensions ['colcon_pkg']
[0.159s] Level 1:colcon.colcon_core.package_identification:_identify(.) by extension 'colcon_pkg'
[0.159s] Level 1:colcon.colcon_core.package_identification:_identify(.) by extensions ['colcon_meta']
[0.159s] Level 1:colcon.colcon_core.package_identification:_identify(.) by extension 'colcon_meta'
[0.159s] Level 1:colcon.colcon_core.package_identification:_identify(.) by extensions ['ros']
[0.159s] Level 1:colcon.colcon_core.package_identification:_identify(.) by extension 'ros'
[0.171s] Level 1:colcon.colcon_core.package_identification:_identify(.) by extensions ['cmake', 'python']
[0.171s] Level 1:colcon.colcon_core.package_identification:_identify(.) by extension 'cmake'
[0.171s] Level 1:colcon.colcon_core.package_identification:_identify(.) by extension 'python'
[0.171s] Level 1:colcon.colcon_core.package_identification:_identify(.) by extensions ['python_setup_py']
[0.171s] Level 1:colcon.colcon_core.package_identification:_identify(.) by extension 'python_setup_py'
[0.171s] Level 1:colcon.colcon_core.package_identification:_identify(build) by extensions ['ignore', 'ignore_ament_install']
[0.171s] Level 1:colcon.colcon_core.package_identification:_identify(build) by extension 'ignore'
[0.171s] Level 1:colcon.colcon_core.package_identification:_identify(build) ignored
[0.171s] Level 1:colcon.colcon_core.package_identification:_identify(install) by extensions ['ignore', 'ignore_ament_install']
[0.171s] Level 1:colcon.colcon_core.package_identification:_identify(install) by extension 'ignore'
[0.171s] Level 1:colcon.colcon_core.package_identification:_identify(install) ignored
[0.172s] Level 1:colcon.colcon_core.package_identification:_identify(log) by extensions ['ignore', 'ignore_ament_install']
[0.172s] Level 1:colcon.colcon_core.package_identification:_identify(log) by extension 'ignore'
[0.172s] Level 1:colcon.colcon_core.package_identification:_identify(log) ignored
[0.172s] Level 1:colcon.colcon_core.package_identification:_identify(src) by extensions ['ignore', 'ignore_ament_install']
[0.172s] Level 1:colcon.colcon_core.package_identification:_identify(src) by extension 'ignore'
[0.172s] Level 1:colcon.colcon_core.package_identification:_identify(src) by extension 'ignore_ament_install'
[0.172s] Level 1:colcon.colcon_core.package_identification:_identify(src) by extensions ['colcon_pkg']
[0.172s] Level 1:colcon.colcon_core.package_identification:_identify(src) by extension 'colcon_pkg'
[0.172s] Level 1:colcon.colcon_core.package_identification:_identify(src) by extensions ['colcon_meta']
[0.172s] Level 1:colcon.colcon_core.package_identification:_identify(src) by extension 'colcon_meta'
[0.172s] Level 1:colcon.colcon_core.package_identification:_identify(src) by extensions ['ros']
[0.172s] Level 1:colcon.colcon_core.package_identification:_identify(src) by extension 'ros'
[0.172s] Level 1:colcon.colcon_core.package_identification:_identify(src) by extensions ['cmake', 'python']
[0.172s] Level 1:colcon.colcon_core.package_identification:_identify(src) by extension 'cmake'
[0.172s] Level 1:colcon.colcon_core.package_identification:_identify(src) by extension 'python'
[0.172s] Level 1:colcon.colcon_core.package_identification:_identify(src) by extensions ['python_setup_py']
[0.172s] Level 1:colcon.colcon_core.package_identification:_identify(src) by extension 'python_setup_py'
[0.172s] Level 1:colcon.colcon_core.package_identification:_identify(src/autoware_point_types) by extensions ['ignore', 'ignore_ament_install']
[0.172s] Level 1:colcon.colcon_core.package_identification:_identify(src/autoware_point_types) by extension 'ignore'
[0.172s] Level 1:colcon.colcon_core.package_identification:_identify(src/autoware_point_types) by extension 'ignore_ament_install'
[0.172s] Level 1:colcon.colcon_core.package_identification:_identify(src/autoware_point_types) by extensions ['colcon_pkg']
[0.172s] Level 1:colcon.colcon_core.package_identification:_identify(src/autoware_point_types) by extension 'colcon_pkg'
[0.172s] Level 1:colcon.colcon_core.package_identification:_identify(src/autoware_point_types) by extensions ['colcon_meta']
[0.172s] Level 1:colcon.colcon_core.package_identification:_identify(src/autoware_point_types) by extension 'colcon_meta'
[0.172s] Level 1:colcon.colcon_core.package_identification:_identify(src/autoware_point_types) by extensions ['ros']
[0.172s] Level 1:colcon.colcon_core.package_identification:_identify(src/autoware_point_types) by extension 'ros'
[0.174s] DEBUG:colcon.colcon_core.package_identification:Package 'src/autoware_point_types' with type 'ros.ament_cmake' and name 'autoware_point_types'
[0.174s] Level 1:colcon.colcon_core.package_identification:_identify(src/c_auto_vehicle_msgs) by extensions ['ignore', 'ignore_ament_install']
[0.174s] Level 1:colcon.colcon_core.package_identification:_identify(src/c_auto_vehicle_msgs) by extension 'ignore'
[0.174s] Level 1:colcon.colcon_core.package_identification:_identify(src/c_auto_vehicle_msgs) by extension 'ignore_ament_install'
[0.174s] Level 1:colcon.colcon_core.package_identification:_identify(src/c_auto_vehicle_msgs) by extensions ['colcon_pkg']
[0.174s] Level 1:colcon.colcon_core.package_identification:_identify(src/c_auto_vehicle_msgs) by extension 'colcon_pkg'
[0.174s] Level 1:colcon.colcon_core.package_identification:_identify(src/c_auto_vehicle_msgs) by extensions ['colcon_meta']
[0.174s] Level 1:colcon.colcon_core.package_identification:_identify(src/c_auto_vehicle_msgs) by extension 'colcon_meta'
[0.174s] Level 1:colcon.colcon_core.package_identification:_identify(src/c_auto_vehicle_msgs) by extensions ['ros']
[0.174s] Level 1:colcon.colcon_core.package_identification:_identify(src/c_auto_vehicle_msgs) by extension 'ros'
[0.174s] DEBUG:colcon.colcon_core.package_identification:Package 'src/c_auto_vehicle_msgs' with type 'ros.ament_cmake' and name 'c_auto_vehicle_msgs'
[0.174s] Level 1:colcon.colcon_core.package_identification:_identify(src/concat) by extensions ['ignore', 'ignore_ament_install']
[0.175s] Level 1:colcon.colcon_core.package_identification:_identify(src/concat) by extension 'ignore'
[0.175s] Level 1:colcon.colcon_core.package_identification:_identify(src/concat) by extension 'ignore_ament_install'
[0.175s] Level 1:colcon.colcon_core.package_identification:_identify(src/concat) by extensions ['colcon_pkg']
[0.175s] Level 1:colcon.colcon_core.package_identification:_identify(src/concat) by extension 'colcon_pkg'
[0.175s] Level 1:colcon.colcon_core.package_identification:_identify(src/concat) by extensions ['colcon_meta']
[0.175s] Level 1:colcon.colcon_core.package_identification:_identify(src/concat) by extension 'colcon_meta'
[0.175s] Level 1:colcon.colcon_core.package_identification:_identify(src/concat) by extensions ['ros']
[0.175s] Level 1:colcon.colcon_core.package_identification:_identify(src/concat) by extension 'ros'
[0.176s] DEBUG:colcon.colcon_core.package_identification:Package 'src/concat' with type 'ros.ament_cmake' and name 'concat'
[0.176s] Level 1:colcon.colcon_core.package_discovery:discover_packages(recursive) using defaults
[0.176s] Level 1:colcon.colcon_core.package_discovery:discover_packages(ignore) discover
[0.176s] Level 1:colcon.colcon_core.package_discovery:discover_packages(ignore) using defaults
[0.176s] Level 1:colcon.colcon_core.package_discovery:discover_packages(path) discover
[0.176s] Level 1:colcon.colcon_core.package_discovery:discover_packages(path) using defaults
[0.186s] Level 1:colcon.colcon_core.package_discovery:discover_packages(prefix_path) check parameters
[0.186s] Level 1:colcon.colcon_core.package_discovery:discover_packages(prefix_path) discover
[0.187s] DEBUG:colcon.colcon_installed_package_information.package_discovery:Found 3 installed packages in /home/skyautonet/skyautonet_ws/eee/multi_lidar/install
[0.188s] DEBUG:colcon.colcon_installed_package_information.package_discovery:Found 269 installed packages in /opt/ros/foxy
[0.189s] Level 1:colcon.colcon_core.package_discovery:discover_packages(prefix_path) using defaults
[0.220s] Level 5:colcon.colcon_core.verb:set package 'autoware_point_types' build argument 'cmake_args' from command line to 'None'
[0.220s] Level 5:colcon.colcon_core.verb:set package 'autoware_point_types' build argument 'cmake_target' from command line to 'None'
[0.220s] Level 5:colcon.colcon_core.verb:set package 'autoware_point_types' build argument 'cmake_target_skip_unavailable' from command line to 'False'
[0.220s] Level 5:colcon.colcon_core.verb:set package 'autoware_point_types' build argument 'cmake_clean_cache' from command line to 'False'
[0.220s] Level 5:colcon.colcon_core.verb:set package 'autoware_point_types' build argument 'cmake_clean_first' from command line to 'False'
[0.220s] Level 5:colcon.colcon_core.verb:set package 'autoware_point_types' build argument 'cmake_force_configure' from command line to 'False'
[0.220s] Level 5:colcon.colcon_core.verb:set package 'autoware_point_types' build argument 'ament_cmake_args' from command line to 'None'
[0.220s] Level 5:colcon.colcon_core.verb:set package 'autoware_point_types' build argument 'catkin_cmake_args' from command line to 'None'
[0.220s] Level 5:colcon.colcon_core.verb:set package 'autoware_point_types' build argument 'catkin_skip_building_tests' from command line to 'False'
[0.220s] DEBUG:colcon.colcon_core.verb:Building package 'autoware_point_types' with the following arguments: {'ament_cmake_args': None, 'build_base': '/home/skyautonet/skyautonet_ws/eee/multi_lidar/build/autoware_point_types', 'catkin_cmake_args': None, 'catkin_skip_building_tests': False, 'cmake_args': None, 'cmake_clean_cache': False, 'cmake_clean_first': False, 'cmake_force_configure': False, 'cmake_target': None, 'cmake_target_skip_unavailable': False, 'install_base': '/home/skyautonet/skyautonet_ws/eee/multi_lidar/install/autoware_point_types', 'merge_install': False, 'path': '/home/skyautonet/skyautonet_ws/eee/multi_lidar/src/autoware_point_types', 'symlink_install': False, 'test_result_base': None}
[0.220s] Level 5:colcon.colcon_core.verb:set package 'c_auto_vehicle_msgs' build argument 'cmake_args' from command line to 'None'
[0.221s] Level 5:colcon.colcon_core.verb:set package 'c_auto_vehicle_msgs' build argument 'cmake_target' from command line to 'None'
[0.221s] Level 5:colcon.colcon_core.verb:set package 'c_auto_vehicle_msgs' build argument 'cmake_target_skip_unavailable' from command line to 'False'
[0.221s] Level 5:colcon.colcon_core.verb:set package 'c_auto_vehicle_msgs' build argument 'cmake_clean_cache' from command line to 'False'
[0.221s] Level 5:colcon.colcon_core.verb:set package 'c_auto_vehicle_msgs' build argument 'cmake_clean_first' from command line to 'False'
[0.221s] Level 5:colcon.colcon_core.verb:set package 'c_auto_vehicle_msgs' build argument 'cmake_force_configure' from command line to 'False'
[0.221s] Level 5:colcon.colcon_core.verb:set package 'c_auto_vehicle_msgs' build argument 'ament_cmake_args' from command line to 'None'
[0.221s] Level 5:colcon.colcon_core.verb:set package 'c_auto_vehicle_msgs' build argument 'catkin_cmake_args' from command line to 'None'
[0.221s] Level 5:colcon.colcon_core.verb:set package 'c_auto_vehicle_msgs' build argument 'catkin_skip_building_tests' from command line to 'False'
[0.221s] DEBUG:colcon.colcon_core.verb:Building package 'c_auto_vehicle_msgs' with the following arguments: {'ament_cmake_args': None, 'build_base': '/home/skyautonet/skyautonet_ws/eee/multi_lidar/build/c_auto_vehicle_msgs', 'catkin_cmake_args': None, 'catkin_skip_building_tests': False, 'cmake_args': None, 'cmake_clean_cache': False, 'cmake_clean_first': False, 'cmake_force_configure': False, 'cmake_target': None, 'cmake_target_skip_unavailable': False, 'install_base': '/home/skyautonet/skyautonet_ws/eee/multi_lidar/install/c_auto_vehicle_msgs', 'merge_install': False, 'path': '/home/skyautonet/skyautonet_ws/eee/multi_lidar/src/c_auto_vehicle_msgs', 'symlink_install': False, 'test_result_base': None}
[0.221s] Level 5:colcon.colcon_core.verb:set package 'concat' build argument 'cmake_args' from command line to 'None'
[0.221s] Level 5:colcon.colcon_core.verb:set package 'concat' build argument 'cmake_target' from command line to 'None'
[0.221s] Level 5:colcon.colcon_core.verb:set package 'concat' build argument 'cmake_target_skip_unavailable' from command line to 'False'
[0.221s] Level 5:colcon.colcon_core.verb:set package 'concat' build argument 'cmake_clean_cache' from command line to 'False'
[0.221s] Level 5:colcon.colcon_core.verb:set package 'concat' build argument 'cmake_clean_first' from command line to 'False'
[0.221s] Level 5:colcon.colcon_core.verb:set package 'concat' build argument 'cmake_force_configure' from command line to 'False'
[0.221s] Level 5:colcon.colcon_core.verb:set package 'concat' build argument 'ament_cmake_args' from command line to 'None'
[0.221s] Level 5:colcon.colcon_core.verb:set package 'concat' build argument 'catkin_cmake_args' from command line to 'None'
[0.221s] Level 5:colcon.colcon_core.verb:set package 'concat' build argument 'catkin_skip_building_tests' from command line to 'False'
[0.221s] DEBUG:colcon.colcon_core.verb:Building package 'concat' with the following arguments: {'ament_cmake_args': None, 'build_base': '/home/skyautonet/skyautonet_ws/eee/multi_lidar/build/concat', 'catkin_cmake_args': None, 'catkin_skip_building_tests': False, 'cmake_args': None, 'cmake_clean_cache': False, 'cmake_clean_first': False, 'cmake_force_configure': False, 'cmake_target': None, 'cmake_target_skip_unavailable': False, 'install_base': '/home/skyautonet/skyautonet_ws/eee/multi_lidar/install/concat', 'merge_install': False, 'path': '/home/skyautonet/skyautonet_ws/eee/multi_lidar/src/concat', 'symlink_install': False, 'test_result_base': None}
[0.221s] INFO:colcon.colcon_core.executor:Executing jobs using 'parallel' executor
[0.223s] DEBUG:colcon.colcon_parallel_executor.executor.parallel:run_until_complete
[0.223s] INFO:colcon.colcon_ros.task.ament_cmake.build:Building ROS package in '/home/skyautonet/skyautonet_ws/eee/multi_lidar/src/c_auto_vehicle_msgs' with build type 'ament_cmake'
[0.223s] INFO:colcon.colcon_cmake.task.cmake.build:Building CMake package in '/home/skyautonet/skyautonet_ws/eee/multi_lidar/src/c_auto_vehicle_msgs'
[0.226s] INFO:colcon.colcon_core.plugin_system:Skipping extension 'colcon_core.shell.bat': Not used on non-Windows systems
[0.226s] INFO:colcon.colcon_core.shell:Skip shell extension 'powershell' for command environment: Not usable outside of PowerShell
[0.226s] DEBUG:colcon.colcon_core.shell:Skip shell extension 'dsv' for command environment
[0.229s] INFO:colcon.colcon_ros.task.ament_cmake.build:Building ROS package in '/home/skyautonet/skyautonet_ws/eee/multi_lidar/src/autoware_point_types' with build type 'ament_cmake'
[0.229s] INFO:colcon.colcon_cmake.task.cmake.build:Building CMake package in '/home/skyautonet/skyautonet_ws/eee/multi_lidar/src/autoware_point_types'
[0.230s] INFO:colcon.colcon_core.shell:Skip shell extension 'powershell' for command environment: Not usable outside of PowerShell
[0.230s] DEBUG:colcon.colcon_core.shell:Skip shell extension 'dsv' for command environment
[0.236s] DEBUG:colcon.colcon_core.event_handler.log_command:Invoking command in '/home/skyautonet/skyautonet_ws/eee/multi_lidar/build/c_auto_vehicle_msgs': CMAKE_PREFIX_PATH=${CMAKE_PREFIX_PATH}:/opt/ros/foxy /usr/bin/cmake --build /home/skyautonet/skyautonet_ws/eee/multi_lidar/build/c_auto_vehicle_msgs -- -j20 -l20
[0.239s] DEBUG:colcon.colcon_core.event_handler.log_command:Invoking command in '/home/skyautonet/skyautonet_ws/eee/multi_lidar/build/autoware_point_types': CMAKE_PREFIX_PATH=${CMAKE_PREFIX_PATH}:/opt/ros/foxy /usr/bin/cmake --build /home/skyautonet/skyautonet_ws/eee/multi_lidar/build/autoware_point_types -- -j20 -l20
[0.266s] DEBUG:colcon.colcon_core.event_handler.log_command:Invoked command in '/home/skyautonet/skyautonet_ws/eee/multi_lidar/build/autoware_point_types' returned '0': CMAKE_PREFIX_PATH=${CMAKE_PREFIX_PATH}:/opt/ros/foxy /usr/bin/cmake --build /home/skyautonet/skyautonet_ws/eee/multi_lidar/build/autoware_point_types -- -j20 -l20
[0.280s] WARNING:colcon.colcon_cmake.task.cmake.build:Could not run installation step for package 'autoware_point_types' because it has no 'install' target
[0.281s] Level 1:colcon.colcon_core.environment:create_environment_scripts_only(autoware_point_types)
[0.285s] Level 1:colcon.colcon_core.environment:checking '/home/skyautonet/skyautonet_ws/eee/multi_lidar/install/autoware_point_types' for CMake module files
[0.285s] Level 1:colcon.colcon_core.environment:checking '/home/skyautonet/skyautonet_ws/eee/multi_lidar/install/autoware_point_types' for CMake config files
[0.286s] Level 1:colcon.colcon_core.environment:checking '/home/skyautonet/skyautonet_ws/eee/multi_lidar/install/autoware_point_types/bin'
[0.286s] Level 1:colcon.colcon_core.environment:checking '/home/skyautonet/skyautonet_ws/eee/multi_lidar/install/autoware_point_types/lib/pkgconfig/autoware_point_types.pc'
[0.286s] Level 1:colcon.colcon_core.environment:checking '/home/skyautonet/skyautonet_ws/eee/multi_lidar/install/autoware_point_types/lib/python3.8/site-packages'
[0.286s] Level 1:colcon.colcon_core.environment:checking '/home/skyautonet/skyautonet_ws/eee/multi_lidar/install/autoware_point_types/bin'
[0.287s] INFO:colcon.colcon_core.shell:Creating package script '/home/skyautonet/skyautonet_ws/eee/multi_lidar/install/autoware_point_types/share/autoware_point_types/package.ps1'
[0.287s] INFO:colcon.colcon_core.shell:Creating package descriptor '/home/skyautonet/skyautonet_ws/eee/multi_lidar/install/autoware_point_types/share/autoware_point_types/package.dsv'
[0.287s] INFO:colcon.colcon_core.shell:Creating package script '/home/skyautonet/skyautonet_ws/eee/multi_lidar/install/autoware_point_types/share/autoware_point_types/package.sh'
[0.288s] INFO:colcon.colcon_core.shell:Creating package script '/home/skyautonet/skyautonet_ws/eee/multi_lidar/install/autoware_point_types/share/autoware_point_types/package.bash'
[0.288s] INFO:colcon.colcon_core.shell:Creating package script '/home/skyautonet/skyautonet_ws/eee/multi_lidar/install/autoware_point_types/share/autoware_point_types/package.zsh'
[0.288s] Level 1:colcon.colcon_core.environment:create_file_with_runtime_dependencies(/home/skyautonet/skyautonet_ws/eee/multi_lidar/install/autoware_point_types/share/colcon-core/packages/autoware_point_types)
[0.297s] Level 1:colcon.colcon_core.environment:create_environment_scripts_only(autoware_point_types)
[0.298s] Level 1:colcon.colcon_core.environment:checking '/home/skyautonet/skyautonet_ws/eee/multi_lidar/install/autoware_point_types' for CMake module files
[0.298s] Level 1:colcon.colcon_core.environment:checking '/home/skyautonet/skyautonet_ws/eee/multi_lidar/install/autoware_point_types' for CMake config files
[0.299s] Level 1:colcon.colcon_core.environment:checking '/home/skyautonet/skyautonet_ws/eee/multi_lidar/install/autoware_point_types/bin'
[0.299s] Level 1:colcon.colcon_core.environment:checking '/home/skyautonet/skyautonet_ws/eee/multi_lidar/install/autoware_point_types/lib/pkgconfig/autoware_point_types.pc'
[0.299s] Level 1:colcon.colcon_core.environment:checking '/home/skyautonet/skyautonet_ws/eee/multi_lidar/install/autoware_point_types/lib/python3.8/site-packages'
[0.299s] Level 1:colcon.colcon_core.environment:checking '/home/skyautonet/skyautonet_ws/eee/multi_lidar/install/autoware_point_types/bin'
[0.300s] INFO:colcon.colcon_core.shell:Creating package script '/home/skyautonet/skyautonet_ws/eee/multi_lidar/install/autoware_point_types/share/autoware_point_types/package.ps1'
[0.300s] INFO:colcon.colcon_core.shell:Creating package descriptor '/home/skyautonet/skyautonet_ws/eee/multi_lidar/install/autoware_point_types/share/autoware_point_types/package.dsv'
[0.300s] INFO:colcon.colcon_core.shell:Creating package script '/home/skyautonet/skyautonet_ws/eee/multi_lidar/install/autoware_point_types/share/autoware_point_types/package.sh'
[0.300s] INFO:colcon.colcon_core.shell:Creating package script '/home/skyautonet/skyautonet_ws/eee/multi_lidar/install/autoware_point_types/share/autoware_point_types/package.bash'
[0.300s] INFO:colcon.colcon_core.shell:Creating package script '/home/skyautonet/skyautonet_ws/eee/multi_lidar/install/autoware_point_types/share/autoware_point_types/package.zsh'
[0.300s] Level 1:colcon.colcon_core.environment:create_file_with_runtime_dependencies(/home/skyautonet/skyautonet_ws/eee/multi_lidar/install/autoware_point_types/share/colcon-core/packages/autoware_point_types)
[0.373s] DEBUG:colcon.colcon_core.event_handler.log_command:Invoked command in '/home/skyautonet/skyautonet_ws/eee/multi_lidar/build/c_auto_vehicle_msgs' returned '0': CMAKE_PREFIX_PATH=${CMAKE_PREFIX_PATH}:/opt/ros/foxy /usr/bin/cmake --build /home/skyautonet/skyautonet_ws/eee/multi_lidar/build/c_auto_vehicle_msgs -- -j20 -l20
[0.421s] DEBUG:colcon.colcon_core.event_handler.log_command:Invoking command in '/home/skyautonet/skyautonet_ws/eee/multi_lidar/build/c_auto_vehicle_msgs': CMAKE_PREFIX_PATH=${CMAKE_PREFIX_PATH}:/opt/ros/foxy /usr/bin/cmake --install /home/skyautonet/skyautonet_ws/eee/multi_lidar/build/c_auto_vehicle_msgs
[0.451s] Level 1:colcon.colcon_core.environment:create_environment_scripts_only(c_auto_vehicle_msgs)
[0.452s] Level 1:colcon.colcon_core.environment:checking '/home/skyautonet/skyautonet_ws/eee/multi_lidar/install/c_auto_vehicle_msgs' for CMake module files
[0.452s] DEBUG:colcon.colcon_core.event_handler.log_command:Invoked command in '/home/skyautonet/skyautonet_ws/eee/multi_lidar/build/c_auto_vehicle_msgs' returned '0': CMAKE_PREFIX_PATH=${CMAKE_PREFIX_PATH}:/opt/ros/foxy /usr/bin/cmake --install /home/skyautonet/skyautonet_ws/eee/multi_lidar/build/c_auto_vehicle_msgs
[0.452s] Level 1:colcon.colcon_core.environment:checking '/home/skyautonet/skyautonet_ws/eee/multi_lidar/install/c_auto_vehicle_msgs' for CMake config files
[0.453s] Level 1:colcon.colcon_core.shell:create_environment_hook('c_auto_vehicle_msgs', 'cmake_prefix_path')
[0.453s] INFO:colcon.colcon_core.shell:Creating environment hook '/home/skyautonet/skyautonet_ws/eee/multi_lidar/install/c_auto_vehicle_msgs/share/c_auto_vehicle_msgs/hook/cmake_prefix_path.ps1'
[0.454s] INFO:colcon.colcon_core.shell:Creating environment descriptor '/home/skyautonet/skyautonet_ws/eee/multi_lidar/install/c_auto_vehicle_msgs/share/c_auto_vehicle_msgs/hook/cmake_prefix_path.dsv'
[0.454s] INFO:colcon.colcon_core.shell:Creating environment hook '/home/skyautonet/skyautonet_ws/eee/multi_lidar/install/c_auto_vehicle_msgs/share/c_auto_vehicle_msgs/hook/cmake_prefix_path.sh'
[0.454s] Level 1:colcon.colcon_core.environment:checking '/home/skyautonet/skyautonet_ws/eee/multi_lidar/install/c_auto_vehicle_msgs/lib'
[0.455s] Level 1:colcon.colcon_core.shell:create_environment_hook('c_auto_vehicle_msgs', 'ld_library_path_lib')
[0.455s] INFO:colcon.colcon_core.shell:Creating environment hook '/home/skyautonet/skyautonet_ws/eee/multi_lidar/install/c_auto_vehicle_msgs/share/c_auto_vehicle_msgs/hook/ld_library_path_lib.ps1'
[0.456s] INFO:colcon.colcon_core.shell:Creating environment descriptor '/home/skyautonet/skyautonet_ws/eee/multi_lidar/install/c_auto_vehicle_msgs/share/c_auto_vehicle_msgs/hook/ld_library_path_lib.dsv'
[0.456s] INFO:colcon.colcon_core.shell:Creating environment hook '/home/skyautonet/skyautonet_ws/eee/multi_lidar/install/c_auto_vehicle_msgs/share/c_auto_vehicle_msgs/hook/ld_library_path_lib.sh'
[0.456s] Level 1:colcon.colcon_core.environment:checking '/home/skyautonet/skyautonet_ws/eee/multi_lidar/install/c_auto_vehicle_msgs/bin'
[0.456s] Level 1:colcon.colcon_core.environment:checking '/home/skyautonet/skyautonet_ws/eee/multi_lidar/install/c_auto_vehicle_msgs/lib/pkgconfig/c_auto_vehicle_msgs.pc'
[0.456s] Level 1:colcon.colcon_core.environment:checking '/home/skyautonet/skyautonet_ws/eee/multi_lidar/install/c_auto_vehicle_msgs/lib/python3.8/site-packages'
[0.456s] Level 1:colcon.colcon_core.shell:create_environment_hook('c_auto_vehicle_msgs', 'pythonpath')
[0.457s] INFO:colcon.colcon_core.shell:Creating environment hook '/home/skyautonet/skyautonet_ws/eee/multi_lidar/install/c_auto_vehicle_msgs/share/c_auto_vehicle_msgs/hook/pythonpath.ps1'
[0.457s] INFO:colcon.colcon_core.shell:Creating environment descriptor '/home/skyautonet/skyautonet_ws/eee/multi_lidar/install/c_auto_vehicle_msgs/share/c_auto_vehicle_msgs/hook/pythonpath.dsv'
[0.457s] INFO:colcon.colcon_core.shell:Creating environment hook '/home/skyautonet/skyautonet_ws/eee/multi_lidar/install/c_auto_vehicle_msgs/share/c_auto_vehicle_msgs/hook/pythonpath.sh'
[0.457s] Level 1:colcon.colcon_core.environment:checking '/home/skyautonet/skyautonet_ws/eee/multi_lidar/install/c_auto_vehicle_msgs/bin'
[0.458s] INFO:colcon.colcon_core.shell:Creating package script '/home/skyautonet/skyautonet_ws/eee/multi_lidar/install/c_auto_vehicle_msgs/share/c_auto_vehicle_msgs/package.ps1'
[0.458s] INFO:colcon.colcon_core.shell:Creating package descriptor '/home/skyautonet/skyautonet_ws/eee/multi_lidar/install/c_auto_vehicle_msgs/share/c_auto_vehicle_msgs/package.dsv'
[0.458s] INFO:colcon.colcon_core.shell:Creating package script '/home/skyautonet/skyautonet_ws/eee/multi_lidar/install/c_auto_vehicle_msgs/share/c_auto_vehicle_msgs/package.sh'
[0.458s] INFO:colcon.colcon_core.shell:Creating package script '/home/skyautonet/skyautonet_ws/eee/multi_lidar/install/c_auto_vehicle_msgs/share/c_auto_vehicle_msgs/package.bash'
[0.459s] INFO:colcon.colcon_core.shell:Creating package script '/home/skyautonet/skyautonet_ws/eee/multi_lidar/install/c_auto_vehicle_msgs/share/c_auto_vehicle_msgs/package.zsh'
[0.459s] Level 1:colcon.colcon_core.environment:create_file_with_runtime_dependencies(/home/skyautonet/skyautonet_ws/eee/multi_lidar/install/c_auto_vehicle_msgs/share/colcon-core/packages/c_auto_vehicle_msgs)
[0.488s] Level 1:colcon.colcon_core.environment:create_environment_scripts_only(c_auto_vehicle_msgs)
[0.489s] Level 1:colcon.colcon_core.environment:checking '/home/skyautonet/skyautonet_ws/eee/multi_lidar/install/c_auto_vehicle_msgs' for CMake module files
[0.489s] Level 1:colcon.colcon_core.environment:checking '/home/skyautonet/skyautonet_ws/eee/multi_lidar/install/c_auto_vehicle_msgs' for CMake config files
[0.489s] Level 1:colcon.colcon_core.shell:create_environment_hook('c_auto_vehicle_msgs', 'cmake_prefix_path')
[0.490s] INFO:colcon.colcon_core.shell:Creating environment hook '/home/skyautonet/skyautonet_ws/eee/multi_lidar/install/c_auto_vehicle_msgs/share/c_auto_vehicle_msgs/hook/cmake_prefix_path.ps1'
[0.490s] INFO:colcon.colcon_core.shell:Creating environment descriptor '/home/skyautonet/skyautonet_ws/eee/multi_lidar/install/c_auto_vehicle_msgs/share/c_auto_vehicle_msgs/hook/cmake_prefix_path.dsv'
[0.490s] INFO:colcon.colcon_core.shell:Creating environment hook '/home/skyautonet/skyautonet_ws/eee/multi_lidar/install/c_auto_vehicle_msgs/share/c_auto_vehicle_msgs/hook/cmake_prefix_path.sh'
[0.491s] Level 1:colcon.colcon_core.environment:checking '/home/skyautonet/skyautonet_ws/eee/multi_lidar/install/c_auto_vehicle_msgs/lib'
[0.491s] Level 1:colcon.colcon_core.shell:create_environment_hook('c_auto_vehicle_msgs', 'ld_library_path_lib')
[0.491s] INFO:colcon.colcon_core.shell:Creating environment hook '/home/skyautonet/skyautonet_ws/eee/multi_lidar/install/c_auto_vehicle_msgs/share/c_auto_vehicle_msgs/hook/ld_library_path_lib.ps1'
[0.491s] INFO:colcon.colcon_core.shell:Creating environment descriptor '/home/skyautonet/skyautonet_ws/eee/multi_lidar/install/c_auto_vehicle_msgs/share/c_auto_vehicle_msgs/hook/ld_library_path_lib.dsv'
[0.492s] INFO:colcon.colcon_core.shell:Creating environment hook '/home/skyautonet/skyautonet_ws/eee/multi_lidar/install/c_auto_vehicle_msgs/share/c_auto_vehicle_msgs/hook/ld_library_path_lib.sh'
[0.492s] Level 1:colcon.colcon_core.environment:checking '/home/skyautonet/skyautonet_ws/eee/multi_lidar/install/c_auto_vehicle_msgs/bin'
[0.492s] Level 1:colcon.colcon_core.environment:checking '/home/skyautonet/skyautonet_ws/eee/multi_lidar/install/c_auto_vehicle_msgs/lib/pkgconfig/c_auto_vehicle_msgs.pc'
[0.492s] Level 1:colcon.colcon_core.environment:checking '/home/skyautonet/skyautonet_ws/eee/multi_lidar/install/c_auto_vehicle_msgs/lib/python3.8/site-packages'
[0.492s] Level 1:colcon.colcon_core.shell:create_environment_hook('c_auto_vehicle_msgs', 'pythonpath')
[0.493s] INFO:colcon.colcon_core.shell:Creating environment hook '/home/skyautonet/skyautonet_ws/eee/multi_lidar/install/c_auto_vehicle_msgs/share/c_auto_vehicle_msgs/hook/pythonpath.ps1'
[0.493s] INFO:colcon.colcon_core.shell:Creating environment descriptor '/home/skyautonet/skyautonet_ws/eee/multi_lidar/install/c_auto_vehicle_msgs/share/c_auto_vehicle_msgs/hook/pythonpath.dsv'
[0.493s] INFO:colcon.colcon_core.shell:Creating environment hook '/home/skyautonet/skyautonet_ws/eee/multi_lidar/install/c_auto_vehicle_msgs/share/c_auto_vehicle_msgs/hook/pythonpath.sh'
[0.494s] Level 1:colcon.colcon_core.environment:checking '/home/skyautonet/skyautonet_ws/eee/multi_lidar/install/c_auto_vehicle_msgs/bin'
[0.495s] INFO:colcon.colcon_core.shell:Creating package script '/home/skyautonet/skyautonet_ws/eee/multi_lidar/install/c_auto_vehicle_msgs/share/c_auto_vehicle_msgs/package.ps1'
[0.495s] INFO:colcon.colcon_core.shell:Creating package descriptor '/home/skyautonet/skyautonet_ws/eee/multi_lidar/install/c_auto_vehicle_msgs/share/c_auto_vehicle_msgs/package.dsv'
[0.495s] INFO:colcon.colcon_core.shell:Creating package script '/home/skyautonet/skyautonet_ws/eee/multi_lidar/install/c_auto_vehicle_msgs/share/c_auto_vehicle_msgs/package.sh'
[0.496s] INFO:colcon.colcon_core.shell:Creating package script '/home/skyautonet/skyautonet_ws/eee/multi_lidar/install/c_auto_vehicle_msgs/share/c_auto_vehicle_msgs/package.bash'
[0.496s] INFO:colcon.colcon_core.shell:Creating package script '/home/skyautonet/skyautonet_ws/eee/multi_lidar/install/c_auto_vehicle_msgs/share/c_auto_vehicle_msgs/package.zsh'
[0.496s] Level 1:colcon.colcon_core.environment:create_file_with_runtime_dependencies(/home/skyautonet/skyautonet_ws/eee/multi_lidar/install/c_auto_vehicle_msgs/share/colcon-core/packages/c_auto_vehicle_msgs)
[0.496s] INFO:colcon.colcon_ros.task.ament_cmake.build:Building ROS package in '/home/skyautonet/skyautonet_ws/eee/multi_lidar/src/concat' with build type 'ament_cmake'
[0.496s] INFO:colcon.colcon_cmake.task.cmake.build:Building CMake package in '/home/skyautonet/skyautonet_ws/eee/multi_lidar/src/concat'
[0.497s] INFO:colcon.colcon_core.shell:Skip shell extension 'powershell' for command environment: Not usable outside of PowerShell
[0.497s] DEBUG:colcon.colcon_core.shell:Skip shell extension 'dsv' for command environment
[0.507s] DEBUG:colcon.colcon_core.event_handler.log_command:Invoking command in '/home/skyautonet/skyautonet_ws/eee/multi_lidar/build/concat': CMAKE_PREFIX_PATH=/home/skyautonet/skyautonet_ws/eee/multi_lidar/install/c_auto_vehicle_msgs:/home/skyautonet/skyautonet_ws/eee/multi_lidar/install/concat:/opt/ros/foxy LD_LIBRARY_PATH=/home/skyautonet/skyautonet_ws/eee/multi_lidar/install/c_auto_vehicle_msgs/lib:/usr/local/cuda-11.4/lib64/:/home/skyautonet/skyautonet_ws/eee/multi_lidar/install/concat/lib:/usr/local/cuda-11.4/lib64/:/opt/ros/foxy/opt/yaml_cpp_vendor/lib:/opt/ros/foxy/opt/rviz_ogre_vendor/lib:/opt/ros/foxy/lib/x86_64-linux-gnu:/opt/ros/foxy/lib:/usr/local/cuda-11.4/lib64 /usr/bin/cmake --build /home/skyautonet/skyautonet_ws/eee/multi_lidar/build/concat -- -j20 -l20
[9.818s] DEBUG:colcon.colcon_core.event_handler.log_command:Invoked command in '/home/skyautonet/skyautonet_ws/eee/multi_lidar/build/concat' returned '0': CMAKE_PREFIX_PATH=/home/skyautonet/skyautonet_ws/eee/multi_lidar/install/c_auto_vehicle_msgs:/home/skyautonet/skyautonet_ws/eee/multi_lidar/install/concat:/opt/ros/foxy LD_LIBRARY_PATH=/home/skyautonet/skyautonet_ws/eee/multi_lidar/install/c_auto_vehicle_msgs/lib:/usr/local/cuda-11.4/lib64/:/home/skyautonet/skyautonet_ws/eee/multi_lidar/install/concat/lib:/usr/local/cuda-11.4/lib64/:/opt/ros/foxy/opt/yaml_cpp_vendor/lib:/opt/ros/foxy/opt/rviz_ogre_vendor/lib:/opt/ros/foxy/lib/x86_64-linux-gnu:/opt/ros/foxy/lib:/usr/local/cuda-11.4/lib64 /usr/bin/cmake --build /home/skyautonet/skyautonet_ws/eee/multi_lidar/build/concat -- -j20 -l20
[9.836s] DEBUG:colcon.colcon_core.event_handler.log_command:Invoking command in '/home/skyautonet/skyautonet_ws/eee/multi_lidar/build/concat': CMAKE_PREFIX_PATH=/home/skyautonet/skyautonet_ws/eee/multi_lidar/install/c_auto_vehicle_msgs:/home/skyautonet/skyautonet_ws/eee/multi_lidar/install/concat:/opt/ros/foxy LD_LIBRARY_PATH=/home/skyautonet/skyautonet_ws/eee/multi_lidar/install/c_auto_vehicle_msgs/lib:/usr/local/cuda-11.4/lib64/:/home/skyautonet/skyautonet_ws/eee/multi_lidar/install/concat/lib:/usr/local/cuda-11.4/lib64/:/opt/ros/foxy/opt/yaml_cpp_vendor/lib:/opt/ros/foxy/opt/rviz_ogre_vendor/lib:/opt/ros/foxy/lib/x86_64-linux-gnu:/opt/ros/foxy/lib:/usr/local/cuda-11.4/lib64 /usr/bin/cmake --install /home/skyautonet/skyautonet_ws/eee/multi_lidar/build/concat
[9.846s] Level 1:colcon.colcon_core.environment:create_environment_scripts_only(concat)
[9.847s] Level 1:colcon.colcon_core.environment:checking '/home/skyautonet/skyautonet_ws/eee/multi_lidar/install/concat' for CMake module files
[9.848s] DEBUG:colcon.colcon_core.event_handler.log_command:Invoked command in '/home/skyautonet/skyautonet_ws/eee/multi_lidar/build/concat' returned '0': CMAKE_PREFIX_PATH=/home/skyautonet/skyautonet_ws/eee/multi_lidar/install/c_auto_vehicle_msgs:/home/skyautonet/skyautonet_ws/eee/multi_lidar/install/concat:/opt/ros/foxy LD_LIBRARY_PATH=/home/skyautonet/skyautonet_ws/eee/multi_lidar/install/c_auto_vehicle_msgs/lib:/usr/local/cuda-11.4/lib64/:/home/skyautonet/skyautonet_ws/eee/multi_lidar/install/concat/lib:/usr/local/cuda-11.4/lib64/:/opt/ros/foxy/opt/yaml_cpp_vendor/lib:/opt/ros/foxy/opt/rviz_ogre_vendor/lib:/opt/ros/foxy/lib/x86_64-linux-gnu:/opt/ros/foxy/lib:/usr/local/cuda-11.4/lib64 /usr/bin/cmake --install /home/skyautonet/skyautonet_ws/eee/multi_lidar/build/concat
[9.848s] Level 1:colcon.colcon_core.environment:checking '/home/skyautonet/skyautonet_ws/eee/multi_lidar/install/concat' for CMake config files
[9.848s] Level 1:colcon.colcon_core.shell:create_environment_hook('concat', 'cmake_prefix_path')
[9.849s] INFO:colcon.colcon_core.shell:Creating environment hook '/home/skyautonet/skyautonet_ws/eee/multi_lidar/install/concat/share/concat/hook/cmake_prefix_path.ps1'
[9.849s] INFO:colcon.colcon_core.shell:Creating environment descriptor '/home/skyautonet/skyautonet_ws/eee/multi_lidar/install/concat/share/concat/hook/cmake_prefix_path.dsv'
[9.849s] INFO:colcon.colcon_core.shell:Creating environment hook '/home/skyautonet/skyautonet_ws/eee/multi_lidar/install/concat/share/concat/hook/cmake_prefix_path.sh'
[9.849s] Level 1:colcon.colcon_core.environment:checking '/home/skyautonet/skyautonet_ws/eee/multi_lidar/install/concat/lib'
[9.849s] Level 1:colcon.colcon_core.shell:create_environment_hook('concat', 'ld_library_path_lib')
[9.850s] INFO:colcon.colcon_core.shell:Creating environment hook '/home/skyautonet/skyautonet_ws/eee/multi_lidar/install/concat/share/concat/hook/ld_library_path_lib.ps1'
[9.850s] INFO:colcon.colcon_core.shell:Creating environment descriptor '/home/skyautonet/skyautonet_ws/eee/multi_lidar/install/concat/share/concat/hook/ld_library_path_lib.dsv'
[9.850s] INFO:colcon.colcon_core.shell:Creating environment hook '/home/skyautonet/skyautonet_ws/eee/multi_lidar/install/concat/share/concat/hook/ld_library_path_lib.sh'
[9.851s] Level 1:colcon.colcon_core.environment:checking '/home/skyautonet/skyautonet_ws/eee/multi_lidar/install/concat/bin'
[9.851s] Level 1:colcon.colcon_core.environment:checking '/home/skyautonet/skyautonet_ws/eee/multi_lidar/install/concat/lib/pkgconfig/concat.pc'
[9.851s] Level 1:colcon.colcon_core.environment:checking '/home/skyautonet/skyautonet_ws/eee/multi_lidar/install/concat/lib/python3.8/site-packages'
[9.851s] Level 1:colcon.colcon_core.environment:checking '/home/skyautonet/skyautonet_ws/eee/multi_lidar/install/concat/bin'
[9.851s] INFO:colcon.colcon_core.shell:Creating package script '/home/skyautonet/skyautonet_ws/eee/multi_lidar/install/concat/share/concat/package.ps1'
[9.852s] INFO:colcon.colcon_core.shell:Creating package descriptor '/home/skyautonet/skyautonet_ws/eee/multi_lidar/install/concat/share/concat/package.dsv'
[9.852s] INFO:colcon.colcon_core.shell:Creating package script '/home/skyautonet/skyautonet_ws/eee/multi_lidar/install/concat/share/concat/package.sh'
[9.852s] INFO:colcon.colcon_core.shell:Creating package script '/home/skyautonet/skyautonet_ws/eee/multi_lidar/install/concat/share/concat/package.bash'
[9.852s] INFO:colcon.colcon_core.shell:Creating package script '/home/skyautonet/skyautonet_ws/eee/multi_lidar/install/concat/share/concat/package.zsh'
[9.852s] Level 1:colcon.colcon_core.environment:create_file_with_runtime_dependencies(/home/skyautonet/skyautonet_ws/eee/multi_lidar/install/concat/share/colcon-core/packages/concat)
[9.869s] Level 1:colcon.colcon_core.environment:create_environment_scripts_only(concat)
[9.870s] Level 1:colcon.colcon_core.environment:checking '/home/skyautonet/skyautonet_ws/eee/multi_lidar/install/concat' for CMake module files
[9.870s] Level 1:colcon.colcon_core.environment:checking '/home/skyautonet/skyautonet_ws/eee/multi_lidar/install/concat' for CMake config files
[9.870s] Level 1:colcon.colcon_core.shell:create_environment_hook('concat', 'cmake_prefix_path')
[9.871s] INFO:colcon.colcon_core.shell:Creating environment hook '/home/skyautonet/skyautonet_ws/eee/multi_lidar/install/concat/share/concat/hook/cmake_prefix_path.ps1'
[9.871s] INFO:colcon.colcon_core.shell:Creating environment descriptor '/home/skyautonet/skyautonet_ws/eee/multi_lidar/install/concat/share/concat/hook/cmake_prefix_path.dsv'
[9.871s] INFO:colcon.colcon_core.shell:Creating environment hook '/home/skyautonet/skyautonet_ws/eee/multi_lidar/install/concat/share/concat/hook/cmake_prefix_path.sh'
[9.872s] Level 1:colcon.colcon_core.environment:checking '/home/skyautonet/skyautonet_ws/eee/multi_lidar/install/concat/lib'
[9.872s] Level 1:colcon.colcon_core.shell:create_environment_hook('concat', 'ld_library_path_lib')
[9.872s] INFO:colcon.colcon_core.shell:Creating environment hook '/home/skyautonet/skyautonet_ws/eee/multi_lidar/install/concat/share/concat/hook/ld_library_path_lib.ps1'
[9.873s] INFO:colcon.colcon_core.shell:Creating environment descriptor '/home/skyautonet/skyautonet_ws/eee/multi_lidar/install/concat/share/concat/hook/ld_library_path_lib.dsv'
[9.873s] INFO:colcon.colcon_core.shell:Creating environment hook '/home/skyautonet/skyautonet_ws/eee/multi_lidar/install/concat/share/concat/hook/ld_library_path_lib.sh'
[9.873s] Level 1:colcon.colcon_core.environment:checking '/home/skyautonet/skyautonet_ws/eee/multi_lidar/install/concat/bin'
[9.873s] Level 1:colcon.colcon_core.environment:checking '/home/skyautonet/skyautonet_ws/eee/multi_lidar/install/concat/lib/pkgconfig/concat.pc'
[9.873s] Level 1:colcon.colcon_core.environment:checking '/home/skyautonet/skyautonet_ws/eee/multi_lidar/install/concat/lib/python3.8/site-packages'
[9.873s] Level 1:colcon.colcon_core.environment:checking '/home/skyautonet/skyautonet_ws/eee/multi_lidar/install/concat/bin'
[9.874s] INFO:colcon.colcon_core.shell:Creating package script '/home/skyautonet/skyautonet_ws/eee/multi_lidar/install/concat/share/concat/package.ps1'
[9.874s] INFO:colcon.colcon_core.shell:Creating package descriptor '/home/skyautonet/skyautonet_ws/eee/multi_lidar/install/concat/share/concat/package.dsv'
[9.874s] INFO:colcon.colcon_core.shell:Creating package script '/home/skyautonet/skyautonet_ws/eee/multi_lidar/install/concat/share/concat/package.sh'
[9.875s] INFO:colcon.colcon_core.shell:Creating package script '/home/skyautonet/skyautonet_ws/eee/multi_lidar/install/concat/share/concat/package.bash'
[9.875s] INFO:colcon.colcon_core.shell:Creating package script '/home/skyautonet/skyautonet_ws/eee/multi_lidar/install/concat/share/concat/package.zsh'
[9.875s] Level 1:colcon.colcon_core.environment:create_file_with_runtime_dependencies(/home/skyautonet/skyautonet_ws/eee/multi_lidar/install/concat/share/colcon-core/packages/concat)
[9.875s] DEBUG:colcon.colcon_parallel_executor.executor.parallel:closing loop
[9.875s] DEBUG:colcon.colcon_parallel_executor.executor.parallel:loop closed
[9.875s] DEBUG:colcon.colcon_parallel_executor.executor.parallel:run_until_complete finished with '0'
[9.875s] DEBUG:colcon.colcon_core.event_reactor:joining thread
[9.879s] INFO:colcon.colcon_core.plugin_system:Skipping extension 'colcon_notification.desktop_notification.terminal_notifier': Not used on non-Darwin systems
[9.879s] INFO:colcon.colcon_core.plugin_system:Skipping extension 'colcon_notification.desktop_notification.win32': Not used on non-Windows systems
[9.879s] INFO:colcon.colcon_notification.desktop_notification:Sending desktop notification using 'notify2'
[9.886s] DEBUG:colcon.colcon_core.event_reactor:joined thread
[9.887s] INFO:colcon.colcon_core.shell:Creating prefix script '/home/skyautonet/skyautonet_ws/eee/multi_lidar/install/local_setup.ps1'
[9.888s] INFO:colcon.colcon_core.shell:Creating prefix util module '/home/skyautonet/skyautonet_ws/eee/multi_lidar/install/_local_setup_util_ps1.py'
[9.888s] INFO:colcon.colcon_core.shell:Creating prefix chain script '/home/skyautonet/skyautonet_ws/eee/multi_lidar/install/setup.ps1'
[9.889s] INFO:colcon.colcon_core.shell:Creating prefix script '/home/skyautonet/skyautonet_ws/eee/multi_lidar/install/local_setup.sh'
[9.889s] INFO:colcon.colcon_core.shell:Creating prefix util module '/home/skyautonet/skyautonet_ws/eee/multi_lidar/install/_local_setup_util_sh.py'
[9.889s] INFO:colcon.colcon_core.shell:Creating prefix chain script '/home/skyautonet/skyautonet_ws/eee/multi_lidar/install/setup.sh'
[9.890s] INFO:colcon.colcon_core.shell:Creating prefix script '/home/skyautonet/skyautonet_ws/eee/multi_lidar/install/local_setup.bash'
[9.890s] INFO:colcon.colcon_core.shell:Creating prefix chain script '/home/skyautonet/skyautonet_ws/eee/multi_lidar/install/setup.bash'
[9.891s] INFO:colcon.colcon_core.shell:Creating prefix script '/home/skyautonet/skyautonet_ws/eee/multi_lidar/install/local_setup.zsh'
[9.891s] INFO:colcon.colcon_core.shell:Creating prefix chain script '/home/skyautonet/skyautonet_ws/eee/multi_lidar/install/setup.zsh'
