[  3%] Built target c_auto_vehicle_msgs__cpp
[ 12%] Built target c_auto_vehicle_msgs__rosidl_generator_c
[ 29%] Built target c_auto_vehicle_msgs__rosidl_typesupport_introspection_cpp
[ 32%] Built target c_auto_vehicle_msgs__rosidl_typesupport_cpp
[ 41%] Built target c_auto_vehicle_msgs__rosidl_typesupport_fastrtps_cpp
[ 58%] Built target c_auto_vehicle_msgs__rosidl_typesupport_introspection_c
[ 61%] Built target c_auto_vehicle_msgs__rosidl_typesupport_c
[ 70%] Built target c_auto_vehicle_msgs__rosidl_typesupport_fastrtps_c
[ 70%] Built target c_auto_vehicle_msgs
[ 74%] Built target c_auto_vehicle_msgs__py
[ 80%] Built target c_auto_vehicle_msgs__python
[100%] Built target c_auto_vehicle_msgs__rosidl_typesupport_fastrtps_c__pyext
[100%] Built target c_auto_vehicle_msgs__rosidl_typesupport_c__pyext
[100%] Built target c_auto_vehicle_msgs__rosidl_typesupport_introspection_c__pyext
-- Install configuration: ""
-- Up-to-date: /home/skyautonet/skyautonet_ws/eee/multi_lidar/install/c_auto_vehicle_msgs/share/ament_index/resource_index/rosidl_interfaces/c_auto_vehicle_msgs
-- Up-to-date: /home/skyautonet/skyautonet_ws/eee/multi_lidar/install/c_auto_vehicle_msgs/include/c_auto_vehicle_msgs
-- Up-to-date: /home/skyautonet/skyautonet_ws/eee/multi_lidar/install/c_auto_vehicle_msgs/include/c_auto_vehicle_msgs/msg
-- Up-to-date: /home/skyautonet/skyautonet_ws/eee/multi_lidar/install/c_auto_vehicle_msgs/include/c_auto_vehicle_msgs/msg/detail
-- Up-to-date: /home/skyautonet/skyautonet_ws/eee/multi_lidar/install/c_auto_vehicle_msgs/include/c_auto_vehicle_msgs/msg/detail/velocity_report__struct.h
-- Up-to-date: /home/skyautonet/skyautonet_ws/eee/multi_lidar/install/c_auto_vehicle_msgs/include/c_auto_vehicle_msgs/msg/detail/velocity_report__functions.c
-- Up-to-date: /home/skyautonet/skyautonet_ws/eee/multi_lidar/install/c_auto_vehicle_msgs/include/c_auto_vehicle_msgs/msg/detail/velocity_report__functions.h
-- Up-to-date: /home/skyautonet/skyautonet_ws/eee/multi_lidar/install/c_auto_vehicle_msgs/include/c_auto_vehicle_msgs/msg/detail/velocity_report__type_support.h
-- Up-to-date: /home/skyautonet/skyautonet_ws/eee/multi_lidar/install/c_auto_vehicle_msgs/include/c_auto_vehicle_msgs/msg/velocity_report.h
-- Up-to-date: /home/skyautonet/skyautonet_ws/eee/multi_lidar/install/c_auto_vehicle_msgs/include/c_auto_vehicle_msgs/msg/rosidl_generator_c__visibility_control.h
-- Up-to-date: /home/skyautonet/skyautonet_ws/eee/multi_lidar/install/c_auto_vehicle_msgs/share/c_auto_vehicle_msgs/environment/library_path.sh
-- Up-to-date: /home/skyautonet/skyautonet_ws/eee/multi_lidar/install/c_auto_vehicle_msgs/share/c_auto_vehicle_msgs/environment/library_path.dsv
-- Up-to-date: /home/skyautonet/skyautonet_ws/eee/multi_lidar/install/c_auto_vehicle_msgs/lib/libc_auto_vehicle_msgs__rosidl_generator_c.so
-- Up-to-date: /home/skyautonet/skyautonet_ws/eee/multi_lidar/install/c_auto_vehicle_msgs/include/c_auto_vehicle_msgs
-- Up-to-date: /home/skyautonet/skyautonet_ws/eee/multi_lidar/install/c_auto_vehicle_msgs/include/c_auto_vehicle_msgs/msg
-- Up-to-date: /home/skyautonet/skyautonet_ws/eee/multi_lidar/install/c_auto_vehicle_msgs/include/c_auto_vehicle_msgs/msg/detail
-- Up-to-date: /home/skyautonet/skyautonet_ws/eee/multi_lidar/install/c_auto_vehicle_msgs/include/c_auto_vehicle_msgs/msg/detail/velocity_report__rosidl_typesupport_fastrtps_c.h
-- Up-to-date: /home/skyautonet/skyautonet_ws/eee/multi_lidar/install/c_auto_vehicle_msgs/include/c_auto_vehicle_msgs/msg/rosidl_typesupport_fastrtps_c__visibility_control.h
-- Up-to-date: /home/skyautonet/skyautonet_ws/eee/multi_lidar/install/c_auto_vehicle_msgs/lib/libc_auto_vehicle_msgs__rosidl_typesupport_fastrtps_c.so
-- Up-to-date: /home/skyautonet/skyautonet_ws/eee/multi_lidar/install/c_auto_vehicle_msgs/include/c_auto_vehicle_msgs
-- Up-to-date: /home/skyautonet/skyautonet_ws/eee/multi_lidar/install/c_auto_vehicle_msgs/include/c_auto_vehicle_msgs/msg
-- Up-to-date: /home/skyautonet/skyautonet_ws/eee/multi_lidar/install/c_auto_vehicle_msgs/include/c_auto_vehicle_msgs/msg/rosidl_typesupport_fastrtps_cpp__visibility_control.h
-- Up-to-date: /home/skyautonet/skyautonet_ws/eee/multi_lidar/install/c_auto_vehicle_msgs/include/c_auto_vehicle_msgs/msg/detail
-- Up-to-date: /home/skyautonet/skyautonet_ws/eee/multi_lidar/install/c_auto_vehicle_msgs/include/c_auto_vehicle_msgs/msg/detail/dds_fastrtps
-- Up-to-date: /home/skyautonet/skyautonet_ws/eee/multi_lidar/install/c_auto_vehicle_msgs/include/c_auto_vehicle_msgs/msg/detail/velocity_report__rosidl_typesupport_fastrtps_cpp.hpp
-- Up-to-date: /home/skyautonet/skyautonet_ws/eee/multi_lidar/install/c_auto_vehicle_msgs/lib/libc_auto_vehicle_msgs__rosidl_typesupport_fastrtps_cpp.so
-- Up-to-date: /home/skyautonet/skyautonet_ws/eee/multi_lidar/install/c_auto_vehicle_msgs/include/c_auto_vehicle_msgs
-- Up-to-date: /home/skyautonet/skyautonet_ws/eee/multi_lidar/install/c_auto_vehicle_msgs/include/c_auto_vehicle_msgs/msg
-- Up-to-date: /home/skyautonet/skyautonet_ws/eee/multi_lidar/install/c_auto_vehicle_msgs/include/c_auto_vehicle_msgs/msg/rosidl_typesupport_introspection_c__visibility_control.h
-- Up-to-date: /home/skyautonet/skyautonet_ws/eee/multi_lidar/install/c_auto_vehicle_msgs/include/c_auto_vehicle_msgs/msg/detail
-- Up-to-date: /home/skyautonet/skyautonet_ws/eee/multi_lidar/install/c_auto_vehicle_msgs/include/c_auto_vehicle_msgs/msg/detail/velocity_report__type_support.c
-- Up-to-date: /home/skyautonet/skyautonet_ws/eee/multi_lidar/install/c_auto_vehicle_msgs/include/c_auto_vehicle_msgs/msg/detail/velocity_report__rosidl_typesupport_introspection_c.h
-- Up-to-date: /home/skyautonet/skyautonet_ws/eee/multi_lidar/install/c_auto_vehicle_msgs/lib/libc_auto_vehicle_msgs__rosidl_typesupport_introspection_c.so
-- Up-to-date: /home/skyautonet/skyautonet_ws/eee/multi_lidar/install/c_auto_vehicle_msgs/lib/libc_auto_vehicle_msgs__rosidl_typesupport_c.so
-- Up-to-date: /home/skyautonet/skyautonet_ws/eee/multi_lidar/install/c_auto_vehicle_msgs/include/c_auto_vehicle_msgs
-- Up-to-date: /home/skyautonet/skyautonet_ws/eee/multi_lidar/install/c_auto_vehicle_msgs/include/c_auto_vehicle_msgs/msg
-- Up-to-date: /home/skyautonet/skyautonet_ws/eee/multi_lidar/install/c_auto_vehicle_msgs/include/c_auto_vehicle_msgs/msg/velocity_report.hpp
-- Up-to-date: /home/skyautonet/skyautonet_ws/eee/multi_lidar/install/c_auto_vehicle_msgs/include/c_auto_vehicle_msgs/msg/detail
-- Up-to-date: /home/skyautonet/skyautonet_ws/eee/multi_lidar/install/c_auto_vehicle_msgs/include/c_auto_vehicle_msgs/msg/detail/velocity_report__type_support.hpp
-- Up-to-date: /home/skyautonet/skyautonet_ws/eee/multi_lidar/install/c_auto_vehicle_msgs/include/c_auto_vehicle_msgs/msg/detail/velocity_report__struct.hpp
-- Up-to-date: /home/skyautonet/skyautonet_ws/eee/multi_lidar/install/c_auto_vehicle_msgs/include/c_auto_vehicle_msgs/msg/detail/velocity_report__builder.hpp
-- Up-to-date: /home/skyautonet/skyautonet_ws/eee/multi_lidar/install/c_auto_vehicle_msgs/include/c_auto_vehicle_msgs/msg/detail/velocity_report__traits.hpp
-- Up-to-date: /home/skyautonet/skyautonet_ws/eee/multi_lidar/install/c_auto_vehicle_msgs/include/c_auto_vehicle_msgs/msg/rosidl_generator_cpp__visibility_control.hpp
-- Up-to-date: /home/skyautonet/skyautonet_ws/eee/multi_lidar/install/c_auto_vehicle_msgs/include/c_auto_vehicle_msgs
-- Up-to-date: /home/skyautonet/skyautonet_ws/eee/multi_lidar/install/c_auto_vehicle_msgs/include/c_auto_vehicle_msgs/msg
-- Up-to-date: /home/skyautonet/skyautonet_ws/eee/multi_lidar/install/c_auto_vehicle_msgs/include/c_auto_vehicle_msgs/msg/detail
-- Up-to-date: /home/skyautonet/skyautonet_ws/eee/multi_lidar/install/c_auto_vehicle_msgs/include/c_auto_vehicle_msgs/msg/detail/velocity_report__rosidl_typesupport_introspection_cpp.hpp
-- Up-to-date: /home/skyautonet/skyautonet_ws/eee/multi_lidar/install/c_auto_vehicle_msgs/include/c_auto_vehicle_msgs/msg/detail/velocity_report__type_support.cpp
-- Up-to-date: /home/skyautonet/skyautonet_ws/eee/multi_lidar/install/c_auto_vehicle_msgs/lib/libc_auto_vehicle_msgs__rosidl_typesupport_introspection_cpp.so
-- Up-to-date: /home/skyautonet/skyautonet_ws/eee/multi_lidar/install/c_auto_vehicle_msgs/lib/libc_auto_vehicle_msgs__rosidl_typesupport_cpp.so
-- Up-to-date: /home/skyautonet/skyautonet_ws/eee/multi_lidar/install/c_auto_vehicle_msgs/share/c_auto_vehicle_msgs/environment/pythonpath.sh
-- Up-to-date: /home/skyautonet/skyautonet_ws/eee/multi_lidar/install/c_auto_vehicle_msgs/share/c_auto_vehicle_msgs/environment/pythonpath.dsv
-- Up-to-date: /home/skyautonet/skyautonet_ws/eee/multi_lidar/install/c_auto_vehicle_msgs/lib/python3.8/site-packages/c_auto_vehicle_msgs/__init__.py
-- Up-to-date: /home/skyautonet/skyautonet_ws/eee/multi_lidar/install/c_auto_vehicle_msgs/lib/python3.8/site-packages/c_auto_vehicle_msgs/msg
-- Up-to-date: /home/skyautonet/skyautonet_ws/eee/multi_lidar/install/c_auto_vehicle_msgs/lib/python3.8/site-packages/c_auto_vehicle_msgs/msg/_velocity_report.py
-- Up-to-date: /home/skyautonet/skyautonet_ws/eee/multi_lidar/install/c_auto_vehicle_msgs/lib/python3.8/site-packages/c_auto_vehicle_msgs/msg/__init__.py
-- Up-to-date: /home/skyautonet/skyautonet_ws/eee/multi_lidar/install/c_auto_vehicle_msgs/lib/python3.8/site-packages/c_auto_vehicle_msgs/msg/_velocity_report_s.c
-- Up-to-date: /home/skyautonet/skyautonet_ws/eee/multi_lidar/install/c_auto_vehicle_msgs/lib/python3.8/site-packages/c_auto_vehicle_msgs/c_auto_vehicle_msgs_s__rosidl_typesupport_fastrtps_c.cpython-38-x86_64-linux-gnu.so
-- Up-to-date: /home/skyautonet/skyautonet_ws/eee/multi_lidar/install/c_auto_vehicle_msgs/lib/python3.8/site-packages/c_auto_vehicle_msgs/c_auto_vehicle_msgs_s__rosidl_typesupport_introspection_c.cpython-38-x86_64-linux-gnu.so
-- Up-to-date: /home/skyautonet/skyautonet_ws/eee/multi_lidar/install/c_auto_vehicle_msgs/lib/python3.8/site-packages/c_auto_vehicle_msgs/c_auto_vehicle_msgs_s__rosidl_typesupport_c.cpython-38-x86_64-linux-gnu.so
-- Up-to-date: /home/skyautonet/skyautonet_ws/eee/multi_lidar/install/c_auto_vehicle_msgs/lib/libc_auto_vehicle_msgs__python.so
-- Up-to-date: /home/skyautonet/skyautonet_ws/eee/multi_lidar/install/c_auto_vehicle_msgs/share/c_auto_vehicle_msgs/msg/VelocityReport.idl
-- Up-to-date: /home/skyautonet/skyautonet_ws/eee/multi_lidar/install/c_auto_vehicle_msgs/share/ament_index/resource_index/package_run_dependencies/c_auto_vehicle_msgs
-- Up-to-date: /home/skyautonet/skyautonet_ws/eee/multi_lidar/install/c_auto_vehicle_msgs/share/ament_index/resource_index/parent_prefix_path/c_auto_vehicle_msgs
-- Up-to-date: /home/skyautonet/skyautonet_ws/eee/multi_lidar/install/c_auto_vehicle_msgs/share/c_auto_vehicle_msgs/environment/ament_prefix_path.sh
-- Up-to-date: /home/skyautonet/skyautonet_ws/eee/multi_lidar/install/c_auto_vehicle_msgs/share/c_auto_vehicle_msgs/environment/ament_prefix_path.dsv
-- Up-to-date: /home/skyautonet/skyautonet_ws/eee/multi_lidar/install/c_auto_vehicle_msgs/share/c_auto_vehicle_msgs/environment/path.sh
-- Up-to-date: /home/skyautonet/skyautonet_ws/eee/multi_lidar/install/c_auto_vehicle_msgs/share/c_auto_vehicle_msgs/environment/path.dsv
-- Up-to-date: /home/skyautonet/skyautonet_ws/eee/multi_lidar/install/c_auto_vehicle_msgs/share/c_auto_vehicle_msgs/local_setup.bash
-- Up-to-date: /home/skyautonet/skyautonet_ws/eee/multi_lidar/install/c_auto_vehicle_msgs/share/c_auto_vehicle_msgs/local_setup.sh
-- Up-to-date: /home/skyautonet/skyautonet_ws/eee/multi_lidar/install/c_auto_vehicle_msgs/share/c_auto_vehicle_msgs/local_setup.zsh
-- Up-to-date: /home/skyautonet/skyautonet_ws/eee/multi_lidar/install/c_auto_vehicle_msgs/share/c_auto_vehicle_msgs/local_setup.dsv
-- Installing: /home/skyautonet/skyautonet_ws/eee/multi_lidar/install/c_auto_vehicle_msgs/share/c_auto_vehicle_msgs/package.dsv
-- Up-to-date: /home/skyautonet/skyautonet_ws/eee/multi_lidar/install/c_auto_vehicle_msgs/share/ament_index/resource_index/packages/c_auto_vehicle_msgs
-- Up-to-date: /home/skyautonet/skyautonet_ws/eee/multi_lidar/install/c_auto_vehicle_msgs/share/c_auto_vehicle_msgs/cmake/c_auto_vehicle_msgs__rosidl_generator_cExport.cmake
-- Up-to-date: /home/skyautonet/skyautonet_ws/eee/multi_lidar/install/c_auto_vehicle_msgs/share/c_auto_vehicle_msgs/cmake/c_auto_vehicle_msgs__rosidl_generator_cExport-noconfig.cmake
-- Up-to-date: /home/skyautonet/skyautonet_ws/eee/multi_lidar/install/c_auto_vehicle_msgs/share/c_auto_vehicle_msgs/cmake/c_auto_vehicle_msgs__rosidl_typesupport_introspection_cExport.cmake
-- Up-to-date: /home/skyautonet/skyautonet_ws/eee/multi_lidar/install/c_auto_vehicle_msgs/share/c_auto_vehicle_msgs/cmake/c_auto_vehicle_msgs__rosidl_typesupport_introspection_cExport-noconfig.cmake
-- Up-to-date: /home/skyautonet/skyautonet_ws/eee/multi_lidar/install/c_auto_vehicle_msgs/share/c_auto_vehicle_msgs/cmake/c_auto_vehicle_msgs__rosidl_typesupport_cExport.cmake
-- Up-to-date: /home/skyautonet/skyautonet_ws/eee/multi_lidar/install/c_auto_vehicle_msgs/share/c_auto_vehicle_msgs/cmake/c_auto_vehicle_msgs__rosidl_typesupport_cExport-noconfig.cmake
-- Up-to-date: /home/skyautonet/skyautonet_ws/eee/multi_lidar/install/c_auto_vehicle_msgs/share/c_auto_vehicle_msgs/cmake/c_auto_vehicle_msgs__rosidl_generator_cppExport.cmake
-- Up-to-date: /home/skyautonet/skyautonet_ws/eee/multi_lidar/install/c_auto_vehicle_msgs/share/c_auto_vehicle_msgs/cmake/c_auto_vehicle_msgs__rosidl_typesupport_introspection_cppExport.cmake
-- Up-to-date: /home/skyautonet/skyautonet_ws/eee/multi_lidar/install/c_auto_vehicle_msgs/share/c_auto_vehicle_msgs/cmake/c_auto_vehicle_msgs__rosidl_typesupport_introspection_cppExport-noconfig.cmake
-- Up-to-date: /home/skyautonet/skyautonet_ws/eee/multi_lidar/install/c_auto_vehicle_msgs/share/c_auto_vehicle_msgs/cmake/c_auto_vehicle_msgs__rosidl_typesupport_cppExport.cmake
-- Up-to-date: /home/skyautonet/skyautonet_ws/eee/multi_lidar/install/c_auto_vehicle_msgs/share/c_auto_vehicle_msgs/cmake/c_auto_vehicle_msgs__rosidl_typesupport_cppExport-noconfig.cmake
-- Up-to-date: /home/skyautonet/skyautonet_ws/eee/multi_lidar/install/c_auto_vehicle_msgs/share/c_auto_vehicle_msgs/cmake/rosidl_cmake-extras.cmake
-- Up-to-date: /home/skyautonet/skyautonet_ws/eee/multi_lidar/install/c_auto_vehicle_msgs/share/c_auto_vehicle_msgs/cmake/ament_cmake_export_dependencies-extras.cmake
-- Up-to-date: /home/skyautonet/skyautonet_ws/eee/multi_lidar/install/c_auto_vehicle_msgs/share/c_auto_vehicle_msgs/cmake/ament_cmake_export_libraries-extras.cmake
-- Up-to-date: /home/skyautonet/skyautonet_ws/eee/multi_lidar/install/c_auto_vehicle_msgs/share/c_auto_vehicle_msgs/cmake/ament_cmake_export_targets-extras.cmake
-- Up-to-date: /home/skyautonet/skyautonet_ws/eee/multi_lidar/install/c_auto_vehicle_msgs/share/c_auto_vehicle_msgs/cmake/ament_cmake_export_include_directories-extras.cmake
-- Up-to-date: /home/skyautonet/skyautonet_ws/eee/multi_lidar/install/c_auto_vehicle_msgs/share/c_auto_vehicle_msgs/cmake/rosidl_cmake_export_typesupport_libraries-extras.cmake
-- Up-to-date: /home/skyautonet/skyautonet_ws/eee/multi_lidar/install/c_auto_vehicle_msgs/share/c_auto_vehicle_msgs/cmake/rosidl_cmake_export_typesupport_targets-extras.cmake
-- Up-to-date: /home/skyautonet/skyautonet_ws/eee/multi_lidar/install/c_auto_vehicle_msgs/share/c_auto_vehicle_msgs/cmake/c_auto_vehicle_msgsConfig.cmake
-- Up-to-date: /home/skyautonet/skyautonet_ws/eee/multi_lidar/install/c_auto_vehicle_msgs/share/c_auto_vehicle_msgs/cmake/c_auto_vehicle_msgsConfig-version.cmake
-- Up-to-date: /home/skyautonet/skyautonet_ws/eee/multi_lidar/install/c_auto_vehicle_msgs/share/c_auto_vehicle_msgs/package.xml
