[0.008s] Invoking command in '/home/skyautonet/skyautonet_ws/eee/simple_topics/build/velocity_pubsub': CMAKE_PREFIX_PATH=${CMAKE_PREFIX_PATH}:/opt/ros/foxy /usr/bin/cmake /home/skyautonet/skyautonet_ws/eee/simple_topics/src/velocity_report_pub -DCMAKE_INSTALL_PREFIX=/home/skyautonet/skyautonet_ws/eee/simple_topics/install/velocity_pubsub
[0.016s] -- Found ament_cmake: 0.9.12 (/opt/ros/foxy/share/ament_cmake/cmake)
[0.029s] -- Using PYTHON_EXECUTABLE: /usr/bin/python3
[0.110s] -- Found rclcpp: 2.4.3 (/opt/ros/foxy/share/rclcpp/cmake)
[0.127s] -- Using all available rosidl_typesupport_c: rosidl_typesupport_fastrtps_c;rosidl_typesupport_introspection_c
[0.129s] -- Found rosidl_adapter: 1.3.1 (/opt/ros/foxy/share/rosidl_adapter/cmake)
[0.192s] -- Using all available rosidl_typesupport_cpp: rosidl_typesupport_fastrtps_cpp;rosidl_typesupport_introspection_cpp
[0.217s] -- Found rmw_implementation_cmake: 1.0.4 (/opt/ros/foxy/share/rmw_implementation_cmake/cmake)
[0.218s] -- Using RMW implementation 'rmw_fastrtps_cpp' as default
[0.292s] -- Found sensor_msgs: 2.0.5 (/opt/ros/foxy/share/sensor_msgs/cmake)
[0.352s] -- Found pcl_conversions: 2.2.1 (/opt/ros/foxy/share/pcl_conversions/cmake)
[0.450s] -- Eigen found (include: /usr/include/eigen3, version: 3.3.7)
[0.494s] -- The imported target "vtkParseOGLExt" references the file
[0.494s]    "/usr/bin/vtkParseOGLExt-7.1"
[0.494s] but this file does not exist.  Possible reasons include:
[0.494s] * The file was deleted, renamed, or moved to another location.
[0.494s] * An install or uninstall procedure did not complete successfully.
[0.494s] * The installation package was faulty and contained
[0.494s]    "/usr/lib/cmake/vtk-7.1/VTKTargets.cmake"
[0.494s] but not all the files it references.
[0.494s] 
[0.494s] -- The imported target "vtkRenderingPythonTkWidgets" references the file
[0.494s]    "/usr/lib/x86_64-linux-gnu/libvtkRenderingPythonTkWidgets.so"
[0.494s] but this file does not exist.  Possible reasons include:
[0.494s] * The file was deleted, renamed, or moved to another location.
[0.494s] * An install or uninstall procedure did not complete successfully.
[0.494s] * The installation package was faulty and contained
[0.495s]    "/usr/lib/cmake/vtk-7.1/VTKTargets.cmake"
[0.495s] but not all the files it references.
[0.495s] 
[0.495s] -- The imported target "vtk" references the file
[0.495s]    "/usr/bin/vtk"
[0.495s] but this file does not exist.  Possible reasons include:
[0.495s] * The file was deleted, renamed, or moved to another location.
[0.495s] * An install or uninstall procedure did not complete successfully.
[0.495s] * The installation package was faulty and contained
[0.495s]    "/usr/lib/cmake/vtk-7.1/VTKTargets.cmake"
[0.495s] but not all the files it references.
[0.495s] 
[0.495s] -- The imported target "pvtk" references the file
[0.495s]    "/usr/bin/pvtk"
[0.495s] but this file does not exist.  Possible reasons include:
[0.495s] * The file was deleted, renamed, or moved to another location.
[0.495s] * An install or uninstall procedure did not complete successfully.
[0.495s] * The installation package was faulty and contained
[0.495s]    "/usr/lib/cmake/vtk-7.1/VTKTargets.cmake"
[0.495s] but not all the files it references.
[0.495s] 
[0.505s] -- Checking for module 'libusb-1.0'
[0.506s] --   No package 'libusb-1.0' found
[0.508s] -- Could NOT find USB_10 (missing: USB_10_LIBRARY USB_10_INCLUDE_DIR) 
[0.508s] -- OpenNI disabled because libusb-1.0 not found.
[0.508s] ** WARNING ** io features related to openni will be disabled
[0.510s] -- Checking for module 'libusb-1.0'
[0.512s] --   No package 'libusb-1.0' found
[0.514s] -- Could NOT find USB_10 (missing: USB_10_LIBRARY USB_10_INCLUDE_DIR) 
[0.514s] -- OpenNI 2 disabled because libusb-1.0 not found.
[0.514s] ** WARNING ** io features related to openni2 will be disabled
[0.514s] ** WARNING ** io features related to pcap will be disabled
[0.514s] ** WARNING ** io features related to png will be disabled
[0.521s] -- LIBUSB_1_LIBRARY (missing: LIBUSB_1_INCLUDE_DIR) 
[0.521s] ** WARNING ** io features related to libusb-1.0 will be disabled
[0.523s] -- Checking for module 'libusb-1.0'
[0.525s] --   No package 'libusb-1.0' found
[0.526s] -- Could NOT find USB_10 (missing: USB_10_LIBRARY USB_10_INCLUDE_DIR) 
[0.527s] -- OpenNI disabled because libusb-1.0 not found.
[0.527s] ** WARNING ** visualization features related to openni will be disabled
[0.529s] -- Checking for module 'libusb-1.0'
[0.530s] --   No package 'libusb-1.0' found
[0.532s] -- Could NOT find USB_10 (missing: USB_10_LIBRARY USB_10_INCLUDE_DIR) 
[0.532s] -- OpenNI 2 disabled because libusb-1.0 not found.
[0.532s] ** WARNING ** visualization features related to openni2 will be disabled
[0.539s] -- QHULL found (include: /usr/include, lib: optimized;/usr/lib/x86_64-linux-gnu/libqhull.so;debug;/usr/lib/x86_64-linux-gnu/libqhull.so)
[0.541s] -- Checking for module 'libusb-1.0'
[0.543s] --   No package 'libusb-1.0' found
[0.544s] -- Could NOT find USB_10 (missing: USB_10_LIBRARY USB_10_INCLUDE_DIR) 
[0.544s] -- OpenNI disabled because libusb-1.0 not found.
[0.544s] ** WARNING ** apps features related to openni will be disabled
[0.550s] -- looking for PCL_COMMON
[0.551s] -- looking for PCL_KDTREE
[0.551s] -- looking for PCL_OCTREE
[0.551s] -- looking for PCL_SEARCH
[0.552s] -- looking for PCL_SAMPLE_CONSENSUS
[0.552s] -- looking for PCL_FILTERS
[0.552s] -- looking for PCL_2D
[0.552s] -- looking for PCL_GEOMETRY
[0.552s] -- looking for PCL_IO
[0.553s] -- looking for PCL_FEATURES
[0.553s] -- looking for PCL_ML
[0.553s] -- looking for PCL_SEGMENTATION
[0.554s] -- looking for PCL_VISUALIZATION
[0.554s] -- looking for PCL_SURFACE
[0.555s] -- looking for PCL_REGISTRATION
[0.555s] -- looking for PCL_KEYPOINTS
[0.555s] -- looking for PCL_TRACKING
[0.556s] -- looking for PCL_RECOGNITION
[0.556s] -- looking for PCL_STEREO
[0.556s] -- looking for PCL_APPS
[0.557s] -- looking for PCL_IN_HAND_SCANNER
[0.557s] -- looking for PCL_POINT_CLOUD_EDITOR
[0.557s] -- looking for PCL_OUTOFCORE
[0.558s] -- looking for PCL_PEOPLE
[0.559s] -- Found c_auto_vehicle_msgs: 0.0.0 (/home/skyautonet/skyautonet_ws/eee/multi_lidar/install/c_auto_vehicle_msgs/share/c_auto_vehicle_msgs/cmake)
[0.586s] CMake Error at CMakeLists.txt:26 (find_package):
[0.586s]   By not providing "Findvelocity_msg.cmake" in CMAKE_MODULE_PATH this project
[0.586s]   has asked CMake to find a package configuration file provided by
[0.586s]   "velocity_msg", but CMake did not find one.
[0.586s] 
[0.586s]   Could not find a package configuration file provided by "velocity_msg" with
[0.586s]   any of the following names:
[0.586s] 
[0.586s]     velocity_msgConfig.cmake
[0.587s]     velocity_msg-config.cmake
[0.587s] 
[0.587s]   Add the installation prefix of "velocity_msg" to CMAKE_PREFIX_PATH or set
[0.587s]   "velocity_msg_DIR" to a directory containing one of the above files.  If
[0.587s]   "velocity_msg" provides a separate development package or SDK, be sure it
[0.587s]   has been installed.
[0.587s] 
[0.587s] 
[0.587s] -- Configuring incomplete, errors occurred!
[0.587s] See also "/home/skyautonet/skyautonet_ws/eee/simple_topics/build/velocity_pubsub/CMakeFiles/CMakeOutput.log".
[0.587s] See also "/home/skyautonet/skyautonet_ws/eee/simple_topics/build/velocity_pubsub/CMakeFiles/CMakeError.log".
[0.593s] Invoked command in '/home/skyautonet/skyautonet_ws/eee/simple_topics/build/velocity_pubsub' returned '1': CMAKE_PREFIX_PATH=${CMAKE_PREFIX_PATH}:/opt/ros/foxy /usr/bin/cmake /home/skyautonet/skyautonet_ws/eee/simple_topics/src/velocity_report_pub -DCMAKE_INSTALL_PREFIX=/home/skyautonet/skyautonet_ws/eee/simple_topics/install/velocity_pubsub
