[35m[1mScanning dependencies of target left[0m
[ 44%] Built target back
[ 66%] Built target right
[ 77%] [32mBuilding CXX object CMakeFiles/left.dir/src/left_lidar.cpp.o[0m
In file included from [01m[K/opt/ros/foxy/include/rclcpp/service.hpp:34[m[K,
                 from [01m[K/opt/ros/foxy/include/rclcpp/callback_group.hpp:25[m[K,
                 from [01m[K/opt/ros/foxy/include/rclcpp/any_executable.hpp:20[m[K,
                 from [01m[K/opt/ros/foxy/include/rclcpp/memory_strategy.hpp:24[m[K,
                 from [01m[K/opt/ros/foxy/include/rclcpp/memory_strategies.hpp:18[m[K,
                 from [01m[K/opt/ros/foxy/include/rclcpp/executor_options.hpp:20[m[K,
                 from [01m[K/opt/ros/foxy/include/rclcpp/executor.hpp:33[m[K,
                 from [01m[K/opt/ros/foxy/include/rclcpp/executors/multi_threaded_executor.hpp:26[m[K,
                 from [01m[K/opt/ros/foxy/include/rclcpp/executors.hpp:21[m[K,
                 from [01m[K/opt/ros/foxy/include/rclcpp/rclcpp.hpp:146[m[K,
                 from [01m[K/home/skyautonet/skyautonet_ws/eee/lidar_preprocessor/src/three_lidar/include/left_lidar/left_lidar_node.hpp:4[m[K,
                 from [01m[K/home/skyautonet/skyautonet_ws/eee/lidar_preprocessor/src/three_lidar/src/left_lidar.cpp:12[m[K:
[01m[K/home/skyautonet/skyautonet_ws/eee/lidar_preprocessor/src/three_lidar/src/left_lidar.cpp:[m[K In member function ‘[01m[Kvoid LEFT_PREPROCESSING::topic_callback(sensor_msgs::msg::PointCloud2_<std::allocator<void> >::SharedPtr)[m[K’:
[01m[K/home/skyautonet/skyautonet_ws/eee/lidar_preprocessor/src/three_lidar/src/left_lidar.cpp:121:3:[m[K [01;31m[Kerror: [m[Kstatic assertion failed: First argument to logging macros must be an rclcpp::Logger
  121 |   [01;31m[KRCLCPP_INFO[m[K("(this->get_clock()->now() - now) : %f", (this->get_clock()->now() - now).nanoseconds());
      |   [01;31m[K^~~~~~~~~~~[m[K
In file included from [01m[K/opt/ros/foxy/include/rclcpp/client.hpp:40[m[K,
                 from [01m[K/opt/ros/foxy/include/rclcpp/callback_group.hpp:23[m[K,
                 from [01m[K/opt/ros/foxy/include/rclcpp/any_executable.hpp:20[m[K,
                 from [01m[K/opt/ros/foxy/include/rclcpp/memory_strategy.hpp:24[m[K,
                 from [01m[K/opt/ros/foxy/include/rclcpp/memory_strategies.hpp:18[m[K,
                 from [01m[K/opt/ros/foxy/include/rclcpp/executor_options.hpp:20[m[K,
                 from [01m[K/opt/ros/foxy/include/rclcpp/executor.hpp:33[m[K,
                 from [01m[K/opt/ros/foxy/include/rclcpp/executors/multi_threaded_executor.hpp:26[m[K,
                 from [01m[K/opt/ros/foxy/include/rclcpp/executors.hpp:21[m[K,
                 from [01m[K/opt/ros/foxy/include/rclcpp/rclcpp.hpp:146[m[K,
                 from [01m[K/home/skyautonet/skyautonet_ws/eee/lidar_preprocessor/src/three_lidar/include/left_lidar/left_lidar_node.hpp:4[m[K,
                 from [01m[K/home/skyautonet/skyautonet_ws/eee/lidar_preprocessor/src/three_lidar/src/left_lidar.cpp:12[m[K:
[01m[K/home/skyautonet/skyautonet_ws/eee/lidar_preprocessor/src/three_lidar/src/left_lidar.cpp:121:3:[m[K [01;31m[Kerror: [m[Krequest for member ‘[01m[Kget_name[m[K’ in ‘[01m[K("(this->get_clock()->now() - now) : %f")[m[K’, which is of non-class type ‘[01m[Kconst char [38][m[K’
  121 |   [01;31m[KRCLCPP_INFO[m[K("(this->get_clock()->now() - now) : %f", (this->get_clock()->now() - now).nanoseconds());
      |   [01;31m[K^~~~~~~~~~~[m[K
[01m[K/home/skyautonet/skyautonet_ws/eee/lidar_preprocessor/src/three_lidar/src/left_lidar.cpp:121:3:[m[K [01;31m[Kerror: [m[Krequest for member ‘[01m[Kget_name[m[K’ in ‘[01m[K("(this->get_clock()->now() - now) : %f")[m[K’, which is of non-class type ‘[01m[Kconst char [38][m[K’
  121 |   [01;31m[KRCLCPP_INFO[m[K("(this->get_clock()->now() - now) : %f", (this->get_clock()->now() - now).nanoseconds());
      |   [01;31m[K^~~~~~~~~~~[m[K
[01m[K/home/skyautonet/skyautonet_ws/eee/lidar_preprocessor/src/three_lidar/src/left_lidar.cpp:121:100:[m[K [01;31m[Kerror: [m[Kinvalid conversion from ‘[01m[Krcl_duration_value_t[m[K’ {aka ‘[01m[Klong int[m[K’} to ‘[01m[Kconst char*[m[K’ [[01;31m[K-fpermissive[m[K]
  121 |   RCLCPP_INFO("(this->get_clock()->now() - now) : %f", [01;31m[K(this->get_clock()->now() - now).nanoseconds()[m[K);
      |                                                        [01;31m[K~~~~~~~~~~~~~~~~~~~~~~~~~~~~~~~~~~~~~~~~~~~~^~[m[K
      |                                                                                                    [01;31m[K|[m[K
      |                                                                                                    [01;31m[Krcl_duration_value_t {aka long int}[m[K
In file included from [01m[K/opt/ros/foxy/include/rclcpp/client.hpp:36[m[K,
                 from [01m[K/opt/ros/foxy/include/rclcpp/callback_group.hpp:23[m[K,
                 from [01m[K/opt/ros/foxy/include/rclcpp/any_executable.hpp:20[m[K,
                 from [01m[K/opt/ros/foxy/include/rclcpp/memory_strategy.hpp:24[m[K,
                 from [01m[K/opt/ros/foxy/include/rclcpp/memory_strategies.hpp:18[m[K,
                 from [01m[K/opt/ros/foxy/include/rclcpp/executor_options.hpp:20[m[K,
                 from [01m[K/opt/ros/foxy/include/rclcpp/executor.hpp:33[m[K,
                 from [01m[K/opt/ros/foxy/include/rclcpp/executors/multi_threaded_executor.hpp:26[m[K,
                 from [01m[K/opt/ros/foxy/include/rclcpp/executors.hpp:21[m[K,
                 from [01m[K/opt/ros/foxy/include/rclcpp/rclcpp.hpp:146[m[K,
                 from [01m[K/home/skyautonet/skyautonet_ws/eee/lidar_preprocessor/src/three_lidar/include/left_lidar/left_lidar_node.hpp:4[m[K,
                 from [01m[K/home/skyautonet/skyautonet_ws/eee/lidar_preprocessor/src/three_lidar/src/left_lidar.cpp:12[m[K:
[01m[K/opt/ros/foxy/include/rclcpp/utilities.hpp:296:27:[m[K [01;36m[Knote: [m[K  initializing argument 1 of ‘[01m[Kconst char* rclcpp::get_c_string(const char*)[m[K’
  296 | get_c_string([01;36m[Kconst char * string_in[m[K);
      |              [01;36m[K~~~~~~~~~~~~~^~~~~~~~~[m[K
make[2]: *** [CMakeFiles/left.dir/build.make:76: CMakeFiles/left.dir/src/left_lidar.cpp.o] Error 1
make[1]: *** [CMakeFiles/Makefile2:109: CMakeFiles/left.dir/all] Error 2
make: *** [Makefile:141: all] Error 2
