[0.139s] DEBUG:colcon:Command line arguments: ['/usr/bin/colcon', 'build']
[0.140s] DEBUG:colcon:Parsed command line arguments: Namespace(allow_overriding=[], ament_cmake_args=None, base_paths=['.'], build_base='build', catkin_cmake_args=None, catkin_skip_building_tests=False, cmake_args=None, cmake_clean_cache=False, cmake_clean_first=False, cmake_force_configure=False, cmake_target=None, cmake_target_skip_unavailable=False, continue_on_error=False, event_handlers=None, executor='parallel', ignore_user_meta=False, install_base='install', log_base=None, log_level=None, main=<bound method BuildVerb.main of <colcon_core.verb.build.BuildVerb object at 0x7f6f1d8c1340>>, merge_install=False, metas=['./colcon.meta'], packages_above=None, packages_above_and_dependencies=None, packages_above_depth=None, packages_end=None, packages_ignore=None, packages_ignore_regex=None, packages_select=None, packages_select_build_failed=False, packages_select_by_dep=None, packages_select_regex=None, packages_select_test_failures=False, packages_skip=None, packages_skip_build_finished=False, packages_skip_by_dep=None, packages_skip_regex=None, packages_skip_test_passed=False, packages_skip_up_to=None, packages_start=None, packages_up_to=None, packages_up_to_regex=None, parallel_workers=20, paths=None, symlink_install=False, test_result_base=None, verb_extension=<colcon_core.verb.build.BuildVerb object at 0x7f6f1d8c1340>, verb_name='build', verb_parser=<colcon_defaults.argument_parser.defaults.DefaultArgumentsDecorator object at 0x7f6f1d8c1880>)
[0.152s] Level 1:colcon.colcon_core.package_discovery:discover_packages(colcon_meta) check parameters
[0.152s] Level 1:colcon.colcon_core.package_discovery:discover_packages(recursive) check parameters
[0.152s] Level 1:colcon.colcon_core.package_discovery:discover_packages(ignore) check parameters
[0.153s] Level 1:colcon.colcon_core.package_discovery:discover_packages(path) check parameters
[0.153s] Level 1:colcon.colcon_core.package_discovery:discover_packages(colcon_meta) discover
[0.153s] Level 1:colcon.colcon_core.package_discovery:discover_packages(recursive) discover
[0.153s] INFO:colcon.colcon_core.package_discovery:Crawling recursively for packages in '/home/skyautonet/skyautonet_ws/eee/simple_topics'
[0.153s] Level 1:colcon.colcon_core.package_identification:_identify(.) by extensions ['ignore', 'ignore_ament_install']
[0.153s] Level 1:colcon.colcon_core.package_identification:_identify(.) by extension 'ignore'
[0.153s] Level 1:colcon.colcon_core.package_identification:_identify(.) by extension 'ignore_ament_install'
[0.153s] Level 1:colcon.colcon_core.package_identification:_identify(.) by extensions ['colcon_pkg']
[0.153s] Level 1:colcon.colcon_core.package_identification:_identify(.) by extension 'colcon_pkg'
[0.153s] Level 1:colcon.colcon_core.package_identification:_identify(.) by extensions ['colcon_meta']
[0.153s] Level 1:colcon.colcon_core.package_identification:_identify(.) by extension 'colcon_meta'
[0.153s] Level 1:colcon.colcon_core.package_identification:_identify(.) by extensions ['ros']
[0.153s] Level 1:colcon.colcon_core.package_identification:_identify(.) by extension 'ros'
[0.162s] Level 1:colcon.colcon_core.package_identification:_identify(.) by extensions ['cmake', 'python']
[0.162s] Level 1:colcon.colcon_core.package_identification:_identify(.) by extension 'cmake'
[0.162s] Level 1:colcon.colcon_core.package_identification:_identify(.) by extension 'python'
[0.162s] Level 1:colcon.colcon_core.package_identification:_identify(.) by extensions ['python_setup_py']
[0.162s] Level 1:colcon.colcon_core.package_identification:_identify(.) by extension 'python_setup_py'
[0.162s] Level 1:colcon.colcon_core.package_identification:_identify(build) by extensions ['ignore', 'ignore_ament_install']
[0.162s] Level 1:colcon.colcon_core.package_identification:_identify(build) by extension 'ignore'
[0.162s] Level 1:colcon.colcon_core.package_identification:_identify(build) ignored
[0.163s] Level 1:colcon.colcon_core.package_identification:_identify(install) by extensions ['ignore', 'ignore_ament_install']
[0.163s] Level 1:colcon.colcon_core.package_identification:_identify(install) by extension 'ignore'
[0.163s] Level 1:colcon.colcon_core.package_identification:_identify(install) ignored
[0.163s] Level 1:colcon.colcon_core.package_identification:_identify(log) by extensions ['ignore', 'ignore_ament_install']
[0.163s] Level 1:colcon.colcon_core.package_identification:_identify(log) by extension 'ignore'
[0.163s] Level 1:colcon.colcon_core.package_identification:_identify(log) ignored
[0.163s] Level 1:colcon.colcon_core.package_identification:_identify(src) by extensions ['ignore', 'ignore_ament_install']
[0.163s] Level 1:colcon.colcon_core.package_identification:_identify(src) by extension 'ignore'
[0.163s] Level 1:colcon.colcon_core.package_identification:_identify(src) by extension 'ignore_ament_install'
[0.163s] Level 1:colcon.colcon_core.package_identification:_identify(src) by extensions ['colcon_pkg']
[0.163s] Level 1:colcon.colcon_core.package_identification:_identify(src) by extension 'colcon_pkg'
[0.163s] Level 1:colcon.colcon_core.package_identification:_identify(src) by extensions ['colcon_meta']
[0.163s] Level 1:colcon.colcon_core.package_identification:_identify(src) by extension 'colcon_meta'
[0.163s] Level 1:colcon.colcon_core.package_identification:_identify(src) by extensions ['ros']
[0.163s] Level 1:colcon.colcon_core.package_identification:_identify(src) by extension 'ros'
[0.163s] Level 1:colcon.colcon_core.package_identification:_identify(src) by extensions ['cmake', 'python']
[0.163s] Level 1:colcon.colcon_core.package_identification:_identify(src) by extension 'cmake'
[0.163s] Level 1:colcon.colcon_core.package_identification:_identify(src) by extension 'python'
[0.163s] Level 1:colcon.colcon_core.package_identification:_identify(src) by extensions ['python_setup_py']
[0.163s] Level 1:colcon.colcon_core.package_identification:_identify(src) by extension 'python_setup_py'
[0.163s] Level 1:colcon.colcon_core.package_identification:_identify(src/velocity_report_pub) by extensions ['ignore', 'ignore_ament_install']
[0.163s] Level 1:colcon.colcon_core.package_identification:_identify(src/velocity_report_pub) by extension 'ignore'
[0.163s] Level 1:colcon.colcon_core.package_identification:_identify(src/velocity_report_pub) by extension 'ignore_ament_install'
[0.163s] Level 1:colcon.colcon_core.package_identification:_identify(src/velocity_report_pub) by extensions ['colcon_pkg']
[0.163s] Level 1:colcon.colcon_core.package_identification:_identify(src/velocity_report_pub) by extension 'colcon_pkg'
[0.163s] Level 1:colcon.colcon_core.package_identification:_identify(src/velocity_report_pub) by extensions ['colcon_meta']
[0.163s] Level 1:colcon.colcon_core.package_identification:_identify(src/velocity_report_pub) by extension 'colcon_meta'
[0.163s] Level 1:colcon.colcon_core.package_identification:_identify(src/velocity_report_pub) by extensions ['ros']
[0.163s] Level 1:colcon.colcon_core.package_identification:_identify(src/velocity_report_pub) by extension 'ros'
[0.165s] DEBUG:colcon.colcon_core.package_identification:Package 'src/velocity_report_pub' with type 'ros.ament_cmake' and name 'velocity_pubsub'
[0.165s] Level 1:colcon.colcon_core.package_discovery:discover_packages(recursive) using defaults
[0.165s] Level 1:colcon.colcon_core.package_discovery:discover_packages(ignore) discover
[0.165s] Level 1:colcon.colcon_core.package_discovery:discover_packages(ignore) using defaults
[0.165s] Level 1:colcon.colcon_core.package_discovery:discover_packages(path) discover
[0.165s] Level 1:colcon.colcon_core.package_discovery:discover_packages(path) using defaults
[0.175s] Level 1:colcon.colcon_core.package_discovery:discover_packages(prefix_path) check parameters
[0.175s] Level 1:colcon.colcon_core.package_discovery:discover_packages(prefix_path) discover
[0.177s] DEBUG:colcon.colcon_installed_package_information.package_discovery:Found 2 installed packages in /home/skyautonet/skyautonet_ws/eee/lidar_preprocessor/install
[0.177s] DEBUG:colcon.colcon_installed_package_information.package_discovery:Found 2 installed packages in /home/skyautonet/skyautonet_ws/eee/multi_lidar/install
[0.178s] DEBUG:colcon.colcon_installed_package_information.package_discovery:Found 268 installed packages in /opt/ros/foxy
[0.179s] Level 1:colcon.colcon_core.package_discovery:discover_packages(prefix_path) using defaults
[0.237s] Level 5:colcon.colcon_core.verb:set package 'velocity_pubsub' build argument 'cmake_args' from command line to 'None'
[0.238s] Level 5:colcon.colcon_core.verb:set package 'velocity_pubsub' build argument 'cmake_target' from command line to 'None'
[0.238s] Level 5:colcon.colcon_core.verb:set package 'velocity_pubsub' build argument 'cmake_target_skip_unavailable' from command line to 'False'
[0.238s] Level 5:colcon.colcon_core.verb:set package 'velocity_pubsub' build argument 'cmake_clean_cache' from command line to 'False'
[0.238s] Level 5:colcon.colcon_core.verb:set package 'velocity_pubsub' build argument 'cmake_clean_first' from command line to 'False'
[0.238s] Level 5:colcon.colcon_core.verb:set package 'velocity_pubsub' build argument 'cmake_force_configure' from command line to 'False'
[0.238s] Level 5:colcon.colcon_core.verb:set package 'velocity_pubsub' build argument 'ament_cmake_args' from command line to 'None'
[0.238s] Level 5:colcon.colcon_core.verb:set package 'velocity_pubsub' build argument 'catkin_cmake_args' from command line to 'None'
[0.238s] Level 5:colcon.colcon_core.verb:set package 'velocity_pubsub' build argument 'catkin_skip_building_tests' from command line to 'False'
[0.238s] DEBUG:colcon.colcon_core.verb:Building package 'velocity_pubsub' with the following arguments: {'ament_cmake_args': None, 'build_base': '/home/skyautonet/skyautonet_ws/eee/simple_topics/build/velocity_pubsub', 'catkin_cmake_args': None, 'catkin_skip_building_tests': False, 'cmake_args': None, 'cmake_clean_cache': False, 'cmake_clean_first': False, 'cmake_force_configure': False, 'cmake_target': None, 'cmake_target_skip_unavailable': False, 'install_base': '/home/skyautonet/skyautonet_ws/eee/simple_topics/install/velocity_pubsub', 'merge_install': False, 'path': '/home/skyautonet/skyautonet_ws/eee/simple_topics/src/velocity_report_pub', 'symlink_install': False, 'test_result_base': None}
[0.238s] INFO:colcon.colcon_core.executor:Executing jobs using 'parallel' executor
[0.240s] DEBUG:colcon.colcon_parallel_executor.executor.parallel:run_until_complete
[0.240s] INFO:colcon.colcon_ros.task.ament_cmake.build:Building ROS package in '/home/skyautonet/skyautonet_ws/eee/simple_topics/src/velocity_report_pub' with build type 'ament_cmake'
[0.240s] INFO:colcon.colcon_cmake.task.cmake.build:Building CMake package in '/home/skyautonet/skyautonet_ws/eee/simple_topics/src/velocity_report_pub'
[0.242s] INFO:colcon.colcon_core.plugin_system:Skipping extension 'colcon_core.shell.bat': Not used on non-Windows systems
[0.242s] INFO:colcon.colcon_core.shell:Skip shell extension 'powershell' for command environment: Not usable outside of PowerShell
[0.242s] DEBUG:colcon.colcon_core.shell:Skip shell extension 'dsv' for command environment
[0.249s] DEBUG:colcon.colcon_core.event_handler.log_command:Invoking command in '/home/skyautonet/skyautonet_ws/eee/simple_topics/build/velocity_pubsub': CMAKE_PREFIX_PATH=${CMAKE_PREFIX_PATH}:/opt/ros/foxy /usr/bin/cmake /home/skyautonet/skyautonet_ws/eee/simple_topics/src/velocity_report_pub -DCMAKE_INSTALL_PREFIX=/home/skyautonet/skyautonet_ws/eee/simple_topics/install/velocity_pubsub
[1.687s] DEBUG:colcon.colcon_core.event_handler.log_command:Invoked command in '/home/skyautonet/skyautonet_ws/eee/simple_topics/build/velocity_pubsub' returned '0': CMAKE_PREFIX_PATH=${CMAKE_PREFIX_PATH}:/opt/ros/foxy /usr/bin/cmake /home/skyautonet/skyautonet_ws/eee/simple_topics/src/velocity_report_pub -DCMAKE_INSTALL_PREFIX=/home/skyautonet/skyautonet_ws/eee/simple_topics/install/velocity_pubsub
[1.689s] DEBUG:colcon.colcon_core.event_handler.log_command:Invoking command in '/home/skyautonet/skyautonet_ws/eee/simple_topics/build/velocity_pubsub': CMAKE_PREFIX_PATH=${CMAKE_PREFIX_PATH}:/opt/ros/foxy /usr/bin/cmake --build /home/skyautonet/skyautonet_ws/eee/simple_topics/build/velocity_pubsub -- -j20 -l20
[11.068s] DEBUG:colcon.colcon_core.event_handler.log_command:Invoked command in '/home/skyautonet/skyautonet_ws/eee/simple_topics/build/velocity_pubsub' returned '0': CMAKE_PREFIX_PATH=${CMAKE_PREFIX_PATH}:/opt/ros/foxy /usr/bin/cmake --build /home/skyautonet/skyautonet_ws/eee/simple_topics/build/velocity_pubsub -- -j20 -l20
[11.098s] DEBUG:colcon.colcon_core.event_handler.log_command:Invoking command in '/home/skyautonet/skyautonet_ws/eee/simple_topics/build/velocity_pubsub': CMAKE_PREFIX_PATH=${CMAKE_PREFIX_PATH}:/opt/ros/foxy /usr/bin/cmake --install /home/skyautonet/skyautonet_ws/eee/simple_topics/build/velocity_pubsub
[11.130s] Level 1:colcon.colcon_core.environment:create_environment_scripts_only(velocity_pubsub)
[11.131s] DEBUG:colcon.colcon_core.event_handler.log_command:Invoked command in '/home/skyautonet/skyautonet_ws/eee/simple_topics/build/velocity_pubsub' returned '0': CMAKE_PREFIX_PATH=${CMAKE_PREFIX_PATH}:/opt/ros/foxy /usr/bin/cmake --install /home/skyautonet/skyautonet_ws/eee/simple_topics/build/velocity_pubsub
[11.133s] Level 1:colcon.colcon_core.environment:checking '/home/skyautonet/skyautonet_ws/eee/simple_topics/install/velocity_pubsub' for CMake module files
[11.133s] Level 1:colcon.colcon_core.environment:checking '/home/skyautonet/skyautonet_ws/eee/simple_topics/install/velocity_pubsub' for CMake config files
[11.133s] Level 1:colcon.colcon_core.shell:create_environment_hook('velocity_pubsub', 'cmake_prefix_path')
[11.134s] INFO:colcon.colcon_core.shell:Creating environment hook '/home/skyautonet/skyautonet_ws/eee/simple_topics/install/velocity_pubsub/share/velocity_pubsub/hook/cmake_prefix_path.ps1'
[11.134s] INFO:colcon.colcon_core.shell:Creating environment descriptor '/home/skyautonet/skyautonet_ws/eee/simple_topics/install/velocity_pubsub/share/velocity_pubsub/hook/cmake_prefix_path.dsv'
[11.134s] INFO:colcon.colcon_core.shell:Creating environment hook '/home/skyautonet/skyautonet_ws/eee/simple_topics/install/velocity_pubsub/share/velocity_pubsub/hook/cmake_prefix_path.sh'
[11.135s] Level 1:colcon.colcon_core.environment:checking '/home/skyautonet/skyautonet_ws/eee/simple_topics/install/velocity_pubsub/lib'
[11.135s] Level 1:colcon.colcon_core.environment:checking '/home/skyautonet/skyautonet_ws/eee/simple_topics/install/velocity_pubsub/bin'
[11.135s] Level 1:colcon.colcon_core.environment:checking '/home/skyautonet/skyautonet_ws/eee/simple_topics/install/velocity_pubsub/lib/pkgconfig/velocity_pubsub.pc'
[11.135s] Level 1:colcon.colcon_core.environment:checking '/home/skyautonet/skyautonet_ws/eee/simple_topics/install/velocity_pubsub/lib/python3.8/site-packages'
[11.135s] Level 1:colcon.colcon_core.environment:checking '/home/skyautonet/skyautonet_ws/eee/simple_topics/install/velocity_pubsub/bin'
[11.136s] INFO:colcon.colcon_core.shell:Creating package script '/home/skyautonet/skyautonet_ws/eee/simple_topics/install/velocity_pubsub/share/velocity_pubsub/package.ps1'
[11.136s] INFO:colcon.colcon_core.shell:Creating package descriptor '/home/skyautonet/skyautonet_ws/eee/simple_topics/install/velocity_pubsub/share/velocity_pubsub/package.dsv'
[11.136s] INFO:colcon.colcon_core.shell:Creating package script '/home/skyautonet/skyautonet_ws/eee/simple_topics/install/velocity_pubsub/share/velocity_pubsub/package.sh'
[11.137s] INFO:colcon.colcon_core.shell:Creating package script '/home/skyautonet/skyautonet_ws/eee/simple_topics/install/velocity_pubsub/share/velocity_pubsub/package.bash'
[11.137s] INFO:colcon.colcon_core.shell:Creating package script '/home/skyautonet/skyautonet_ws/eee/simple_topics/install/velocity_pubsub/share/velocity_pubsub/package.zsh'
[11.137s] Level 1:colcon.colcon_core.environment:create_file_with_runtime_dependencies(/home/skyautonet/skyautonet_ws/eee/simple_topics/install/velocity_pubsub/share/colcon-core/packages/velocity_pubsub)
[11.162s] Level 1:colcon.colcon_core.environment:create_environment_scripts_only(velocity_pubsub)
[11.164s] Level 1:colcon.colcon_core.environment:checking '/home/skyautonet/skyautonet_ws/eee/simple_topics/install/velocity_pubsub' for CMake module files
[11.165s] Level 1:colcon.colcon_core.environment:checking '/home/skyautonet/skyautonet_ws/eee/simple_topics/install/velocity_pubsub' for CMake config files
[11.165s] Level 1:colcon.colcon_core.shell:create_environment_hook('velocity_pubsub', 'cmake_prefix_path')
[11.166s] INFO:colcon.colcon_core.shell:Creating environment hook '/home/skyautonet/skyautonet_ws/eee/simple_topics/install/velocity_pubsub/share/velocity_pubsub/hook/cmake_prefix_path.ps1'
[11.167s] INFO:colcon.colcon_core.shell:Creating environment descriptor '/home/skyautonet/skyautonet_ws/eee/simple_topics/install/velocity_pubsub/share/velocity_pubsub/hook/cmake_prefix_path.dsv'
[11.167s] INFO:colcon.colcon_core.shell:Creating environment hook '/home/skyautonet/skyautonet_ws/eee/simple_topics/install/velocity_pubsub/share/velocity_pubsub/hook/cmake_prefix_path.sh'
[11.167s] Level 1:colcon.colcon_core.environment:checking '/home/skyautonet/skyautonet_ws/eee/simple_topics/install/velocity_pubsub/lib'
[11.168s] Level 1:colcon.colcon_core.environment:checking '/home/skyautonet/skyautonet_ws/eee/simple_topics/install/velocity_pubsub/bin'
[11.168s] Level 1:colcon.colcon_core.environment:checking '/home/skyautonet/skyautonet_ws/eee/simple_topics/install/velocity_pubsub/lib/pkgconfig/velocity_pubsub.pc'
[11.168s] Level 1:colcon.colcon_core.environment:checking '/home/skyautonet/skyautonet_ws/eee/simple_topics/install/velocity_pubsub/lib/python3.8/site-packages'
[11.168s] Level 1:colcon.colcon_core.environment:checking '/home/skyautonet/skyautonet_ws/eee/simple_topics/install/velocity_pubsub/bin'
[11.169s] INFO:colcon.colcon_core.shell:Creating package script '/home/skyautonet/skyautonet_ws/eee/simple_topics/install/velocity_pubsub/share/velocity_pubsub/package.ps1'
[11.169s] INFO:colcon.colcon_core.shell:Creating package descriptor '/home/skyautonet/skyautonet_ws/eee/simple_topics/install/velocity_pubsub/share/velocity_pubsub/package.dsv'
[11.170s] INFO:colcon.colcon_core.shell:Creating package script '/home/skyautonet/skyautonet_ws/eee/simple_topics/install/velocity_pubsub/share/velocity_pubsub/package.sh'
[11.170s] INFO:colcon.colcon_core.shell:Creating package script '/home/skyautonet/skyautonet_ws/eee/simple_topics/install/velocity_pubsub/share/velocity_pubsub/package.bash'
[11.170s] INFO:colcon.colcon_core.shell:Creating package script '/home/skyautonet/skyautonet_ws/eee/simple_topics/install/velocity_pubsub/share/velocity_pubsub/package.zsh'
[11.170s] Level 1:colcon.colcon_core.environment:create_file_with_runtime_dependencies(/home/skyautonet/skyautonet_ws/eee/simple_topics/install/velocity_pubsub/share/colcon-core/packages/velocity_pubsub)
[11.170s] DEBUG:colcon.colcon_parallel_executor.executor.parallel:closing loop
[11.171s] DEBUG:colcon.colcon_parallel_executor.executor.parallel:loop closed
[11.171s] DEBUG:colcon.colcon_parallel_executor.executor.parallel:run_until_complete finished with '0'
[11.171s] DEBUG:colcon.colcon_core.event_reactor:joining thread
[11.175s] INFO:colcon.colcon_core.plugin_system:Skipping extension 'colcon_notification.desktop_notification.terminal_notifier': Not used on non-Darwin systems
[11.175s] INFO:colcon.colcon_core.plugin_system:Skipping extension 'colcon_notification.desktop_notification.win32': Not used on non-Windows systems
[11.175s] INFO:colcon.colcon_notification.desktop_notification:Sending desktop notification using 'notify2'
[11.184s] DEBUG:colcon.colcon_core.event_reactor:joined thread
[11.185s] INFO:colcon.colcon_core.shell:Creating prefix script '/home/skyautonet/skyautonet_ws/eee/simple_topics/install/local_setup.ps1'
[11.185s] INFO:colcon.colcon_core.shell:Creating prefix util module '/home/skyautonet/skyautonet_ws/eee/simple_topics/install/_local_setup_util_ps1.py'
[11.186s] INFO:colcon.colcon_core.shell:Creating prefix chain script '/home/skyautonet/skyautonet_ws/eee/simple_topics/install/setup.ps1'
[11.187s] INFO:colcon.colcon_core.shell:Creating prefix script '/home/skyautonet/skyautonet_ws/eee/simple_topics/install/local_setup.sh'
[11.187s] INFO:colcon.colcon_core.shell:Creating prefix util module '/home/skyautonet/skyautonet_ws/eee/simple_topics/install/_local_setup_util_sh.py'
[11.187s] INFO:colcon.colcon_core.shell:Creating prefix chain script '/home/skyautonet/skyautonet_ws/eee/simple_topics/install/setup.sh'
[11.188s] INFO:colcon.colcon_core.shell:Creating prefix script '/home/skyautonet/skyautonet_ws/eee/simple_topics/install/local_setup.bash'
[11.188s] INFO:colcon.colcon_core.shell:Creating prefix chain script '/home/skyautonet/skyautonet_ws/eee/simple_topics/install/setup.bash'
[11.188s] INFO:colcon.colcon_core.shell:Creating prefix script '/home/skyautonet/skyautonet_ws/eee/simple_topics/install/local_setup.zsh'
[11.189s] INFO:colcon.colcon_core.shell:Creating prefix chain script '/home/skyautonet/skyautonet_ws/eee/simple_topics/install/setup.zsh'
