[0.007s] Invoking command in '/home/skyautonet/skyautonet_ws/eee/multi_lidar/build/concat': CMAKE_PREFIX_PATH=/home/skyautonet/skyautonet_ws/eee/multi_lidar/install/c_auto_vehicle_msgs:/home/skyautonet/skyautonet_ws/eee/multi_lidar/install/concat:/opt/ros/foxy LD_LIBRARY_PATH=/home/skyautonet/skyautonet_ws/eee/multi_lidar/install/c_auto_vehicle_msgs/lib:/usr/local/cuda-11.4/lib64/:/home/skyautonet/skyautonet_ws/eee/multi_lidar/install/concat/lib:/usr/local/cuda-11.4/lib64/:/opt/ros/foxy/opt/yaml_cpp_vendor/lib:/opt/ros/foxy/opt/rviz_ogre_vendor/lib:/opt/ros/foxy/lib/x86_64-linux-gnu:/opt/ros/foxy/lib:/usr/local/cuda-11.4/lib64 /usr/bin/cmake --build /home/skyautonet/skyautonet_ws/eee/multi_lidar/build/concat -- -j20 -l20
[0.048s] [ 33%] Built target concatenate_data_node
[0.054s] [ 66%] Built target pointcloud_preprocessor_filter_base
[0.063s] [35m[1mScanning dependencies of target pointcloud_preprocessor_filter[0m
[0.090s] [ 83%] [32mBuilding CXX object CMakeFiles/pointcloud_preprocessor_filter.dir/src/concatenate_data/concatenate_data_nodelet.cpp.o[0m
[3.030s] [01m[K/home/skyautonet/skyautonet_ws/eee/multi_lidar/src/concat/src/concatenate_data/concatenate_data_nodelet.cpp:[m[K In member function ‘[01m[Kvoid pointcloud_preprocessor::PointCloudConcatenateDataSynchronizerComponent::publish()[m[K’:
[3.030s] [01m[K/home/skyautonet/skyautonet_ws/eee/multi_lidar/src/concat/src/concatenate_data/concatenate_data_nodelet.cpp:289:22:[m[K [01;31m[Kerror: [m[Kinvalid conversion from ‘[01m[Kuint32_t[m[K’ {aka ‘[01m[Kunsigned int[m[K’} to ‘[01m[Kconst char*[m[K’ [[01;31m[K-fpermissive[m[K]
[3.030s]   289 |     printf([01;31m[Ktemp_pcl->width[m[K);
[3.030s]       |            [01;31m[K~~~~~~~~~~^~~~~[m[K
[3.030s]       |                      [01;31m[K|[m[K
[3.030s]       |                      [01;31m[Kuint32_t {aka unsigned int}[m[K
[3.030s] In file included from [01m[K/usr/include/c++/9/cstdio:42[m[K,
[3.030s]                  from [01m[K/usr/include/c++/9/ext/string_conversions.h:43[m[K,
[3.030s]                  from [01m[K/usr/include/c++/9/bits/basic_string.h:6496[m[K,
[3.030s]                  from [01m[K/usr/include/c++/9/string:55[m[K,
[3.030s]                  from [01m[K/usr/include/c++/9/stdexcept:39[m[K,
[3.030s]                  from [01m[K/usr/include/c++/9/optional:38[m[K,
[3.030s]                  from [01m[K/usr/include/c++/9/bits/node_handle.h:39[m[K,
[3.030s]                  from [01m[K/usr/include/c++/9/bits/stl_tree.h:72[m[K,
[3.030s]                  from [01m[K/usr/include/c++/9/map:60[m[K,
[3.030s]                  from [01m[K/home/skyautonet/skyautonet_ws/eee/multi_lidar/src/concat/include/concat/concatenate_data_nodelet.hpp:56[m[K,
[3.030s]                  from [01m[K/home/skyautonet/skyautonet_ws/eee/multi_lidar/src/concat/src/concatenate_data/concatenate_data_nodelet.cpp:52[m[K:
[3.031s] [01m[K/usr/include/stdio.h:332:43:[m[K [01;36m[Knote: [m[K  initializing argument 1 of ‘[01m[Kint printf(const char*, ...)[m[K’
[3.031s]   332 | extern int printf ([01;36m[Kconst char *__restrict __format[m[K, ...);
[3.031s]       |                    [01;36m[K~~~~~~~~~~~~~~~~~~~~~~~^~~~~~~~[m[K
[3.031s] [01m[K/home/skyautonet/skyautonet_ws/eee/multi_lidar/src/concat/src/concatenate_data/concatenate_data_nodelet.cpp:289:27:[m[K [01;35m[Kwarning: [m[Kformat not a string literal and no format arguments [[01;35m[K-Wformat-security[m[K]
[3.031s]   289 |     printf(temp_pcl->width[01;35m[K)[m[K;
[3.031s]       |                           [01;35m[K^[m[K
[6.272s] make[2]: *** [CMakeFiles/pointcloud_preprocessor_filter.dir/build.make:63: CMakeFiles/pointcloud_preprocessor_filter.dir/src/concatenate_data/concatenate_data_nodelet.cpp.o] Error 1
[6.272s] make[1]: *** [CMakeFiles/Makefile2:109: CMakeFiles/pointcloud_preprocessor_filter.dir/all] Error 2
[6.272s] make: *** [Makefile:141: all] Error 2
[6.274s] Invoked command in '/home/skyautonet/skyautonet_ws/eee/multi_lidar/build/concat' returned '2': CMAKE_PREFIX_PATH=/home/skyautonet/skyautonet_ws/eee/multi_lidar/install/c_auto_vehicle_msgs:/home/skyautonet/skyautonet_ws/eee/multi_lidar/install/concat:/opt/ros/foxy LD_LIBRARY_PATH=/home/skyautonet/skyautonet_ws/eee/multi_lidar/install/c_auto_vehicle_msgs/lib:/usr/local/cuda-11.4/lib64/:/home/skyautonet/skyautonet_ws/eee/multi_lidar/install/concat/lib:/usr/local/cuda-11.4/lib64/:/opt/ros/foxy/opt/yaml_cpp_vendor/lib:/opt/ros/foxy/opt/rviz_ogre_vendor/lib:/opt/ros/foxy/lib/x86_64-linux-gnu:/opt/ros/foxy/lib:/usr/local/cuda-11.4/lib64 /usr/bin/cmake --build /home/skyautonet/skyautonet_ws/eee/multi_lidar/build/concat -- -j20 -l20
