[0.151s] Invoking command in '/home/skyautonet/skyautonet_ws/eee/lidar_preprocessor/build/velocity_msg': CMAKE_PREFIX_PATH=/opt/ros/foxy /usr/bin/cmake --build /home/skyautonet/skyautonet_ws/eee/lidar_preprocessor/build/velocity_msg -- -j20 -l20
[0.606s] [  3%] Built target velocity_msg__cpp
[0.623s] [ 12%] Built target velocity_msg__rosidl_generator_c
[0.670s] [ 22%] Built target velocity_msg__rosidl_typesupport_cpp
[0.670s] [ 32%] Built target velocity_msg__rosidl_typesupport_introspection_cpp
[0.673s] [ 41%] Built target velocity_msg__rosidl_typesupport_fastrtps_cpp
[0.676s] [ 51%] Built target velocity_msg__rosidl_typesupport_c
[0.676s] [ 61%] Built target velocity_msg__rosidl_typesupport_introspection_c
[0.756s] [ 70%] Built target velocity_msg__rosidl_typesupport_fastrtps_c
[0.782s] [ 70%] Built target velocity_msg
[0.815s] [ 74%] Built target velocity_msg__py
[0.885s] [ 80%] Built target velocity_msg__python
[0.908s] [ 90%] Built target velocity_msg__rosidl_typesupport_c__pyext
[0.908s] [ 93%] Built target velocity_msg__rosidl_typesupport_introspection_c__pyext
[0.908s] [100%] Built target velocity_msg__rosidl_typesupport_fastrtps_c__pyext
[0.917s] Invoked command in '/home/skyautonet/skyautonet_ws/eee/lidar_preprocessor/build/velocity_msg' returned '0': CMAKE_PREFIX_PATH=/opt/ros/foxy /usr/bin/cmake --build /home/skyautonet/skyautonet_ws/eee/lidar_preprocessor/build/velocity_msg -- -j20 -l20
[1.010s] Invoking command in '/home/skyautonet/skyautonet_ws/eee/lidar_preprocessor/build/velocity_msg': CMAKE_PREFIX_PATH=/opt/ros/foxy /usr/bin/cmake --install /home/skyautonet/skyautonet_ws/eee/lidar_preprocessor/build/velocity_msg
[1.016s] -- Install configuration: ""
[1.017s] -- Up-to-date: /home/skyautonet/skyautonet_ws/eee/lidar_preprocessor/install/velocity_msg/share/ament_index/resource_index/rosidl_interfaces/velocity_msg
[1.017s] -- Up-to-date: /home/skyautonet/skyautonet_ws/eee/lidar_preprocessor/install/velocity_msg/include/velocity_msg
[1.017s] -- Up-to-date: /home/skyautonet/skyautonet_ws/eee/lidar_preprocessor/install/velocity_msg/include/velocity_msg/msg
[1.017s] -- Up-to-date: /home/skyautonet/skyautonet_ws/eee/lidar_preprocessor/install/velocity_msg/include/velocity_msg/msg/detail
[1.017s] -- Up-to-date: /home/skyautonet/skyautonet_ws/eee/lidar_preprocessor/install/velocity_msg/include/velocity_msg/msg/detail/num__functions.c
[1.017s] -- Up-to-date: /home/skyautonet/skyautonet_ws/eee/lidar_preprocessor/install/velocity_msg/include/velocity_msg/msg/detail/num__functions.h
[1.017s] -- Up-to-date: /home/skyautonet/skyautonet_ws/eee/lidar_preprocessor/install/velocity_msg/include/velocity_msg/msg/detail/num__struct.h
[1.017s] -- Up-to-date: /home/skyautonet/skyautonet_ws/eee/lidar_preprocessor/install/velocity_msg/include/velocity_msg/msg/detail/num__type_support.h
[1.017s] -- Up-to-date: /home/skyautonet/skyautonet_ws/eee/lidar_preprocessor/install/velocity_msg/include/velocity_msg/msg/rosidl_generator_c__visibility_control.h
[1.017s] -- Up-to-date: /home/skyautonet/skyautonet_ws/eee/lidar_preprocessor/install/velocity_msg/include/velocity_msg/msg/num.h
[1.017s] -- Up-to-date: /home/skyautonet/skyautonet_ws/eee/lidar_preprocessor/install/velocity_msg/share/velocity_msg/environment/library_path.sh
[1.017s] -- Up-to-date: /home/skyautonet/skyautonet_ws/eee/lidar_preprocessor/install/velocity_msg/share/velocity_msg/environment/library_path.dsv
[1.030s] -- Up-to-date: /home/skyautonet/skyautonet_ws/eee/lidar_preprocessor/install/velocity_msg/lib/libvelocity_msg__rosidl_generator_c.so
[1.030s] -- Up-to-date: /home/skyautonet/skyautonet_ws/eee/lidar_preprocessor/install/velocity_msg/include/velocity_msg
[1.031s] -- Up-to-date: /home/skyautonet/skyautonet_ws/eee/lidar_preprocessor/install/velocity_msg/include/velocity_msg/msg
[1.031s] -- Up-to-date: /home/skyautonet/skyautonet_ws/eee/lidar_preprocessor/install/velocity_msg/include/velocity_msg/msg/detail
[1.031s] -- Up-to-date: /home/skyautonet/skyautonet_ws/eee/lidar_preprocessor/install/velocity_msg/include/velocity_msg/msg/detail/num__rosidl_typesupport_fastrtps_c.h
[1.031s] -- Up-to-date: /home/skyautonet/skyautonet_ws/eee/lidar_preprocessor/install/velocity_msg/include/velocity_msg/msg/rosidl_typesupport_fastrtps_c__visibility_control.h
[1.031s] -- Up-to-date: /home/skyautonet/skyautonet_ws/eee/lidar_preprocessor/install/velocity_msg/lib/libvelocity_msg__rosidl_typesupport_fastrtps_c.so
[1.032s] -- Up-to-date: /home/skyautonet/skyautonet_ws/eee/lidar_preprocessor/install/velocity_msg/include/velocity_msg
[1.032s] -- Up-to-date: /home/skyautonet/skyautonet_ws/eee/lidar_preprocessor/install/velocity_msg/include/velocity_msg/msg
[1.032s] -- Up-to-date: /home/skyautonet/skyautonet_ws/eee/lidar_preprocessor/install/velocity_msg/include/velocity_msg/msg/rosidl_typesupport_fastrtps_cpp__visibility_control.h
[1.032s] -- Up-to-date: /home/skyautonet/skyautonet_ws/eee/lidar_preprocessor/install/velocity_msg/include/velocity_msg/msg/detail
[1.032s] -- Up-to-date: /home/skyautonet/skyautonet_ws/eee/lidar_preprocessor/install/velocity_msg/include/velocity_msg/msg/detail/dds_fastrtps
[1.032s] -- Up-to-date: /home/skyautonet/skyautonet_ws/eee/lidar_preprocessor/install/velocity_msg/include/velocity_msg/msg/detail/num__rosidl_typesupport_fastrtps_cpp.hpp
[1.032s] -- Up-to-date: /home/skyautonet/skyautonet_ws/eee/lidar_preprocessor/install/velocity_msg/lib/libvelocity_msg__rosidl_typesupport_fastrtps_cpp.so
[1.033s] -- Up-to-date: /home/skyautonet/skyautonet_ws/eee/lidar_preprocessor/install/velocity_msg/include/velocity_msg
[1.033s] -- Up-to-date: /home/skyautonet/skyautonet_ws/eee/lidar_preprocessor/install/velocity_msg/include/velocity_msg/msg
[1.033s] -- Up-to-date: /home/skyautonet/skyautonet_ws/eee/lidar_preprocessor/install/velocity_msg/include/velocity_msg/msg/rosidl_typesupport_introspection_c__visibility_control.h
[1.033s] -- Up-to-date: /home/skyautonet/skyautonet_ws/eee/lidar_preprocessor/install/velocity_msg/include/velocity_msg/msg/detail
[1.033s] -- Up-to-date: /home/skyautonet/skyautonet_ws/eee/lidar_preprocessor/install/velocity_msg/include/velocity_msg/msg/detail/num__rosidl_typesupport_introspection_c.h
[1.033s] -- Up-to-date: /home/skyautonet/skyautonet_ws/eee/lidar_preprocessor/install/velocity_msg/include/velocity_msg/msg/detail/num__type_support.c
[1.033s] -- Up-to-date: /home/skyautonet/skyautonet_ws/eee/lidar_preprocessor/install/velocity_msg/lib/libvelocity_msg__rosidl_typesupport_introspection_c.so
[1.034s] -- Up-to-date: /home/skyautonet/skyautonet_ws/eee/lidar_preprocessor/install/velocity_msg/lib/libvelocity_msg__rosidl_typesupport_c.so
[1.034s] -- Up-to-date: /home/skyautonet/skyautonet_ws/eee/lidar_preprocessor/install/velocity_msg/include/velocity_msg
[1.034s] -- Up-to-date: /home/skyautonet/skyautonet_ws/eee/lidar_preprocessor/install/velocity_msg/include/velocity_msg/msg
[1.034s] -- Up-to-date: /home/skyautonet/skyautonet_ws/eee/lidar_preprocessor/install/velocity_msg/include/velocity_msg/msg/detail
[1.034s] -- Up-to-date: /home/skyautonet/skyautonet_ws/eee/lidar_preprocessor/install/velocity_msg/include/velocity_msg/msg/detail/num__struct.hpp
[1.035s] -- Up-to-date: /home/skyautonet/skyautonet_ws/eee/lidar_preprocessor/install/velocity_msg/include/velocity_msg/msg/detail/num__builder.hpp
[1.035s] -- Up-to-date: /home/skyautonet/skyautonet_ws/eee/lidar_preprocessor/install/velocity_msg/include/velocity_msg/msg/detail/num__traits.hpp
[1.035s] -- Up-to-date: /home/skyautonet/skyautonet_ws/eee/lidar_preprocessor/install/velocity_msg/include/velocity_msg/msg/detail/num__type_support.hpp
[1.035s] -- Up-to-date: /home/skyautonet/skyautonet_ws/eee/lidar_preprocessor/install/velocity_msg/include/velocity_msg/msg/num.hpp
[1.035s] -- Up-to-date: /home/skyautonet/skyautonet_ws/eee/lidar_preprocessor/install/velocity_msg/include/velocity_msg/msg/rosidl_generator_cpp__visibility_control.hpp
[1.035s] -- Up-to-date: /home/skyautonet/skyautonet_ws/eee/lidar_preprocessor/install/velocity_msg/include/velocity_msg
[1.035s] -- Up-to-date: /home/skyautonet/skyautonet_ws/eee/lidar_preprocessor/install/velocity_msg/include/velocity_msg/msg
[1.035s] -- Up-to-date: /home/skyautonet/skyautonet_ws/eee/lidar_preprocessor/install/velocity_msg/include/velocity_msg/msg/detail
[1.035s] -- Up-to-date: /home/skyautonet/skyautonet_ws/eee/lidar_preprocessor/install/velocity_msg/include/velocity_msg/msg/detail/num__type_support.cpp
[1.035s] -- Up-to-date: /home/skyautonet/skyautonet_ws/eee/lidar_preprocessor/install/velocity_msg/include/velocity_msg/msg/detail/num__rosidl_typesupport_introspection_cpp.hpp
[1.035s] -- Up-to-date: /home/skyautonet/skyautonet_ws/eee/lidar_preprocessor/install/velocity_msg/lib/libvelocity_msg__rosidl_typesupport_introspection_cpp.so
[1.036s] -- Up-to-date: /home/skyautonet/skyautonet_ws/eee/lidar_preprocessor/install/velocity_msg/lib/libvelocity_msg__rosidl_typesupport_cpp.so
[1.036s] -- Up-to-date: /home/skyautonet/skyautonet_ws/eee/lidar_preprocessor/install/velocity_msg/share/velocity_msg/environment/pythonpath.sh
[1.036s] -- Up-to-date: /home/skyautonet/skyautonet_ws/eee/lidar_preprocessor/install/velocity_msg/share/velocity_msg/environment/pythonpath.dsv
[1.036s] -- Up-to-date: /home/skyautonet/skyautonet_ws/eee/lidar_preprocessor/install/velocity_msg/lib/python3.8/site-packages/velocity_msg/__init__.py
[1.093s] -- Up-to-date: /home/skyautonet/skyautonet_ws/eee/lidar_preprocessor/install/velocity_msg/lib/python3.8/site-packages/velocity_msg/msg
[1.093s] -- Up-to-date: /home/skyautonet/skyautonet_ws/eee/lidar_preprocessor/install/velocity_msg/lib/python3.8/site-packages/velocity_msg/msg/_num_s.c
[1.093s] -- Up-to-date: /home/skyautonet/skyautonet_ws/eee/lidar_preprocessor/install/velocity_msg/lib/python3.8/site-packages/velocity_msg/msg/__init__.py
[1.093s] -- Up-to-date: /home/skyautonet/skyautonet_ws/eee/lidar_preprocessor/install/velocity_msg/lib/python3.8/site-packages/velocity_msg/msg/_num.py
[1.093s] -- Up-to-date: /home/skyautonet/skyautonet_ws/eee/lidar_preprocessor/install/velocity_msg/lib/python3.8/site-packages/velocity_msg/velocity_msg_s__rosidl_typesupport_fastrtps_c.cpython-38-x86_64-linux-gnu.so
[1.094s] -- Up-to-date: /home/skyautonet/skyautonet_ws/eee/lidar_preprocessor/install/velocity_msg/lib/python3.8/site-packages/velocity_msg/velocity_msg_s__rosidl_typesupport_introspection_c.cpython-38-x86_64-linux-gnu.so
[1.095s] -- Up-to-date: /home/skyautonet/skyautonet_ws/eee/lidar_preprocessor/install/velocity_msg/lib/python3.8/site-packages/velocity_msg/velocity_msg_s__rosidl_typesupport_c.cpython-38-x86_64-linux-gnu.so
[1.095s] -- Up-to-date: /home/skyautonet/skyautonet_ws/eee/lidar_preprocessor/install/velocity_msg/lib/libvelocity_msg__python.so
[1.095s] -- Up-to-date: /home/skyautonet/skyautonet_ws/eee/lidar_preprocessor/install/velocity_msg/share/velocity_msg/msg/Num.idl
[1.095s] -- Up-to-date: /home/skyautonet/skyautonet_ws/eee/lidar_preprocessor/install/velocity_msg/share/velocity_msg/msg/Num.msg
[1.095s] -- Up-to-date: /home/skyautonet/skyautonet_ws/eee/lidar_preprocessor/install/velocity_msg/share/ament_index/resource_index/package_run_dependencies/velocity_msg
[1.095s] -- Up-to-date: /home/skyautonet/skyautonet_ws/eee/lidar_preprocessor/install/velocity_msg/share/ament_index/resource_index/parent_prefix_path/velocity_msg
[1.095s] -- Up-to-date: /home/skyautonet/skyautonet_ws/eee/lidar_preprocessor/install/velocity_msg/share/velocity_msg/environment/ament_prefix_path.sh
[1.095s] -- Up-to-date: /home/skyautonet/skyautonet_ws/eee/lidar_preprocessor/install/velocity_msg/share/velocity_msg/environment/ament_prefix_path.dsv
[1.095s] -- Up-to-date: /home/skyautonet/skyautonet_ws/eee/lidar_preprocessor/install/velocity_msg/share/velocity_msg/environment/path.sh
[1.095s] -- Up-to-date: /home/skyautonet/skyautonet_ws/eee/lidar_preprocessor/install/velocity_msg/share/velocity_msg/environment/path.dsv
[1.095s] -- Up-to-date: /home/skyautonet/skyautonet_ws/eee/lidar_preprocessor/install/velocity_msg/share/velocity_msg/local_setup.bash
[1.095s] -- Up-to-date: /home/skyautonet/skyautonet_ws/eee/lidar_preprocessor/install/velocity_msg/share/velocity_msg/local_setup.sh
[1.096s] -- Up-to-date: /home/skyautonet/skyautonet_ws/eee/lidar_preprocessor/install/velocity_msg/share/velocity_msg/local_setup.zsh
[1.096s] -- Up-to-date: /home/skyautonet/skyautonet_ws/eee/lidar_preprocessor/install/velocity_msg/share/velocity_msg/local_setup.dsv
[1.096s] -- Installing: /home/skyautonet/skyautonet_ws/eee/lidar_preprocessor/install/velocity_msg/share/velocity_msg/package.dsv
[1.121s] -- Up-to-date: /home/skyautonet/skyautonet_ws/eee/lidar_preprocessor/install/velocity_msg/share/ament_index/resource_index/packages/velocity_msg
[1.129s] -- Up-to-date: /home/skyautonet/skyautonet_ws/eee/lidar_preprocessor/install/velocity_msg/share/velocity_msg/cmake/velocity_msg__rosidl_generator_cExport.cmake
[1.129s] -- Up-to-date: /home/skyautonet/skyautonet_ws/eee/lidar_preprocessor/install/velocity_msg/share/velocity_msg/cmake/velocity_msg__rosidl_generator_cExport-noconfig.cmake
[1.130s] -- Up-to-date: /home/skyautonet/skyautonet_ws/eee/lidar_preprocessor/install/velocity_msg/share/velocity_msg/cmake/velocity_msg__rosidl_typesupport_introspection_cExport.cmake
[1.130s] -- Up-to-date: /home/skyautonet/skyautonet_ws/eee/lidar_preprocessor/install/velocity_msg/share/velocity_msg/cmake/velocity_msg__rosidl_typesupport_introspection_cExport-noconfig.cmake
[1.131s] -- Up-to-date: /home/skyautonet/skyautonet_ws/eee/lidar_preprocessor/install/velocity_msg/share/velocity_msg/cmake/velocity_msg__rosidl_typesupport_cExport.cmake
[1.131s] -- Up-to-date: /home/skyautonet/skyautonet_ws/eee/lidar_preprocessor/install/velocity_msg/share/velocity_msg/cmake/velocity_msg__rosidl_typesupport_cExport-noconfig.cmake
[1.132s] -- Up-to-date: /home/skyautonet/skyautonet_ws/eee/lidar_preprocessor/install/velocity_msg/share/velocity_msg/cmake/velocity_msg__rosidl_generator_cppExport.cmake
[1.133s] -- Up-to-date: /home/skyautonet/skyautonet_ws/eee/lidar_preprocessor/install/velocity_msg/share/velocity_msg/cmake/velocity_msg__rosidl_typesupport_introspection_cppExport.cmake
[1.133s] -- Up-to-date: /home/skyautonet/skyautonet_ws/eee/lidar_preprocessor/install/velocity_msg/share/velocity_msg/cmake/velocity_msg__rosidl_typesupport_introspection_cppExport-noconfig.cmake
[1.134s] -- Up-to-date: /home/skyautonet/skyautonet_ws/eee/lidar_preprocessor/install/velocity_msg/share/velocity_msg/cmake/velocity_msg__rosidl_typesupport_cppExport.cmake
[1.135s] -- Up-to-date: /home/skyautonet/skyautonet_ws/eee/lidar_preprocessor/install/velocity_msg/share/velocity_msg/cmake/velocity_msg__rosidl_typesupport_cppExport-noconfig.cmake
[1.135s] -- Up-to-date: /home/skyautonet/skyautonet_ws/eee/lidar_preprocessor/install/velocity_msg/share/velocity_msg/cmake/ament_cmake_export_dependencies-extras.cmake
[1.135s] -- Up-to-date: /home/skyautonet/skyautonet_ws/eee/lidar_preprocessor/install/velocity_msg/share/velocity_msg/cmake/rosidl_cmake-extras.cmake
[1.135s] -- Up-to-date: /home/skyautonet/skyautonet_ws/eee/lidar_preprocessor/install/velocity_msg/share/velocity_msg/cmake/ament_cmake_export_libraries-extras.cmake
[1.136s] -- Up-to-date: /home/skyautonet/skyautonet_ws/eee/lidar_preprocessor/install/velocity_msg/share/velocity_msg/cmake/ament_cmake_export_targets-extras.cmake
[1.136s] -- Up-to-date: /home/skyautonet/skyautonet_ws/eee/lidar_preprocessor/install/velocity_msg/share/velocity_msg/cmake/ament_cmake_export_include_directories-extras.cmake
[1.136s] -- Up-to-date: /home/skyautonet/skyautonet_ws/eee/lidar_preprocessor/install/velocity_msg/share/velocity_msg/cmake/rosidl_cmake_export_typesupport_libraries-extras.cmake
[1.136s] -- Up-to-date: /home/skyautonet/skyautonet_ws/eee/lidar_preprocessor/install/velocity_msg/share/velocity_msg/cmake/rosidl_cmake_export_typesupport_targets-extras.cmake
[1.136s] -- Up-to-date: /home/skyautonet/skyautonet_ws/eee/lidar_preprocessor/install/velocity_msg/share/velocity_msg/cmake/velocity_msgConfig.cmake
[1.136s] -- Up-to-date: /home/skyautonet/skyautonet_ws/eee/lidar_preprocessor/install/velocity_msg/share/velocity_msg/cmake/velocity_msgConfig-version.cmake
[1.136s] -- Up-to-date: /home/skyautonet/skyautonet_ws/eee/lidar_preprocessor/install/velocity_msg/share/velocity_msg/package.xml
[1.139s] Invoked command in '/home/skyautonet/skyautonet_ws/eee/lidar_preprocessor/build/velocity_msg' returned '0': CMAKE_PREFIX_PATH=/opt/ros/foxy /usr/bin/cmake --install /home/skyautonet/skyautonet_ws/eee/lidar_preprocessor/build/velocity_msg
