[0.029s] Invoking command in '/home/skyautonet/skyautonet_ws/eee/lidar_preprocessor/build/velocity_msg': CMAKE_PREFIX_PATH=${CMAKE_PREFIX_PATH}:/opt/ros/foxy /usr/bin/cmake --build /home/skyautonet/skyautonet_ws/eee/lidar_preprocessor/build/velocity_msg -- -j20 -l20
[0.134s] [  3%] Built target velocity_msg__cpp
[0.135s] [ 12%] Built target velocity_msg__rosidl_generator_c
[0.147s] [ 22%] Built target velocity_msg__rosidl_typesupport_cpp
[0.149s] [ 51%] Built target velocity_msg__rosidl_typesupport_c
[0.149s] [ 51%] Built target velocity_msg__rosidl_typesupport_introspection_c
[0.149s] [ 51%] Built target velocity_msg__rosidl_typesupport_introspection_cpp
[0.152s] [ 61%] Built target velocity_msg__rosidl_typesupport_fastrtps_cpp
[0.180s] [ 70%] Built target velocity_msg__rosidl_typesupport_fastrtps_c
[0.191s] [ 70%] Built target velocity_msg
[0.204s] [ 74%] Built target velocity_msg__py
[0.229s] [ 80%] Built target velocity_msg__python
[0.269s] [ 93%] Built target velocity_msg__rosidl_typesupport_c__pyext
[0.269s] [ 93%] Built target velocity_msg__rosidl_typesupport_introspection_c__pyext
[0.272s] [100%] Built target velocity_msg__rosidl_typesupport_fastrtps_c__pyext
[0.281s] Invoked command in '/home/skyautonet/skyautonet_ws/eee/lidar_preprocessor/build/velocity_msg' returned '0': CMAKE_PREFIX_PATH=${CMAKE_PREFIX_PATH}:/opt/ros/foxy /usr/bin/cmake --build /home/skyautonet/skyautonet_ws/eee/lidar_preprocessor/build/velocity_msg -- -j20 -l20
[0.371s] Invoking command in '/home/skyautonet/skyautonet_ws/eee/lidar_preprocessor/build/velocity_msg': CMAKE_PREFIX_PATH=${CMAKE_PREFIX_PATH}:/opt/ros/foxy /usr/bin/cmake --install /home/skyautonet/skyautonet_ws/eee/lidar_preprocessor/build/velocity_msg
[0.390s] -- Install configuration: ""
[0.390s] -- Up-to-date: /home/skyautonet/skyautonet_ws/eee/lidar_preprocessor/install/velocity_msg/share/ament_index/resource_index/rosidl_interfaces/velocity_msg
[0.390s] -- Up-to-date: /home/skyautonet/skyautonet_ws/eee/lidar_preprocessor/install/velocity_msg/include/velocity_msg
[0.390s] -- Up-to-date: /home/skyautonet/skyautonet_ws/eee/lidar_preprocessor/install/velocity_msg/include/velocity_msg/msg
[0.391s] -- Up-to-date: /home/skyautonet/skyautonet_ws/eee/lidar_preprocessor/install/velocity_msg/include/velocity_msg/msg/detail
[0.391s] -- Up-to-date: /home/skyautonet/skyautonet_ws/eee/lidar_preprocessor/install/velocity_msg/include/velocity_msg/msg/detail/num__functions.c
[0.391s] -- Up-to-date: /home/skyautonet/skyautonet_ws/eee/lidar_preprocessor/install/velocity_msg/include/velocity_msg/msg/detail/num__functions.h
[0.391s] -- Up-to-date: /home/skyautonet/skyautonet_ws/eee/lidar_preprocessor/install/velocity_msg/include/velocity_msg/msg/detail/num__struct.h
[0.391s] -- Up-to-date: /home/skyautonet/skyautonet_ws/eee/lidar_preprocessor/install/velocity_msg/include/velocity_msg/msg/detail/num__type_support.h
[0.391s] -- Up-to-date: /home/skyautonet/skyautonet_ws/eee/lidar_preprocessor/install/velocity_msg/include/velocity_msg/msg/rosidl_generator_c__visibility_control.h
[0.391s] -- Up-to-date: /home/skyautonet/skyautonet_ws/eee/lidar_preprocessor/install/velocity_msg/include/velocity_msg/msg/num.h
[0.391s] -- Up-to-date: /home/skyautonet/skyautonet_ws/eee/lidar_preprocessor/install/velocity_msg/share/velocity_msg/environment/library_path.sh
[0.391s] -- Up-to-date: /home/skyautonet/skyautonet_ws/eee/lidar_preprocessor/install/velocity_msg/share/velocity_msg/environment/library_path.dsv
[0.392s] -- Up-to-date: /home/skyautonet/skyautonet_ws/eee/lidar_preprocessor/install/velocity_msg/lib/libvelocity_msg__rosidl_generator_c.so
[0.392s] -- Up-to-date: /home/skyautonet/skyautonet_ws/eee/lidar_preprocessor/install/velocity_msg/include/velocity_msg
[0.392s] -- Up-to-date: /home/skyautonet/skyautonet_ws/eee/lidar_preprocessor/install/velocity_msg/include/velocity_msg/msg
[0.392s] -- Up-to-date: /home/skyautonet/skyautonet_ws/eee/lidar_preprocessor/install/velocity_msg/include/velocity_msg/msg/detail
[0.392s] -- Up-to-date: /home/skyautonet/skyautonet_ws/eee/lidar_preprocessor/install/velocity_msg/include/velocity_msg/msg/detail/num__rosidl_typesupport_fastrtps_c.h
[0.392s] -- Up-to-date: /home/skyautonet/skyautonet_ws/eee/lidar_preprocessor/install/velocity_msg/include/velocity_msg/msg/rosidl_typesupport_fastrtps_c__visibility_control.h
[0.392s] -- Up-to-date: /home/skyautonet/skyautonet_ws/eee/lidar_preprocessor/install/velocity_msg/lib/libvelocity_msg__rosidl_typesupport_fastrtps_c.so
[0.392s] -- Up-to-date: /home/skyautonet/skyautonet_ws/eee/lidar_preprocessor/install/velocity_msg/include/velocity_msg
[0.393s] -- Up-to-date: /home/skyautonet/skyautonet_ws/eee/lidar_preprocessor/install/velocity_msg/include/velocity_msg/msg
[0.393s] -- Up-to-date: /home/skyautonet/skyautonet_ws/eee/lidar_preprocessor/install/velocity_msg/include/velocity_msg/msg/rosidl_typesupport_fastrtps_cpp__visibility_control.h
[0.393s] -- Up-to-date: /home/skyautonet/skyautonet_ws/eee/lidar_preprocessor/install/velocity_msg/include/velocity_msg/msg/detail
[0.393s] -- Up-to-date: /home/skyautonet/skyautonet_ws/eee/lidar_preprocessor/install/velocity_msg/include/velocity_msg/msg/detail/dds_fastrtps
[0.393s] -- Up-to-date: /home/skyautonet/skyautonet_ws/eee/lidar_preprocessor/install/velocity_msg/include/velocity_msg/msg/detail/num__rosidl_typesupport_fastrtps_cpp.hpp
[0.393s] -- Up-to-date: /home/skyautonet/skyautonet_ws/eee/lidar_preprocessor/install/velocity_msg/lib/libvelocity_msg__rosidl_typesupport_fastrtps_cpp.so
[0.393s] -- Up-to-date: /home/skyautonet/skyautonet_ws/eee/lidar_preprocessor/install/velocity_msg/include/velocity_msg
[0.393s] -- Up-to-date: /home/skyautonet/skyautonet_ws/eee/lidar_preprocessor/install/velocity_msg/include/velocity_msg/msg
[0.393s] -- Up-to-date: /home/skyautonet/skyautonet_ws/eee/lidar_preprocessor/install/velocity_msg/include/velocity_msg/msg/rosidl_typesupport_introspection_c__visibility_control.h
[0.393s] -- Up-to-date: /home/skyautonet/skyautonet_ws/eee/lidar_preprocessor/install/velocity_msg/include/velocity_msg/msg/detail
[0.393s] -- Up-to-date: /home/skyautonet/skyautonet_ws/eee/lidar_preprocessor/install/velocity_msg/include/velocity_msg/msg/detail/num__rosidl_typesupport_introspection_c.h
[0.394s] -- Up-to-date: /home/skyautonet/skyautonet_ws/eee/lidar_preprocessor/install/velocity_msg/include/velocity_msg/msg/detail/num__type_support.c
[0.394s] -- Up-to-date: /home/skyautonet/skyautonet_ws/eee/lidar_preprocessor/install/velocity_msg/lib/libvelocity_msg__rosidl_typesupport_introspection_c.so
[0.394s] -- Up-to-date: /home/skyautonet/skyautonet_ws/eee/lidar_preprocessor/install/velocity_msg/lib/libvelocity_msg__rosidl_typesupport_c.so
[0.394s] -- Up-to-date: /home/skyautonet/skyautonet_ws/eee/lidar_preprocessor/install/velocity_msg/include/velocity_msg
[0.394s] -- Up-to-date: /home/skyautonet/skyautonet_ws/eee/lidar_preprocessor/install/velocity_msg/include/velocity_msg/msg
[0.394s] -- Up-to-date: /home/skyautonet/skyautonet_ws/eee/lidar_preprocessor/install/velocity_msg/include/velocity_msg/msg/detail
[0.394s] -- Up-to-date: /home/skyautonet/skyautonet_ws/eee/lidar_preprocessor/install/velocity_msg/include/velocity_msg/msg/detail/num__struct.hpp
[0.394s] -- Up-to-date: /home/skyautonet/skyautonet_ws/eee/lidar_preprocessor/install/velocity_msg/include/velocity_msg/msg/detail/num__builder.hpp
[0.394s] -- Up-to-date: /home/skyautonet/skyautonet_ws/eee/lidar_preprocessor/install/velocity_msg/include/velocity_msg/msg/detail/num__traits.hpp
[0.394s] -- Up-to-date: /home/skyautonet/skyautonet_ws/eee/lidar_preprocessor/install/velocity_msg/include/velocity_msg/msg/detail/num__type_support.hpp
[0.394s] -- Up-to-date: /home/skyautonet/skyautonet_ws/eee/lidar_preprocessor/install/velocity_msg/include/velocity_msg/msg/num.hpp
[0.394s] -- Up-to-date: /home/skyautonet/skyautonet_ws/eee/lidar_preprocessor/install/velocity_msg/include/velocity_msg/msg/rosidl_generator_cpp__visibility_control.hpp
[0.395s] -- Up-to-date: /home/skyautonet/skyautonet_ws/eee/lidar_preprocessor/install/velocity_msg/include/velocity_msg
[0.395s] -- Up-to-date: /home/skyautonet/skyautonet_ws/eee/lidar_preprocessor/install/velocity_msg/include/velocity_msg/msg
[0.395s] -- Up-to-date: /home/skyautonet/skyautonet_ws/eee/lidar_preprocessor/install/velocity_msg/include/velocity_msg/msg/detail
[0.395s] -- Up-to-date: /home/skyautonet/skyautonet_ws/eee/lidar_preprocessor/install/velocity_msg/include/velocity_msg/msg/detail/num__type_support.cpp
[0.395s] -- Up-to-date: /home/skyautonet/skyautonet_ws/eee/lidar_preprocessor/install/velocity_msg/include/velocity_msg/msg/detail/num__rosidl_typesupport_introspection_cpp.hpp
[0.395s] -- Up-to-date: /home/skyautonet/skyautonet_ws/eee/lidar_preprocessor/install/velocity_msg/lib/libvelocity_msg__rosidl_typesupport_introspection_cpp.so
[0.395s] -- Up-to-date: /home/skyautonet/skyautonet_ws/eee/lidar_preprocessor/install/velocity_msg/lib/libvelocity_msg__rosidl_typesupport_cpp.so
[0.395s] -- Up-to-date: /home/skyautonet/skyautonet_ws/eee/lidar_preprocessor/install/velocity_msg/share/velocity_msg/environment/pythonpath.sh
[0.395s] -- Up-to-date: /home/skyautonet/skyautonet_ws/eee/lidar_preprocessor/install/velocity_msg/share/velocity_msg/environment/pythonpath.dsv
[0.395s] -- Up-to-date: /home/skyautonet/skyautonet_ws/eee/lidar_preprocessor/install/velocity_msg/lib/python3.8/site-packages/velocity_msg/__init__.py
[0.420s] -- Up-to-date: /home/skyautonet/skyautonet_ws/eee/lidar_preprocessor/install/velocity_msg/lib/python3.8/site-packages/velocity_msg/msg
[0.420s] -- Up-to-date: /home/skyautonet/skyautonet_ws/eee/lidar_preprocessor/install/velocity_msg/lib/python3.8/site-packages/velocity_msg/msg/_num_s.c
[0.420s] -- Up-to-date: /home/skyautonet/skyautonet_ws/eee/lidar_preprocessor/install/velocity_msg/lib/python3.8/site-packages/velocity_msg/msg/__init__.py
[0.420s] -- Up-to-date: /home/skyautonet/skyautonet_ws/eee/lidar_preprocessor/install/velocity_msg/lib/python3.8/site-packages/velocity_msg/msg/_num.py
[0.420s] -- Up-to-date: /home/skyautonet/skyautonet_ws/eee/lidar_preprocessor/install/velocity_msg/lib/python3.8/site-packages/velocity_msg/velocity_msg_s__rosidl_typesupport_fastrtps_c.cpython-38-x86_64-linux-gnu.so
[0.421s] -- Up-to-date: /home/skyautonet/skyautonet_ws/eee/lidar_preprocessor/install/velocity_msg/lib/python3.8/site-packages/velocity_msg/velocity_msg_s__rosidl_typesupport_introspection_c.cpython-38-x86_64-linux-gnu.so
[0.421s] -- Up-to-date: /home/skyautonet/skyautonet_ws/eee/lidar_preprocessor/install/velocity_msg/lib/python3.8/site-packages/velocity_msg/velocity_msg_s__rosidl_typesupport_c.cpython-38-x86_64-linux-gnu.so
[0.421s] -- Up-to-date: /home/skyautonet/skyautonet_ws/eee/lidar_preprocessor/install/velocity_msg/lib/libvelocity_msg__python.so
[0.421s] -- Up-to-date: /home/skyautonet/skyautonet_ws/eee/lidar_preprocessor/install/velocity_msg/share/velocity_msg/msg/Num.idl
[0.421s] -- Up-to-date: /home/skyautonet/skyautonet_ws/eee/lidar_preprocessor/install/velocity_msg/share/velocity_msg/msg/Num.msg
[0.421s] -- Up-to-date: /home/skyautonet/skyautonet_ws/eee/lidar_preprocessor/install/velocity_msg/share/ament_index/resource_index/package_run_dependencies/velocity_msg
[0.421s] -- Up-to-date: /home/skyautonet/skyautonet_ws/eee/lidar_preprocessor/install/velocity_msg/share/ament_index/resource_index/parent_prefix_path/velocity_msg
[0.421s] -- Up-to-date: /home/skyautonet/skyautonet_ws/eee/lidar_preprocessor/install/velocity_msg/share/velocity_msg/environment/ament_prefix_path.sh
[0.421s] -- Up-to-date: /home/skyautonet/skyautonet_ws/eee/lidar_preprocessor/install/velocity_msg/share/velocity_msg/environment/ament_prefix_path.dsv
[0.422s] -- Up-to-date: /home/skyautonet/skyautonet_ws/eee/lidar_preprocessor/install/velocity_msg/share/velocity_msg/environment/path.sh
[0.422s] -- Up-to-date: /home/skyautonet/skyautonet_ws/eee/lidar_preprocessor/install/velocity_msg/share/velocity_msg/environment/path.dsv
[0.422s] -- Up-to-date: /home/skyautonet/skyautonet_ws/eee/lidar_preprocessor/install/velocity_msg/share/velocity_msg/local_setup.bash
[0.422s] -- Up-to-date: /home/skyautonet/skyautonet_ws/eee/lidar_preprocessor/install/velocity_msg/share/velocity_msg/local_setup.sh
[0.422s] -- Up-to-date: /home/skyautonet/skyautonet_ws/eee/lidar_preprocessor/install/velocity_msg/share/velocity_msg/local_setup.zsh
[0.422s] -- Up-to-date: /home/skyautonet/skyautonet_ws/eee/lidar_preprocessor/install/velocity_msg/share/velocity_msg/local_setup.dsv
[0.422s] -- Installing: /home/skyautonet/skyautonet_ws/eee/lidar_preprocessor/install/velocity_msg/share/velocity_msg/package.dsv
[0.422s] -- Up-to-date: /home/skyautonet/skyautonet_ws/eee/lidar_preprocessor/install/velocity_msg/share/ament_index/resource_index/packages/velocity_msg
[0.422s] -- Up-to-date: /home/skyautonet/skyautonet_ws/eee/lidar_preprocessor/install/velocity_msg/share/velocity_msg/cmake/velocity_msg__rosidl_generator_cExport.cmake
[0.422s] -- Up-to-date: /home/skyautonet/skyautonet_ws/eee/lidar_preprocessor/install/velocity_msg/share/velocity_msg/cmake/velocity_msg__rosidl_generator_cExport-noconfig.cmake
[0.422s] -- Up-to-date: /home/skyautonet/skyautonet_ws/eee/lidar_preprocessor/install/velocity_msg/share/velocity_msg/cmake/velocity_msg__rosidl_typesupport_introspection_cExport.cmake
[0.422s] -- Up-to-date: /home/skyautonet/skyautonet_ws/eee/lidar_preprocessor/install/velocity_msg/share/velocity_msg/cmake/velocity_msg__rosidl_typesupport_introspection_cExport-noconfig.cmake
[0.422s] -- Up-to-date: /home/skyautonet/skyautonet_ws/eee/lidar_preprocessor/install/velocity_msg/share/velocity_msg/cmake/velocity_msg__rosidl_typesupport_cExport.cmake
[0.422s] -- Up-to-date: /home/skyautonet/skyautonet_ws/eee/lidar_preprocessor/install/velocity_msg/share/velocity_msg/cmake/velocity_msg__rosidl_typesupport_cExport-noconfig.cmake
[0.422s] -- Up-to-date: /home/skyautonet/skyautonet_ws/eee/lidar_preprocessor/install/velocity_msg/share/velocity_msg/cmake/velocity_msg__rosidl_generator_cppExport.cmake
[0.422s] -- Up-to-date: /home/skyautonet/skyautonet_ws/eee/lidar_preprocessor/install/velocity_msg/share/velocity_msg/cmake/velocity_msg__rosidl_typesupport_introspection_cppExport.cmake
[0.422s] -- Up-to-date: /home/skyautonet/skyautonet_ws/eee/lidar_preprocessor/install/velocity_msg/share/velocity_msg/cmake/velocity_msg__rosidl_typesupport_introspection_cppExport-noconfig.cmake
[0.422s] -- Up-to-date: /home/skyautonet/skyautonet_ws/eee/lidar_preprocessor/install/velocity_msg/share/velocity_msg/cmake/velocity_msg__rosidl_typesupport_cppExport.cmake
[0.422s] -- Up-to-date: /home/skyautonet/skyautonet_ws/eee/lidar_preprocessor/install/velocity_msg/share/velocity_msg/cmake/velocity_msg__rosidl_typesupport_cppExport-noconfig.cmake
[0.422s] -- Up-to-date: /home/skyautonet/skyautonet_ws/eee/lidar_preprocessor/install/velocity_msg/share/velocity_msg/cmake/ament_cmake_export_dependencies-extras.cmake
[0.422s] -- Up-to-date: /home/skyautonet/skyautonet_ws/eee/lidar_preprocessor/install/velocity_msg/share/velocity_msg/cmake/rosidl_cmake-extras.cmake
[0.422s] -- Up-to-date: /home/skyautonet/skyautonet_ws/eee/lidar_preprocessor/install/velocity_msg/share/velocity_msg/cmake/ament_cmake_export_libraries-extras.cmake
[0.422s] -- Up-to-date: /home/skyautonet/skyautonet_ws/eee/lidar_preprocessor/install/velocity_msg/share/velocity_msg/cmake/ament_cmake_export_targets-extras.cmake
[0.422s] -- Up-to-date: /home/skyautonet/skyautonet_ws/eee/lidar_preprocessor/install/velocity_msg/share/velocity_msg/cmake/ament_cmake_export_include_directories-extras.cmake
[0.423s] -- Up-to-date: /home/skyautonet/skyautonet_ws/eee/lidar_preprocessor/install/velocity_msg/share/velocity_msg/cmake/rosidl_cmake_export_typesupport_libraries-extras.cmake
[0.423s] -- Up-to-date: /home/skyautonet/skyautonet_ws/eee/lidar_preprocessor/install/velocity_msg/share/velocity_msg/cmake/rosidl_cmake_export_typesupport_targets-extras.cmake
[0.423s] -- Up-to-date: /home/skyautonet/skyautonet_ws/eee/lidar_preprocessor/install/velocity_msg/share/velocity_msg/cmake/velocity_msgConfig.cmake
[0.423s] -- Up-to-date: /home/skyautonet/skyautonet_ws/eee/lidar_preprocessor/install/velocity_msg/share/velocity_msg/cmake/velocity_msgConfig-version.cmake
[0.423s] -- Up-to-date: /home/skyautonet/skyautonet_ws/eee/lidar_preprocessor/install/velocity_msg/share/velocity_msg/package.xml
[0.424s] Invoked command in '/home/skyautonet/skyautonet_ws/eee/lidar_preprocessor/build/velocity_msg' returned '0': CMAKE_PREFIX_PATH=${CMAKE_PREFIX_PATH}:/opt/ros/foxy /usr/bin/cmake --install /home/skyautonet/skyautonet_ws/eee/lidar_preprocessor/build/velocity_msg
