[0.008s] Invoking command in '/home/skyautonet/skyautonet_ws/eee/multi_lidar/build/concat': CMAKE_PREFIX_PATH=/home/skyautonet/skyautonet_ws/eee/multi_lidar/install/c_auto_vehicle_msgs:/home/skyautonet/skyautonet_ws/eee/multi_lidar/install/concat:/opt/ros/foxy LD_LIBRARY_PATH=/home/skyautonet/skyautonet_ws/eee/multi_lidar/install/c_auto_vehicle_msgs/lib:/usr/local/cuda-11.4/lib64/:/home/skyautonet/skyautonet_ws/eee/multi_lidar/install/concat/lib:/usr/local/cuda-11.4/lib64/:/opt/ros/foxy/opt/yaml_cpp_vendor/lib:/opt/ros/foxy/opt/rviz_ogre_vendor/lib:/opt/ros/foxy/lib/x86_64-linux-gnu:/opt/ros/foxy/lib:/usr/local/cuda-11.4/lib64 /usr/bin/cmake --build /home/skyautonet/skyautonet_ws/eee/multi_lidar/build/concat -- -j20 -l20
[0.110s] [ 33%] Built target concatenate_data_node
[0.115s] [ 66%] Built target pointcloud_preprocessor_filter_base
[0.161s] [100%] Built target pointcloud_preprocessor_filter
[0.166s] Invoked command in '/home/skyautonet/skyautonet_ws/eee/multi_lidar/build/concat' returned '0': CMAKE_PREFIX_PATH=/home/skyautonet/skyautonet_ws/eee/multi_lidar/install/c_auto_vehicle_msgs:/home/skyautonet/skyautonet_ws/eee/multi_lidar/install/concat:/opt/ros/foxy LD_LIBRARY_PATH=/home/skyautonet/skyautonet_ws/eee/multi_lidar/install/c_auto_vehicle_msgs/lib:/usr/local/cuda-11.4/lib64/:/home/skyautonet/skyautonet_ws/eee/multi_lidar/install/concat/lib:/usr/local/cuda-11.4/lib64/:/opt/ros/foxy/opt/yaml_cpp_vendor/lib:/opt/ros/foxy/opt/rviz_ogre_vendor/lib:/opt/ros/foxy/lib/x86_64-linux-gnu:/opt/ros/foxy/lib:/usr/local/cuda-11.4/lib64 /usr/bin/cmake --build /home/skyautonet/skyautonet_ws/eee/multi_lidar/build/concat -- -j20 -l20
[0.189s] Invoking command in '/home/skyautonet/skyautonet_ws/eee/multi_lidar/build/concat': CMAKE_PREFIX_PATH=/home/skyautonet/skyautonet_ws/eee/multi_lidar/install/c_auto_vehicle_msgs:/home/skyautonet/skyautonet_ws/eee/multi_lidar/install/concat:/opt/ros/foxy LD_LIBRARY_PATH=/home/skyautonet/skyautonet_ws/eee/multi_lidar/install/c_auto_vehicle_msgs/lib:/usr/local/cuda-11.4/lib64/:/home/skyautonet/skyautonet_ws/eee/multi_lidar/install/concat/lib:/usr/local/cuda-11.4/lib64/:/opt/ros/foxy/opt/yaml_cpp_vendor/lib:/opt/ros/foxy/opt/rviz_ogre_vendor/lib:/opt/ros/foxy/lib/x86_64-linux-gnu:/opt/ros/foxy/lib:/usr/local/cuda-11.4/lib64 /usr/bin/cmake --install /home/skyautonet/skyautonet_ws/eee/multi_lidar/build/concat
[0.194s] -- Install configuration: ""
[0.194s] -- Up-to-date: /home/skyautonet/skyautonet_ws/eee/multi_lidar/install/concat/lib/concat/concatenate_data_node
[0.194s] -- Up-to-date: /home/skyautonet/skyautonet_ws/eee/multi_lidar/install/concat/lib/libpointcloud_preprocessor_filter_base.so
[0.194s] -- Up-to-date: /home/skyautonet/skyautonet_ws/eee/multi_lidar/install/concat/include/concat
[0.194s] -- Up-to-date: /home/skyautonet/skyautonet_ws/eee/multi_lidar/install/concat/include/concat/concat
[0.194s] -- Up-to-date: /home/skyautonet/skyautonet_ws/eee/multi_lidar/install/concat/include/concat/concat/types.hpp
[0.194s] -- Up-to-date: /home/skyautonet/skyautonet_ws/eee/multi_lidar/install/concat/include/concat/concat/concatenate_data_nodelet.hpp
[0.194s] -- Up-to-date: /home/skyautonet/skyautonet_ws/eee/multi_lidar/install/concat/include/concat/filter.hpp
[0.194s] -- Up-to-date: /home/skyautonet/skyautonet_ws/eee/multi_lidar/install/concat/share/concat//launch
[0.194s] -- Up-to-date: /home/skyautonet/skyautonet_ws/eee/multi_lidar/install/concat/share/concat//launch/preprocessor.launch.xml
[0.194s] -- Up-to-date: /home/skyautonet/skyautonet_ws/eee/multi_lidar/install/concat/share/concat//launch/preprocessor.launch.py
[0.194s] -- Up-to-date: /home/skyautonet/skyautonet_ws/eee/multi_lidar/install/concat/include
[0.195s] -- Up-to-date: /home/skyautonet/skyautonet_ws/eee/multi_lidar/install/concat/include/concat
[0.195s] -- Up-to-date: /home/skyautonet/skyautonet_ws/eee/multi_lidar/install/concat/include/concat/types.hpp
[0.195s] -- Up-to-date: /home/skyautonet/skyautonet_ws/eee/multi_lidar/install/concat/include/concat/concatenate_data_nodelet.hpp
[0.195s] -- Up-to-date: /home/skyautonet/skyautonet_ws/eee/multi_lidar/install/concat/include/filter.hpp
[0.195s] -- Up-to-date: /home/skyautonet/skyautonet_ws/eee/multi_lidar/install/concat/share/concat/environment/library_path.sh
[0.195s] -- Up-to-date: /home/skyautonet/skyautonet_ws/eee/multi_lidar/install/concat/share/concat/environment/library_path.dsv
[0.195s] -- Up-to-date: /home/skyautonet/skyautonet_ws/eee/multi_lidar/install/concat/lib/libpointcloud_preprocessor_filter.so
[0.195s] -- Up-to-date: /home/skyautonet/skyautonet_ws/eee/multi_lidar/install/concat/share/concat/launch
[0.195s] -- Up-to-date: /home/skyautonet/skyautonet_ws/eee/multi_lidar/install/concat/share/concat/launch/preprocessor.launch.xml
[0.195s] -- Up-to-date: /home/skyautonet/skyautonet_ws/eee/multi_lidar/install/concat/share/concat/launch/preprocessor.launch.py
[0.195s] -- Up-to-date: /home/skyautonet/skyautonet_ws/eee/multi_lidar/install/concat/share/ament_index/resource_index/package_run_dependencies/concat
[0.195s] -- Up-to-date: /home/skyautonet/skyautonet_ws/eee/multi_lidar/install/concat/share/ament_index/resource_index/parent_prefix_path/concat
[0.195s] -- Up-to-date: /home/skyautonet/skyautonet_ws/eee/multi_lidar/install/concat/share/concat/environment/ament_prefix_path.sh
[0.195s] -- Up-to-date: /home/skyautonet/skyautonet_ws/eee/multi_lidar/install/concat/share/concat/environment/ament_prefix_path.dsv
[0.195s] -- Up-to-date: /home/skyautonet/skyautonet_ws/eee/multi_lidar/install/concat/share/concat/environment/path.sh
[0.195s] -- Up-to-date: /home/skyautonet/skyautonet_ws/eee/multi_lidar/install/concat/share/concat/environment/path.dsv
[0.195s] -- Up-to-date: /home/skyautonet/skyautonet_ws/eee/multi_lidar/install/concat/share/concat/local_setup.bash
[0.195s] -- Up-to-date: /home/skyautonet/skyautonet_ws/eee/multi_lidar/install/concat/share/concat/local_setup.sh
[0.195s] -- Up-to-date: /home/skyautonet/skyautonet_ws/eee/multi_lidar/install/concat/share/concat/local_setup.zsh
[0.195s] -- Up-to-date: /home/skyautonet/skyautonet_ws/eee/multi_lidar/install/concat/share/concat/local_setup.dsv
[0.195s] -- Installing: /home/skyautonet/skyautonet_ws/eee/multi_lidar/install/concat/share/concat/package.dsv
[0.195s] -- Up-to-date: /home/skyautonet/skyautonet_ws/eee/multi_lidar/install/concat/share/ament_index/resource_index/packages/concat
[0.195s] -- Up-to-date: /home/skyautonet/skyautonet_ws/eee/multi_lidar/install/concat/share/ament_index/resource_index/rclcpp_components/concat
[0.195s] -- Up-to-date: /home/skyautonet/skyautonet_ws/eee/multi_lidar/install/concat/share/concat/cmake/export_concatExport.cmake
[0.195s] -- Up-to-date: /home/skyautonet/skyautonet_ws/eee/multi_lidar/install/concat/share/concat/cmake/export_concatExport-noconfig.cmake
[0.195s] -- Up-to-date: /home/skyautonet/skyautonet_ws/eee/multi_lidar/install/concat/share/concat/cmake/ament_cmake_export_targets-extras.cmake
[0.195s] -- Up-to-date: /home/skyautonet/skyautonet_ws/eee/multi_lidar/install/concat/share/concat/cmake/ament_cmake_export_dependencies-extras.cmake
[0.195s] -- Up-to-date: /home/skyautonet/skyautonet_ws/eee/multi_lidar/install/concat/share/concat/cmake/ament_cmake_export_include_directories-extras.cmake
[0.195s] -- Up-to-date: /home/skyautonet/skyautonet_ws/eee/multi_lidar/install/concat/share/concat/cmake/ament_cmake_export_libraries-extras.cmake
[0.195s] -- Up-to-date: /home/skyautonet/skyautonet_ws/eee/multi_lidar/install/concat/share/concat/cmake/concatConfig.cmake
[0.195s] -- Up-to-date: /home/skyautonet/skyautonet_ws/eee/multi_lidar/install/concat/share/concat/cmake/concatConfig-version.cmake
[0.195s] -- Up-to-date: /home/skyautonet/skyautonet_ws/eee/multi_lidar/install/concat/share/concat/package.xml
[0.197s] Invoked command in '/home/skyautonet/skyautonet_ws/eee/multi_lidar/build/concat' returned '0': CMAKE_PREFIX_PATH=/home/skyautonet/skyautonet_ws/eee/multi_lidar/install/c_auto_vehicle_msgs:/home/skyautonet/skyautonet_ws/eee/multi_lidar/install/concat:/opt/ros/foxy LD_LIBRARY_PATH=/home/skyautonet/skyautonet_ws/eee/multi_lidar/install/c_auto_vehicle_msgs/lib:/usr/local/cuda-11.4/lib64/:/home/skyautonet/skyautonet_ws/eee/multi_lidar/install/concat/lib:/usr/local/cuda-11.4/lib64/:/opt/ros/foxy/opt/yaml_cpp_vendor/lib:/opt/ros/foxy/opt/rviz_ogre_vendor/lib:/opt/ros/foxy/lib/x86_64-linux-gnu:/opt/ros/foxy/lib:/usr/local/cuda-11.4/lib64 /usr/bin/cmake --install /home/skyautonet/skyautonet_ws/eee/multi_lidar/build/concat
