[0.006s] Invoking command in '/home/skyautonet/skyautonet_ws/eee/lidar_preprocessor/build/three_lidar': CMAKE_PREFIX_PATH=/home/skyautonet/skyautonet_ws/eee/lidar_preprocessor/install/velocity_msg:/home/skyautonet/skyautonet_ws/eee/lidar_preprocessor/install/three_lidar:/opt/ros/foxy LD_LIBRARY_PATH=/home/skyautonet/skyautonet_ws/eee/lidar_preprocessor/install/velocity_msg/lib:/usr/local/cuda-11.4/lib64/:/usr/local/cuda-11.4/lib64/:/opt/ros/foxy/opt/yaml_cpp_vendor/lib:/opt/ros/foxy/opt/rviz_ogre_vendor/lib:/opt/ros/foxy/lib/x86_64-linux-gnu:/opt/ros/foxy/lib:/usr/local/cuda-11.4/lib64 /usr/bin/cmake --build /home/skyautonet/skyautonet_ws/eee/lidar_preprocessor/build/three_lidar -- -j20 -l20
[0.039s] [35m[1mScanning dependencies of target left[0m
[0.056s] [ 55%] Built target back
[0.056s] [ 66%] Built target right
[0.066s] [ 77%] [32mBuilding CXX object CMakeFiles/left.dir/src/left_lidar.cpp.o[0m
[2.856s] [01m[K/home/skyautonet/skyautonet_ws/eee/lidar_preprocessor/src/three_lidar/src/left_lidar.cpp:[m[K In member function ‘[01m[Kvoid LEFT_PREPROCESSING::topic_callback(sensor_msgs::msg::PointCloud2_<std::allocator<void> >::SharedPtr)[m[K’:
[2.856s] [01m[K/home/skyautonet/skyautonet_ws/eee/lidar_preprocessor/src/three_lidar/src/left_lidar.cpp:121:41:[m[K [01;31m[Kerror: [m[Kexpected ‘[01m[K)[m[K’ before ‘[01m[Know[m[K’
[2.856s]   121 |   std::cout << [34m[K([m[Kthis->get_clock()->now()[01;31m[K [m[K[32m[Know[m[K) << std::endl;
[2.856s]       |                [34m[K~[m[K                        [01;31m[K^[m[K[32m[K~~~[m[K
[2.856s]       |                                         [32m[K)[m[K
[2.856s] [01m[K/home/skyautonet/skyautonet_ws/eee/lidar_preprocessor/src/three_lidar/src/left_lidar.cpp:121:13:[m[K [01;31m[Kerror: [m[Kno match for ‘[01m[Koperator<<[m[K’ (operand types are ‘[01m[Kstd::ostream[m[K’ {aka ‘[01m[Kstd::basic_ostream<char>[m[K’} and ‘[01m[Krclcpp::Time[m[K’)
[2.856s]   121 |   [32m[Kstd::cout[m[K [01;31m[K<<[m[K [34m[K(this->get_clock()->now() now[m[K) << std::endl;
[2.856s]       |   [32m[K~~~~~~~~~[m[K [01;31m[K^~[m[K [34m[K~~~~~~~~~~~~~~~~~~~~~~~~~~~~~[m[K
[2.856s]       |        [32m[K|[m[K                              [34m[K|[m[K
[2.856s]       |        [32m[K|[m[K                              [34m[Krclcpp::Time[m[K
[2.856s]       |        [32m[Kstd::ostream {aka std::basic_ostream<char>}[m[K
[2.856s] In file included from [01m[K/usr/include/c++/9/iostream:39[m[K,
[2.856s]                  from [01m[K/home/skyautonet/skyautonet_ws/eee/lidar_preprocessor/src/three_lidar/src/left_lidar.cpp:4[m[K:
[2.856s] [01m[K/usr/include/c++/9/ostream:108:7:[m[K [01;36m[Knote: [m[Kcandidate: ‘[01m[Kstd::basic_ostream<_CharT, _Traits>::__ostream_type& std::basic_ostream<_CharT, _Traits>::operator<<(std::basic_ostream<_CharT, _Traits>::__ostream_type& (*)(std::basic_ostream<_CharT, _Traits>::__ostream_type&)) [with _CharT = char; _Traits = std::char_traits<char>; std::basic_ostream<_CharT, _Traits>::__ostream_type = std::basic_ostream<char>][m[K’
[2.856s]   108 |       [01;36m[Koperator[m[K<<(__ostream_type& (*__pf)(__ostream_type&))
[2.856s]       |       [01;36m[K^~~~~~~~[m[K
[2.856s] [01m[K/usr/include/c++/9/ostream:108:36:[m[K [01;36m[Knote: [m[K  no known conversion for argument 1 from ‘[01m[Krclcpp::Time[m[K’ to ‘[01m[Kstd::basic_ostream<char>::__ostream_type& (*)(std::basic_ostream<char>::__ostream_type&)[m[K’ {aka ‘[01m[Kstd::basic_ostream<char>& (*)(std::basic_ostream<char>&)[m[K’}
[2.856s]   108 |       operator<<([01;36m[K__ostream_type& (*__pf)(__ostream_type&)[m[K)
[2.856s]       |                  [01;36m[K~~~~~~~~~~~~~~~~~~^~~~~~~~~~~~~~~~~~~~~~[m[K
[2.856s] [01m[K/usr/include/c++/9/ostream:117:7:[m[K [01;36m[Knote: [m[Kcandidate: ‘[01m[Kstd::basic_ostream<_CharT, _Traits>::__ostream_type& std::basic_ostream<_CharT, _Traits>::operator<<(std::basic_ostream<_CharT, _Traits>::__ios_type& (*)(std::basic_ostream<_CharT, _Traits>::__ios_type&)) [with _CharT = char; _Traits = std::char_traits<char>; std::basic_ostream<_CharT, _Traits>::__ostream_type = std::basic_ostream<char>; std::basic_ostream<_CharT, _Traits>::__ios_type = std::basic_ios<char>][m[K’
[2.857s]   117 |       [01;36m[Koperator[m[K<<(__ios_type& (*__pf)(__ios_type&))
[2.857s]       |       [01;36m[K^~~~~~~~[m[K
[2.857s] [01m[K/usr/include/c++/9/ostream:117:32:[m[K [01;36m[Knote: [m[K  no known conversion for argument 1 from ‘[01m[Krclcpp::Time[m[K’ to ‘[01m[Kstd::basic_ostream<char>::__ios_type& (*)(std::basic_ostream<char>::__ios_type&)[m[K’ {aka ‘[01m[Kstd::basic_ios<char>& (*)(std::basic_ios<char>&)[m[K’}
[2.857s]   117 |       operator<<([01;36m[K__ios_type& (*__pf)(__ios_type&)[m[K)
[2.857s]       |                  [01;36m[K~~~~~~~~~~~~~~^~~~~~~~~~~~~~~~~~[m[K
[2.857s] [01m[K/usr/include/c++/9/ostream:127:7:[m[K [01;36m[Knote: [m[Kcandidate: ‘[01m[Kstd::basic_ostream<_CharT, _Traits>::__ostream_type& std::basic_ostream<_CharT, _Traits>::operator<<(std::ios_base& (*)(std::ios_base&)) [with _CharT = char; _Traits = std::char_traits<char>; std::basic_ostream<_CharT, _Traits>::__ostream_type = std::basic_ostream<char>][m[K’
[2.857s]   127 |       [01;36m[Koperator[m[K<<(ios_base& (*__pf) (ios_base&))
[2.857s]       |       [01;36m[K^~~~~~~~[m[K
[2.857s] [01m[K/usr/include/c++/9/ostream:127:30:[m[K [01;36m[Knote: [m[K  no known conversion for argument 1 from ‘[01m[Krclcpp::Time[m[K’ to ‘[01m[Kstd::ios_base& (*)(std::ios_base&)[m[K’
[2.857s]   127 |       operator<<([01;36m[Kios_base& (*__pf) (ios_base&)[m[K)
[2.857s]       |                  [01;36m[K~~~~~~~~~~~~^~~~~~~~~~~~~~~~~[m[K
[2.857s] [01m[K/usr/include/c++/9/ostream:166:7:[m[K [01;36m[Knote: [m[Kcandidate: ‘[01m[Kstd::basic_ostream<_CharT, _Traits>::__ostream_type& std::basic_ostream<_CharT, _Traits>::operator<<(long int) [with _CharT = char; _Traits = std::char_traits<char>; std::basic_ostream<_CharT, _Traits>::__ostream_type = std::basic_ostream<char>][m[K’
[2.857s]   166 |       [01;36m[Koperator[m[K<<(long __n)
[2.857s]       |       [01;36m[K^~~~~~~~[m[K
[2.857s] [01m[K/usr/include/c++/9/ostream:166:23:[m[K [01;36m[Knote: [m[K  no known conversion for argument 1 from ‘[01m[Krclcpp::Time[m[K’ to ‘[01m[Klong int[m[K’
[2.857s]   166 |       operator<<([01;36m[Klong __n[m[K)
[2.857s]       |                  [01;36m[K~~~~~^~~[m[K
[2.857s] [01m[K/usr/include/c++/9/ostream:170:7:[m[K [01;36m[Knote: [m[Kcandidate: ‘[01m[Kstd::basic_ostream<_CharT, _Traits>::__ostream_type& std::basic_ostream<_CharT, _Traits>::operator<<(long unsigned int) [with _CharT = char; _Traits = std::char_traits<char>; std::basic_ostream<_CharT, _Traits>::__ostream_type = std::basic_ostream<char>][m[K’
[2.857s]   170 |       [01;36m[Koperator[m[K<<(unsigned long __n)
[2.857s]       |       [01;36m[K^~~~~~~~[m[K
[2.857s] [01m[K/usr/include/c++/9/ostream:170:32:[m[K [01;36m[Knote: [m[K  no known conversion for argument 1 from ‘[01m[Krclcpp::Time[m[K’ to ‘[01m[Klong unsigned int[m[K’
[2.858s]   170 |       operator<<([01;36m[Kunsigned long __n[m[K)
[2.858s]       |                  [01;36m[K~~~~~~~~~~~~~~^~~[m[K
[2.858s] [01m[K/usr/include/c++/9/ostream:174:7:[m[K [01;36m[Knote: [m[Kcandidate: ‘[01m[Kstd::basic_ostream<_CharT, _Traits>::__ostream_type& std::basic_ostream<_CharT, _Traits>::operator<<(bool) [with _CharT = char; _Traits = std::char_traits<char>; std::basic_ostream<_CharT, _Traits>::__ostream_type = std::basic_ostream<char>][m[K’
[2.858s]   174 |       [01;36m[Koperator[m[K<<(bool __n)
[2.858s]       |       [01;36m[K^~~~~~~~[m[K
[2.858s] [01m[K/usr/include/c++/9/ostream:174:23:[m[K [01;36m[Knote: [m[K  no known conversion for argument 1 from ‘[01m[Krclcpp::Time[m[K’ to ‘[01m[Kbool[m[K’
[2.858s]   174 |       operator<<([01;36m[Kbool __n[m[K)
[2.858s]       |                  [01;36m[K~~~~~^~~[m[K
[2.858s] In file included from [01m[K/usr/include/c++/9/ostream:702[m[K,
[2.858s]                  from [01m[K/usr/include/c++/9/iostream:39[m[K,
[2.858s]                  from [01m[K/home/skyautonet/skyautonet_ws/eee/lidar_preprocessor/src/three_lidar/src/left_lidar.cpp:4[m[K:
[2.858s] [01m[K/usr/include/c++/9/bits/ostream.tcc:91:5:[m[K [01;36m[Knote: [m[Kcandidate: ‘[01m[Kstd::basic_ostream<_CharT, _Traits>& std::basic_ostream<_CharT, _Traits>::operator<<(short int) [with _CharT = char; _Traits = std::char_traits<char>][m[K’
[2.858s]    91 |     [01;36m[Kbasic_ostream<_CharT, _Traits>[m[K::
[2.858s]       |     [01;36m[K^~~~~~~~~~~~~~~~~~~~~~~~~~~~~~[m[K
[2.858s] [01m[K/usr/include/c++/9/bits/ostream.tcc:92:22:[m[K [01;36m[Knote: [m[K  no known conversion for argument 1 from ‘[01m[Krclcpp::Time[m[K’ to ‘[01m[Kshort int[m[K’
[2.858s]    92 |     operator<<([01;36m[Kshort __n[m[K)
[2.858s]       |                [01;36m[K~~~~~~^~~[m[K
[2.858s] In file included from [01m[K/usr/include/c++/9/iostream:39[m[K,
[2.858s]                  from [01m[K/home/skyautonet/skyautonet_ws/eee/lidar_preprocessor/src/three_lidar/src/left_lidar.cpp:4[m[K:
[2.858s] [01m[K/usr/include/c++/9/ostream:181:7:[m[K [01;36m[Knote: [m[Kcandidate: ‘[01m[Kstd::basic_ostream<_CharT, _Traits>::__ostream_type& std::basic_ostream<_CharT, _Traits>::operator<<(short unsigned int) [with _CharT = char; _Traits = std::char_traits<char>; std::basic_ostream<_CharT, _Traits>::__ostream_type = std::basic_ostream<char>][m[K’
[2.858s]   181 |       [01;36m[Koperator[m[K<<(unsigned short __n)
[2.858s]       |       [01;36m[K^~~~~~~~[m[K
[2.858s] [01m[K/usr/include/c++/9/ostream:181:33:[m[K [01;36m[Knote: [m[K  no known conversion for argument 1 from ‘[01m[Krclcpp::Time[m[K’ to ‘[01m[Kshort unsigned int[m[K’
[2.858s]   181 |       operator<<([01;36m[Kunsigned short __n[m[K)
[2.858s]       |                  [01;36m[K~~~~~~~~~~~~~~~^~~[m[K
[2.858s] In file included from [01m[K/usr/include/c++/9/ostream:702[m[K,
[2.858s]                  from [01m[K/usr/include/c++/9/iostream:39[m[K,
[2.858s]                  from [01m[K/home/skyautonet/skyautonet_ws/eee/lidar_preprocessor/src/three_lidar/src/left_lidar.cpp:4[m[K:
[2.858s] [01m[K/usr/include/c++/9/bits/ostream.tcc:105:5:[m[K [01;36m[Knote: [m[Kcandidate: ‘[01m[Kstd::basic_ostream<_CharT, _Traits>& std::basic_ostream<_CharT, _Traits>::operator<<(int) [with _CharT = char; _Traits = std::char_traits<char>][m[K’
[2.858s]   105 |     [01;36m[Kbasic_ostream<_CharT, _Traits>[m[K::
[2.858s]       |     [01;36m[K^~~~~~~~~~~~~~~~~~~~~~~~~~~~~~[m[K
[2.858s] [01m[K/usr/include/c++/9/bits/ostream.tcc:106:20:[m[K [01;36m[Knote: [m[K  no known conversion for argument 1 from ‘[01m[Krclcpp::Time[m[K’ to ‘[01m[Kint[m[K’
[2.858s]   106 |     operator<<([01;36m[Kint __n[m[K)
[2.858s]       |                [01;36m[K~~~~^~~[m[K
[2.859s] In file included from [01m[K/usr/include/c++/9/iostream:39[m[K,
[2.859s]                  from [01m[K/home/skyautonet/skyautonet_ws/eee/lidar_preprocessor/src/three_lidar/src/left_lidar.cpp:4[m[K:
[2.859s] [01m[K/usr/include/c++/9/ostream:192:7:[m[K [01;36m[Knote: [m[Kcandidate: ‘[01m[Kstd::basic_ostream<_CharT, _Traits>::__ostream_type& std::basic_ostream<_CharT, _Traits>::operator<<(unsigned int) [with _CharT = char; _Traits = std::char_traits<char>; std::basic_ostream<_CharT, _Traits>::__ostream_type = std::basic_ostream<char>][m[K’
[2.859s]   192 |       [01;36m[Koperator[m[K<<(unsigned int __n)
[2.859s]       |       [01;36m[K^~~~~~~~[m[K
[2.859s] [01m[K/usr/include/c++/9/ostream:192:31:[m[K [01;36m[Knote: [m[K  no known conversion for argument 1 from ‘[01m[Krclcpp::Time[m[K’ to ‘[01m[Kunsigned int[m[K’
[2.859s]   192 |       operator<<([01;36m[Kunsigned int __n[m[K)
[2.859s]       |                  [01;36m[K~~~~~~~~~~~~~^~~[m[K
[2.859s] [01m[K/usr/include/c++/9/ostream:201:7:[m[K [01;36m[Knote: [m[Kcandidate: ‘[01m[Kstd::basic_ostream<_CharT, _Traits>::__ostream_type& std::basic_ostream<_CharT, _Traits>::operator<<(long long int) [with _CharT = char; _Traits = std::char_traits<char>; std::basic_ostream<_CharT, _Traits>::__ostream_type = std::basic_ostream<char>][m[K’
[2.859s]   201 |       [01;36m[Koperator[m[K<<(long long __n)
[2.859s]       |       [01;36m[K^~~~~~~~[m[K
[2.859s] [01m[K/usr/include/c++/9/ostream:201:28:[m[K [01;36m[Knote: [m[K  no known conversion for argument 1 from ‘[01m[Krclcpp::Time[m[K’ to ‘[01m[Klong long int[m[K’
[2.859s]   201 |       operator<<([01;36m[Klong long __n[m[K)
[2.859s]       |                  [01;36m[K~~~~~~~~~~^~~[m[K
[2.859s] [01m[K/usr/include/c++/9/ostream:205:7:[m[K [01;36m[Knote: [m[Kcandidate: ‘[01m[Kstd::basic_ostream<_CharT, _Traits>::__ostream_type& std::basic_ostream<_CharT, _Traits>::operator<<(long long unsigned int) [with _CharT = char; _Traits = std::char_traits<char>; std::basic_ostream<_CharT, _Traits>::__ostream_type = std::basic_ostream<char>][m[K’
[2.859s]   205 |       [01;36m[Koperator[m[K<<(unsigned long long __n)
[2.859s]       |       [01;36m[K^~~~~~~~[m[K
[2.859s] [01m[K/usr/include/c++/9/ostream:205:37:[m[K [01;36m[Knote: [m[K  no known conversion for argument 1 from ‘[01m[Krclcpp::Time[m[K’ to ‘[01m[Klong long unsigned int[m[K’
[2.859s]   205 |       operator<<([01;36m[Kunsigned long long __n[m[K)
[2.859s]       |                  [01;36m[K~~~~~~~~~~~~~~~~~~~^~~[m[K
[2.859s] [01m[K/usr/include/c++/9/ostream:220:7:[m[K [01;36m[Knote: [m[Kcandidate: ‘[01m[Kstd::basic_ostream<_CharT, _Traits>::__ostream_type& std::basic_ostream<_CharT, _Traits>::operator<<(double) [with _CharT = char; _Traits = std::char_traits<char>; std::basic_ostream<_CharT, _Traits>::__ostream_type = std::basic_ostream<char>][m[K’
[2.859s]   220 |       [01;36m[Koperator[m[K<<(double __f)
[2.859s]       |       [01;36m[K^~~~~~~~[m[K
[2.859s] [01m[K/usr/include/c++/9/ostream:220:25:[m[K [01;36m[Knote: [m[K  no known conversion for argument 1 from ‘[01m[Krclcpp::Time[m[K’ to ‘[01m[Kdouble[m[K’
[2.859s]   220 |       operator<<([01;36m[Kdouble __f[m[K)
[2.859s]       |                  [01;36m[K~~~~~~~^~~[m[K
[2.859s] [01m[K/usr/include/c++/9/ostream:224:7:[m[K [01;36m[Knote: [m[Kcandidate: ‘[01m[Kstd::basic_ostream<_CharT, _Traits>::__ostream_type& std::basic_ostream<_CharT, _Traits>::operator<<(float) [with _CharT = char; _Traits = std::char_traits<char>; std::basic_ostream<_CharT, _Traits>::__ostream_type = std::basic_ostream<char>][m[K’
[2.859s]   224 |       [01;36m[Koperator[m[K<<(float __f)
[2.859s]       |       [01;36m[K^~~~~~~~[m[K
[2.859s] [01m[K/usr/include/c++/9/ostream:224:24:[m[K [01;36m[Knote: [m[K  no known conversion for argument 1 from ‘[01m[Krclcpp::Time[m[K’ to ‘[01m[Kfloat[m[K’
[2.859s]   224 |       operator<<([01;36m[Kfloat __f[m[K)
[2.859s]       |                  [01;36m[K~~~~~~^~~[m[K
[2.859s] [01m[K/usr/include/c++/9/ostream:232:7:[m[K [01;36m[Knote: [m[Kcandidate: ‘[01m[Kstd::basic_ostream<_CharT, _Traits>::__ostream_type& std::basic_ostream<_CharT, _Traits>::operator<<(long double) [with _CharT = char; _Traits = std::char_traits<char>; std::basic_ostream<_CharT, _Traits>::__ostream_type = std::basic_ostream<char>][m[K’
[2.859s]   232 |       [01;36m[Koperator[m[K<<(long double __f)
[2.859s]       |       [01;36m[K^~~~~~~~[m[K
[2.859s] [01m[K/usr/include/c++/9/ostream:232:30:[m[K [01;36m[Knote: [m[K  no known conversion for argument 1 from ‘[01m[Krclcpp::Time[m[K’ to ‘[01m[Klong double[m[K’
[2.859s]   232 |       operator<<([01;36m[Klong double __f[m[K)
[2.859s]       |                  [01;36m[K~~~~~~~~~~~~^~~[m[K
[2.859s] [01m[K/usr/include/c++/9/ostream:245:7:[m[K [01;36m[Knote: [m[Kcandidate: ‘[01m[Kstd::basic_ostream<_CharT, _Traits>::__ostream_type& std::basic_ostream<_CharT, _Traits>::operator<<(const void*) [with _CharT = char; _Traits = std::char_traits<char>; std::basic_ostream<_CharT, _Traits>::__ostream_type = std::basic_ostream<char>][m[K’
[2.859s]   245 |       [01;36m[Koperator[m[K<<(const void* __p)
[2.859s]       |       [01;36m[K^~~~~~~~[m[K
[2.859s] [01m[K/usr/include/c++/9/ostream:245:30:[m[K [01;36m[Knote: [m[K  no known conversion for argument 1 from ‘[01m[Krclcpp::Time[m[K’ to ‘[01m[Kconst void*[m[K’
[2.860s]   245 |       operator<<([01;36m[Kconst void* __p[m[K)
[2.860s]       |                  [01;36m[K~~~~~~~~~~~~^~~[m[K
[2.860s] In file included from [01m[K/usr/include/c++/9/ostream:702[m[K,
[2.860s]                  from [01m[K/usr/include/c++/9/iostream:39[m[K,
[2.860s]                  from [01m[K/home/skyautonet/skyautonet_ws/eee/lidar_preprocessor/src/three_lidar/src/left_lidar.cpp:4[m[K:
[2.860s] [01m[K/usr/include/c++/9/bits/ostream.tcc:119:5:[m[K [01;36m[Knote: [m[Kcandidate: ‘[01m[Kstd::basic_ostream<_CharT, _Traits>& std::basic_ostream<_CharT, _Traits>::operator<<(std::basic_ostream<_CharT, _Traits>::__streambuf_type*) [with _CharT = char; _Traits = std::char_traits<char>; std::basic_ostream<_CharT, _Traits>::__streambuf_type = std::basic_streambuf<char>][m[K’
[2.860s]   119 |     [01;36m[Kbasic_ostream<_CharT, _Traits>[m[K::
[2.860s]       |     [01;36m[K^~~~~~~~~~~~~~~~~~~~~~~~~~~~~~[m[K
[2.860s] [01m[K/usr/include/c++/9/bits/ostream.tcc:120:34:[m[K [01;36m[Knote: [m[K  no known conversion for argument 1 from ‘[01m[Krclcpp::Time[m[K’ to ‘[01m[Kstd::basic_ostream<char>::__streambuf_type*[m[K’ {aka ‘[01m[Kstd::basic_streambuf<char>*[m[K’}
[2.860s]   120 |     operator<<([01;36m[K__streambuf_type* __sbin[m[K)
[2.860s]       |                [01;36m[K~~~~~~~~~~~~~~~~~~^~~~~~[m[K
[2.860s] In file included from [01m[K/opt/ros/foxy/include/rclcpp/executor.hpp:34[m[K,
[2.860s]                  from [01m[K/opt/ros/foxy/include/rclcpp/executors/multi_threaded_executor.hpp:26[m[K,
[2.860s]                  from [01m[K/opt/ros/foxy/include/rclcpp/executors.hpp:21[m[K,
[2.860s]                  from [01m[K/opt/ros/foxy/include/rclcpp/rclcpp.hpp:146[m[K,
[2.860s]                  from [01m[K/home/skyautonet/skyautonet_ws/eee/lidar_preprocessor/src/three_lidar/include/left_lidar/left_lidar_node.hpp:4[m[K,
[2.860s]                  from [01m[K/home/skyautonet/skyautonet_ws/eee/lidar_preprocessor/src/three_lidar/src/left_lidar.cpp:12[m[K:
[2.860s] [01m[K/opt/ros/foxy/include/rclcpp/future_return_code.hpp:38:1:[m[K [01;36m[Knote: [m[Kcandidate: ‘[01m[Kstd::ostream& rclcpp::operator<<(std::ostream&, const rclcpp::FutureReturnCode&)[m[K’
[2.860s]    38 | [01;36m[Koperator[m[K<<(std::ostream & os, const FutureReturnCode & future_return_code);
[2.860s]       | [01;36m[K^~~~~~~~[m[K
[2.860s] [01m[K/opt/ros/foxy/include/rclcpp/future_return_code.hpp:38:56:[m[K [01;36m[Knote: [m[K  no known conversion for argument 2 from ‘[01m[Krclcpp::Time[m[K’ to ‘[01m[Kconst rclcpp::FutureReturnCode&[m[K’
[2.860s]    38 | operator<<(std::ostream & os, [01;36m[Kconst FutureReturnCode & future_return_code[m[K);
[2.860s]       |                               [01;36m[K~~~~~~~~~~~~~~~~~~~~~~~~~^~~~~~~~~~~~~~~~~~[m[K
[2.860s] In file included from [01m[K/opt/ros/foxy/include/rclcpp/parameter.hpp:26[m[K,
[2.860s]                  from [01m[K/opt/ros/foxy/include/rclcpp/node_interfaces/node_parameters_interface.hpp:28[m[K,
[2.860s]                  from [01m[K/opt/ros/foxy/include/rclcpp/node.hpp:51[m[K,
[2.860s]                  from [01m[K/opt/ros/foxy/include/rclcpp/executors/single_threaded_executor.hpp:28[m[K,
[2.860s]                  from [01m[K/opt/ros/foxy/include/rclcpp/executors.hpp:22[m[K,
[2.860s]                  from [01m[K/opt/ros/foxy/include/rclcpp/rclcpp.hpp:146[m[K,
[2.860s]                  from [01m[K/home/skyautonet/skyautonet_ws/eee/lidar_preprocessor/src/three_lidar/include/left_lidar/left_lidar_node.hpp:4[m[K,
[2.860s]                  from [01m[K/home/skyautonet/skyautonet_ws/eee/lidar_preprocessor/src/three_lidar/src/left_lidar.cpp:12[m[K:
[2.860s] [01m[K/opt/ros/foxy/include/rclcpp/parameter_value.hpp:53:1:[m[K [01;36m[Knote: [m[Kcandidate: ‘[01m[Kstd::ostream& rclcpp::operator<<(std::ostream&, rclcpp::ParameterType)[m[K’
[2.860s]    53 | [01;36m[Koperator[m[K<<(std::ostream & os, ParameterType type);
[2.860s]       | [01;36m[K^~~~~~~~[m[K
[2.860s] [01m[K/opt/ros/foxy/include/rclcpp/parameter_value.hpp:53:45:[m[K [01;36m[Knote: [m[K  no known conversion for argument 2 from ‘[01m[Krclcpp::Time[m[K’ to ‘[01m[Krclcpp::ParameterType[m[K’
[2.860s]    53 | operator<<(std::ostream & os, [01;36m[KParameterType type[m[K);
[2.860s]       |                               [01;36m[K~~~~~~~~~~~~~~^~~~[m[K
[2.860s] In file included from [01m[K/opt/ros/foxy/include/rclcpp/node_interfaces/node_parameters_interface.hpp:28[m[K,
[2.860s]                  from [01m[K/opt/ros/foxy/include/rclcpp/node.hpp:51[m[K,
[2.860s]                  from [01m[K/opt/ros/foxy/include/rclcpp/executors/single_threaded_executor.hpp:28[m[K,
[2.860s]                  from [01m[K/opt/ros/foxy/include/rclcpp/executors.hpp:22[m[K,
[2.860s]                  from [01m[K/opt/ros/foxy/include/rclcpp/rclcpp.hpp:146[m[K,
[2.860s]                  from [01m[K/home/skyautonet/skyautonet_ws/eee/lidar_preprocessor/src/three_lidar/include/left_lidar/left_lidar_node.hpp:4[m[K,
[2.860s]                  from [01m[K/home/skyautonet/skyautonet_ws/eee/lidar_preprocessor/src/three_lidar/src/left_lidar.cpp:12[m[K:
[2.861s] [01m[K/opt/ros/foxy/include/rclcpp/parameter.hpp:226:1:[m[K [01;36m[Knote: [m[Kcandidate: ‘[01m[Kstd::ostream& rclcpp::operator<<(std::ostream&, const rclcpp::Parameter&)[m[K’
[2.861s]   226 | [01;36m[Koperator[m[K<<(std::ostream & os, const rclcpp::Parameter & pv);
[2.861s]       | [01;36m[K^~~~~~~~[m[K
[2.861s] [01m[K/opt/ros/foxy/include/rclcpp/parameter.hpp:226:57:[m[K [01;36m[Knote: [m[K  no known conversion for argument 2 from ‘[01m[Krclcpp::Time[m[K’ to ‘[01m[Kconst rclcpp::Parameter&[m[K’
[2.861s]   226 | operator<<(std::ostream & os, [01;36m[Kconst rclcpp::Parameter & pv[m[K);
[2.861s]       |                               [01;36m[K~~~~~~~~~~~~~~~~~~~~~~~~~~^~[m[K
[2.861s] [01m[K/opt/ros/foxy/include/rclcpp/parameter.hpp:230:1:[m[K [01;36m[Knote: [m[Kcandidate: ‘[01m[Kstd::ostream& rclcpp::operator<<(std::ostream&, const std::vector<rclcpp::Parameter>&)[m[K’
[2.861s]   230 | [01;36m[Koperator[m[K<<(std::ostream & os, const std::vector<Parameter> & parameters);
[2.861s]       | [01;36m[K^~~~~~~~[m[K
[2.861s] [01m[K/opt/ros/foxy/include/rclcpp/parameter.hpp:230:62:[m[K [01;36m[Knote: [m[K  no known conversion for argument 2 from ‘[01m[Krclcpp::Time[m[K’ to ‘[01m[Kconst std::vector<rclcpp::Parameter>&[m[K’
[2.861s]   230 | operator<<(std::ostream & os, [01;36m[Kconst std::vector<Parameter> & parameters[m[K);
[2.861s]       |                               [01;36m[K~~~~~~~~~~~~~~~~~~~~~~~~~~~~~~~^~~~~~~~~~[m[K
[2.861s] In file included from [01m[K/usr/include/c++/9/string:55[m[K,
[2.861s]                  from [01m[K/usr/include/c++/9/stdexcept:39[m[K,
[2.861s]                  from [01m[K/usr/include/c++/9/array:39[m[K,
[2.861s]                  from [01m[K/usr/include/c++/9/tuple:39[m[K,
[2.861s]                  from [01m[K/usr/include/c++/9/bits/unique_ptr.h:37[m[K,
[2.861s]                  from [01m[K/usr/include/c++/9/memory:80[m[K,
[2.861s]                  from [01m[K/home/skyautonet/skyautonet_ws/eee/lidar_preprocessor/src/three_lidar/src/left_lidar.cpp:3[m[K:
[2.861s] [01m[K/usr/include/c++/9/bits/basic_string.h:6419:5:[m[K [01;36m[Knote: [m[Kcandidate: ‘[01m[Ktemplate<class _CharT, class _Traits, class _Alloc> std::basic_ostream<_CharT, _Traits>& std::operator<<(std::basic_ostream<_CharT, _Traits>&, const std::__cxx11::basic_string<_CharT, _Traits, _Alloc>&)[m[K’
[2.861s]  6419 |     [01;36m[Koperator[m[K<<(basic_ostream<_CharT, _Traits>& __os,
[2.861s]       |     [01;36m[K^~~~~~~~[m[K
[2.861s] [01m[K/usr/include/c++/9/bits/basic_string.h:6419:5:[m[K [01;36m[Knote: [m[K  template argument deduction/substitution failed:
[2.861s] [01m[K/home/skyautonet/skyautonet_ws/eee/lidar_preprocessor/src/three_lidar/src/left_lidar.cpp:121:55:[m[K [01;36m[Knote: [m[K  ‘[01m[Krclcpp::Time[m[K’ is not derived from ‘[01m[Kconst std::__cxx11::basic_string<_CharT, _Traits, _Alloc>[m[K’
[2.861s]   121 |   std::cout << (this->get_clock()->now() now) << std::[01;36m[Kendl[m[K;
[2.861s]       |                                                       [01;36m[K^~~~[m[K
[2.861s] In file included from [01m[K/usr/include/c++/9/memory:81[m[K,
[2.861s]                  from [01m[K/home/skyautonet/skyautonet_ws/eee/lidar_preprocessor/src/three_lidar/src/left_lidar.cpp:3[m[K:
[2.861s] [01m[K/usr/include/c++/9/bits/shared_ptr.h:66:5:[m[K [01;36m[Knote: [m[Kcandidate: ‘[01m[Ktemplate<class _Ch, class _Tr, class _Tp, __gnu_cxx::_Lock_policy _Lp> std::basic_ostream<_CharT, _Traits>& std::operator<<(std::basic_ostream<_CharT, _Traits>&, const std::__shared_ptr<_Tp, _Lp>&)[m[K’
[2.861s]    66 |     [01;36m[Koperator[m[K<<(std::basic_ostream<_Ch, _Tr>& __os,
[2.861s]       |     [01;36m[K^~~~~~~~[m[K
[2.861s] [01m[K/usr/include/c++/9/bits/shared_ptr.h:66:5:[m[K [01;36m[Knote: [m[K  template argument deduction/substitution failed:
[2.861s] [01m[K/home/skyautonet/skyautonet_ws/eee/lidar_preprocessor/src/three_lidar/src/left_lidar.cpp:121:55:[m[K [01;36m[Knote: [m[K  ‘[01m[Krclcpp::Time[m[K’ is not derived from ‘[01m[Kconst std::__shared_ptr<_Tp, _Lp>[m[K’
[2.861s]   121 |   std::cout << (this->get_clock()->now() now) << std::[01;36m[Kendl[m[K;
[2.861s]       |                                                       [01;36m[K^~~~[m[K
[2.861s] In file included from [01m[K/usr/include/c++/9/bits/ios_base.h:46[m[K,
[2.861s]                  from [01m[K/usr/include/c++/9/ios:42[m[K,
[2.861s]                  from [01m[K/usr/include/c++/9/ostream:38[m[K,
[2.861s]                  from [01m[K/usr/include/c++/9/iostream:39[m[K,
[2.861s]                  from [01m[K/home/skyautonet/skyautonet_ws/eee/lidar_preprocessor/src/three_lidar/src/left_lidar.cpp:4[m[K:
[2.861s] [01m[K/usr/include/c++/9/system_error:217:5:[m[K [01;36m[Knote: [m[Kcandidate: ‘[01m[Ktemplate<class _CharT, class _Traits> std::basic_ostream<_CharT, _Traits>& std::operator<<(std::basic_ostream<_CharT, _Traits>&, const std::error_code&)[m[K’
[2.861s]   217 |     [01;36m[Koperator[m[K<<(basic_ostream<_CharT, _Traits>& __os, const error_code& __e)
[2.861s]       |     [01;36m[K^~~~~~~~[m[K
[2.861s] [01m[K/usr/include/c++/9/system_error:217:5:[m[K [01;36m[Knote: [m[K  template argument deduction/substitution failed:
[2.861s] [01m[K/home/skyautonet/skyautonet_ws/eee/lidar_preprocessor/src/three_lidar/src/left_lidar.cpp:121:39:[m[K [01;36m[Knote: [m[K  cannot convert ‘[01m[Krclcpp::Clock::now()()[m[K’ (type ‘[01m[Krclcpp::Time[m[K’) to type ‘[01m[Kconst std::error_code&[m[K’
[2.862s]   121 |   std::cout << [01;36m[K(this->get_clock()->now() now[m[K) << std::endl;
[2.862s]       |                [01;36m[K~~~~~~~~~~~~~~~~~~~~~~~^~~~~~[m[K
[2.862s] In file included from [01m[K/usr/include/c++/9/iostream:39[m[K,
[2.862s]                  from [01m[K/home/skyautonet/skyautonet_ws/eee/lidar_preprocessor/src/three_lidar/src/left_lidar.cpp:4[m[K:
[2.862s] [01m[K/usr/include/c++/9/ostream:506:5:[m[K [01;36m[Knote: [m[Kcandidate: ‘[01m[Ktemplate<class _CharT, class _Traits> std::basic_ostream<_CharT, _Traits>& std::operator<<(std::basic_ostream<_CharT, _Traits>&, _CharT)[m[K’
[2.862s]   506 |     [01;36m[Koperator[m[K<<(basic_ostream<_CharT, _Traits>& __out, _CharT __c)
[2.862s]       |     [01;36m[K^~~~~~~~[m[K
[2.862s] [01m[K/usr/include/c++/9/ostream:506:5:[m[K [01;36m[Knote: [m[K  template argument deduction/substitution failed:
[2.862s] [01m[K/home/skyautonet/skyautonet_ws/eee/lidar_preprocessor/src/three_lidar/src/left_lidar.cpp:121:55:[m[K [01;36m[Knote: [m[K  deduced conflicting types for parameter ‘[01m[K_CharT[m[K’ (‘[01m[Kchar[m[K’ and ‘[01m[Krclcpp::Time[m[K’)
[2.862s]   121 |   std::cout << (this->get_clock()->now() now) << std::[01;36m[Kendl[m[K;
[2.862s]       |                                                       [01;36m[K^~~~[m[K
[2.862s] In file included from [01m[K/usr/include/c++/9/iostream:39[m[K,
[2.862s]                  from [01m[K/home/skyautonet/skyautonet_ws/eee/lidar_preprocessor/src/three_lidar/src/left_lidar.cpp:4[m[K:
[2.862s] [01m[K/usr/include/c++/9/ostream:511:5:[m[K [01;36m[Knote: [m[Kcandidate: ‘[01m[Ktemplate<class _CharT, class _Traits> std::basic_ostream<_CharT, _Traits>& std::operator<<(std::basic_ostream<_CharT, _Traits>&, char)[m[K’
[2.862s]   511 |     [01;36m[Koperator[m[K<<(basic_ostream<_CharT, _Traits>& __out, char __c)
[2.862s]       |     [01;36m[K^~~~~~~~[m[K
[2.862s] [01m[K/usr/include/c++/9/ostream:511:5:[m[K [01;36m[Knote: [m[K  template argument deduction/substitution failed:
[2.862s] [01m[K/home/skyautonet/skyautonet_ws/eee/lidar_preprocessor/src/three_lidar/src/left_lidar.cpp:121:39:[m[K [01;36m[Knote: [m[K  cannot convert ‘[01m[Krclcpp::Clock::now()()[m[K’ (type ‘[01m[Krclcpp::Time[m[K’) to type ‘[01m[Kchar[m[K’
[2.862s]   121 |   std::cout << [01;36m[K(this->get_clock()->now() now[m[K) << std::endl;
[2.862s]       |                [01;36m[K~~~~~~~~~~~~~~~~~~~~~~~^~~~~~[m[K
[2.862s] In file included from [01m[K/usr/include/c++/9/iostream:39[m[K,
[2.862s]                  from [01m[K/home/skyautonet/skyautonet_ws/eee/lidar_preprocessor/src/three_lidar/src/left_lidar.cpp:4[m[K:
[2.862s] [01m[K/usr/include/c++/9/ostream:517:5:[m[K [01;36m[Knote: [m[Kcandidate: ‘[01m[Ktemplate<class _Traits> std::basic_ostream<char, _Traits>& std::operator<<(std::basic_ostream<char, _Traits>&, char)[m[K’
[2.862s]   517 |     [01;36m[Koperator[m[K<<(basic_ostream<char, _Traits>& __out, char __c)
[2.862s]       |     [01;36m[K^~~~~~~~[m[K
[2.862s] [01m[K/usr/include/c++/9/ostream:517:5:[m[K [01;36m[Knote: [m[K  template argument deduction/substitution failed:
[2.862s] [01m[K/home/skyautonet/skyautonet_ws/eee/lidar_preprocessor/src/three_lidar/src/left_lidar.cpp:121:39:[m[K [01;36m[Knote: [m[K  cannot convert ‘[01m[Krclcpp::Clock::now()()[m[K’ (type ‘[01m[Krclcpp::Time[m[K’) to type ‘[01m[Kchar[m[K’
[2.862s]   121 |   std::cout << [01;36m[K(this->get_clock()->now() now[m[K) << std::endl;
[2.862s]       |                [01;36m[K~~~~~~~~~~~~~~~~~~~~~~~^~~~~~[m[K
[2.862s] In file included from [01m[K/usr/include/c++/9/iostream:39[m[K,
[2.862s]                  from [01m[K/home/skyautonet/skyautonet_ws/eee/lidar_preprocessor/src/three_lidar/src/left_lidar.cpp:4[m[K:
[2.862s] [01m[K/usr/include/c++/9/ostream:523:5:[m[K [01;36m[Knote: [m[Kcandidate: ‘[01m[Ktemplate<class _Traits> std::basic_ostream<char, _Traits>& std::operator<<(std::basic_ostream<char, _Traits>&, signed char)[m[K’
[2.862s]   523 |     [01;36m[Koperator[m[K<<(basic_ostream<char, _Traits>& __out, signed char __c)
[2.862s]       |     [01;36m[K^~~~~~~~[m[K
[2.862s] [01m[K/usr/include/c++/9/ostream:523:5:[m[K [01;36m[Knote: [m[K  template argument deduction/substitution failed:
[2.862s] [01m[K/home/skyautonet/skyautonet_ws/eee/lidar_preprocessor/src/three_lidar/src/left_lidar.cpp:121:39:[m[K [01;36m[Knote: [m[K  cannot convert ‘[01m[Krclcpp::Clock::now()()[m[K’ (type ‘[01m[Krclcpp::Time[m[K’) to type ‘[01m[Ksigned char[m[K’
[2.862s]   121 |   std::cout << [01;36m[K(this->get_clock()->now() now[m[K) << std::endl;
[2.862s]       |                [01;36m[K~~~~~~~~~~~~~~~~~~~~~~~^~~~~~[m[K
[2.862s] In file included from [01m[K/usr/include/c++/9/iostream:39[m[K,
[2.862s]                  from [01m[K/home/skyautonet/skyautonet_ws/eee/lidar_preprocessor/src/three_lidar/src/left_lidar.cpp:4[m[K:
[2.862s] [01m[K/usr/include/c++/9/ostream:528:5:[m[K [01;36m[Knote: [m[Kcandidate: ‘[01m[Ktemplate<class _Traits> std::basic_ostream<char, _Traits>& std::operator<<(std::basic_ostream<char, _Traits>&, unsigned char)[m[K’
[2.862s]   528 |     [01;36m[Koperator[m[K<<(basic_ostream<char, _Traits>& __out, unsigned char __c)
[2.862s]       |     [01;36m[K^~~~~~~~[m[K
[2.863s] [01m[K/usr/include/c++/9/ostream:528:5:[m[K [01;36m[Knote: [m[K  template argument deduction/substitution failed:
[2.863s] [01m[K/home/skyautonet/skyautonet_ws/eee/lidar_preprocessor/src/three_lidar/src/left_lidar.cpp:121:39:[m[K [01;36m[Knote: [m[K  cannot convert ‘[01m[Krclcpp::Clock::now()()[m[K’ (type ‘[01m[Krclcpp::Time[m[K’) to type ‘[01m[Kunsigned char[m[K’
[2.863s]   121 |   std::cout << [01;36m[K(this->get_clock()->now() now[m[K) << std::endl;
[2.863s]       |                [01;36m[K~~~~~~~~~~~~~~~~~~~~~~~^~~~~~[m[K
[2.863s] In file included from [01m[K/usr/include/c++/9/iostream:39[m[K,
[2.863s]                  from [01m[K/home/skyautonet/skyautonet_ws/eee/lidar_preprocessor/src/three_lidar/src/left_lidar.cpp:4[m[K:
[2.863s] [01m[K/usr/include/c++/9/ostream:548:5:[m[K [01;36m[Knote: [m[Kcandidate: ‘[01m[Ktemplate<class _CharT, class _Traits> std::basic_ostream<_CharT, _Traits>& std::operator<<(std::basic_ostream<_CharT, _Traits>&, const _CharT*)[m[K’
[2.863s]   548 |     [01;36m[Koperator[m[K<<(basic_ostream<_CharT, _Traits>& __out, const _CharT* __s)
[2.863s]       |     [01;36m[K^~~~~~~~[m[K
[2.863s] [01m[K/usr/include/c++/9/ostream:548:5:[m[K [01;36m[Knote: [m[K  template argument deduction/substitution failed:
[2.863s] [01m[K/home/skyautonet/skyautonet_ws/eee/lidar_preprocessor/src/three_lidar/src/left_lidar.cpp:121:55:[m[K [01;36m[Knote: [m[K  mismatched types ‘[01m[Kconst _CharT*[m[K’ and ‘[01m[Krclcpp::Time[m[K’
[2.863s]   121 |   std::cout << (this->get_clock()->now() now) << std::[01;36m[Kendl[m[K;
[2.863s]       |                                                       [01;36m[K^~~~[m[K
[2.863s] In file included from [01m[K/usr/include/c++/9/ostream:702[m[K,
[2.863s]                  from [01m[K/usr/include/c++/9/iostream:39[m[K,
[2.863s]                  from [01m[K/home/skyautonet/skyautonet_ws/eee/lidar_preprocessor/src/three_lidar/src/left_lidar.cpp:4[m[K:
[2.863s] [01m[K/usr/include/c++/9/bits/ostream.tcc:321:5:[m[K [01;36m[Knote: [m[Kcandidate: ‘[01m[Ktemplate<class _CharT, class _Traits> std::basic_ostream<_CharT, _Traits>& std::operator<<(std::basic_ostream<_CharT, _Traits>&, const char*)[m[K’
[2.863s]   321 |     [01;36m[Koperator[m[K<<(basic_ostream<_CharT, _Traits>& __out, const char* __s)
[2.863s]       |     [01;36m[K^~~~~~~~[m[K
[2.863s] [01m[K/usr/include/c++/9/bits/ostream.tcc:321:5:[m[K [01;36m[Knote: [m[K  template argument deduction/substitution failed:
[2.863s] [01m[K/home/skyautonet/skyautonet_ws/eee/lidar_preprocessor/src/three_lidar/src/left_lidar.cpp:121:39:[m[K [01;36m[Knote: [m[K  cannot convert ‘[01m[Krclcpp::Clock::now()()[m[K’ (type ‘[01m[Krclcpp::Time[m[K’) to type ‘[01m[Kconst char*[m[K’
[2.863s]   121 |   std::cout << [01;36m[K(this->get_clock()->now() now[m[K) << std::endl;
[2.863s]       |                [01;36m[K~~~~~~~~~~~~~~~~~~~~~~~^~~~~~[m[K
[2.863s] In file included from [01m[K/usr/include/c++/9/iostream:39[m[K,
[2.863s]                  from [01m[K/home/skyautonet/skyautonet_ws/eee/lidar_preprocessor/src/three_lidar/src/left_lidar.cpp:4[m[K:
[2.863s] [01m[K/usr/include/c++/9/ostream:565:5:[m[K [01;36m[Knote: [m[Kcandidate: ‘[01m[Ktemplate<class _Traits> std::basic_ostream<char, _Traits>& std::operator<<(std::basic_ostream<char, _Traits>&, const char*)[m[K’
[2.863s]   565 |     [01;36m[Koperator[m[K<<(basic_ostream<char, _Traits>& __out, const char* __s)
[2.863s]       |     [01;36m[K^~~~~~~~[m[K
[2.863s] [01m[K/usr/include/c++/9/ostream:565:5:[m[K [01;36m[Knote: [m[K  template argument deduction/substitution failed:
[2.863s] [01m[K/home/skyautonet/skyautonet_ws/eee/lidar_preprocessor/src/three_lidar/src/left_lidar.cpp:121:39:[m[K [01;36m[Knote: [m[K  cannot convert ‘[01m[Krclcpp::Clock::now()()[m[K’ (type ‘[01m[Krclcpp::Time[m[K’) to type ‘[01m[Kconst char*[m[K’
[2.863s]   121 |   std::cout << [01;36m[K(this->get_clock()->now() now[m[K) << std::endl;
[2.863s]       |                [01;36m[K~~~~~~~~~~~~~~~~~~~~~~~^~~~~~[m[K
[2.863s] In file included from [01m[K/usr/include/c++/9/iostream:39[m[K,
[2.863s]                  from [01m[K/home/skyautonet/skyautonet_ws/eee/lidar_preprocessor/src/three_lidar/src/left_lidar.cpp:4[m[K:
[2.863s] [01m[K/usr/include/c++/9/ostream:578:5:[m[K [01;36m[Knote: [m[Kcandidate: ‘[01m[Ktemplate<class _Traits> std::basic_ostream<char, _Traits>& std::operator<<(std::basic_ostream<char, _Traits>&, const signed char*)[m[K’
[2.863s]   578 |     [01;36m[Koperator[m[K<<(basic_ostream<char, _Traits>& __out, const signed char* __s)
[2.863s]       |     [01;36m[K^~~~~~~~[m[K
[2.863s] [01m[K/usr/include/c++/9/ostream:578:5:[m[K [01;36m[Knote: [m[K  template argument deduction/substitution failed:
[2.863s] [01m[K/home/skyautonet/skyautonet_ws/eee/lidar_preprocessor/src/three_lidar/src/left_lidar.cpp:121:39:[m[K [01;36m[Knote: [m[K  cannot convert ‘[01m[Krclcpp::Clock::now()()[m[K’ (type ‘[01m[Krclcpp::Time[m[K’) to type ‘[01m[Kconst signed char*[m[K’
[2.863s]   121 |   std::cout << [01;36m[K(this->get_clock()->now() now[m[K) << std::endl;
[2.863s]       |                [01;36m[K~~~~~~~~~~~~~~~~~~~~~~~^~~~~~[m[K
[2.863s] In file included from [01m[K/usr/include/c++/9/iostream:39[m[K,
[2.863s]                  from [01m[K/home/skyautonet/skyautonet_ws/eee/lidar_preprocessor/src/three_lidar/src/left_lidar.cpp:4[m[K:
[2.863s] [01m[K/usr/include/c++/9/ostream:583:5:[m[K [01;36m[Knote: [m[Kcandidate: ‘[01m[Ktemplate<class _Traits> std::basic_ostream<char, _Traits>& std::operator<<(std::basic_ostream<char, _Traits>&, const unsigned char*)[m[K’
[2.864s]   583 |     [01;36m[Koperator[m[K<<(basic_ostream<char, _Traits>& __out, const unsigned char* __s)
[2.864s]       |     [01;36m[K^~~~~~~~[m[K
[2.864s] [01m[K/usr/include/c++/9/ostream:583:5:[m[K [01;36m[Knote: [m[K  template argument deduction/substitution failed:
[2.864s] [01m[K/home/skyautonet/skyautonet_ws/eee/lidar_preprocessor/src/three_lidar/src/left_lidar.cpp:121:39:[m[K [01;36m[Knote: [m[K  cannot convert ‘[01m[Krclcpp::Clock::now()()[m[K’ (type ‘[01m[Krclcpp::Time[m[K’) to type ‘[01m[Kconst unsigned char*[m[K’
[2.864s]   121 |   std::cout << [01;36m[K(this->get_clock()->now() now[m[K) << std::endl;
[2.864s]       |                [01;36m[K~~~~~~~~~~~~~~~~~~~~~~~^~~~~~[m[K
[2.864s] In file included from [01m[K/usr/include/c++/9/iostream:39[m[K,
[2.864s]                  from [01m[K/home/skyautonet/skyautonet_ws/eee/lidar_preprocessor/src/three_lidar/src/left_lidar.cpp:4[m[K:
[2.864s] [01m[K/usr/include/c++/9/ostream:691:5:[m[K [01;36m[Knote: [m[Kcandidate: ‘[01m[Ktemplate<class _Ostream, class _Tp> typename std::enable_if<std::__and_<std::__not_<std::is_lvalue_reference<_Tp> >, std::__is_convertible_to_basic_ostream<_Ostream>, std::__is_insertable<typename std::__is_convertible_to_basic_ostream<_Tp>::__ostream_type, const _Tp&, void> >::value, typename std::__is_convertible_to_basic_ostream<_Tp>::__ostream_type>::type std::operator<<(_Ostream&&, const _Tp&)[m[K’
[2.864s]   691 |     [01;36m[Koperator[m[K<<(_Ostream&& __os, const _Tp& __x)
[2.864s]       |     [01;36m[K^~~~~~~~[m[K
[2.864s] [01m[K/usr/include/c++/9/ostream:691:5:[m[K [01;36m[Knote: [m[K  template argument deduction/substitution failed:
[2.864s] /usr/include/c++/9/ostream: In substitution of ‘[01m[Ktemplate<class _Ostream, class _Tp> typename std::enable_if<std::__and_<std::__not_<std::is_lvalue_reference<_Tp> >, std::__is_convertible_to_basic_ostream<_Ostream>, std::__is_insertable<typename std::__is_convertible_to_basic_ostream<_Tp>::__ostream_type, const _Tp&, void> >::value, typename std::__is_convertible_to_basic_ostream<_Tp>::__ostream_type>::type std::operator<<(_Ostream&&, const _Tp&) [with _Ostream = std::basic_ostream<char>&; _Tp = rclcpp::Time][m[K’:
[2.864s] [01m[K/home/skyautonet/skyautonet_ws/eee/lidar_preprocessor/src/three_lidar/src/left_lidar.cpp:121:55:[m[K   required from here
[2.864s] [01m[K/usr/include/c++/9/ostream:691:5:[m[K [01;31m[Kerror: [m[Kno type named ‘[01m[Ktype[m[K’ in ‘[01m[Kstruct std::enable_if<false, std::basic_ostream<char>&>[m[K’
[2.864s] In file included from [01m[K/usr/include/c++/9/future:39[m[K,
[2.864s]                  from [01m[K/opt/ros/foxy/include/rclcpp/executors.hpp:18[m[K,
[2.864s]                  from [01m[K/opt/ros/foxy/include/rclcpp/rclcpp.hpp:146[m[K,
[2.864s]                  from [01m[K/home/skyautonet/skyautonet_ws/eee/lidar_preprocessor/src/three_lidar/include/left_lidar/left_lidar_node.hpp:4[m[K,
[2.864s]                  from [01m[K/home/skyautonet/skyautonet_ws/eee/lidar_preprocessor/src/three_lidar/src/left_lidar.cpp:12[m[K:
[2.864s] [01m[K/usr/include/c++/9/thread:322:5:[m[K [01;36m[Knote: [m[Kcandidate: ‘[01m[Ktemplate<class _CharT, class _Traits> std::basic_ostream<_CharT, _Traits>& std::operator<<(std::basic_ostream<_CharT, _Traits>&, std::thread::id)[m[K’
[2.864s]   322 |     [01;36m[Koperator[m[K<<(basic_ostream<_CharT, _Traits>& __out, thread::id __id)
[2.864s]       |     [01;36m[K^~~~~~~~[m[K
[2.864s] [01m[K/usr/include/c++/9/thread:322:5:[m[K [01;36m[Knote: [m[K  template argument deduction/substitution failed:
[2.864s] [01m[K/home/skyautonet/skyautonet_ws/eee/lidar_preprocessor/src/three_lidar/src/left_lidar.cpp:121:39:[m[K [01;36m[Knote: [m[K  cannot convert ‘[01m[Krclcpp::Clock::now()()[m[K’ (type ‘[01m[Krclcpp::Time[m[K’) to type ‘[01m[Kstd::thread::id[m[K’
[2.864s]   121 |   std::cout << [01;36m[K(this->get_clock()->now() now[m[K) << std::endl;
[2.864s]       |                [01;36m[K~~~~~~~~~~~~~~~~~~~~~~~^~~~~~[m[K
[2.864s] In file included from [01m[K/usr/include/eigen3/Eigen/Core:96[m[K,
[2.864s]                  from [01m[K/usr/include/pcl-1.10/pcl/pcl_macros.h:75[m[K,
[2.864s]                  from [01m[K/usr/include/pcl-1.10/pcl/io/pcd_io.h:42[m[K,
[2.864s]                  from [01m[K/home/skyautonet/skyautonet_ws/eee/lidar_preprocessor/src/three_lidar/src/left_lidar.cpp:14[m[K:
[2.864s] [01m[K/usr/include/c++/9/complex:552:5:[m[K [01;36m[Knote: [m[Kcandidate: ‘[01m[Ktemplate<class _Tp, class _CharT, class _Traits> std::basic_ostream<_CharT, _Traits>& std::operator<<(std::basic_ostream<_CharT, _Traits>&, const std::complex<_Tp>&)[m[K’
[2.864s]   552 |     [01;36m[Koperator[m[K<<(basic_ostream<_CharT, _Traits>& __os, const complex<_Tp>& __x)
[2.864s]       |     [01;36m[K^~~~~~~~[m[K
[2.864s] [01m[K/usr/include/c++/9/complex:552:5:[m[K [01;36m[Knote: [m[K  template argument deduction/substitution failed:
[2.864s] [01m[K/home/skyautonet/skyautonet_ws/eee/lidar_preprocessor/src/three_lidar/src/left_lidar.cpp:121:55:[m[K [01;36m[Knote: [m[K  ‘[01m[Krclcpp::Time[m[K’ is not derived from ‘[01m[Kconst std::complex<_Tp>[m[K’
[2.864s]   121 |   std::cout << (this->get_clock()->now() now) << std::[01;36m[Kendl[m[K;
[2.864s]       |                                                       [01;36m[K^~~~[m[K
[2.864s] In file included from [01m[K/usr/include/pcl-1.10/pcl/point_types.h:43[m[K,
[2.864s]                  from [01m[K/usr/include/pcl-1.10/pcl/common/impl/copy_point.hpp:41[m[K,
[2.864s]                  from [01m[K/usr/include/pcl-1.10/pcl/common/copy_point.h:58[m[K,
[2.864s]                  from [01m[K/usr/include/pcl-1.10/pcl/common/impl/io.hpp:45[m[K,
[2.864s]                  from [01m[K/usr/include/pcl-1.10/pcl/common/io.h:586[m[K,
[2.865s]                  from [01m[K/usr/include/pcl-1.10/pcl/io/file_io.h:41[m[K,
[2.865s]                  from [01m[K/usr/include/pcl-1.10/pcl/io/pcd_io.h:44[m[K,
[2.865s]                  from [01m[K/home/skyautonet/skyautonet_ws/eee/lidar_preprocessor/src/three_lidar/src/left_lidar.cpp:14[m[K:
[2.865s] [01m[K/usr/include/c++/9/bitset:1538:5:[m[K [01;36m[Knote: [m[Kcandidate: ‘[01m[Ktemplate<class _CharT, class _Traits, long unsigned int _Nb> std::basic_ostream<_CharT, _Traits>& std::operator<<(std::basic_ostream<_CharT, _Traits>&, const std::bitset<_Nb>&)[m[K’
[2.865s]  1538 |     [01;36m[Koperator[m[K<<(std::basic_ostream<_CharT, _Traits>& __os,
[2.865s]       |     [01;36m[K^~~~~~~~[m[K
[2.865s] [01m[K/usr/include/c++/9/bitset:1538:5:[m[K [01;36m[Knote: [m[K  template argument deduction/substitution failed:
[2.865s] [01m[K/home/skyautonet/skyautonet_ws/eee/lidar_preprocessor/src/three_lidar/src/left_lidar.cpp:121:55:[m[K [01;36m[Knote: [m[K  ‘[01m[Krclcpp::Time[m[K’ is not derived from ‘[01m[Kconst std::bitset<_Nb>[m[K’
[2.865s]   121 |   std::cout << (this->get_clock()->now() now) << std::[01;36m[Kendl[m[K;
[2.865s]       |                                                       [01;36m[K^~~~[m[K
[2.865s] In file included from [01m[K/usr/include/boost/date_time/date_formatting.hpp:17[m[K,
[2.865s]                  from [01m[K/usr/include/boost/date_time/gregorian/formatters.hpp:17[m[K,
[2.865s]                  from [01m[K/usr/include/boost/date_time/gregorian/gregorian.hpp:25[m[K,
[2.865s]                  from [01m[K/usr/include/boost/date_time/posix_time/time_formatters.hpp:12[m[K,
[2.865s]                  from [01m[K/usr/include/boost/date_time/posix_time/posix_time.hpp:24[m[K,
[2.865s]                  from [01m[K/usr/include/pcl-1.10/pcl/io/boost.h:57[m[K,
[2.865s]                  from [01m[K/usr/include/pcl-1.10/pcl/io/file_io.h:42[m[K,
[2.865s]                  from [01m[K/usr/include/pcl-1.10/pcl/io/pcd_io.h:44[m[K,
[2.865s]                  from [01m[K/home/skyautonet/skyautonet_ws/eee/lidar_preprocessor/src/three_lidar/src/left_lidar.cpp:14[m[K:
[2.865s] [01m[K/usr/include/c++/9/iomanip:79:5:[m[K [01;36m[Knote: [m[Kcandidate: ‘[01m[Ktemplate<class _CharT, class _Traits> std::basic_ostream<_CharT, _Traits>& std::operator<<(std::basic_ostream<_CharT, _Traits>&, std::_Resetiosflags)[m[K’
[2.865s]    79 |     [01;36m[Koperator[m[K<<(basic_ostream<_CharT, _Traits>& __os, _Resetiosflags __f)
[2.865s]       |     [01;36m[K^~~~~~~~[m[K
[2.865s] [01m[K/usr/include/c++/9/iomanip:79:5:[m[K [01;36m[Knote: [m[K  template argument deduction/substitution failed:
[2.865s] [01m[K/home/skyautonet/skyautonet_ws/eee/lidar_preprocessor/src/three_lidar/src/left_lidar.cpp:121:39:[m[K [01;36m[Knote: [m[K  cannot convert ‘[01m[Krclcpp::Clock::now()()[m[K’ (type ‘[01m[Krclcpp::Time[m[K’) to type ‘[01m[Kstd::_Resetiosflags[m[K’
[2.865s]   121 |   std::cout << [01;36m[K(this->get_clock()->now() now[m[K) << std::endl;
[2.865s]       |                [01;36m[K~~~~~~~~~~~~~~~~~~~~~~~^~~~~~[m[K
[2.865s] In file included from [01m[K/usr/include/boost/date_time/date_formatting.hpp:17[m[K,
[2.865s]                  from [01m[K/usr/include/boost/date_time/gregorian/formatters.hpp:17[m[K,
[2.865s]                  from [01m[K/usr/include/boost/date_time/gregorian/gregorian.hpp:25[m[K,
[2.865s]                  from [01m[K/usr/include/boost/date_time/posix_time/time_formatters.hpp:12[m[K,
[2.865s]                  from [01m[K/usr/include/boost/date_time/posix_time/posix_time.hpp:24[m[K,
[2.865s]                  from [01m[K/usr/include/pcl-1.10/pcl/io/boost.h:57[m[K,
[2.865s]                  from [01m[K/usr/include/pcl-1.10/pcl/io/file_io.h:42[m[K,
[2.865s]                  from [01m[K/usr/include/pcl-1.10/pcl/io/pcd_io.h:44[m[K,
[2.865s]                  from [01m[K/home/skyautonet/skyautonet_ws/eee/lidar_preprocessor/src/three_lidar/src/left_lidar.cpp:14[m[K:
[2.865s] [01m[K/usr/include/c++/9/iomanip:109:5:[m[K [01;36m[Knote: [m[Kcandidate: ‘[01m[Ktemplate<class _CharT, class _Traits> std::basic_ostream<_CharT, _Traits>& std::operator<<(std::basic_ostream<_CharT, _Traits>&, std::_Setiosflags)[m[K’
[2.865s]   109 |     [01;36m[Koperator[m[K<<(basic_ostream<_CharT, _Traits>& __os, _Setiosflags __f)
[2.865s]       |     [01;36m[K^~~~~~~~[m[K
[2.865s] [01m[K/usr/include/c++/9/iomanip:109:5:[m[K [01;36m[Knote: [m[K  template argument deduction/substitution failed:
[2.865s] [01m[K/home/skyautonet/skyautonet_ws/eee/lidar_preprocessor/src/three_lidar/src/left_lidar.cpp:121:39:[m[K [01;36m[Knote: [m[K  cannot convert ‘[01m[Krclcpp::Clock::now()()[m[K’ (type ‘[01m[Krclcpp::Time[m[K’) to type ‘[01m[Kstd::_Setiosflags[m[K’
[2.865s]   121 |   std::cout << [01;36m[K(this->get_clock()->now() now[m[K) << std::endl;
[2.865s]       |                [01;36m[K~~~~~~~~~~~~~~~~~~~~~~~^~~~~~[m[K
[2.865s] In file included from [01m[K/usr/include/boost/date_time/date_formatting.hpp:17[m[K,
[2.865s]                  from [01m[K/usr/include/boost/date_time/gregorian/formatters.hpp:17[m[K,
[2.866s]                  from [01m[K/usr/include/boost/date_time/gregorian/gregorian.hpp:25[m[K,
[2.866s]                  from [01m[K/usr/include/boost/date_time/posix_time/time_formatters.hpp:12[m[K,
[2.866s]                  from [01m[K/usr/include/boost/date_time/posix_time/posix_time.hpp:24[m[K,
[2.866s]                  from [01m[K/usr/include/pcl-1.10/pcl/io/boost.h:57[m[K,
[2.866s]                  from [01m[K/usr/include/pcl-1.10/pcl/io/file_io.h:42[m[K,
[2.866s]                  from [01m[K/usr/include/pcl-1.10/pcl/io/pcd_io.h:44[m[K,
[2.866s]                  from [01m[K/home/skyautonet/skyautonet_ws/eee/lidar_preprocessor/src/three_lidar/src/left_lidar.cpp:14[m[K:
[2.866s] [01m[K/usr/include/c++/9/iomanip:143:5:[m[K [01;36m[Knote: [m[Kcandidate: ‘[01m[Ktemplate<class _CharT, class _Traits> std::basic_ostream<_CharT, _Traits>& std::operator<<(std::basic_ostream<_CharT, _Traits>&, std::_Setbase)[m[K’
[2.866s]   143 |     [01;36m[Koperator[m[K<<(basic_ostream<_CharT, _Traits>& __os, _Setbase __f)
[2.866s]       |     [01;36m[K^~~~~~~~[m[K
[2.866s] [01m[K/usr/include/c++/9/iomanip:143:5:[m[K [01;36m[Knote: [m[K  template argument deduction/substitution failed:
[2.866s] [01m[K/home/skyautonet/skyautonet_ws/eee/lidar_preprocessor/src/three_lidar/src/left_lidar.cpp:121:39:[m[K [01;36m[Knote: [m[K  cannot convert ‘[01m[Krclcpp::Clock::now()()[m[K’ (type ‘[01m[Krclcpp::Time[m[K’) to type ‘[01m[Kstd::_Setbase[m[K’
[2.866s]   121 |   std::cout << [01;36m[K(this->get_clock()->now() now[m[K) << std::endl;
[2.866s]       |                [01;36m[K~~~~~~~~~~~~~~~~~~~~~~~^~~~~~[m[K
[2.866s] In file included from [01m[K/usr/include/boost/date_time/date_formatting.hpp:17[m[K,
[2.866s]                  from [01m[K/usr/include/boost/date_time/gregorian/formatters.hpp:17[m[K,
[2.866s]                  from [01m[K/usr/include/boost/date_time/gregorian/gregorian.hpp:25[m[K,
[2.866s]                  from [01m[K/usr/include/boost/date_time/posix_time/time_formatters.hpp:12[m[K,
[2.866s]                  from [01m[K/usr/include/boost/date_time/posix_time/posix_time.hpp:24[m[K,
[2.866s]                  from [01m[K/usr/include/pcl-1.10/pcl/io/boost.h:57[m[K,
[2.866s]                  from [01m[K/usr/include/pcl-1.10/pcl/io/file_io.h:42[m[K,
[2.866s]                  from [01m[K/usr/include/pcl-1.10/pcl/io/pcd_io.h:44[m[K,
[2.866s]                  from [01m[K/home/skyautonet/skyautonet_ws/eee/lidar_preprocessor/src/three_lidar/src/left_lidar.cpp:14[m[K:
[2.866s] [01m[K/usr/include/c++/9/iomanip:178:5:[m[K [01;36m[Knote: [m[Kcandidate: ‘[01m[Ktemplate<class _CharT, class _Traits> std::basic_ostream<_CharT, _Traits>& std::operator<<(std::basic_ostream<_CharT, _Traits>&, std::_Setfill<_CharT>)[m[K’
[2.866s]   178 |     [01;36m[Koperator[m[K<<(basic_ostream<_CharT, _Traits>& __os, _Setfill<_CharT> __f)
[2.866s]       |     [01;36m[K^~~~~~~~[m[K
[2.866s] [01m[K/usr/include/c++/9/iomanip:178:5:[m[K [01;36m[Knote: [m[K  template argument deduction/substitution failed:
[2.866s] [01m[K/home/skyautonet/skyautonet_ws/eee/lidar_preprocessor/src/three_lidar/src/left_lidar.cpp:121:55:[m[K [01;36m[Knote: [m[K  ‘[01m[Krclcpp::Time[m[K’ is not derived from ‘[01m[Kstd::_Setfill<_CharT>[m[K’
[2.866s]   121 |   std::cout << (this->get_clock()->now() now) << std::[01;36m[Kendl[m[K;
[2.866s]       |                                                       [01;36m[K^~~~[m[K
[2.866s] In file included from [01m[K/usr/include/boost/date_time/date_formatting.hpp:17[m[K,
[2.866s]                  from [01m[K/usr/include/boost/date_time/gregorian/formatters.hpp:17[m[K,
[2.866s]                  from [01m[K/usr/include/boost/date_time/gregorian/gregorian.hpp:25[m[K,
[2.866s]                  from [01m[K/usr/include/boost/date_time/posix_time/time_formatters.hpp:12[m[K,
[2.866s]                  from [01m[K/usr/include/boost/date_time/posix_time/posix_time.hpp:24[m[K,
[2.866s]                  from [01m[K/usr/include/pcl-1.10/pcl/io/boost.h:57[m[K,
[2.866s]                  from [01m[K/usr/include/pcl-1.10/pcl/io/file_io.h:42[m[K,
[2.866s]                  from [01m[K/usr/include/pcl-1.10/pcl/io/pcd_io.h:44[m[K,
[2.866s]                  from [01m[K/home/skyautonet/skyautonet_ws/eee/lidar_preprocessor/src/three_lidar/src/left_lidar.cpp:14[m[K:
[2.866s] [01m[K/usr/include/c++/9/iomanip:208:5:[m[K [01;36m[Knote: [m[Kcandidate: ‘[01m[Ktemplate<class _CharT, class _Traits> std::basic_ostream<_CharT, _Traits>& std::operator<<(std::basic_ostream<_CharT, _Traits>&, std::_Setprecision)[m[K’
[2.866s]   208 |     [01;36m[Koperator[m[K<<(basic_ostream<_CharT, _Traits>& __os, _Setprecision __f)
[2.866s]       |     [01;36m[K^~~~~~~~[m[K
[2.866s] [01m[K/usr/include/c++/9/iomanip:208:5:[m[K [01;36m[Knote: [m[K  template argument deduction/substitution failed:
[2.866s] [01m[K/home/skyautonet/skyautonet_ws/eee/lidar_preprocessor/src/three_lidar/src/left_lidar.cpp:121:39:[m[K [01;36m[Knote: [m[K  cannot convert ‘[01m[Krclcpp::Clock::now()()[m[K’ (type ‘[01m[Krclcpp::Time[m[K’) to type ‘[01m[Kstd::_Setprecision[m[K’
[2.867s]   121 |   std::cout << [01;36m[K(this->get_clock()->now() now[m[K) << std::endl;
[2.867s]       |                [01;36m[K~~~~~~~~~~~~~~~~~~~~~~~^~~~~~[m[K
[2.867s] In file included from [01m[K/usr/include/boost/date_time/date_formatting.hpp:17[m[K,
[2.867s]                  from [01m[K/usr/include/boost/date_time/gregorian/formatters.hpp:17[m[K,
[2.867s]                  from [01m[K/usr/include/boost/date_time/gregorian/gregorian.hpp:25[m[K,
[2.867s]                  from [01m[K/usr/include/boost/date_time/posix_time/time_formatters.hpp:12[m[K,
[2.867s]                  from [01m[K/usr/include/boost/date_time/posix_time/posix_time.hpp:24[m[K,
[2.867s]                  from [01m[K/usr/include/pcl-1.10/pcl/io/boost.h:57[m[K,
[2.867s]                  from [01m[K/usr/include/pcl-1.10/pcl/io/file_io.h:42[m[K,
[2.867s]                  from [01m[K/usr/include/pcl-1.10/pcl/io/pcd_io.h:44[m[K,
[2.867s]                  from [01m[K/home/skyautonet/skyautonet_ws/eee/lidar_preprocessor/src/three_lidar/src/left_lidar.cpp:14[m[K:
[2.867s] [01m[K/usr/include/c++/9/iomanip:238:5:[m[K [01;36m[Knote: [m[Kcandidate: ‘[01m[Ktemplate<class _CharT, class _Traits> std::basic_ostream<_CharT, _Traits>& std::operator<<(std::basic_ostream<_CharT, _Traits>&, std::_Setw)[m[K’
[2.867s]   238 |     [01;36m[Koperator[m[K<<(basic_ostream<_CharT, _Traits>& __os, _Setw __f)
[2.867s]       |     [01;36m[K^~~~~~~~[m[K
[2.867s] [01m[K/usr/include/c++/9/iomanip:238:5:[m[K [01;36m[Knote: [m[K  template argument deduction/substitution failed:
[2.867s] [01m[K/home/skyautonet/skyautonet_ws/eee/lidar_preprocessor/src/three_lidar/src/left_lidar.cpp:121:39:[m[K [01;36m[Knote: [m[K  cannot convert ‘[01m[Krclcpp::Clock::now()()[m[K’ (type ‘[01m[Krclcpp::Time[m[K’) to type ‘[01m[Kstd::_Setw[m[K’
[2.867s]   121 |   std::cout << [01;36m[K(this->get_clock()->now() now[m[K) << std::endl;
[2.867s]       |                [01;36m[K~~~~~~~~~~~~~~~~~~~~~~~^~~~~~[m[K
[2.867s] In file included from [01m[K/usr/include/boost/date_time/date_formatting.hpp:17[m[K,
[2.867s]                  from [01m[K/usr/include/boost/date_time/gregorian/formatters.hpp:17[m[K,
[2.867s]                  from [01m[K/usr/include/boost/date_time/gregorian/gregorian.hpp:25[m[K,
[2.867s]                  from [01m[K/usr/include/boost/date_time/posix_time/time_formatters.hpp:12[m[K,
[2.867s]                  from [01m[K/usr/include/boost/date_time/posix_time/posix_time.hpp:24[m[K,
[2.867s]                  from [01m[K/usr/include/pcl-1.10/pcl/io/boost.h:57[m[K,
[2.867s]                  from [01m[K/usr/include/pcl-1.10/pcl/io/file_io.h:42[m[K,
[2.867s]                  from [01m[K/usr/include/pcl-1.10/pcl/io/pcd_io.h:44[m[K,
[2.867s]                  from [01m[K/home/skyautonet/skyautonet_ws/eee/lidar_preprocessor/src/three_lidar/src/left_lidar.cpp:14[m[K:
[2.867s] [01m[K/usr/include/c++/9/iomanip:311:5:[m[K [01;36m[Knote: [m[Kcandidate: ‘[01m[Ktemplate<class _CharT, class _Traits, class _MoneyT> std::basic_ostream<_CharT, _Traits>& std::operator<<(std::basic_ostream<_CharT, _Traits>&, std::_Put_money<_MoneyT>)[m[K’
[2.867s]   311 |     [01;36m[Koperator[m[K<<(basic_ostream<_CharT, _Traits>& __os, _Put_money<_MoneyT> __f)
[2.867s]       |     [01;36m[K^~~~~~~~[m[K
[2.867s] [01m[K/usr/include/c++/9/iomanip:311:5:[m[K [01;36m[Knote: [m[K  template argument deduction/substitution failed:
[2.867s] [01m[K/home/skyautonet/skyautonet_ws/eee/lidar_preprocessor/src/three_lidar/src/left_lidar.cpp:121:55:[m[K [01;36m[Knote: [m[K  ‘[01m[Krclcpp::Time[m[K’ is not derived from ‘[01m[Kstd::_Put_money<_MoneyT>[m[K’
[2.867s]   121 |   std::cout << (this->get_clock()->now() now) << std::[01;36m[Kendl[m[K;
[2.867s]       |                                                       [01;36m[K^~~~[m[K
[2.867s] In file included from [01m[K/usr/include/boost/date_time/date_formatting.hpp:17[m[K,
[2.867s]                  from [01m[K/usr/include/boost/date_time/gregorian/formatters.hpp:17[m[K,
[2.867s]                  from [01m[K/usr/include/boost/date_time/gregorian/gregorian.hpp:25[m[K,
[2.867s]                  from [01m[K/usr/include/boost/date_time/posix_time/time_formatters.hpp:12[m[K,
[2.867s]                  from [01m[K/usr/include/boost/date_time/posix_time/posix_time.hpp:24[m[K,
[2.867s]                  from [01m[K/usr/include/pcl-1.10/pcl/io/boost.h:57[m[K,
[2.867s]                  from [01m[K/usr/include/pcl-1.10/pcl/io/file_io.h:42[m[K,
[2.867s]                  from [01m[K/usr/include/pcl-1.10/pcl/io/pcd_io.h:44[m[K,
[2.867s]                  from [01m[K/home/skyautonet/skyautonet_ws/eee/lidar_preprocessor/src/three_lidar/src/left_lidar.cpp:14[m[K:
[2.867s] [01m[K/usr/include/c++/9/iomanip:363:5:[m[K [01;36m[Knote: [m[Kcandidate: ‘[01m[Ktemplate<class _CharT, class _Traits> std::basic_ostream<_CharT, _Traits>& std::operator<<(std::basic_ostream<_CharT, _Traits>&, std::_Put_time<_CharT>)[m[K’
[2.868s]   363 |     [01;36m[Koperator[m[K<<(basic_ostream<_CharT, _Traits>& __os, _Put_time<_CharT> __f)
[2.868s]       |     [01;36m[K^~~~~~~~[m[K
[2.868s] [01m[K/usr/include/c++/9/iomanip:363:5:[m[K [01;36m[Knote: [m[K  template argument deduction/substitution failed:
[2.868s] [01m[K/home/skyautonet/skyautonet_ws/eee/lidar_preprocessor/src/three_lidar/src/left_lidar.cpp:121:55:[m[K [01;36m[Knote: [m[K  ‘[01m[Krclcpp::Time[m[K’ is not derived from ‘[01m[Kstd::_Put_time<_CharT>[m[K’
[2.868s]   121 |   std::cout << (this->get_clock()->now() now) << std::[01;36m[Kendl[m[K;
[2.868s]       |                                                       [01;36m[K^~~~[m[K
[5.924s] make[2]: *** [CMakeFiles/left.dir/build.make:76: CMakeFiles/left.dir/src/left_lidar.cpp.o] Error 1
[5.924s] make[1]: *** [CMakeFiles/Makefile2:109: CMakeFiles/left.dir/all] Error 2
[5.924s] make: *** [Makefile:141: all] Error 2
[5.927s] Invoked command in '/home/skyautonet/skyautonet_ws/eee/lidar_preprocessor/build/three_lidar' returned '2': CMAKE_PREFIX_PATH=/home/skyautonet/skyautonet_ws/eee/lidar_preprocessor/install/velocity_msg:/home/skyautonet/skyautonet_ws/eee/lidar_preprocessor/install/three_lidar:/opt/ros/foxy LD_LIBRARY_PATH=/home/skyautonet/skyautonet_ws/eee/lidar_preprocessor/install/velocity_msg/lib:/usr/local/cuda-11.4/lib64/:/usr/local/cuda-11.4/lib64/:/opt/ros/foxy/opt/yaml_cpp_vendor/lib:/opt/ros/foxy/opt/rviz_ogre_vendor/lib:/opt/ros/foxy/lib/x86_64-linux-gnu:/opt/ros/foxy/lib:/usr/local/cuda-11.4/lib64 /usr/bin/cmake --build /home/skyautonet/skyautonet_ws/eee/lidar_preprocessor/build/three_lidar -- -j20 -l20
