[0.009s] Invoking command in '/home/skyautonet/skyautonet_ws/eee/multi_lidar/build/concat': CMAKE_PREFIX_PATH=/home/skyautonet/skyautonet_ws/eee/multi_lidar/install/c_auto_vehicle_msgs:/home/skyautonet/skyautonet_ws/eee/multi_lidar/install/concat:/opt/ros/foxy LD_LIBRARY_PATH=/home/skyautonet/skyautonet_ws/eee/multi_lidar/install/c_auto_vehicle_msgs/lib:/usr/local/cuda-11.4/lib64/:/home/skyautonet/skyautonet_ws/eee/multi_lidar/install/concat/lib:/usr/local/cuda-11.4/lib64/:/opt/ros/foxy/opt/yaml_cpp_vendor/lib:/opt/ros/foxy/opt/rviz_ogre_vendor/lib:/opt/ros/foxy/lib/x86_64-linux-gnu:/opt/ros/foxy/lib:/usr/local/cuda-11.4/lib64 /usr/bin/cmake --build /home/skyautonet/skyautonet_ws/eee/multi_lidar/build/concat -- -j20 -l20
[0.048s] [ 33%] Built target concatenate_data_node
[0.053s] [ 66%] Built target pointcloud_preprocessor_filter_base
[0.063s] [35m[1mScanning dependencies of target pointcloud_preprocessor_filter[0m
[0.089s] [ 83%] [32mBuilding CXX object CMakeFiles/pointcloud_preprocessor_filter.dir/src/concatenate_data/concatenate_data_nodelet.cpp.o[0m
[8.779s] [100%] [32m[1mLinking CXX shared library libpointcloud_preprocessor_filter.so[0m
[9.312s] [100%] Built target pointcloud_preprocessor_filter
[9.319s] Invoked command in '/home/skyautonet/skyautonet_ws/eee/multi_lidar/build/concat' returned '0': CMAKE_PREFIX_PATH=/home/skyautonet/skyautonet_ws/eee/multi_lidar/install/c_auto_vehicle_msgs:/home/skyautonet/skyautonet_ws/eee/multi_lidar/install/concat:/opt/ros/foxy LD_LIBRARY_PATH=/home/skyautonet/skyautonet_ws/eee/multi_lidar/install/c_auto_vehicle_msgs/lib:/usr/local/cuda-11.4/lib64/:/home/skyautonet/skyautonet_ws/eee/multi_lidar/install/concat/lib:/usr/local/cuda-11.4/lib64/:/opt/ros/foxy/opt/yaml_cpp_vendor/lib:/opt/ros/foxy/opt/rviz_ogre_vendor/lib:/opt/ros/foxy/lib/x86_64-linux-gnu:/opt/ros/foxy/lib:/usr/local/cuda-11.4/lib64 /usr/bin/cmake --build /home/skyautonet/skyautonet_ws/eee/multi_lidar/build/concat -- -j20 -l20
[9.334s] Invoking command in '/home/skyautonet/skyautonet_ws/eee/multi_lidar/build/concat': CMAKE_PREFIX_PATH=/home/skyautonet/skyautonet_ws/eee/multi_lidar/install/c_auto_vehicle_msgs:/home/skyautonet/skyautonet_ws/eee/multi_lidar/install/concat:/opt/ros/foxy LD_LIBRARY_PATH=/home/skyautonet/skyautonet_ws/eee/multi_lidar/install/c_auto_vehicle_msgs/lib:/usr/local/cuda-11.4/lib64/:/home/skyautonet/skyautonet_ws/eee/multi_lidar/install/concat/lib:/usr/local/cuda-11.4/lib64/:/opt/ros/foxy/opt/yaml_cpp_vendor/lib:/opt/ros/foxy/opt/rviz_ogre_vendor/lib:/opt/ros/foxy/lib/x86_64-linux-gnu:/opt/ros/foxy/lib:/usr/local/cuda-11.4/lib64 /usr/bin/cmake --install /home/skyautonet/skyautonet_ws/eee/multi_lidar/build/concat
[9.339s] -- Install configuration: ""
[9.339s] -- Up-to-date: /home/skyautonet/skyautonet_ws/eee/multi_lidar/install/concat/lib/concat/concatenate_data_node
[9.339s] -- Up-to-date: /home/skyautonet/skyautonet_ws/eee/multi_lidar/install/concat/lib/libpointcloud_preprocessor_filter_base.so
[9.339s] -- Up-to-date: /home/skyautonet/skyautonet_ws/eee/multi_lidar/install/concat/include/concat
[9.339s] -- Up-to-date: /home/skyautonet/skyautonet_ws/eee/multi_lidar/install/concat/include/concat/concat
[9.339s] -- Up-to-date: /home/skyautonet/skyautonet_ws/eee/multi_lidar/install/concat/include/concat/concat/types.hpp
[9.339s] -- Up-to-date: /home/skyautonet/skyautonet_ws/eee/multi_lidar/install/concat/include/concat/concat/concatenate_data_nodelet.hpp
[9.339s] -- Up-to-date: /home/skyautonet/skyautonet_ws/eee/multi_lidar/install/concat/include/concat/filter.hpp
[9.339s] -- Up-to-date: /home/skyautonet/skyautonet_ws/eee/multi_lidar/install/concat/share/concat//launch
[9.339s] -- Up-to-date: /home/skyautonet/skyautonet_ws/eee/multi_lidar/install/concat/share/concat//launch/preprocessor.launch.xml
[9.339s] -- Up-to-date: /home/skyautonet/skyautonet_ws/eee/multi_lidar/install/concat/share/concat//launch/preprocessor.launch.py
[9.339s] -- Up-to-date: /home/skyautonet/skyautonet_ws/eee/multi_lidar/install/concat/include
[9.339s] -- Up-to-date: /home/skyautonet/skyautonet_ws/eee/multi_lidar/install/concat/include/concat
[9.340s] -- Up-to-date: /home/skyautonet/skyautonet_ws/eee/multi_lidar/install/concat/include/concat/types.hpp
[9.340s] -- Up-to-date: /home/skyautonet/skyautonet_ws/eee/multi_lidar/install/concat/include/concat/concatenate_data_nodelet.hpp
[9.340s] -- Up-to-date: /home/skyautonet/skyautonet_ws/eee/multi_lidar/install/concat/include/filter.hpp
[9.340s] -- Up-to-date: /home/skyautonet/skyautonet_ws/eee/multi_lidar/install/concat/share/concat/environment/library_path.sh
[9.340s] -- Up-to-date: /home/skyautonet/skyautonet_ws/eee/multi_lidar/install/concat/share/concat/environment/library_path.dsv
[9.340s] -- Installing: /home/skyautonet/skyautonet_ws/eee/multi_lidar/install/concat/lib/libpointcloud_preprocessor_filter.so
[9.343s] -- Set runtime path of "/home/skyautonet/skyautonet_ws/eee/multi_lidar/install/concat/lib/libpointcloud_preprocessor_filter.so" to ""
[9.343s] -- Up-to-date: /home/skyautonet/skyautonet_ws/eee/multi_lidar/install/concat/share/concat/launch
[9.343s] -- Up-to-date: /home/skyautonet/skyautonet_ws/eee/multi_lidar/install/concat/share/concat/launch/preprocessor.launch.xml
[9.343s] -- Up-to-date: /home/skyautonet/skyautonet_ws/eee/multi_lidar/install/concat/share/concat/launch/preprocessor.launch.py
[9.343s] -- Up-to-date: /home/skyautonet/skyautonet_ws/eee/multi_lidar/install/concat/share/ament_index/resource_index/package_run_dependencies/concat
[9.343s] -- Up-to-date: /home/skyautonet/skyautonet_ws/eee/multi_lidar/install/concat/share/ament_index/resource_index/parent_prefix_path/concat
[9.343s] -- Up-to-date: /home/skyautonet/skyautonet_ws/eee/multi_lidar/install/concat/share/concat/environment/ament_prefix_path.sh
[9.343s] -- Up-to-date: /home/skyautonet/skyautonet_ws/eee/multi_lidar/install/concat/share/concat/environment/ament_prefix_path.dsv
[9.343s] -- Up-to-date: /home/skyautonet/skyautonet_ws/eee/multi_lidar/install/concat/share/concat/environment/path.sh
[9.343s] -- Up-to-date: /home/skyautonet/skyautonet_ws/eee/multi_lidar/install/concat/share/concat/environment/path.dsv
[9.343s] -- Up-to-date: /home/skyautonet/skyautonet_ws/eee/multi_lidar/install/concat/share/concat/local_setup.bash
[9.343s] -- Up-to-date: /home/skyautonet/skyautonet_ws/eee/multi_lidar/install/concat/share/concat/local_setup.sh
[9.343s] -- Up-to-date: /home/skyautonet/skyautonet_ws/eee/multi_lidar/install/concat/share/concat/local_setup.zsh
[9.343s] -- Up-to-date: /home/skyautonet/skyautonet_ws/eee/multi_lidar/install/concat/share/concat/local_setup.dsv
[9.343s] -- Installing: /home/skyautonet/skyautonet_ws/eee/multi_lidar/install/concat/share/concat/package.dsv
[9.343s] -- Up-to-date: /home/skyautonet/skyautonet_ws/eee/multi_lidar/install/concat/share/ament_index/resource_index/packages/concat
[9.343s] -- Up-to-date: /home/skyautonet/skyautonet_ws/eee/multi_lidar/install/concat/share/ament_index/resource_index/rclcpp_components/concat
[9.343s] -- Up-to-date: /home/skyautonet/skyautonet_ws/eee/multi_lidar/install/concat/share/concat/cmake/export_concatExport.cmake
[9.343s] -- Up-to-date: /home/skyautonet/skyautonet_ws/eee/multi_lidar/install/concat/share/concat/cmake/export_concatExport-noconfig.cmake
[9.343s] -- Up-to-date: /home/skyautonet/skyautonet_ws/eee/multi_lidar/install/concat/share/concat/cmake/ament_cmake_export_targets-extras.cmake
[9.343s] -- Up-to-date: /home/skyautonet/skyautonet_ws/eee/multi_lidar/install/concat/share/concat/cmake/ament_cmake_export_dependencies-extras.cmake
[9.343s] -- Up-to-date: /home/skyautonet/skyautonet_ws/eee/multi_lidar/install/concat/share/concat/cmake/ament_cmake_export_include_directories-extras.cmake
[9.343s] -- Up-to-date: /home/skyautonet/skyautonet_ws/eee/multi_lidar/install/concat/share/concat/cmake/ament_cmake_export_libraries-extras.cmake
[9.343s] -- Up-to-date: /home/skyautonet/skyautonet_ws/eee/multi_lidar/install/concat/share/concat/cmake/concatConfig.cmake
[9.343s] -- Up-to-date: /home/skyautonet/skyautonet_ws/eee/multi_lidar/install/concat/share/concat/cmake/concatConfig-version.cmake
[9.343s] -- Up-to-date: /home/skyautonet/skyautonet_ws/eee/multi_lidar/install/concat/share/concat/package.xml
[9.346s] Invoked command in '/home/skyautonet/skyautonet_ws/eee/multi_lidar/build/concat' returned '0': CMAKE_PREFIX_PATH=/home/skyautonet/skyautonet_ws/eee/multi_lidar/install/c_auto_vehicle_msgs:/home/skyautonet/skyautonet_ws/eee/multi_lidar/install/concat:/opt/ros/foxy LD_LIBRARY_PATH=/home/skyautonet/skyautonet_ws/eee/multi_lidar/install/c_auto_vehicle_msgs/lib:/usr/local/cuda-11.4/lib64/:/home/skyautonet/skyautonet_ws/eee/multi_lidar/install/concat/lib:/usr/local/cuda-11.4/lib64/:/opt/ros/foxy/opt/yaml_cpp_vendor/lib:/opt/ros/foxy/opt/rviz_ogre_vendor/lib:/opt/ros/foxy/lib/x86_64-linux-gnu:/opt/ros/foxy/lib:/usr/local/cuda-11.4/lib64 /usr/bin/cmake --install /home/skyautonet/skyautonet_ws/eee/multi_lidar/build/concat
