-- The C compiler identification is GNU 9.4.0
-- The CXX compiler identification is GNU 9.4.0
-- Check for working C compiler: /usr/bin/cc
-- Check for working C compiler: /usr/bin/cc -- works
-- Detecting C compiler ABI info
-- Detecting C compiler ABI info - done
-- Detecting C compile features
-- Detecting C compile features - done
-- Check for working CXX compiler: /usr/bin/c++
-- Check for working CXX compiler: /usr/bin/c++ -- works
-- Detecting CXX compiler ABI info
-- Detecting CXX compiler ABI info - done
-- Detecting CXX compile features
-- Detecting CXX compile features - done
-- Found ament_cmake_auto: 0.9.12 (/opt/ros/foxy/share/ament_cmake_auto/cmake)
-- Found PythonInterp: /usr/bin/python3 (found suitable version "3.8.10", minimum required is "3") 
-- Using PYTHON_EXECUTABLE: /usr/bin/python3
-- Using all available rosidl_typesupport_c: rosidl_typesupport_fastrtps_c;rosidl_typesupport_introspection_c
-- Found rosidl_adapter: 1.3.1 (/opt/ros/foxy/share/rosidl_adapter/cmake)
-- Found OpenSSL: /usr/lib/x86_64-linux-gnu/libcrypto.so (found version "1.1.1f")  
-- Found FastRTPS: /opt/ros/foxy/include  
-- Using all available rosidl_typesupport_cpp: rosidl_typesupport_fastrtps_cpp;rosidl_typesupport_introspection_cpp
-- Found rmw_implementation_cmake: 1.0.4 (/opt/ros/foxy/share/rmw_implementation_cmake/cmake)
-- Using RMW implementation 'rmw_fastrtps_cpp' as default
-- Looking for pthread.h
-- Looking for pthread.h - found
-- Performing Test CMAKE_HAVE_LIBC_PTHREAD
-- Performing Test CMAKE_HAVE_LIBC_PTHREAD - Failed
-- Looking for pthread_create in pthreads
-- Looking for pthread_create in pthreads - not found
-- Looking for pthread_create in pthread
-- Looking for pthread_create in pthread - found
-- Found Threads: TRUE  
-- Found eigen3_cmake_module: 0.1.1 (/opt/ros/foxy/share/eigen3_cmake_module/cmake)
-- Found Eigen3: TRUE (found version "3.3.7") 
-- Checking for module 'eigen3'
--   Found eigen3, version 3.3.7
-- Found Eigen: /usr/include/eigen3 (Required is at least version "3.1") 
-- Eigen found (include: /usr/include/eigen3, version: 3.3.7)
-- Checking for module 'flann'
--   Found flann, version 1.9.1
-- Found FLANN: /usr/lib/x86_64-linux-gnu/libflann_cpp.so  
-- The imported target "vtkParseOGLExt" references the file
   "/usr/bin/vtkParseOGLExt-7.1"
but this file does not exist.  Possible reasons include:
* The file was deleted, renamed, or moved to another location.
* An install or uninstall procedure did not complete successfully.
* The installation package was faulty and contained
   "/usr/lib/cmake/vtk-7.1/VTKTargets.cmake"
but not all the files it references.

-- The imported target "vtkRenderingPythonTkWidgets" references the file
   "/usr/lib/x86_64-linux-gnu/libvtkRenderingPythonTkWidgets.so"
but this file does not exist.  Possible reasons include:
* The file was deleted, renamed, or moved to another location.
* An install or uninstall procedure did not complete successfully.
* The installation package was faulty and contained
   "/usr/lib/cmake/vtk-7.1/VTKTargets.cmake"
but not all the files it references.

-- The imported target "vtk" references the file
   "/usr/bin/vtk"
but this file does not exist.  Possible reasons include:
* The file was deleted, renamed, or moved to another location.
* An install or uninstall procedure did not complete successfully.
* The installation package was faulty and contained
   "/usr/lib/cmake/vtk-7.1/VTKTargets.cmake"
but not all the files it references.

-- The imported target "pvtk" references the file
   "/usr/bin/pvtk"
but this file does not exist.  Possible reasons include:
* The file was deleted, renamed, or moved to another location.
* An install or uninstall procedure did not complete successfully.
* The installation package was faulty and contained
   "/usr/lib/cmake/vtk-7.1/VTKTargets.cmake"
but not all the files it references.

-- Checking for module 'libusb-1.0'
--   No package 'libusb-1.0' found
-- Could NOT find USB_10 (missing: USB_10_LIBRARY USB_10_INCLUDE_DIR) 
-- OpenNI disabled because libusb-1.0 not found.
-- Checking for module 'libusb-1.0'
--   No package 'libusb-1.0' found
-- Could NOT find USB_10 (missing: USB_10_LIBRARY USB_10_INCLUDE_DIR) 
-- OpenNI 2 disabled because libusb-1.0 not found.
-- LIBUSB_1_LIBRARY (missing: LIBUSB_1_INCLUDE_DIR) 
-- Checking for module 'libusb-1.0'
--   No package 'libusb-1.0' found
-- Could NOT find USB_10 (missing: USB_10_LIBRARY USB_10_INCLUDE_DIR) 
-- OpenNI disabled because libusb-1.0 not found.
-- Checking for module 'libusb-1.0'
--   No package 'libusb-1.0' found
-- Could NOT find USB_10 (missing: USB_10_LIBRARY USB_10_INCLUDE_DIR) 
-- OpenNI 2 disabled because libusb-1.0 not found.
-- Found Qhull: optimized;/usr/lib/x86_64-linux-gnu/libqhull.so;debug;/usr/lib/x86_64-linux-gnu/libqhull.so  
-- QHULL found (include: /usr/include, lib: optimized;/usr/lib/x86_64-linux-gnu/libqhull.so;debug;/usr/lib/x86_64-linux-gnu/libqhull.so)
-- Checking for module 'libusb-1.0'
--   No package 'libusb-1.0' found
-- Could NOT find USB_10 (missing: USB_10_LIBRARY USB_10_INCLUDE_DIR) 
-- OpenNI disabled because libusb-1.0 not found.
-- Found PCL_COMMON: /usr/lib/x86_64-linux-gnu/libpcl_common.so  
-- Found PCL_KDTREE: /usr/lib/x86_64-linux-gnu/libpcl_kdtree.so  
-- Found PCL_OCTREE: /usr/lib/x86_64-linux-gnu/libpcl_octree.so  
-- Found PCL_SEARCH: /usr/lib/x86_64-linux-gnu/libpcl_search.so  
-- Found PCL_SAMPLE_CONSENSUS: /usr/lib/x86_64-linux-gnu/libpcl_sample_consensus.so  
-- Found PCL_FILTERS: /usr/lib/x86_64-linux-gnu/libpcl_filters.so  
-- Found PCL_2D: /usr/include/pcl-1.10  
-- Found PCL_GEOMETRY: /usr/include/pcl-1.10  
-- Found PCL_IO: /usr/lib/x86_64-linux-gnu/libpcl_io.so  
-- Found PCL_FEATURES: /usr/lib/x86_64-linux-gnu/libpcl_features.so  
-- Found PCL_ML: /usr/lib/x86_64-linux-gnu/libpcl_ml.so  
-- Found PCL_SEGMENTATION: /usr/lib/x86_64-linux-gnu/libpcl_segmentation.so  
-- Found PCL_VISUALIZATION: /usr/lib/x86_64-linux-gnu/libpcl_visualization.so  
-- Found PCL_SURFACE: /usr/lib/x86_64-linux-gnu/libpcl_surface.so  
-- Found PCL_REGISTRATION: /usr/lib/x86_64-linux-gnu/libpcl_registration.so  
-- Found PCL_KEYPOINTS: /usr/lib/x86_64-linux-gnu/libpcl_keypoints.so  
-- Found PCL_TRACKING: /usr/lib/x86_64-linux-gnu/libpcl_tracking.so  
-- Found PCL_RECOGNITION: /usr/lib/x86_64-linux-gnu/libpcl_recognition.so  
-- Found PCL_STEREO: /usr/lib/x86_64-linux-gnu/libpcl_stereo.so  
-- Found PCL_APPS: /usr/lib/x86_64-linux-gnu/libpcl_apps.so  
-- Found PCL_IN_HAND_SCANNER: /usr/include/pcl-1.10  
-- Found PCL_POINT_CLOUD_EDITOR: /usr/include/pcl-1.10  
-- Found PCL_OUTOFCORE: /usr/lib/x86_64-linux-gnu/libpcl_outofcore.so  
-- Found PCL_PEOPLE: /usr/lib/x86_64-linux-gnu/libpcl_people.so  
-- Found OpenCV: /usr (found version "4.2.0") 
-- Found Boost: /usr/include (found version "1.71.0")  
CMake Warning (dev) at CMakeLists.txt:29 (find_package):
  Policy CMP0074 is not set: find_package uses <PackageName>_ROOT variables.
  Run "cmake --help-policy CMP0074" for policy details.  Use the cmake_policy
  command to set the policy and suppress this warning.

  CMake variable PCL_ROOT is set to:

    /usr

  For compatibility, CMake is ignoring the variable.
This warning is for project developers.  Use -Wno-dev to suppress it.

-- Found ament_lint_auto: 0.9.8 (/opt/ros/foxy/share/ament_lint_auto/cmake)
-- Added test 'copyright' to check source files copyright and LICENSE
-- Added test 'cppcheck' to perform static code analysis on C / C++ code
-- Configured cppcheck include dirs: /home/skyautonet/skyautonet_ws/eee/multi_lidar/src/concat/include;$<BUILD_INTERFACE:/home/skyautonet/skyautonet_ws/eee/multi_lidar/src/concat/include>
-- Configured cppcheck exclude dirs and/or files: 
-- Added test 'cpplint' to check C / C++ code against the Google style
-- Configured cpplint exclude dirs and/or files: 
-- Added test 'flake8' to check Python code syntax and style conventions
-- Added test 'lint_cmake' to check CMake code style
-- Added test 'pep257' to check Python code against some of the style conventions in PEP 257
-- Added test 'uncrustify' to check C / C++ code style
-- Configured uncrustify additional arguments: 
-- Added test 'xmllint' to check XML markup files
-- Configuring done
-- Generating done
-- Build files have been written to: /home/skyautonet/skyautonet_ws/eee/multi_lidar/build/concat
[35m[1mScanning dependencies of target concatenate_data_node[0m
[35m[1mScanning dependencies of target pointcloud_preprocessor_filter_base[0m
[ 16%] [32mBuilding CXX object CMakeFiles/concatenate_data_node.dir/rclcpp_components/node_main_concatenate_data_node.cpp.o[0m
[ 33%] [32mBuilding CXX object CMakeFiles/pointcloud_preprocessor_filter_base.dir/src/filter.cpp.o[0m
[ 50%] [32m[1mLinking CXX executable concatenate_data_node[0m
[ 50%] Built target concatenate_data_node
[ 66%] [32m[1mLinking CXX shared library libpointcloud_preprocessor_filter_base.so[0m
[ 66%] Built target pointcloud_preprocessor_filter_base
[35m[1mScanning dependencies of target pointcloud_preprocessor_filter[0m
[ 83%] [32mBuilding CXX object CMakeFiles/pointcloud_preprocessor_filter.dir/src/concatenate_data/concatenate_data_nodelet.cpp.o[0m
[100%] [32m[1mLinking CXX shared library libpointcloud_preprocessor_filter.so[0m
[100%] Built target pointcloud_preprocessor_filter
-- Install configuration: ""
-- Installing: /home/skyautonet/skyautonet_ws/eee/multi_lidar/install/concat/lib/concat/concatenate_data_node
-- Set runtime path of "/home/skyautonet/skyautonet_ws/eee/multi_lidar/install/concat/lib/concat/concatenate_data_node" to ""
-- Installing: /home/skyautonet/skyautonet_ws/eee/multi_lidar/install/concat/lib/libpointcloud_preprocessor_filter_base.so
-- Set runtime path of "/home/skyautonet/skyautonet_ws/eee/multi_lidar/install/concat/lib/libpointcloud_preprocessor_filter_base.so" to ""
-- Installing: /home/skyautonet/skyautonet_ws/eee/multi_lidar/install/concat/include/concat
-- Installing: /home/skyautonet/skyautonet_ws/eee/multi_lidar/install/concat/include/concat/concat
-- Installing: /home/skyautonet/skyautonet_ws/eee/multi_lidar/install/concat/include/concat/concat/types.hpp
-- Installing: /home/skyautonet/skyautonet_ws/eee/multi_lidar/install/concat/include/concat/concat/concatenate_data_nodelet.hpp
-- Installing: /home/skyautonet/skyautonet_ws/eee/multi_lidar/install/concat/include/concat/filter.hpp
-- Installing: /home/skyautonet/skyautonet_ws/eee/multi_lidar/install/concat/share/concat//launch
-- Installing: /home/skyautonet/skyautonet_ws/eee/multi_lidar/install/concat/share/concat//launch/preprocessor.launch.xml
-- Installing: /home/skyautonet/skyautonet_ws/eee/multi_lidar/install/concat/share/concat//launch/preprocessor.launch.py
-- Up-to-date: /home/skyautonet/skyautonet_ws/eee/multi_lidar/install/concat/include
-- Up-to-date: /home/skyautonet/skyautonet_ws/eee/multi_lidar/install/concat/include/concat
-- Installing: /home/skyautonet/skyautonet_ws/eee/multi_lidar/install/concat/include/concat/types.hpp
-- Installing: /home/skyautonet/skyautonet_ws/eee/multi_lidar/install/concat/include/concat/concatenate_data_nodelet.hpp
-- Installing: /home/skyautonet/skyautonet_ws/eee/multi_lidar/install/concat/include/filter.hpp
-- Installing: /home/skyautonet/skyautonet_ws/eee/multi_lidar/install/concat/share/concat/environment/library_path.sh
-- Installing: /home/skyautonet/skyautonet_ws/eee/multi_lidar/install/concat/share/concat/environment/library_path.dsv
-- Installing: /home/skyautonet/skyautonet_ws/eee/multi_lidar/install/concat/lib/libpointcloud_preprocessor_filter.so
-- Set runtime path of "/home/skyautonet/skyautonet_ws/eee/multi_lidar/install/concat/lib/libpointcloud_preprocessor_filter.so" to ""
-- Up-to-date: /home/skyautonet/skyautonet_ws/eee/multi_lidar/install/concat/share/concat/launch
-- Up-to-date: /home/skyautonet/skyautonet_ws/eee/multi_lidar/install/concat/share/concat/launch/preprocessor.launch.xml
-- Up-to-date: /home/skyautonet/skyautonet_ws/eee/multi_lidar/install/concat/share/concat/launch/preprocessor.launch.py
-- Installing: /home/skyautonet/skyautonet_ws/eee/multi_lidar/install/concat/share/ament_index/resource_index/package_run_dependencies/concat
-- Installing: /home/skyautonet/skyautonet_ws/eee/multi_lidar/install/concat/share/ament_index/resource_index/parent_prefix_path/concat
-- Installing: /home/skyautonet/skyautonet_ws/eee/multi_lidar/install/concat/share/concat/environment/ament_prefix_path.sh
-- Installing: /home/skyautonet/skyautonet_ws/eee/multi_lidar/install/concat/share/concat/environment/ament_prefix_path.dsv
-- Installing: /home/skyautonet/skyautonet_ws/eee/multi_lidar/install/concat/share/concat/environment/path.sh
-- Installing: /home/skyautonet/skyautonet_ws/eee/multi_lidar/install/concat/share/concat/environment/path.dsv
-- Installing: /home/skyautonet/skyautonet_ws/eee/multi_lidar/install/concat/share/concat/local_setup.bash
-- Installing: /home/skyautonet/skyautonet_ws/eee/multi_lidar/install/concat/share/concat/local_setup.sh
-- Installing: /home/skyautonet/skyautonet_ws/eee/multi_lidar/install/concat/share/concat/local_setup.zsh
-- Installing: /home/skyautonet/skyautonet_ws/eee/multi_lidar/install/concat/share/concat/local_setup.dsv
-- Installing: /home/skyautonet/skyautonet_ws/eee/multi_lidar/install/concat/share/concat/package.dsv
-- Installing: /home/skyautonet/skyautonet_ws/eee/multi_lidar/install/concat/share/ament_index/resource_index/packages/concat
-- Installing: /home/skyautonet/skyautonet_ws/eee/multi_lidar/install/concat/share/ament_index/resource_index/rclcpp_components/concat
-- Installing: /home/skyautonet/skyautonet_ws/eee/multi_lidar/install/concat/share/concat/cmake/export_concatExport.cmake
-- Installing: /home/skyautonet/skyautonet_ws/eee/multi_lidar/install/concat/share/concat/cmake/export_concatExport-noconfig.cmake
-- Installing: /home/skyautonet/skyautonet_ws/eee/multi_lidar/install/concat/share/concat/cmake/ament_cmake_export_targets-extras.cmake
-- Installing: /home/skyautonet/skyautonet_ws/eee/multi_lidar/install/concat/share/concat/cmake/ament_cmake_export_dependencies-extras.cmake
-- Installing: /home/skyautonet/skyautonet_ws/eee/multi_lidar/install/concat/share/concat/cmake/ament_cmake_export_include_directories-extras.cmake
-- Installing: /home/skyautonet/skyautonet_ws/eee/multi_lidar/install/concat/share/concat/cmake/ament_cmake_export_libraries-extras.cmake
-- Installing: /home/skyautonet/skyautonet_ws/eee/multi_lidar/install/concat/share/concat/cmake/concatConfig.cmake
-- Installing: /home/skyautonet/skyautonet_ws/eee/multi_lidar/install/concat/share/concat/cmake/concatConfig-version.cmake
-- Installing: /home/skyautonet/skyautonet_ws/eee/multi_lidar/install/concat/share/concat/package.xml
