[0.005s] Invoking command in '/home/skyautonet/skyautonet_ws/eee/multi_lidar/build/concat': CMAKE_PREFIX_PATH=/home/skyautonet/skyautonet_ws/eee/multi_lidar/install/c_auto_vehicle_msgs:/home/skyautonet/skyautonet_ws/eee/multi_lidar/install/concat:/opt/ros/foxy LD_LIBRARY_PATH=/home/skyautonet/skyautonet_ws/eee/multi_lidar/install/c_auto_vehicle_msgs/lib:/usr/local/cuda-11.4/lib64/:/home/skyautonet/skyautonet_ws/eee/multi_lidar/install/concat/lib:/usr/local/cuda-11.4/lib64/:/opt/ros/foxy/opt/yaml_cpp_vendor/lib:/opt/ros/foxy/opt/rviz_ogre_vendor/lib:/opt/ros/foxy/lib/x86_64-linux-gnu:/opt/ros/foxy/lib:/usr/local/cuda-11.4/lib64 /usr/bin/cmake /home/skyautonet/skyautonet_ws/eee/multi_lidar/src/concat -DCMAKE_INSTALL_PREFIX=/home/skyautonet/skyautonet_ws/eee/multi_lidar/install/concat
[0.036s] -- The C compiler identification is GNU 9.4.0
[0.065s] -- The CXX compiler identification is GNU 9.4.0
[0.068s] -- Check for working C compiler: /usr/bin/cc
[0.105s] -- Check for working C compiler: /usr/bin/cc -- works
[0.106s] -- Detecting C compiler ABI info
[0.146s] -- Detecting C compiler ABI info - done
[0.155s] -- Detecting C compile features
[0.155s] -- Detecting C compile features - done
[0.156s] -- Check for working CXX compiler: /usr/bin/c++
[0.203s] -- Check for working CXX compiler: /usr/bin/c++ -- works
[0.204s] -- Detecting CXX compiler ABI info
[0.254s] -- Detecting CXX compiler ABI info - done
[0.262s] -- Detecting CXX compile features
[0.263s] -- Detecting CXX compile features - done
[0.264s] -- Found ament_cmake_auto: 0.9.12 (/opt/ros/foxy/share/ament_cmake_auto/cmake)
[0.279s] -- Found PythonInterp: /usr/bin/python3 (found suitable version "3.8.10", minimum required is "3") 
[0.279s] -- Using PYTHON_EXECUTABLE: /usr/bin/python3
[0.533s] -- Using all available rosidl_typesupport_c: rosidl_typesupport_fastrtps_c;rosidl_typesupport_introspection_c
[0.536s] -- Found rosidl_adapter: 1.3.1 (/opt/ros/foxy/share/rosidl_adapter/cmake)
[0.579s] -- Found OpenSSL: /usr/lib/x86_64-linux-gnu/libcrypto.so (found version "1.1.1f")  
[0.594s] -- Found FastRTPS: /opt/ros/foxy/include  
[0.635s] -- Using all available rosidl_typesupport_cpp: rosidl_typesupport_fastrtps_cpp;rosidl_typesupport_introspection_cpp
[0.665s] -- Found rmw_implementation_cmake: 1.0.4 (/opt/ros/foxy/share/rmw_implementation_cmake/cmake)
[0.666s] -- Using RMW implementation 'rmw_fastrtps_cpp' as default
[0.685s] -- Looking for pthread.h
[0.736s] -- Looking for pthread.h - found
[0.736s] -- Performing Test CMAKE_HAVE_LIBC_PTHREAD
[0.828s] -- Performing Test CMAKE_HAVE_LIBC_PTHREAD - Failed
[0.829s] -- Looking for pthread_create in pthreads
[0.866s] -- Looking for pthread_create in pthreads - not found
[0.866s] -- Looking for pthread_create in pthread
[0.905s] -- Looking for pthread_create in pthread - found
[0.906s] -- Found Threads: TRUE  
[1.631s] -- Found eigen3_cmake_module: 0.1.1 (/opt/ros/foxy/share/eigen3_cmake_module/cmake)
[1.652s] -- Found Eigen3: TRUE (found version "3.3.7") 
[1.987s] -- Checking for module 'eigen3'
[1.994s] --   Found eigen3, version 3.3.7
[2.016s] -- Found Eigen: /usr/include/eigen3 (Required is at least version "3.1") 
[2.016s] -- Eigen found (include: /usr/include/eigen3, version: 3.3.7)
[2.097s] -- Checking for module 'flann'
[2.120s] --   Found flann, version 1.9.1
[2.145s] -- Found FLANN: /usr/lib/x86_64-linux-gnu/libflann_cpp.so  
[2.292s] -- The imported target "vtkParseOGLExt" references the file
[2.292s]    "/usr/bin/vtkParseOGLExt-7.1"
[2.292s] but this file does not exist.  Possible reasons include:
[2.292s] * The file was deleted, renamed, or moved to another location.
[2.292s] * An install or uninstall procedure did not complete successfully.
[2.293s] * The installation package was faulty and contained
[2.293s]    "/usr/lib/cmake/vtk-7.1/VTKTargets.cmake"
[2.293s] but not all the files it references.
[2.293s] 
[2.293s] -- The imported target "vtkRenderingPythonTkWidgets" references the file
[2.293s]    "/usr/lib/x86_64-linux-gnu/libvtkRenderingPythonTkWidgets.so"
[2.293s] but this file does not exist.  Possible reasons include:
[2.293s] * The file was deleted, renamed, or moved to another location.
[2.293s] * An install or uninstall procedure did not complete successfully.
[2.293s] * The installation package was faulty and contained
[2.293s]    "/usr/lib/cmake/vtk-7.1/VTKTargets.cmake"
[2.293s] but not all the files it references.
[2.293s] 
[2.293s] -- The imported target "vtk" references the file
[2.293s]    "/usr/bin/vtk"
[2.293s] but this file does not exist.  Possible reasons include:
[2.293s] * The file was deleted, renamed, or moved to another location.
[2.293s] * An install or uninstall procedure did not complete successfully.
[2.293s] * The installation package was faulty and contained
[2.294s]    "/usr/lib/cmake/vtk-7.1/VTKTargets.cmake"
[2.294s] but not all the files it references.
[2.294s] 
[2.294s] -- The imported target "pvtk" references the file
[2.294s]    "/usr/bin/pvtk"
[2.294s] but this file does not exist.  Possible reasons include:
[2.294s] * The file was deleted, renamed, or moved to another location.
[2.294s] * An install or uninstall procedure did not complete successfully.
[2.294s] * The installation package was faulty and contained
[2.294s]    "/usr/lib/cmake/vtk-7.1/VTKTargets.cmake"
[2.294s] but not all the files it references.
[2.294s] 
[2.394s] -- Checking for module 'libusb-1.0'
[2.397s] --   No package 'libusb-1.0' found
[2.401s] -- Could NOT find USB_10 (missing: USB_10_LIBRARY USB_10_INCLUDE_DIR) 
[2.401s] -- OpenNI disabled because libusb-1.0 not found.
[2.407s] -- Checking for module 'libusb-1.0'
[2.410s] --   No package 'libusb-1.0' found
[2.413s] -- Could NOT find USB_10 (missing: USB_10_LIBRARY USB_10_INCLUDE_DIR) 
[2.413s] -- OpenNI 2 disabled because libusb-1.0 not found.
[2.422s] -- LIBUSB_1_LIBRARY (missing: LIBUSB_1_INCLUDE_DIR) 
[2.425s] -- Checking for module 'libusb-1.0'
[2.427s] --   No package 'libusb-1.0' found
[2.429s] -- Could NOT find USB_10 (missing: USB_10_LIBRARY USB_10_INCLUDE_DIR) 
[2.429s] -- OpenNI disabled because libusb-1.0 not found.
[2.432s] -- Checking for module 'libusb-1.0'
[2.433s] --   No package 'libusb-1.0' found
[2.435s] -- Could NOT find USB_10 (missing: USB_10_LIBRARY USB_10_INCLUDE_DIR) 
[2.435s] -- OpenNI 2 disabled because libusb-1.0 not found.
[2.466s] -- Found Qhull: optimized;/usr/lib/x86_64-linux-gnu/libqhull.so;debug;/usr/lib/x86_64-linux-gnu/libqhull.so  
[2.466s] -- QHULL found (include: /usr/include, lib: optimized;/usr/lib/x86_64-linux-gnu/libqhull.so;debug;/usr/lib/x86_64-linux-gnu/libqhull.so)
[2.468s] -- Checking for module 'libusb-1.0'
[2.470s] --   No package 'libusb-1.0' found
[2.472s] -- Could NOT find USB_10 (missing: USB_10_LIBRARY USB_10_INCLUDE_DIR) 
[2.472s] -- OpenNI disabled because libusb-1.0 not found.
[2.480s] -- Found PCL_COMMON: /usr/lib/x86_64-linux-gnu/libpcl_common.so  
[2.480s] -- Found PCL_KDTREE: /usr/lib/x86_64-linux-gnu/libpcl_kdtree.so  
[2.481s] -- Found PCL_OCTREE: /usr/lib/x86_64-linux-gnu/libpcl_octree.so  
[2.482s] -- Found PCL_SEARCH: /usr/lib/x86_64-linux-gnu/libpcl_search.so  
[2.482s] -- Found PCL_SAMPLE_CONSENSUS: /usr/lib/x86_64-linux-gnu/libpcl_sample_consensus.so  
[2.483s] -- Found PCL_FILTERS: /usr/lib/x86_64-linux-gnu/libpcl_filters.so  
[2.497s] -- Found PCL_2D: /usr/include/pcl-1.10  
[2.498s] -- Found PCL_GEOMETRY: /usr/include/pcl-1.10  
[2.498s] -- Found PCL_IO: /usr/lib/x86_64-linux-gnu/libpcl_io.so  
[2.499s] -- Found PCL_FEATURES: /usr/lib/x86_64-linux-gnu/libpcl_features.so  
[2.513s] -- Found PCL_ML: /usr/lib/x86_64-linux-gnu/libpcl_ml.so  
[2.514s] -- Found PCL_SEGMENTATION: /usr/lib/x86_64-linux-gnu/libpcl_segmentation.so  
[2.515s] -- Found PCL_VISUALIZATION: /usr/lib/x86_64-linux-gnu/libpcl_visualization.so  
[2.516s] -- Found PCL_SURFACE: /usr/lib/x86_64-linux-gnu/libpcl_surface.so  
[2.517s] -- Found PCL_REGISTRATION: /usr/lib/x86_64-linux-gnu/libpcl_registration.so  
[2.518s] -- Found PCL_KEYPOINTS: /usr/lib/x86_64-linux-gnu/libpcl_keypoints.so  
[2.519s] -- Found PCL_TRACKING: /usr/lib/x86_64-linux-gnu/libpcl_tracking.so  
[2.519s] -- Found PCL_RECOGNITION: /usr/lib/x86_64-linux-gnu/libpcl_recognition.so  
[2.520s] -- Found PCL_STEREO: /usr/lib/x86_64-linux-gnu/libpcl_stereo.so  
[2.521s] -- Found PCL_APPS: /usr/lib/x86_64-linux-gnu/libpcl_apps.so  
[2.522s] -- Found PCL_IN_HAND_SCANNER: /usr/include/pcl-1.10  
[2.522s] -- Found PCL_POINT_CLOUD_EDITOR: /usr/include/pcl-1.10  
[2.523s] -- Found PCL_OUTOFCORE: /usr/lib/x86_64-linux-gnu/libpcl_outofcore.so  
[2.524s] -- Found PCL_PEOPLE: /usr/lib/x86_64-linux-gnu/libpcl_people.so  
[2.809s] -- Found OpenCV: /usr (found version "4.2.0") 
[2.813s] -- Found Boost: /usr/include (found version "1.71.0")  
[2.813s] CMake Warning (dev) at CMakeLists.txt:29 (find_package):
[2.813s]   Policy CMP0074 is not set: find_package uses <PackageName>_ROOT variables.
[2.813s]   Run "cmake --help-policy CMP0074" for policy details.  Use the cmake_policy
[2.813s]   command to set the policy and suppress this warning.
[2.813s] 
[2.813s]   CMake variable PCL_ROOT is set to:
[2.813s] 
[2.813s]     /usr
[2.813s] 
[2.813s]   For compatibility, CMake is ignoring the variable.
[2.813s] This warning is for project developers.  Use -Wno-dev to suppress it.
[2.813s] 
[2.882s] -- Found ament_lint_auto: 0.9.8 (/opt/ros/foxy/share/ament_lint_auto/cmake)
[2.896s] -- Added test 'copyright' to check source files copyright and LICENSE
[2.980s] -- Added test 'cppcheck' to perform static code analysis on C / C++ code
[2.981s] -- Configured cppcheck include dirs: /home/skyautonet/skyautonet_ws/eee/multi_lidar/src/concat/include;$<BUILD_INTERFACE:/home/skyautonet/skyautonet_ws/eee/multi_lidar/src/concat/include>
[2.981s] -- Configured cppcheck exclude dirs and/or files: 
[2.985s] -- Added test 'cpplint' to check C / C++ code against the Google style
[2.985s] -- Configured cpplint exclude dirs and/or files: 
[2.986s] -- Added test 'flake8' to check Python code syntax and style conventions
[2.986s] -- Added test 'lint_cmake' to check CMake code style
[2.987s] -- Added test 'pep257' to check Python code against some of the style conventions in PEP 257
[2.989s] -- Added test 'uncrustify' to check C / C++ code style
[2.989s] -- Configured uncrustify additional arguments: 
[2.990s] -- Added test 'xmllint' to check XML markup files
[2.992s] -- Configuring done
[3.472s] -- Generating done
[3.473s] -- Build files have been written to: /home/skyautonet/skyautonet_ws/eee/multi_lidar/build/concat
[3.484s] Invoked command in '/home/skyautonet/skyautonet_ws/eee/multi_lidar/build/concat' returned '0': CMAKE_PREFIX_PATH=/home/skyautonet/skyautonet_ws/eee/multi_lidar/install/c_auto_vehicle_msgs:/home/skyautonet/skyautonet_ws/eee/multi_lidar/install/concat:/opt/ros/foxy LD_LIBRARY_PATH=/home/skyautonet/skyautonet_ws/eee/multi_lidar/install/c_auto_vehicle_msgs/lib:/usr/local/cuda-11.4/lib64/:/home/skyautonet/skyautonet_ws/eee/multi_lidar/install/concat/lib:/usr/local/cuda-11.4/lib64/:/opt/ros/foxy/opt/yaml_cpp_vendor/lib:/opt/ros/foxy/opt/rviz_ogre_vendor/lib:/opt/ros/foxy/lib/x86_64-linux-gnu:/opt/ros/foxy/lib:/usr/local/cuda-11.4/lib64 /usr/bin/cmake /home/skyautonet/skyautonet_ws/eee/multi_lidar/src/concat -DCMAKE_INSTALL_PREFIX=/home/skyautonet/skyautonet_ws/eee/multi_lidar/install/concat
[3.485s] Invoking command in '/home/skyautonet/skyautonet_ws/eee/multi_lidar/build/concat': CMAKE_PREFIX_PATH=/home/skyautonet/skyautonet_ws/eee/multi_lidar/install/c_auto_vehicle_msgs:/home/skyautonet/skyautonet_ws/eee/multi_lidar/install/concat:/opt/ros/foxy LD_LIBRARY_PATH=/home/skyautonet/skyautonet_ws/eee/multi_lidar/install/c_auto_vehicle_msgs/lib:/usr/local/cuda-11.4/lib64/:/home/skyautonet/skyautonet_ws/eee/multi_lidar/install/concat/lib:/usr/local/cuda-11.4/lib64/:/opt/ros/foxy/opt/yaml_cpp_vendor/lib:/opt/ros/foxy/opt/rviz_ogre_vendor/lib:/opt/ros/foxy/lib/x86_64-linux-gnu:/opt/ros/foxy/lib:/usr/local/cuda-11.4/lib64 /usr/bin/cmake --build /home/skyautonet/skyautonet_ws/eee/multi_lidar/build/concat -- -j20 -l20
[3.506s] [35m[1mScanning dependencies of target concatenate_data_node[0m
[3.506s] [35m[1mScanning dependencies of target pointcloud_preprocessor_filter_base[0m
[3.527s] [ 16%] [32mBuilding CXX object CMakeFiles/concatenate_data_node.dir/rclcpp_components/node_main_concatenate_data_node.cpp.o[0m
[3.772s] [ 33%] [32mBuilding CXX object CMakeFiles/pointcloud_preprocessor_filter_base.dir/src/filter.cpp.o[0m
[4.644s] [ 50%] [32m[1mLinking CXX executable concatenate_data_node[0m
[4.711s] [ 50%] Built target concatenate_data_node
[13.105s] [ 66%] [32m[1mLinking CXX shared library libpointcloud_preprocessor_filter_base.so[0m
[13.563s] [ 66%] Built target pointcloud_preprocessor_filter_base
[13.571s] [35m[1mScanning dependencies of target pointcloud_preprocessor_filter[0m
[13.614s] [ 83%] [32mBuilding CXX object CMakeFiles/pointcloud_preprocessor_filter.dir/src/concatenate_data/concatenate_data_nodelet.cpp.o[0m
[22.445s] [100%] [32m[1mLinking CXX shared library libpointcloud_preprocessor_filter.so[0m
[23.009s] [100%] Built target pointcloud_preprocessor_filter
[23.017s] Invoked command in '/home/skyautonet/skyautonet_ws/eee/multi_lidar/build/concat' returned '0': CMAKE_PREFIX_PATH=/home/skyautonet/skyautonet_ws/eee/multi_lidar/install/c_auto_vehicle_msgs:/home/skyautonet/skyautonet_ws/eee/multi_lidar/install/concat:/opt/ros/foxy LD_LIBRARY_PATH=/home/skyautonet/skyautonet_ws/eee/multi_lidar/install/c_auto_vehicle_msgs/lib:/usr/local/cuda-11.4/lib64/:/home/skyautonet/skyautonet_ws/eee/multi_lidar/install/concat/lib:/usr/local/cuda-11.4/lib64/:/opt/ros/foxy/opt/yaml_cpp_vendor/lib:/opt/ros/foxy/opt/rviz_ogre_vendor/lib:/opt/ros/foxy/lib/x86_64-linux-gnu:/opt/ros/foxy/lib:/usr/local/cuda-11.4/lib64 /usr/bin/cmake --build /home/skyautonet/skyautonet_ws/eee/multi_lidar/build/concat -- -j20 -l20
[23.034s] Invoking command in '/home/skyautonet/skyautonet_ws/eee/multi_lidar/build/concat': CMAKE_PREFIX_PATH=/home/skyautonet/skyautonet_ws/eee/multi_lidar/install/c_auto_vehicle_msgs:/home/skyautonet/skyautonet_ws/eee/multi_lidar/install/concat:/opt/ros/foxy LD_LIBRARY_PATH=/home/skyautonet/skyautonet_ws/eee/multi_lidar/install/c_auto_vehicle_msgs/lib:/usr/local/cuda-11.4/lib64/:/home/skyautonet/skyautonet_ws/eee/multi_lidar/install/concat/lib:/usr/local/cuda-11.4/lib64/:/opt/ros/foxy/opt/yaml_cpp_vendor/lib:/opt/ros/foxy/opt/rviz_ogre_vendor/lib:/opt/ros/foxy/lib/x86_64-linux-gnu:/opt/ros/foxy/lib:/usr/local/cuda-11.4/lib64 /usr/bin/cmake --install /home/skyautonet/skyautonet_ws/eee/multi_lidar/build/concat
[23.039s] -- Install configuration: ""
[23.039s] -- Installing: /home/skyautonet/skyautonet_ws/eee/multi_lidar/install/concat/lib/concat/concatenate_data_node
[23.039s] -- Set runtime path of "/home/skyautonet/skyautonet_ws/eee/multi_lidar/install/concat/lib/concat/concatenate_data_node" to ""
[23.039s] -- Installing: /home/skyautonet/skyautonet_ws/eee/multi_lidar/install/concat/lib/libpointcloud_preprocessor_filter_base.so
[23.043s] -- Set runtime path of "/home/skyautonet/skyautonet_ws/eee/multi_lidar/install/concat/lib/libpointcloud_preprocessor_filter_base.so" to ""
[23.043s] -- Installing: /home/skyautonet/skyautonet_ws/eee/multi_lidar/install/concat/include/concat
[23.043s] -- Installing: /home/skyautonet/skyautonet_ws/eee/multi_lidar/install/concat/include/concat/concat
[23.043s] -- Installing: /home/skyautonet/skyautonet_ws/eee/multi_lidar/install/concat/include/concat/concat/types.hpp
[23.043s] -- Installing: /home/skyautonet/skyautonet_ws/eee/multi_lidar/install/concat/include/concat/concat/concatenate_data_nodelet.hpp
[23.043s] -- Installing: /home/skyautonet/skyautonet_ws/eee/multi_lidar/install/concat/include/concat/filter.hpp
[23.043s] -- Installing: /home/skyautonet/skyautonet_ws/eee/multi_lidar/install/concat/share/concat//launch
[23.043s] -- Installing: /home/skyautonet/skyautonet_ws/eee/multi_lidar/install/concat/share/concat//launch/preprocessor.launch.xml
[23.043s] -- Installing: /home/skyautonet/skyautonet_ws/eee/multi_lidar/install/concat/share/concat//launch/preprocessor.launch.py
[23.044s] -- Up-to-date: /home/skyautonet/skyautonet_ws/eee/multi_lidar/install/concat/include
[23.044s] -- Up-to-date: /home/skyautonet/skyautonet_ws/eee/multi_lidar/install/concat/include/concat
[23.044s] -- Installing: /home/skyautonet/skyautonet_ws/eee/multi_lidar/install/concat/include/concat/types.hpp
[23.044s] -- Installing: /home/skyautonet/skyautonet_ws/eee/multi_lidar/install/concat/include/concat/concatenate_data_nodelet.hpp
[23.044s] -- Installing: /home/skyautonet/skyautonet_ws/eee/multi_lidar/install/concat/include/filter.hpp
[23.044s] -- Installing: /home/skyautonet/skyautonet_ws/eee/multi_lidar/install/concat/share/concat/environment/library_path.sh
[23.044s] -- Installing: /home/skyautonet/skyautonet_ws/eee/multi_lidar/install/concat/share/concat/environment/library_path.dsv
[23.044s] -- Installing: /home/skyautonet/skyautonet_ws/eee/multi_lidar/install/concat/lib/libpointcloud_preprocessor_filter.so
[23.047s] -- Set runtime path of "/home/skyautonet/skyautonet_ws/eee/multi_lidar/install/concat/lib/libpointcloud_preprocessor_filter.so" to ""
[23.047s] -- Up-to-date: /home/skyautonet/skyautonet_ws/eee/multi_lidar/install/concat/share/concat/launch
[23.047s] -- Up-to-date: /home/skyautonet/skyautonet_ws/eee/multi_lidar/install/concat/share/concat/launch/preprocessor.launch.xml
[23.047s] -- Up-to-date: /home/skyautonet/skyautonet_ws/eee/multi_lidar/install/concat/share/concat/launch/preprocessor.launch.py
[23.047s] -- Installing: /home/skyautonet/skyautonet_ws/eee/multi_lidar/install/concat/share/ament_index/resource_index/package_run_dependencies/concat
[23.047s] -- Installing: /home/skyautonet/skyautonet_ws/eee/multi_lidar/install/concat/share/ament_index/resource_index/parent_prefix_path/concat
[23.047s] -- Installing: /home/skyautonet/skyautonet_ws/eee/multi_lidar/install/concat/share/concat/environment/ament_prefix_path.sh
[23.048s] -- Installing: /home/skyautonet/skyautonet_ws/eee/multi_lidar/install/concat/share/concat/environment/ament_prefix_path.dsv
[23.048s] -- Installing: /home/skyautonet/skyautonet_ws/eee/multi_lidar/install/concat/share/concat/environment/path.sh
[23.048s] -- Installing: /home/skyautonet/skyautonet_ws/eee/multi_lidar/install/concat/share/concat/environment/path.dsv
[23.048s] -- Installing: /home/skyautonet/skyautonet_ws/eee/multi_lidar/install/concat/share/concat/local_setup.bash
[23.048s] -- Installing: /home/skyautonet/skyautonet_ws/eee/multi_lidar/install/concat/share/concat/local_setup.sh
[23.048s] -- Installing: /home/skyautonet/skyautonet_ws/eee/multi_lidar/install/concat/share/concat/local_setup.zsh
[23.048s] -- Installing: /home/skyautonet/skyautonet_ws/eee/multi_lidar/install/concat/share/concat/local_setup.dsv
[23.048s] -- Installing: /home/skyautonet/skyautonet_ws/eee/multi_lidar/install/concat/share/concat/package.dsv
[23.048s] -- Installing: /home/skyautonet/skyautonet_ws/eee/multi_lidar/install/concat/share/ament_index/resource_index/packages/concat
[23.048s] -- Installing: /home/skyautonet/skyautonet_ws/eee/multi_lidar/install/concat/share/ament_index/resource_index/rclcpp_components/concat
[23.048s] -- Installing: /home/skyautonet/skyautonet_ws/eee/multi_lidar/install/concat/share/concat/cmake/export_concatExport.cmake
[23.048s] -- Installing: /home/skyautonet/skyautonet_ws/eee/multi_lidar/install/concat/share/concat/cmake/export_concatExport-noconfig.cmake
[23.048s] -- Installing: /home/skyautonet/skyautonet_ws/eee/multi_lidar/install/concat/share/concat/cmake/ament_cmake_export_targets-extras.cmake
[23.048s] -- Installing: /home/skyautonet/skyautonet_ws/eee/multi_lidar/install/concat/share/concat/cmake/ament_cmake_export_dependencies-extras.cmake
[23.048s] -- Installing: /home/skyautonet/skyautonet_ws/eee/multi_lidar/install/concat/share/concat/cmake/ament_cmake_export_include_directories-extras.cmake
[23.048s] -- Installing: /home/skyautonet/skyautonet_ws/eee/multi_lidar/install/concat/share/concat/cmake/ament_cmake_export_libraries-extras.cmake
[23.048s] -- Installing: /home/skyautonet/skyautonet_ws/eee/multi_lidar/install/concat/share/concat/cmake/concatConfig.cmake
[23.048s] -- Installing: /home/skyautonet/skyautonet_ws/eee/multi_lidar/install/concat/share/concat/cmake/concatConfig-version.cmake
[23.049s] -- Installing: /home/skyautonet/skyautonet_ws/eee/multi_lidar/install/concat/share/concat/package.xml
[23.051s] Invoked command in '/home/skyautonet/skyautonet_ws/eee/multi_lidar/build/concat' returned '0': CMAKE_PREFIX_PATH=/home/skyautonet/skyautonet_ws/eee/multi_lidar/install/c_auto_vehicle_msgs:/home/skyautonet/skyautonet_ws/eee/multi_lidar/install/concat:/opt/ros/foxy LD_LIBRARY_PATH=/home/skyautonet/skyautonet_ws/eee/multi_lidar/install/c_auto_vehicle_msgs/lib:/usr/local/cuda-11.4/lib64/:/home/skyautonet/skyautonet_ws/eee/multi_lidar/install/concat/lib:/usr/local/cuda-11.4/lib64/:/opt/ros/foxy/opt/yaml_cpp_vendor/lib:/opt/ros/foxy/opt/rviz_ogre_vendor/lib:/opt/ros/foxy/lib/x86_64-linux-gnu:/opt/ros/foxy/lib:/usr/local/cuda-11.4/lib64 /usr/bin/cmake --install /home/skyautonet/skyautonet_ws/eee/multi_lidar/build/concat
