[0.139s] DEBUG:colcon:Command line arguments: ['/usr/bin/colcon', 'build']
[0.139s] DEBUG:colcon:Parsed command line arguments: Namespace(allow_overriding=[], ament_cmake_args=None, base_paths=['.'], build_base='build', catkin_cmake_args=None, catkin_skip_building_tests=False, cmake_args=None, cmake_clean_cache=False, cmake_clean_first=False, cmake_force_configure=False, cmake_target=None, cmake_target_skip_unavailable=False, continue_on_error=False, event_handlers=None, executor='parallel', ignore_user_meta=False, install_base='install', log_base=None, log_level=None, main=<bound method BuildVerb.main of <colcon_core.verb.build.BuildVerb object at 0x7fd22e577640>>, merge_install=False, metas=['./colcon.meta'], packages_above=None, packages_above_and_dependencies=None, packages_above_depth=None, packages_end=None, packages_ignore=None, packages_ignore_regex=None, packages_select=None, packages_select_build_failed=False, packages_select_by_dep=None, packages_select_regex=None, packages_select_test_failures=False, packages_skip=None, packages_skip_build_finished=False, packages_skip_by_dep=None, packages_skip_regex=None, packages_skip_test_passed=False, packages_skip_up_to=None, packages_start=None, packages_up_to=None, packages_up_to_regex=None, parallel_workers=20, paths=None, symlink_install=False, test_result_base=None, verb_extension=<colcon_core.verb.build.BuildVerb object at 0x7fd22e577640>, verb_name='build', verb_parser=<colcon_defaults.argument_parser.defaults.DefaultArgumentsDecorator object at 0x7fd22e577b80>)
[0.152s] Level 1:colcon.colcon_core.package_discovery:discover_packages(colcon_meta) check parameters
[0.152s] Level 1:colcon.colcon_core.package_discovery:discover_packages(recursive) check parameters
[0.152s] Level 1:colcon.colcon_core.package_discovery:discover_packages(ignore) check parameters
[0.152s] Level 1:colcon.colcon_core.package_discovery:discover_packages(path) check parameters
[0.152s] Level 1:colcon.colcon_core.package_discovery:discover_packages(colcon_meta) discover
[0.152s] Level 1:colcon.colcon_core.package_discovery:discover_packages(recursive) discover
[0.152s] INFO:colcon.colcon_core.package_discovery:Crawling recursively for packages in '/home/skyautonet/skyautonet_ws/eee/lidar_preprocessor'
[0.152s] Level 1:colcon.colcon_core.package_identification:_identify(.) by extensions ['ignore', 'ignore_ament_install']
[0.152s] Level 1:colcon.colcon_core.package_identification:_identify(.) by extension 'ignore'
[0.152s] Level 1:colcon.colcon_core.package_identification:_identify(.) by extension 'ignore_ament_install'
[0.152s] Level 1:colcon.colcon_core.package_identification:_identify(.) by extensions ['colcon_pkg']
[0.153s] Level 1:colcon.colcon_core.package_identification:_identify(.) by extension 'colcon_pkg'
[0.153s] Level 1:colcon.colcon_core.package_identification:_identify(.) by extensions ['colcon_meta']
[0.153s] Level 1:colcon.colcon_core.package_identification:_identify(.) by extension 'colcon_meta'
[0.153s] Level 1:colcon.colcon_core.package_identification:_identify(.) by extensions ['ros']
[0.153s] Level 1:colcon.colcon_core.package_identification:_identify(.) by extension 'ros'
[0.162s] Level 1:colcon.colcon_core.package_identification:_identify(.) by extensions ['cmake', 'python']
[0.163s] Level 1:colcon.colcon_core.package_identification:_identify(.) by extension 'cmake'
[0.163s] Level 1:colcon.colcon_core.package_identification:_identify(.) by extension 'python'
[0.163s] Level 1:colcon.colcon_core.package_identification:_identify(.) by extensions ['python_setup_py']
[0.163s] Level 1:colcon.colcon_core.package_identification:_identify(.) by extension 'python_setup_py'
[0.163s] Level 1:colcon.colcon_core.package_identification:_identify(build) by extensions ['ignore', 'ignore_ament_install']
[0.163s] Level 1:colcon.colcon_core.package_identification:_identify(build) by extension 'ignore'
[0.163s] Level 1:colcon.colcon_core.package_identification:_identify(build) ignored
[0.163s] Level 1:colcon.colcon_core.package_identification:_identify(install) by extensions ['ignore', 'ignore_ament_install']
[0.163s] Level 1:colcon.colcon_core.package_identification:_identify(install) by extension 'ignore'
[0.163s] Level 1:colcon.colcon_core.package_identification:_identify(install) ignored
[0.163s] Level 1:colcon.colcon_core.package_identification:_identify(log) by extensions ['ignore', 'ignore_ament_install']
[0.163s] Level 1:colcon.colcon_core.package_identification:_identify(log) by extension 'ignore'
[0.163s] Level 1:colcon.colcon_core.package_identification:_identify(log) ignored
[0.163s] Level 1:colcon.colcon_core.package_identification:_identify(src) by extensions ['ignore', 'ignore_ament_install']
[0.163s] Level 1:colcon.colcon_core.package_identification:_identify(src) by extension 'ignore'
[0.163s] Level 1:colcon.colcon_core.package_identification:_identify(src) by extension 'ignore_ament_install'
[0.163s] Level 1:colcon.colcon_core.package_identification:_identify(src) by extensions ['colcon_pkg']
[0.163s] Level 1:colcon.colcon_core.package_identification:_identify(src) by extension 'colcon_pkg'
[0.163s] Level 1:colcon.colcon_core.package_identification:_identify(src) by extensions ['colcon_meta']
[0.163s] Level 1:colcon.colcon_core.package_identification:_identify(src) by extension 'colcon_meta'
[0.163s] Level 1:colcon.colcon_core.package_identification:_identify(src) by extensions ['ros']
[0.163s] Level 1:colcon.colcon_core.package_identification:_identify(src) by extension 'ros'
[0.163s] Level 1:colcon.colcon_core.package_identification:_identify(src) by extensions ['cmake', 'python']
[0.163s] Level 1:colcon.colcon_core.package_identification:_identify(src) by extension 'cmake'
[0.163s] Level 1:colcon.colcon_core.package_identification:_identify(src) by extension 'python'
[0.163s] Level 1:colcon.colcon_core.package_identification:_identify(src) by extensions ['python_setup_py']
[0.163s] Level 1:colcon.colcon_core.package_identification:_identify(src) by extension 'python_setup_py'
[0.163s] Level 1:colcon.colcon_core.package_identification:_identify(src/three_lidar) by extensions ['ignore', 'ignore_ament_install']
[0.163s] Level 1:colcon.colcon_core.package_identification:_identify(src/three_lidar) by extension 'ignore'
[0.163s] Level 1:colcon.colcon_core.package_identification:_identify(src/three_lidar) by extension 'ignore_ament_install'
[0.163s] Level 1:colcon.colcon_core.package_identification:_identify(src/three_lidar) by extensions ['colcon_pkg']
[0.163s] Level 1:colcon.colcon_core.package_identification:_identify(src/three_lidar) by extension 'colcon_pkg'
[0.163s] Level 1:colcon.colcon_core.package_identification:_identify(src/three_lidar) by extensions ['colcon_meta']
[0.163s] Level 1:colcon.colcon_core.package_identification:_identify(src/three_lidar) by extension 'colcon_meta'
[0.163s] Level 1:colcon.colcon_core.package_identification:_identify(src/three_lidar) by extensions ['ros']
[0.163s] Level 1:colcon.colcon_core.package_identification:_identify(src/three_lidar) by extension 'ros'
[0.165s] DEBUG:colcon.colcon_core.package_identification:Package 'src/three_lidar' with type 'ros.ament_cmake' and name 'three_lidar'
[0.165s] Level 1:colcon.colcon_core.package_identification:_identify(src/velocity_msg) by extensions ['ignore', 'ignore_ament_install']
[0.165s] Level 1:colcon.colcon_core.package_identification:_identify(src/velocity_msg) by extension 'ignore'
[0.165s] Level 1:colcon.colcon_core.package_identification:_identify(src/velocity_msg) by extension 'ignore_ament_install'
[0.165s] Level 1:colcon.colcon_core.package_identification:_identify(src/velocity_msg) by extensions ['colcon_pkg']
[0.165s] Level 1:colcon.colcon_core.package_identification:_identify(src/velocity_msg) by extension 'colcon_pkg'
[0.165s] Level 1:colcon.colcon_core.package_identification:_identify(src/velocity_msg) by extensions ['colcon_meta']
[0.165s] Level 1:colcon.colcon_core.package_identification:_identify(src/velocity_msg) by extension 'colcon_meta'
[0.165s] Level 1:colcon.colcon_core.package_identification:_identify(src/velocity_msg) by extensions ['ros']
[0.165s] Level 1:colcon.colcon_core.package_identification:_identify(src/velocity_msg) by extension 'ros'
[0.165s] DEBUG:colcon.colcon_core.package_identification:Package 'src/velocity_msg' with type 'ros.ament_cmake' and name 'velocity_msg'
[0.166s] Level 1:colcon.colcon_core.package_discovery:discover_packages(recursive) using defaults
[0.166s] Level 1:colcon.colcon_core.package_discovery:discover_packages(ignore) discover
[0.166s] Level 1:colcon.colcon_core.package_discovery:discover_packages(ignore) using defaults
[0.166s] Level 1:colcon.colcon_core.package_discovery:discover_packages(path) discover
[0.166s] Level 1:colcon.colcon_core.package_discovery:discover_packages(path) using defaults
[0.175s] Level 1:colcon.colcon_core.package_discovery:discover_packages(prefix_path) check parameters
[0.175s] Level 1:colcon.colcon_core.package_discovery:discover_packages(prefix_path) discover
[0.177s] DEBUG:colcon.colcon_installed_package_information.package_discovery:Found 2 installed packages in /home/skyautonet/skyautonet_ws/eee/lidar_preprocessor/install
[0.177s] DEBUG:colcon.colcon_installed_package_information.package_discovery:Found 269 installed packages in /opt/ros/foxy
[0.178s] Level 1:colcon.colcon_core.package_discovery:discover_packages(prefix_path) using defaults
[0.208s] Level 5:colcon.colcon_core.verb:set package 'velocity_msg' build argument 'cmake_args' from command line to 'None'
[0.208s] Level 5:colcon.colcon_core.verb:set package 'velocity_msg' build argument 'cmake_target' from command line to 'None'
[0.208s] Level 5:colcon.colcon_core.verb:set package 'velocity_msg' build argument 'cmake_target_skip_unavailable' from command line to 'False'
[0.209s] Level 5:colcon.colcon_core.verb:set package 'velocity_msg' build argument 'cmake_clean_cache' from command line to 'False'
[0.209s] Level 5:colcon.colcon_core.verb:set package 'velocity_msg' build argument 'cmake_clean_first' from command line to 'False'
[0.209s] Level 5:colcon.colcon_core.verb:set package 'velocity_msg' build argument 'cmake_force_configure' from command line to 'False'
[0.209s] Level 5:colcon.colcon_core.verb:set package 'velocity_msg' build argument 'ament_cmake_args' from command line to 'None'
[0.209s] Level 5:colcon.colcon_core.verb:set package 'velocity_msg' build argument 'catkin_cmake_args' from command line to 'None'
[0.209s] Level 5:colcon.colcon_core.verb:set package 'velocity_msg' build argument 'catkin_skip_building_tests' from command line to 'False'
[0.209s] DEBUG:colcon.colcon_core.verb:Building package 'velocity_msg' with the following arguments: {'ament_cmake_args': None, 'build_base': '/home/skyautonet/skyautonet_ws/eee/lidar_preprocessor/build/velocity_msg', 'catkin_cmake_args': None, 'catkin_skip_building_tests': False, 'cmake_args': None, 'cmake_clean_cache': False, 'cmake_clean_first': False, 'cmake_force_configure': False, 'cmake_target': None, 'cmake_target_skip_unavailable': False, 'install_base': '/home/skyautonet/skyautonet_ws/eee/lidar_preprocessor/install/velocity_msg', 'merge_install': False, 'path': '/home/skyautonet/skyautonet_ws/eee/lidar_preprocessor/src/velocity_msg', 'symlink_install': False, 'test_result_base': None}
[0.209s] Level 5:colcon.colcon_core.verb:set package 'three_lidar' build argument 'cmake_args' from command line to 'None'
[0.209s] Level 5:colcon.colcon_core.verb:set package 'three_lidar' build argument 'cmake_target' from command line to 'None'
[0.209s] Level 5:colcon.colcon_core.verb:set package 'three_lidar' build argument 'cmake_target_skip_unavailable' from command line to 'False'
[0.209s] Level 5:colcon.colcon_core.verb:set package 'three_lidar' build argument 'cmake_clean_cache' from command line to 'False'
[0.209s] Level 5:colcon.colcon_core.verb:set package 'three_lidar' build argument 'cmake_clean_first' from command line to 'False'
[0.209s] Level 5:colcon.colcon_core.verb:set package 'three_lidar' build argument 'cmake_force_configure' from command line to 'False'
[0.209s] Level 5:colcon.colcon_core.verb:set package 'three_lidar' build argument 'ament_cmake_args' from command line to 'None'
[0.209s] Level 5:colcon.colcon_core.verb:set package 'three_lidar' build argument 'catkin_cmake_args' from command line to 'None'
[0.209s] Level 5:colcon.colcon_core.verb:set package 'three_lidar' build argument 'catkin_skip_building_tests' from command line to 'False'
[0.209s] DEBUG:colcon.colcon_core.verb:Building package 'three_lidar' with the following arguments: {'ament_cmake_args': None, 'build_base': '/home/skyautonet/skyautonet_ws/eee/lidar_preprocessor/build/three_lidar', 'catkin_cmake_args': None, 'catkin_skip_building_tests': False, 'cmake_args': None, 'cmake_clean_cache': False, 'cmake_clean_first': False, 'cmake_force_configure': False, 'cmake_target': None, 'cmake_target_skip_unavailable': False, 'install_base': '/home/skyautonet/skyautonet_ws/eee/lidar_preprocessor/install/three_lidar', 'merge_install': False, 'path': '/home/skyautonet/skyautonet_ws/eee/lidar_preprocessor/src/three_lidar', 'symlink_install': False, 'test_result_base': None}
[0.210s] INFO:colcon.colcon_core.executor:Executing jobs using 'parallel' executor
[0.212s] DEBUG:colcon.colcon_parallel_executor.executor.parallel:run_until_complete
[0.212s] INFO:colcon.colcon_ros.task.ament_cmake.build:Building ROS package in '/home/skyautonet/skyautonet_ws/eee/lidar_preprocessor/src/velocity_msg' with build type 'ament_cmake'
[0.212s] INFO:colcon.colcon_cmake.task.cmake.build:Building CMake package in '/home/skyautonet/skyautonet_ws/eee/lidar_preprocessor/src/velocity_msg'
[0.214s] INFO:colcon.colcon_core.plugin_system:Skipping extension 'colcon_core.shell.bat': Not used on non-Windows systems
[0.215s] INFO:colcon.colcon_core.shell:Skip shell extension 'powershell' for command environment: Not usable outside of PowerShell
[0.215s] DEBUG:colcon.colcon_core.shell:Skip shell extension 'dsv' for command environment
[0.224s] DEBUG:colcon.colcon_core.event_handler.log_command:Invoking command in '/home/skyautonet/skyautonet_ws/eee/lidar_preprocessor/build/velocity_msg': CMAKE_PREFIX_PATH=${CMAKE_PREFIX_PATH}:/opt/ros/foxy /usr/bin/cmake --build /home/skyautonet/skyautonet_ws/eee/lidar_preprocessor/build/velocity_msg -- -j20 -l20
[0.366s] DEBUG:colcon.colcon_core.event_handler.log_command:Invoked command in '/home/skyautonet/skyautonet_ws/eee/lidar_preprocessor/build/velocity_msg' returned '0': CMAKE_PREFIX_PATH=${CMAKE_PREFIX_PATH}:/opt/ros/foxy /usr/bin/cmake --build /home/skyautonet/skyautonet_ws/eee/lidar_preprocessor/build/velocity_msg -- -j20 -l20
[0.452s] DEBUG:colcon.colcon_core.event_handler.log_command:Invoking command in '/home/skyautonet/skyautonet_ws/eee/lidar_preprocessor/build/velocity_msg': CMAKE_PREFIX_PATH=${CMAKE_PREFIX_PATH}:/opt/ros/foxy /usr/bin/cmake --install /home/skyautonet/skyautonet_ws/eee/lidar_preprocessor/build/velocity_msg
[0.490s] Level 1:colcon.colcon_core.environment:create_environment_scripts_only(velocity_msg)
[0.491s] DEBUG:colcon.colcon_core.event_handler.log_command:Invoked command in '/home/skyautonet/skyautonet_ws/eee/lidar_preprocessor/build/velocity_msg' returned '0': CMAKE_PREFIX_PATH=${CMAKE_PREFIX_PATH}:/opt/ros/foxy /usr/bin/cmake --install /home/skyautonet/skyautonet_ws/eee/lidar_preprocessor/build/velocity_msg
[0.495s] Level 1:colcon.colcon_core.environment:checking '/home/skyautonet/skyautonet_ws/eee/lidar_preprocessor/install/velocity_msg' for CMake module files
[0.496s] Level 1:colcon.colcon_core.environment:checking '/home/skyautonet/skyautonet_ws/eee/lidar_preprocessor/install/velocity_msg' for CMake config files
[0.496s] Level 1:colcon.colcon_core.shell:create_environment_hook('velocity_msg', 'cmake_prefix_path')
[0.496s] INFO:colcon.colcon_core.shell:Creating environment hook '/home/skyautonet/skyautonet_ws/eee/lidar_preprocessor/install/velocity_msg/share/velocity_msg/hook/cmake_prefix_path.ps1'
[0.497s] INFO:colcon.colcon_core.shell:Creating environment descriptor '/home/skyautonet/skyautonet_ws/eee/lidar_preprocessor/install/velocity_msg/share/velocity_msg/hook/cmake_prefix_path.dsv'
[0.497s] INFO:colcon.colcon_core.shell:Creating environment hook '/home/skyautonet/skyautonet_ws/eee/lidar_preprocessor/install/velocity_msg/share/velocity_msg/hook/cmake_prefix_path.sh'
[0.498s] Level 1:colcon.colcon_core.environment:checking '/home/skyautonet/skyautonet_ws/eee/lidar_preprocessor/install/velocity_msg/lib'
[0.498s] Level 1:colcon.colcon_core.shell:create_environment_hook('velocity_msg', 'ld_library_path_lib')
[0.498s] INFO:colcon.colcon_core.shell:Creating environment hook '/home/skyautonet/skyautonet_ws/eee/lidar_preprocessor/install/velocity_msg/share/velocity_msg/hook/ld_library_path_lib.ps1'
[0.499s] INFO:colcon.colcon_core.shell:Creating environment descriptor '/home/skyautonet/skyautonet_ws/eee/lidar_preprocessor/install/velocity_msg/share/velocity_msg/hook/ld_library_path_lib.dsv'
[0.499s] INFO:colcon.colcon_core.shell:Creating environment hook '/home/skyautonet/skyautonet_ws/eee/lidar_preprocessor/install/velocity_msg/share/velocity_msg/hook/ld_library_path_lib.sh'
[0.499s] Level 1:colcon.colcon_core.environment:checking '/home/skyautonet/skyautonet_ws/eee/lidar_preprocessor/install/velocity_msg/bin'
[0.499s] Level 1:colcon.colcon_core.environment:checking '/home/skyautonet/skyautonet_ws/eee/lidar_preprocessor/install/velocity_msg/lib/pkgconfig/velocity_msg.pc'
[0.499s] Level 1:colcon.colcon_core.environment:checking '/home/skyautonet/skyautonet_ws/eee/lidar_preprocessor/install/velocity_msg/lib/python3.8/site-packages'
[0.499s] Level 1:colcon.colcon_core.shell:create_environment_hook('velocity_msg', 'pythonpath')
[0.500s] INFO:colcon.colcon_core.shell:Creating environment hook '/home/skyautonet/skyautonet_ws/eee/lidar_preprocessor/install/velocity_msg/share/velocity_msg/hook/pythonpath.ps1'
[0.500s] INFO:colcon.colcon_core.shell:Creating environment descriptor '/home/skyautonet/skyautonet_ws/eee/lidar_preprocessor/install/velocity_msg/share/velocity_msg/hook/pythonpath.dsv'
[0.500s] INFO:colcon.colcon_core.shell:Creating environment hook '/home/skyautonet/skyautonet_ws/eee/lidar_preprocessor/install/velocity_msg/share/velocity_msg/hook/pythonpath.sh'
[0.501s] Level 1:colcon.colcon_core.environment:checking '/home/skyautonet/skyautonet_ws/eee/lidar_preprocessor/install/velocity_msg/bin'
[0.502s] INFO:colcon.colcon_core.shell:Creating package script '/home/skyautonet/skyautonet_ws/eee/lidar_preprocessor/install/velocity_msg/share/velocity_msg/package.ps1'
[0.502s] INFO:colcon.colcon_core.shell:Creating package descriptor '/home/skyautonet/skyautonet_ws/eee/lidar_preprocessor/install/velocity_msg/share/velocity_msg/package.dsv'
[0.503s] INFO:colcon.colcon_core.shell:Creating package script '/home/skyautonet/skyautonet_ws/eee/lidar_preprocessor/install/velocity_msg/share/velocity_msg/package.sh'
[0.503s] INFO:colcon.colcon_core.shell:Creating package script '/home/skyautonet/skyautonet_ws/eee/lidar_preprocessor/install/velocity_msg/share/velocity_msg/package.bash'
[0.504s] INFO:colcon.colcon_core.shell:Creating package script '/home/skyautonet/skyautonet_ws/eee/lidar_preprocessor/install/velocity_msg/share/velocity_msg/package.zsh'
[0.504s] Level 1:colcon.colcon_core.environment:create_file_with_runtime_dependencies(/home/skyautonet/skyautonet_ws/eee/lidar_preprocessor/install/velocity_msg/share/colcon-core/packages/velocity_msg)
[0.593s] Level 1:colcon.colcon_core.environment:create_environment_scripts_only(velocity_msg)
[0.598s] Level 1:colcon.colcon_core.environment:checking '/home/skyautonet/skyautonet_ws/eee/lidar_preprocessor/install/velocity_msg' for CMake module files
[0.600s] Level 1:colcon.colcon_core.environment:checking '/home/skyautonet/skyautonet_ws/eee/lidar_preprocessor/install/velocity_msg' for CMake config files
[0.600s] Level 1:colcon.colcon_core.shell:create_environment_hook('velocity_msg', 'cmake_prefix_path')
[0.603s] INFO:colcon.colcon_core.shell:Creating environment hook '/home/skyautonet/skyautonet_ws/eee/lidar_preprocessor/install/velocity_msg/share/velocity_msg/hook/cmake_prefix_path.ps1'
[0.605s] INFO:colcon.colcon_core.shell:Creating environment descriptor '/home/skyautonet/skyautonet_ws/eee/lidar_preprocessor/install/velocity_msg/share/velocity_msg/hook/cmake_prefix_path.dsv'
[0.605s] INFO:colcon.colcon_core.shell:Creating environment hook '/home/skyautonet/skyautonet_ws/eee/lidar_preprocessor/install/velocity_msg/share/velocity_msg/hook/cmake_prefix_path.sh'
[0.607s] Level 1:colcon.colcon_core.environment:checking '/home/skyautonet/skyautonet_ws/eee/lidar_preprocessor/install/velocity_msg/lib'
[0.607s] Level 1:colcon.colcon_core.shell:create_environment_hook('velocity_msg', 'ld_library_path_lib')
[0.609s] INFO:colcon.colcon_core.shell:Creating environment hook '/home/skyautonet/skyautonet_ws/eee/lidar_preprocessor/install/velocity_msg/share/velocity_msg/hook/ld_library_path_lib.ps1'
[0.609s] INFO:colcon.colcon_core.shell:Creating environment descriptor '/home/skyautonet/skyautonet_ws/eee/lidar_preprocessor/install/velocity_msg/share/velocity_msg/hook/ld_library_path_lib.dsv'
[0.610s] INFO:colcon.colcon_core.shell:Creating environment hook '/home/skyautonet/skyautonet_ws/eee/lidar_preprocessor/install/velocity_msg/share/velocity_msg/hook/ld_library_path_lib.sh'
[0.610s] Level 1:colcon.colcon_core.environment:checking '/home/skyautonet/skyautonet_ws/eee/lidar_preprocessor/install/velocity_msg/bin'
[0.610s] Level 1:colcon.colcon_core.environment:checking '/home/skyautonet/skyautonet_ws/eee/lidar_preprocessor/install/velocity_msg/lib/pkgconfig/velocity_msg.pc'
[0.610s] Level 1:colcon.colcon_core.environment:checking '/home/skyautonet/skyautonet_ws/eee/lidar_preprocessor/install/velocity_msg/lib/python3.8/site-packages'
[0.610s] Level 1:colcon.colcon_core.shell:create_environment_hook('velocity_msg', 'pythonpath')
[0.612s] INFO:colcon.colcon_core.shell:Creating environment hook '/home/skyautonet/skyautonet_ws/eee/lidar_preprocessor/install/velocity_msg/share/velocity_msg/hook/pythonpath.ps1'
[0.612s] INFO:colcon.colcon_core.shell:Creating environment descriptor '/home/skyautonet/skyautonet_ws/eee/lidar_preprocessor/install/velocity_msg/share/velocity_msg/hook/pythonpath.dsv'
[0.612s] INFO:colcon.colcon_core.shell:Creating environment hook '/home/skyautonet/skyautonet_ws/eee/lidar_preprocessor/install/velocity_msg/share/velocity_msg/hook/pythonpath.sh'
[0.613s] Level 1:colcon.colcon_core.environment:checking '/home/skyautonet/skyautonet_ws/eee/lidar_preprocessor/install/velocity_msg/bin'
[0.614s] INFO:colcon.colcon_core.shell:Creating package script '/home/skyautonet/skyautonet_ws/eee/lidar_preprocessor/install/velocity_msg/share/velocity_msg/package.ps1'
[0.614s] INFO:colcon.colcon_core.shell:Creating package descriptor '/home/skyautonet/skyautonet_ws/eee/lidar_preprocessor/install/velocity_msg/share/velocity_msg/package.dsv'
[0.615s] INFO:colcon.colcon_core.shell:Creating package script '/home/skyautonet/skyautonet_ws/eee/lidar_preprocessor/install/velocity_msg/share/velocity_msg/package.sh'
[0.615s] INFO:colcon.colcon_core.shell:Creating package script '/home/skyautonet/skyautonet_ws/eee/lidar_preprocessor/install/velocity_msg/share/velocity_msg/package.bash'
[0.615s] INFO:colcon.colcon_core.shell:Creating package script '/home/skyautonet/skyautonet_ws/eee/lidar_preprocessor/install/velocity_msg/share/velocity_msg/package.zsh'
[0.615s] Level 1:colcon.colcon_core.environment:create_file_with_runtime_dependencies(/home/skyautonet/skyautonet_ws/eee/lidar_preprocessor/install/velocity_msg/share/colcon-core/packages/velocity_msg)
[0.615s] INFO:colcon.colcon_ros.task.ament_cmake.build:Building ROS package in '/home/skyautonet/skyautonet_ws/eee/lidar_preprocessor/src/three_lidar' with build type 'ament_cmake'
[0.616s] INFO:colcon.colcon_cmake.task.cmake.build:Building CMake package in '/home/skyautonet/skyautonet_ws/eee/lidar_preprocessor/src/three_lidar'
[0.616s] INFO:colcon.colcon_core.shell:Skip shell extension 'powershell' for command environment: Not usable outside of PowerShell
[0.616s] DEBUG:colcon.colcon_core.shell:Skip shell extension 'dsv' for command environment
[0.624s] DEBUG:colcon.colcon_core.event_handler.log_command:Invoking command in '/home/skyautonet/skyautonet_ws/eee/lidar_preprocessor/build/three_lidar': CMAKE_PREFIX_PATH=/home/skyautonet/skyautonet_ws/eee/lidar_preprocessor/install/velocity_msg:/home/skyautonet/skyautonet_ws/eee/lidar_preprocessor/install/three_lidar:/opt/ros/foxy LD_LIBRARY_PATH=/home/skyautonet/skyautonet_ws/eee/lidar_preprocessor/install/velocity_msg/lib:/usr/local/cuda-11.4/lib64/:/usr/local/cuda-11.4/lib64/:/opt/ros/foxy/opt/yaml_cpp_vendor/lib:/opt/ros/foxy/opt/rviz_ogre_vendor/lib:/opt/ros/foxy/lib/x86_64-linux-gnu:/opt/ros/foxy/lib:/usr/local/cuda-11.4/lib64 /usr/bin/cmake --build /home/skyautonet/skyautonet_ws/eee/lidar_preprocessor/build/three_lidar -- -j20 -l20
[12.924s] DEBUG:colcon.colcon_core.event_handler.log_command:Invoked command in '/home/skyautonet/skyautonet_ws/eee/lidar_preprocessor/build/three_lidar' returned '0': CMAKE_PREFIX_PATH=/home/skyautonet/skyautonet_ws/eee/lidar_preprocessor/install/velocity_msg:/home/skyautonet/skyautonet_ws/eee/lidar_preprocessor/install/three_lidar:/opt/ros/foxy LD_LIBRARY_PATH=/home/skyautonet/skyautonet_ws/eee/lidar_preprocessor/install/velocity_msg/lib:/usr/local/cuda-11.4/lib64/:/usr/local/cuda-11.4/lib64/:/opt/ros/foxy/opt/yaml_cpp_vendor/lib:/opt/ros/foxy/opt/rviz_ogre_vendor/lib:/opt/ros/foxy/lib/x86_64-linux-gnu:/opt/ros/foxy/lib:/usr/local/cuda-11.4/lib64 /usr/bin/cmake --build /home/skyautonet/skyautonet_ws/eee/lidar_preprocessor/build/three_lidar -- -j20 -l20
[12.943s] DEBUG:colcon.colcon_core.event_handler.log_command:Invoking command in '/home/skyautonet/skyautonet_ws/eee/lidar_preprocessor/build/three_lidar': CMAKE_PREFIX_PATH=/home/skyautonet/skyautonet_ws/eee/lidar_preprocessor/install/velocity_msg:/home/skyautonet/skyautonet_ws/eee/lidar_preprocessor/install/three_lidar:/opt/ros/foxy LD_LIBRARY_PATH=/home/skyautonet/skyautonet_ws/eee/lidar_preprocessor/install/velocity_msg/lib:/usr/local/cuda-11.4/lib64/:/usr/local/cuda-11.4/lib64/:/opt/ros/foxy/opt/yaml_cpp_vendor/lib:/opt/ros/foxy/opt/rviz_ogre_vendor/lib:/opt/ros/foxy/lib/x86_64-linux-gnu:/opt/ros/foxy/lib:/usr/local/cuda-11.4/lib64 /usr/bin/cmake --install /home/skyautonet/skyautonet_ws/eee/lidar_preprocessor/build/three_lidar
[12.982s] Level 1:colcon.colcon_core.environment:create_environment_scripts_only(three_lidar)
[12.986s] Level 1:colcon.colcon_core.environment:checking '/home/skyautonet/skyautonet_ws/eee/lidar_preprocessor/install/three_lidar' for CMake module files
[12.987s] DEBUG:colcon.colcon_core.event_handler.log_command:Invoked command in '/home/skyautonet/skyautonet_ws/eee/lidar_preprocessor/build/three_lidar' returned '0': CMAKE_PREFIX_PATH=/home/skyautonet/skyautonet_ws/eee/lidar_preprocessor/install/velocity_msg:/home/skyautonet/skyautonet_ws/eee/lidar_preprocessor/install/three_lidar:/opt/ros/foxy LD_LIBRARY_PATH=/home/skyautonet/skyautonet_ws/eee/lidar_preprocessor/install/velocity_msg/lib:/usr/local/cuda-11.4/lib64/:/usr/local/cuda-11.4/lib64/:/opt/ros/foxy/opt/yaml_cpp_vendor/lib:/opt/ros/foxy/opt/rviz_ogre_vendor/lib:/opt/ros/foxy/lib/x86_64-linux-gnu:/opt/ros/foxy/lib:/usr/local/cuda-11.4/lib64 /usr/bin/cmake --install /home/skyautonet/skyautonet_ws/eee/lidar_preprocessor/build/three_lidar
[12.988s] Level 1:colcon.colcon_core.environment:checking '/home/skyautonet/skyautonet_ws/eee/lidar_preprocessor/install/three_lidar' for CMake config files
[12.988s] Level 1:colcon.colcon_core.shell:create_environment_hook('three_lidar', 'cmake_prefix_path')
[12.990s] INFO:colcon.colcon_core.shell:Creating environment hook '/home/skyautonet/skyautonet_ws/eee/lidar_preprocessor/install/three_lidar/share/three_lidar/hook/cmake_prefix_path.ps1'
[12.992s] INFO:colcon.colcon_core.shell:Creating environment descriptor '/home/skyautonet/skyautonet_ws/eee/lidar_preprocessor/install/three_lidar/share/three_lidar/hook/cmake_prefix_path.dsv'
[12.992s] INFO:colcon.colcon_core.shell:Creating environment hook '/home/skyautonet/skyautonet_ws/eee/lidar_preprocessor/install/three_lidar/share/three_lidar/hook/cmake_prefix_path.sh'
[12.993s] Level 1:colcon.colcon_core.environment:checking '/home/skyautonet/skyautonet_ws/eee/lidar_preprocessor/install/three_lidar/lib'
[12.993s] Level 1:colcon.colcon_core.environment:checking '/home/skyautonet/skyautonet_ws/eee/lidar_preprocessor/install/three_lidar/bin'
[12.994s] Level 1:colcon.colcon_core.environment:checking '/home/skyautonet/skyautonet_ws/eee/lidar_preprocessor/install/three_lidar/lib/pkgconfig/three_lidar.pc'
[12.994s] Level 1:colcon.colcon_core.environment:checking '/home/skyautonet/skyautonet_ws/eee/lidar_preprocessor/install/three_lidar/lib/python3.8/site-packages'
[12.994s] Level 1:colcon.colcon_core.environment:checking '/home/skyautonet/skyautonet_ws/eee/lidar_preprocessor/install/three_lidar/bin'
[12.997s] INFO:colcon.colcon_core.shell:Creating package script '/home/skyautonet/skyautonet_ws/eee/lidar_preprocessor/install/three_lidar/share/three_lidar/package.ps1'
[12.998s] INFO:colcon.colcon_core.shell:Creating package descriptor '/home/skyautonet/skyautonet_ws/eee/lidar_preprocessor/install/three_lidar/share/three_lidar/package.dsv'
[12.998s] INFO:colcon.colcon_core.shell:Creating package script '/home/skyautonet/skyautonet_ws/eee/lidar_preprocessor/install/three_lidar/share/three_lidar/package.sh'
[12.999s] INFO:colcon.colcon_core.shell:Creating package script '/home/skyautonet/skyautonet_ws/eee/lidar_preprocessor/install/three_lidar/share/three_lidar/package.bash'
[13.000s] INFO:colcon.colcon_core.shell:Creating package script '/home/skyautonet/skyautonet_ws/eee/lidar_preprocessor/install/three_lidar/share/three_lidar/package.zsh'
[13.000s] Level 1:colcon.colcon_core.environment:create_file_with_runtime_dependencies(/home/skyautonet/skyautonet_ws/eee/lidar_preprocessor/install/three_lidar/share/colcon-core/packages/three_lidar)
[13.057s] Level 1:colcon.colcon_core.environment:create_environment_scripts_only(three_lidar)
[13.060s] Level 1:colcon.colcon_core.environment:checking '/home/skyautonet/skyautonet_ws/eee/lidar_preprocessor/install/three_lidar' for CMake module files
[13.061s] Level 1:colcon.colcon_core.environment:checking '/home/skyautonet/skyautonet_ws/eee/lidar_preprocessor/install/three_lidar' for CMake config files
[13.061s] Level 1:colcon.colcon_core.shell:create_environment_hook('three_lidar', 'cmake_prefix_path')
[13.063s] INFO:colcon.colcon_core.shell:Creating environment hook '/home/skyautonet/skyautonet_ws/eee/lidar_preprocessor/install/three_lidar/share/three_lidar/hook/cmake_prefix_path.ps1'
[13.064s] INFO:colcon.colcon_core.shell:Creating environment descriptor '/home/skyautonet/skyautonet_ws/eee/lidar_preprocessor/install/three_lidar/share/three_lidar/hook/cmake_prefix_path.dsv'
[13.064s] INFO:colcon.colcon_core.shell:Creating environment hook '/home/skyautonet/skyautonet_ws/eee/lidar_preprocessor/install/three_lidar/share/three_lidar/hook/cmake_prefix_path.sh'
[13.065s] Level 1:colcon.colcon_core.environment:checking '/home/skyautonet/skyautonet_ws/eee/lidar_preprocessor/install/three_lidar/lib'
[13.065s] Level 1:colcon.colcon_core.environment:checking '/home/skyautonet/skyautonet_ws/eee/lidar_preprocessor/install/three_lidar/bin'
[13.065s] Level 1:colcon.colcon_core.environment:checking '/home/skyautonet/skyautonet_ws/eee/lidar_preprocessor/install/three_lidar/lib/pkgconfig/three_lidar.pc'
[13.066s] Level 1:colcon.colcon_core.environment:checking '/home/skyautonet/skyautonet_ws/eee/lidar_preprocessor/install/three_lidar/lib/python3.8/site-packages'
[13.066s] Level 1:colcon.colcon_core.environment:checking '/home/skyautonet/skyautonet_ws/eee/lidar_preprocessor/install/three_lidar/bin'
[13.067s] INFO:colcon.colcon_core.shell:Creating package script '/home/skyautonet/skyautonet_ws/eee/lidar_preprocessor/install/three_lidar/share/three_lidar/package.ps1'
[13.068s] INFO:colcon.colcon_core.shell:Creating package descriptor '/home/skyautonet/skyautonet_ws/eee/lidar_preprocessor/install/three_lidar/share/three_lidar/package.dsv'
[13.068s] INFO:colcon.colcon_core.shell:Creating package script '/home/skyautonet/skyautonet_ws/eee/lidar_preprocessor/install/three_lidar/share/three_lidar/package.sh'
[13.068s] INFO:colcon.colcon_core.shell:Creating package script '/home/skyautonet/skyautonet_ws/eee/lidar_preprocessor/install/three_lidar/share/three_lidar/package.bash'
[13.069s] INFO:colcon.colcon_core.shell:Creating package script '/home/skyautonet/skyautonet_ws/eee/lidar_preprocessor/install/three_lidar/share/three_lidar/package.zsh'
[13.069s] Level 1:colcon.colcon_core.environment:create_file_with_runtime_dependencies(/home/skyautonet/skyautonet_ws/eee/lidar_preprocessor/install/three_lidar/share/colcon-core/packages/three_lidar)
[13.069s] DEBUG:colcon.colcon_parallel_executor.executor.parallel:closing loop
[13.069s] DEBUG:colcon.colcon_parallel_executor.executor.parallel:loop closed
[13.069s] DEBUG:colcon.colcon_parallel_executor.executor.parallel:run_until_complete finished with '0'
[13.069s] DEBUG:colcon.colcon_core.event_reactor:joining thread
[13.075s] INFO:colcon.colcon_core.plugin_system:Skipping extension 'colcon_notification.desktop_notification.terminal_notifier': Not used on non-Darwin systems
[13.075s] INFO:colcon.colcon_core.plugin_system:Skipping extension 'colcon_notification.desktop_notification.win32': Not used on non-Windows systems
[13.075s] INFO:colcon.colcon_notification.desktop_notification:Sending desktop notification using 'notify2'
[13.106s] DEBUG:colcon.colcon_core.event_reactor:joined thread
[13.108s] INFO:colcon.colcon_core.shell:Creating prefix script '/home/skyautonet/skyautonet_ws/eee/lidar_preprocessor/install/local_setup.ps1'
[13.109s] INFO:colcon.colcon_core.shell:Creating prefix util module '/home/skyautonet/skyautonet_ws/eee/lidar_preprocessor/install/_local_setup_util_ps1.py'
[13.110s] INFO:colcon.colcon_core.shell:Creating prefix chain script '/home/skyautonet/skyautonet_ws/eee/lidar_preprocessor/install/setup.ps1'
[13.111s] INFO:colcon.colcon_core.shell:Creating prefix script '/home/skyautonet/skyautonet_ws/eee/lidar_preprocessor/install/local_setup.sh'
[13.112s] INFO:colcon.colcon_core.shell:Creating prefix util module '/home/skyautonet/skyautonet_ws/eee/lidar_preprocessor/install/_local_setup_util_sh.py'
[13.112s] INFO:colcon.colcon_core.shell:Creating prefix chain script '/home/skyautonet/skyautonet_ws/eee/lidar_preprocessor/install/setup.sh'
[13.113s] INFO:colcon.colcon_core.shell:Creating prefix script '/home/skyautonet/skyautonet_ws/eee/lidar_preprocessor/install/local_setup.bash'
[13.113s] INFO:colcon.colcon_core.shell:Creating prefix chain script '/home/skyautonet/skyautonet_ws/eee/lidar_preprocessor/install/setup.bash'
[13.114s] INFO:colcon.colcon_core.shell:Creating prefix script '/home/skyautonet/skyautonet_ws/eee/lidar_preprocessor/install/local_setup.zsh'
[13.114s] INFO:colcon.colcon_core.shell:Creating prefix chain script '/home/skyautonet/skyautonet_ws/eee/lidar_preprocessor/install/setup.zsh'
