[0.008s] Invoking command in '/home/skyautonet/skyautonet_ws/eee/multi_lidar/build/autoware_point_types': CMAKE_PREFIX_PATH=${CMAKE_PREFIX_PATH}:/opt/ros/foxy /usr/bin/cmake /home/skyautonet/skyautonet_ws/eee/multi_lidar/src/autoware_point_types -DCMAKE_INSTALL_PREFIX=/home/skyautonet/skyautonet_ws/eee/multi_lidar/install/autoware_point_types
[0.313s] -- The C compiler identification is GNU 9.4.0
[0.380s] -- The CXX compiler identification is GNU 9.4.0
[0.410s] -- Check for working C compiler: /usr/bin/cc
[0.503s] -- Check for working C compiler: /usr/bin/cc -- works
[0.503s] -- Detecting C compiler ABI info
[0.579s] -- Detecting C compiler ABI info - done
[0.585s] -- Detecting C compile features
[0.614s] -- Detecting C compile features - done
[0.629s] -- Check for working CXX compiler: /usr/bin/c++
[0.680s] -- Check for working CXX compiler: /usr/bin/c++ -- works
[0.680s] -- Detecting CXX compiler ABI info
[0.742s] -- Detecting CXX compiler ABI info - done
[0.748s] -- Detecting CXX compile features
[0.748s] -- Detecting CXX compile features - done
[0.749s] -- Configuring done
[0.749s] -- Generating done
[0.750s] -- Build files have been written to: /home/skyautonet/skyautonet_ws/eee/multi_lidar/build/autoware_point_types
[0.752s] Invoked command in '/home/skyautonet/skyautonet_ws/eee/multi_lidar/build/autoware_point_types' returned '0': CMAKE_PREFIX_PATH=${CMAKE_PREFIX_PATH}:/opt/ros/foxy /usr/bin/cmake /home/skyautonet/skyautonet_ws/eee/multi_lidar/src/autoware_point_types -DCMAKE_INSTALL_PREFIX=/home/skyautonet/skyautonet_ws/eee/multi_lidar/install/autoware_point_types
[0.753s] Invoking command in '/home/skyautonet/skyautonet_ws/eee/multi_lidar/build/autoware_point_types': CMAKE_PREFIX_PATH=${CMAKE_PREFIX_PATH}:/opt/ros/foxy /usr/bin/cmake --build /home/skyautonet/skyautonet_ws/eee/multi_lidar/build/autoware_point_types -- -j20 -l20
[0.777s] Invoked command in '/home/skyautonet/skyautonet_ws/eee/multi_lidar/build/autoware_point_types' returned '0': CMAKE_PREFIX_PATH=${CMAKE_PREFIX_PATH}:/opt/ros/foxy /usr/bin/cmake --build /home/skyautonet/skyautonet_ws/eee/multi_lidar/build/autoware_point_types -- -j20 -l20
