[0.007s] Invoking command in '/home/skyautonet/skyautonet_ws/eee/lidar_preprocessor/build/three_lidar': CMAKE_PREFIX_PATH=/home/skyautonet/skyautonet_ws/eee/lidar_preprocessor/install/velocity_msg:/home/skyautonet/skyautonet_ws/eee/lidar_preprocessor/install/three_lidar:/opt/ros/foxy LD_LIBRARY_PATH=/home/skyautonet/skyautonet_ws/eee/lidar_preprocessor/install/velocity_msg/lib:/usr/local/cuda-11.4/lib64/:/opt/ros/foxy/opt/yaml_cpp_vendor/lib:/opt/ros/foxy/opt/rviz_ogre_vendor/lib:/opt/ros/foxy/lib/x86_64-linux-gnu:/opt/ros/foxy/lib:/usr/local/cuda-11.4/lib64 /usr/bin/cmake --build /home/skyautonet/skyautonet_ws/eee/lidar_preprocessor/build/three_lidar -- -j20 -l20
[0.059s] [35m[1mScanning dependencies of target right[0m
[0.061s] [35m[1mScanning dependencies of target back[0m
[0.061s] [35m[1mScanning dependencies of target left[0m
[0.088s] [ 11%] [32mBuilding CXX object CMakeFiles/right.dir/src/right_lidar.cpp.o[0m
[0.088s] [ 22%] [32mBuilding CXX object CMakeFiles/back.dir/src/back_lidar.cpp.o[0m
[0.088s] [ 33%] [32mBuilding CXX object CMakeFiles/left.dir/src/left_lidar.cpp.o[0m
[3.236s] [01m[K/home/skyautonet/skyautonet_ws/eee/lidar_preprocessor/src/three_lidar/src/right_lidar.cpp:[m[K In member function ‘[01m[Kvoid RIGHT_PREPROCESSING::topic_callback(sensor_msgs::msg::PointCloud2_<std::allocator<void> >::SharedPtr)[m[K’:
[3.236s] [01m[K/home/skyautonet/skyautonet_ws/eee/lidar_preprocessor/src/three_lidar/src/right_lidar.cpp:83:19:[m[K [01;35m[Kwarning: [m[Kvariable ‘[01m[Ktransform_1[m[K’ set but not used [[01;35m[K-Wunused-but-set-variable[m[K]
[3.236s]    83 |   Eigen::Matrix4f [01;35m[Ktransform_1[m[K = Eigen::Matrix4f::Identity();
[3.236s]       |                   [01;35m[K^~~~~~~~~~~[m[K
[3.247s] [01m[K/home/skyautonet/skyautonet_ws/eee/lidar_preprocessor/src/three_lidar/src/left_lidar.cpp:[m[K In member function ‘[01m[Kvoid LEFT_PREPROCESSING::topic_callback(sensor_msgs::msg::PointCloud2_<std::allocator<void> >::SharedPtr)[m[K’:
[3.247s] [01m[K/home/skyautonet/skyautonet_ws/eee/lidar_preprocessor/src/three_lidar/src/left_lidar.cpp:83:19:[m[K [01;35m[Kwarning: [m[Kvariable ‘[01m[Ktransform_1[m[K’ set but not used [[01;35m[K-Wunused-but-set-variable[m[K]
[3.247s]    83 |   Eigen::Matrix4f [01;35m[Ktransform_1[m[K = Eigen::Matrix4f::Identity();
[3.247s]       |                   [01;35m[K^~~~~~~~~~~[m[K
[3.292s] [01m[K/home/skyautonet/skyautonet_ws/eee/lidar_preprocessor/src/three_lidar/src/back_lidar.cpp:[m[K In member function ‘[01m[Kvoid BACK_PREPROCESSING::topic_callback(sensor_msgs::msg::PointCloud2_<std::allocator<void> >::SharedPtr)[m[K’:
[3.292s] [01m[K/home/skyautonet/skyautonet_ws/eee/lidar_preprocessor/src/three_lidar/src/back_lidar.cpp:83:19:[m[K [01;35m[Kwarning: [m[Kvariable ‘[01m[Ktransform_1[m[K’ set but not used [[01;35m[K-Wunused-but-set-variable[m[K]
[3.292s]    83 |   Eigen::Matrix4f [01;35m[Ktransform_1[m[K = Eigen::Matrix4f::Identity();
[3.292s]       |                   [01;35m[K^~~~~~~~~~~[m[K
[9.072s] [ 44%] [32m[1mLinking CXX executable left[0m
[9.155s] [ 55%] [32m[1mLinking CXX executable right[0m
[9.217s] [ 66%] [32m[1mLinking CXX executable back[0m
[12.341s] [ 77%] Built target back
[12.348s] [ 88%] Built target left
[12.353s] [100%] Built target right
[12.359s] Invoked command in '/home/skyautonet/skyautonet_ws/eee/lidar_preprocessor/build/three_lidar' returned '0': CMAKE_PREFIX_PATH=/home/skyautonet/skyautonet_ws/eee/lidar_preprocessor/install/velocity_msg:/home/skyautonet/skyautonet_ws/eee/lidar_preprocessor/install/three_lidar:/opt/ros/foxy LD_LIBRARY_PATH=/home/skyautonet/skyautonet_ws/eee/lidar_preprocessor/install/velocity_msg/lib:/usr/local/cuda-11.4/lib64/:/opt/ros/foxy/opt/yaml_cpp_vendor/lib:/opt/ros/foxy/opt/rviz_ogre_vendor/lib:/opt/ros/foxy/lib/x86_64-linux-gnu:/opt/ros/foxy/lib:/usr/local/cuda-11.4/lib64 /usr/bin/cmake --build /home/skyautonet/skyautonet_ws/eee/lidar_preprocessor/build/three_lidar -- -j20 -l20
[12.380s] Invoking command in '/home/skyautonet/skyautonet_ws/eee/lidar_preprocessor/build/three_lidar': CMAKE_PREFIX_PATH=/home/skyautonet/skyautonet_ws/eee/lidar_preprocessor/install/velocity_msg:/home/skyautonet/skyautonet_ws/eee/lidar_preprocessor/install/three_lidar:/opt/ros/foxy LD_LIBRARY_PATH=/home/skyautonet/skyautonet_ws/eee/lidar_preprocessor/install/velocity_msg/lib:/usr/local/cuda-11.4/lib64/:/opt/ros/foxy/opt/yaml_cpp_vendor/lib:/opt/ros/foxy/opt/rviz_ogre_vendor/lib:/opt/ros/foxy/lib/x86_64-linux-gnu:/opt/ros/foxy/lib:/usr/local/cuda-11.4/lib64 /usr/bin/cmake --install /home/skyautonet/skyautonet_ws/eee/lidar_preprocessor/build/three_lidar
[12.401s] -- Install configuration: ""
[12.421s] -- Installing: /home/skyautonet/skyautonet_ws/eee/lidar_preprocessor/install/three_lidar/lib/three_lidar/back
[12.428s] -- Set runtime path of "/home/skyautonet/skyautonet_ws/eee/lidar_preprocessor/install/three_lidar/lib/three_lidar/back" to ""
[12.447s] -- Installing: /home/skyautonet/skyautonet_ws/eee/lidar_preprocessor/install/three_lidar/lib/three_lidar/left
[12.451s] -- Set runtime path of "/home/skyautonet/skyautonet_ws/eee/lidar_preprocessor/install/three_lidar/lib/three_lidar/left" to ""
[12.470s] -- Installing: /home/skyautonet/skyautonet_ws/eee/lidar_preprocessor/install/three_lidar/lib/three_lidar/right
[12.473s] -- Set runtime path of "/home/skyautonet/skyautonet_ws/eee/lidar_preprocessor/install/three_lidar/lib/three_lidar/right" to ""
[12.473s] -- Up-to-date: /home/skyautonet/skyautonet_ws/eee/lidar_preprocessor/install/three_lidar/share/three_lidar//launch
[12.473s] -- Up-to-date: /home/skyautonet/skyautonet_ws/eee/lidar_preprocessor/install/three_lidar/share/three_lidar//launch/__pycache__
[12.474s] -- Installing: /home/skyautonet/skyautonet_ws/eee/lidar_preprocessor/install/three_lidar/share/three_lidar//launch/__pycache__/launch.cpython-38.pyc
[12.474s] -- Up-to-date: /home/skyautonet/skyautonet_ws/eee/lidar_preprocessor/install/three_lidar/share/three_lidar//launch/launch.py
[12.474s] -- Up-to-date: /home/skyautonet/skyautonet_ws/eee/lidar_preprocessor/install/three_lidar/share/ament_index/resource_index/package_run_dependencies/three_lidar
[12.474s] -- Up-to-date: /home/skyautonet/skyautonet_ws/eee/lidar_preprocessor/install/three_lidar/share/ament_index/resource_index/parent_prefix_path/three_lidar
[12.474s] -- Up-to-date: /home/skyautonet/skyautonet_ws/eee/lidar_preprocessor/install/three_lidar/share/three_lidar/environment/ament_prefix_path.sh
[12.474s] -- Up-to-date: /home/skyautonet/skyautonet_ws/eee/lidar_preprocessor/install/three_lidar/share/three_lidar/environment/ament_prefix_path.dsv
[12.474s] -- Up-to-date: /home/skyautonet/skyautonet_ws/eee/lidar_preprocessor/install/three_lidar/share/three_lidar/environment/path.sh
[12.474s] -- Up-to-date: /home/skyautonet/skyautonet_ws/eee/lidar_preprocessor/install/three_lidar/share/three_lidar/environment/path.dsv
[12.474s] -- Up-to-date: /home/skyautonet/skyautonet_ws/eee/lidar_preprocessor/install/three_lidar/share/three_lidar/local_setup.bash
[12.474s] -- Up-to-date: /home/skyautonet/skyautonet_ws/eee/lidar_preprocessor/install/three_lidar/share/three_lidar/local_setup.sh
[12.474s] -- Up-to-date: /home/skyautonet/skyautonet_ws/eee/lidar_preprocessor/install/three_lidar/share/three_lidar/local_setup.zsh
[12.474s] -- Up-to-date: /home/skyautonet/skyautonet_ws/eee/lidar_preprocessor/install/three_lidar/share/three_lidar/local_setup.dsv
[12.474s] -- Installing: /home/skyautonet/skyautonet_ws/eee/lidar_preprocessor/install/three_lidar/share/three_lidar/package.dsv
[12.490s] -- Up-to-date: /home/skyautonet/skyautonet_ws/eee/lidar_preprocessor/install/three_lidar/share/ament_index/resource_index/packages/three_lidar
[12.490s] -- Up-to-date: /home/skyautonet/skyautonet_ws/eee/lidar_preprocessor/install/three_lidar/share/three_lidar/cmake/three_lidarConfig.cmake
[12.491s] -- Up-to-date: /home/skyautonet/skyautonet_ws/eee/lidar_preprocessor/install/three_lidar/share/three_lidar/cmake/three_lidarConfig-version.cmake
[12.491s] -- Up-to-date: /home/skyautonet/skyautonet_ws/eee/lidar_preprocessor/install/three_lidar/share/three_lidar/package.xml
[12.498s] Invoked command in '/home/skyautonet/skyautonet_ws/eee/lidar_preprocessor/build/three_lidar' returned '0': CMAKE_PREFIX_PATH=/home/skyautonet/skyautonet_ws/eee/lidar_preprocessor/install/velocity_msg:/home/skyautonet/skyautonet_ws/eee/lidar_preprocessor/install/three_lidar:/opt/ros/foxy LD_LIBRARY_PATH=/home/skyautonet/skyautonet_ws/eee/lidar_preprocessor/install/velocity_msg/lib:/usr/local/cuda-11.4/lib64/:/opt/ros/foxy/opt/yaml_cpp_vendor/lib:/opt/ros/foxy/opt/rviz_ogre_vendor/lib:/opt/ros/foxy/lib/x86_64-linux-gnu:/opt/ros/foxy/lib:/usr/local/cuda-11.4/lib64 /usr/bin/cmake --install /home/skyautonet/skyautonet_ws/eee/lidar_preprocessor/build/three_lidar
