[  3%] Built target velocity_msg__cpp
[ 12%] Built target velocity_msg__rosidl_generator_c
[ 51%] Built target velocity_msg__rosidl_typesupport_c
[ 51%] Built target velocity_msg__rosidl_typesupport_introspection_cpp
[ 51%] Built target velocity_msg__rosidl_typesupport_introspection_c
[ 51%] Built target velocity_msg__rosidl_typesupport_cpp
[ 61%] Built target velocity_msg__rosidl_typesupport_fastrtps_cpp
[ 70%] Built target velocity_msg__rosidl_typesupport_fastrtps_c
[ 70%] Built target velocity_msg
[ 74%] Built target velocity_msg__py
[ 80%] Built target velocity_msg__python
[100%] Built target velocity_msg__rosidl_typesupport_c__pyext
[100%] Built target velocity_msg__rosidl_typesupport_fastrtps_c__pyext
[100%] Built target velocity_msg__rosidl_typesupport_introspection_c__pyext
-- Install configuration: ""
-- Up-to-date: /home/skyautonet/skyautonet_ws/eee/lidar_preprocessor/install/velocity_msg/share/ament_index/resource_index/rosidl_interfaces/velocity_msg
-- Up-to-date: /home/skyautonet/skyautonet_ws/eee/lidar_preprocessor/install/velocity_msg/include/velocity_msg
-- Up-to-date: /home/skyautonet/skyautonet_ws/eee/lidar_preprocessor/install/velocity_msg/include/velocity_msg/msg
-- Up-to-date: /home/skyautonet/skyautonet_ws/eee/lidar_preprocessor/install/velocity_msg/include/velocity_msg/msg/detail
-- Up-to-date: /home/skyautonet/skyautonet_ws/eee/lidar_preprocessor/install/velocity_msg/include/velocity_msg/msg/detail/num__functions.c
-- Up-to-date: /home/skyautonet/skyautonet_ws/eee/lidar_preprocessor/install/velocity_msg/include/velocity_msg/msg/detail/num__functions.h
-- Up-to-date: /home/skyautonet/skyautonet_ws/eee/lidar_preprocessor/install/velocity_msg/include/velocity_msg/msg/detail/num__struct.h
-- Up-to-date: /home/skyautonet/skyautonet_ws/eee/lidar_preprocessor/install/velocity_msg/include/velocity_msg/msg/detail/num__type_support.h
-- Up-to-date: /home/skyautonet/skyautonet_ws/eee/lidar_preprocessor/install/velocity_msg/include/velocity_msg/msg/rosidl_generator_c__visibility_control.h
-- Up-to-date: /home/skyautonet/skyautonet_ws/eee/lidar_preprocessor/install/velocity_msg/include/velocity_msg/msg/num.h
-- Up-to-date: /home/skyautonet/skyautonet_ws/eee/lidar_preprocessor/install/velocity_msg/share/velocity_msg/environment/library_path.sh
-- Up-to-date: /home/skyautonet/skyautonet_ws/eee/lidar_preprocessor/install/velocity_msg/share/velocity_msg/environment/library_path.dsv
-- Up-to-date: /home/skyautonet/skyautonet_ws/eee/lidar_preprocessor/install/velocity_msg/lib/libvelocity_msg__rosidl_generator_c.so
-- Up-to-date: /home/skyautonet/skyautonet_ws/eee/lidar_preprocessor/install/velocity_msg/include/velocity_msg
-- Up-to-date: /home/skyautonet/skyautonet_ws/eee/lidar_preprocessor/install/velocity_msg/include/velocity_msg/msg
-- Up-to-date: /home/skyautonet/skyautonet_ws/eee/lidar_preprocessor/install/velocity_msg/include/velocity_msg/msg/detail
-- Up-to-date: /home/skyautonet/skyautonet_ws/eee/lidar_preprocessor/install/velocity_msg/include/velocity_msg/msg/detail/num__rosidl_typesupport_fastrtps_c.h
-- Up-to-date: /home/skyautonet/skyautonet_ws/eee/lidar_preprocessor/install/velocity_msg/include/velocity_msg/msg/rosidl_typesupport_fastrtps_c__visibility_control.h
-- Up-to-date: /home/skyautonet/skyautonet_ws/eee/lidar_preprocessor/install/velocity_msg/lib/libvelocity_msg__rosidl_typesupport_fastrtps_c.so
-- Up-to-date: /home/skyautonet/skyautonet_ws/eee/lidar_preprocessor/install/velocity_msg/include/velocity_msg
-- Up-to-date: /home/skyautonet/skyautonet_ws/eee/lidar_preprocessor/install/velocity_msg/include/velocity_msg/msg
-- Up-to-date: /home/skyautonet/skyautonet_ws/eee/lidar_preprocessor/install/velocity_msg/include/velocity_msg/msg/rosidl_typesupport_fastrtps_cpp__visibility_control.h
-- Up-to-date: /home/skyautonet/skyautonet_ws/eee/lidar_preprocessor/install/velocity_msg/include/velocity_msg/msg/detail
-- Up-to-date: /home/skyautonet/skyautonet_ws/eee/lidar_preprocessor/install/velocity_msg/include/velocity_msg/msg/detail/dds_fastrtps
-- Up-to-date: /home/skyautonet/skyautonet_ws/eee/lidar_preprocessor/install/velocity_msg/include/velocity_msg/msg/detail/num__rosidl_typesupport_fastrtps_cpp.hpp
-- Up-to-date: /home/skyautonet/skyautonet_ws/eee/lidar_preprocessor/install/velocity_msg/lib/libvelocity_msg__rosidl_typesupport_fastrtps_cpp.so
-- Up-to-date: /home/skyautonet/skyautonet_ws/eee/lidar_preprocessor/install/velocity_msg/include/velocity_msg
-- Up-to-date: /home/skyautonet/skyautonet_ws/eee/lidar_preprocessor/install/velocity_msg/include/velocity_msg/msg
-- Up-to-date: /home/skyautonet/skyautonet_ws/eee/lidar_preprocessor/install/velocity_msg/include/velocity_msg/msg/rosidl_typesupport_introspection_c__visibility_control.h
-- Up-to-date: /home/skyautonet/skyautonet_ws/eee/lidar_preprocessor/install/velocity_msg/include/velocity_msg/msg/detail
-- Up-to-date: /home/skyautonet/skyautonet_ws/eee/lidar_preprocessor/install/velocity_msg/include/velocity_msg/msg/detail/num__rosidl_typesupport_introspection_c.h
-- Up-to-date: /home/skyautonet/skyautonet_ws/eee/lidar_preprocessor/install/velocity_msg/include/velocity_msg/msg/detail/num__type_support.c
-- Up-to-date: /home/skyautonet/skyautonet_ws/eee/lidar_preprocessor/install/velocity_msg/lib/libvelocity_msg__rosidl_typesupport_introspection_c.so
-- Up-to-date: /home/skyautonet/skyautonet_ws/eee/lidar_preprocessor/install/velocity_msg/lib/libvelocity_msg__rosidl_typesupport_c.so
-- Up-to-date: /home/skyautonet/skyautonet_ws/eee/lidar_preprocessor/install/velocity_msg/include/velocity_msg
-- Up-to-date: /home/skyautonet/skyautonet_ws/eee/lidar_preprocessor/install/velocity_msg/include/velocity_msg/msg
-- Up-to-date: /home/skyautonet/skyautonet_ws/eee/lidar_preprocessor/install/velocity_msg/include/velocity_msg/msg/detail
-- Up-to-date: /home/skyautonet/skyautonet_ws/eee/lidar_preprocessor/install/velocity_msg/include/velocity_msg/msg/detail/num__struct.hpp
-- Up-to-date: /home/skyautonet/skyautonet_ws/eee/lidar_preprocessor/install/velocity_msg/include/velocity_msg/msg/detail/num__builder.hpp
-- Up-to-date: /home/skyautonet/skyautonet_ws/eee/lidar_preprocessor/install/velocity_msg/include/velocity_msg/msg/detail/num__traits.hpp
-- Up-to-date: /home/skyautonet/skyautonet_ws/eee/lidar_preprocessor/install/velocity_msg/include/velocity_msg/msg/detail/num__type_support.hpp
-- Up-to-date: /home/skyautonet/skyautonet_ws/eee/lidar_preprocessor/install/velocity_msg/include/velocity_msg/msg/num.hpp
-- Up-to-date: /home/skyautonet/skyautonet_ws/eee/lidar_preprocessor/install/velocity_msg/include/velocity_msg/msg/rosidl_generator_cpp__visibility_control.hpp
-- Up-to-date: /home/skyautonet/skyautonet_ws/eee/lidar_preprocessor/install/velocity_msg/include/velocity_msg
-- Up-to-date: /home/skyautonet/skyautonet_ws/eee/lidar_preprocessor/install/velocity_msg/include/velocity_msg/msg
-- Up-to-date: /home/skyautonet/skyautonet_ws/eee/lidar_preprocessor/install/velocity_msg/include/velocity_msg/msg/detail
-- Up-to-date: /home/skyautonet/skyautonet_ws/eee/lidar_preprocessor/install/velocity_msg/include/velocity_msg/msg/detail/num__type_support.cpp
-- Up-to-date: /home/skyautonet/skyautonet_ws/eee/lidar_preprocessor/install/velocity_msg/include/velocity_msg/msg/detail/num__rosidl_typesupport_introspection_cpp.hpp
-- Up-to-date: /home/skyautonet/skyautonet_ws/eee/lidar_preprocessor/install/velocity_msg/lib/libvelocity_msg__rosidl_typesupport_introspection_cpp.so
-- Up-to-date: /home/skyautonet/skyautonet_ws/eee/lidar_preprocessor/install/velocity_msg/lib/libvelocity_msg__rosidl_typesupport_cpp.so
-- Up-to-date: /home/skyautonet/skyautonet_ws/eee/lidar_preprocessor/install/velocity_msg/share/velocity_msg/environment/pythonpath.sh
-- Up-to-date: /home/skyautonet/skyautonet_ws/eee/lidar_preprocessor/install/velocity_msg/share/velocity_msg/environment/pythonpath.dsv
-- Up-to-date: /home/skyautonet/skyautonet_ws/eee/lidar_preprocessor/install/velocity_msg/lib/python3.8/site-packages/velocity_msg/__init__.py
-- Up-to-date: /home/skyautonet/skyautonet_ws/eee/lidar_preprocessor/install/velocity_msg/lib/python3.8/site-packages/velocity_msg/msg
-- Up-to-date: /home/skyautonet/skyautonet_ws/eee/lidar_preprocessor/install/velocity_msg/lib/python3.8/site-packages/velocity_msg/msg/_num_s.c
-- Up-to-date: /home/skyautonet/skyautonet_ws/eee/lidar_preprocessor/install/velocity_msg/lib/python3.8/site-packages/velocity_msg/msg/__init__.py
-- Up-to-date: /home/skyautonet/skyautonet_ws/eee/lidar_preprocessor/install/velocity_msg/lib/python3.8/site-packages/velocity_msg/msg/_num.py
-- Up-to-date: /home/skyautonet/skyautonet_ws/eee/lidar_preprocessor/install/velocity_msg/lib/python3.8/site-packages/velocity_msg/velocity_msg_s__rosidl_typesupport_fastrtps_c.cpython-38-x86_64-linux-gnu.so
-- Up-to-date: /home/skyautonet/skyautonet_ws/eee/lidar_preprocessor/install/velocity_msg/lib/python3.8/site-packages/velocity_msg/velocity_msg_s__rosidl_typesupport_introspection_c.cpython-38-x86_64-linux-gnu.so
-- Up-to-date: /home/skyautonet/skyautonet_ws/eee/lidar_preprocessor/install/velocity_msg/lib/python3.8/site-packages/velocity_msg/velocity_msg_s__rosidl_typesupport_c.cpython-38-x86_64-linux-gnu.so
-- Up-to-date: /home/skyautonet/skyautonet_ws/eee/lidar_preprocessor/install/velocity_msg/lib/libvelocity_msg__python.so
-- Up-to-date: /home/skyautonet/skyautonet_ws/eee/lidar_preprocessor/install/velocity_msg/share/velocity_msg/msg/Num.idl
-- Up-to-date: /home/skyautonet/skyautonet_ws/eee/lidar_preprocessor/install/velocity_msg/share/velocity_msg/msg/Num.msg
-- Up-to-date: /home/skyautonet/skyautonet_ws/eee/lidar_preprocessor/install/velocity_msg/share/ament_index/resource_index/package_run_dependencies/velocity_msg
-- Up-to-date: /home/skyautonet/skyautonet_ws/eee/lidar_preprocessor/install/velocity_msg/share/ament_index/resource_index/parent_prefix_path/velocity_msg
-- Up-to-date: /home/skyautonet/skyautonet_ws/eee/lidar_preprocessor/install/velocity_msg/share/velocity_msg/environment/ament_prefix_path.sh
-- Up-to-date: /home/skyautonet/skyautonet_ws/eee/lidar_preprocessor/install/velocity_msg/share/velocity_msg/environment/ament_prefix_path.dsv
-- Up-to-date: /home/skyautonet/skyautonet_ws/eee/lidar_preprocessor/install/velocity_msg/share/velocity_msg/environment/path.sh
-- Up-to-date: /home/skyautonet/skyautonet_ws/eee/lidar_preprocessor/install/velocity_msg/share/velocity_msg/environment/path.dsv
-- Up-to-date: /home/skyautonet/skyautonet_ws/eee/lidar_preprocessor/install/velocity_msg/share/velocity_msg/local_setup.bash
-- Up-to-date: /home/skyautonet/skyautonet_ws/eee/lidar_preprocessor/install/velocity_msg/share/velocity_msg/local_setup.sh
-- Up-to-date: /home/skyautonet/skyautonet_ws/eee/lidar_preprocessor/install/velocity_msg/share/velocity_msg/local_setup.zsh
-- Up-to-date: /home/skyautonet/skyautonet_ws/eee/lidar_preprocessor/install/velocity_msg/share/velocity_msg/local_setup.dsv
-- Installing: /home/skyautonet/skyautonet_ws/eee/lidar_preprocessor/install/velocity_msg/share/velocity_msg/package.dsv
-- Up-to-date: /home/skyautonet/skyautonet_ws/eee/lidar_preprocessor/install/velocity_msg/share/ament_index/resource_index/packages/velocity_msg
-- Up-to-date: /home/skyautonet/skyautonet_ws/eee/lidar_preprocessor/install/velocity_msg/share/velocity_msg/cmake/velocity_msg__rosidl_generator_cExport.cmake
-- Up-to-date: /home/skyautonet/skyautonet_ws/eee/lidar_preprocessor/install/velocity_msg/share/velocity_msg/cmake/velocity_msg__rosidl_generator_cExport-noconfig.cmake
-- Up-to-date: /home/skyautonet/skyautonet_ws/eee/lidar_preprocessor/install/velocity_msg/share/velocity_msg/cmake/velocity_msg__rosidl_typesupport_introspection_cExport.cmake
-- Up-to-date: /home/skyautonet/skyautonet_ws/eee/lidar_preprocessor/install/velocity_msg/share/velocity_msg/cmake/velocity_msg__rosidl_typesupport_introspection_cExport-noconfig.cmake
-- Up-to-date: /home/skyautonet/skyautonet_ws/eee/lidar_preprocessor/install/velocity_msg/share/velocity_msg/cmake/velocity_msg__rosidl_typesupport_cExport.cmake
-- Up-to-date: /home/skyautonet/skyautonet_ws/eee/lidar_preprocessor/install/velocity_msg/share/velocity_msg/cmake/velocity_msg__rosidl_typesupport_cExport-noconfig.cmake
-- Up-to-date: /home/skyautonet/skyautonet_ws/eee/lidar_preprocessor/install/velocity_msg/share/velocity_msg/cmake/velocity_msg__rosidl_generator_cppExport.cmake
-- Up-to-date: /home/skyautonet/skyautonet_ws/eee/lidar_preprocessor/install/velocity_msg/share/velocity_msg/cmake/velocity_msg__rosidl_typesupport_introspection_cppExport.cmake
-- Up-to-date: /home/skyautonet/skyautonet_ws/eee/lidar_preprocessor/install/velocity_msg/share/velocity_msg/cmake/velocity_msg__rosidl_typesupport_introspection_cppExport-noconfig.cmake
-- Up-to-date: /home/skyautonet/skyautonet_ws/eee/lidar_preprocessor/install/velocity_msg/share/velocity_msg/cmake/velocity_msg__rosidl_typesupport_cppExport.cmake
-- Up-to-date: /home/skyautonet/skyautonet_ws/eee/lidar_preprocessor/install/velocity_msg/share/velocity_msg/cmake/velocity_msg__rosidl_typesupport_cppExport-noconfig.cmake
-- Up-to-date: /home/skyautonet/skyautonet_ws/eee/lidar_preprocessor/install/velocity_msg/share/velocity_msg/cmake/ament_cmake_export_dependencies-extras.cmake
-- Up-to-date: /home/skyautonet/skyautonet_ws/eee/lidar_preprocessor/install/velocity_msg/share/velocity_msg/cmake/rosidl_cmake-extras.cmake
-- Up-to-date: /home/skyautonet/skyautonet_ws/eee/lidar_preprocessor/install/velocity_msg/share/velocity_msg/cmake/ament_cmake_export_libraries-extras.cmake
-- Up-to-date: /home/skyautonet/skyautonet_ws/eee/lidar_preprocessor/install/velocity_msg/share/velocity_msg/cmake/ament_cmake_export_targets-extras.cmake
-- Up-to-date: /home/skyautonet/skyautonet_ws/eee/lidar_preprocessor/install/velocity_msg/share/velocity_msg/cmake/ament_cmake_export_include_directories-extras.cmake
-- Up-to-date: /home/skyautonet/skyautonet_ws/eee/lidar_preprocessor/install/velocity_msg/share/velocity_msg/cmake/rosidl_cmake_export_typesupport_libraries-extras.cmake
-- Up-to-date: /home/skyautonet/skyautonet_ws/eee/lidar_preprocessor/install/velocity_msg/share/velocity_msg/cmake/rosidl_cmake_export_typesupport_targets-extras.cmake
-- Up-to-date: /home/skyautonet/skyautonet_ws/eee/lidar_preprocessor/install/velocity_msg/share/velocity_msg/cmake/velocity_msgConfig.cmake
-- Up-to-date: /home/skyautonet/skyautonet_ws/eee/lidar_preprocessor/install/velocity_msg/share/velocity_msg/cmake/velocity_msgConfig-version.cmake
-- Up-to-date: /home/skyautonet/skyautonet_ws/eee/lidar_preprocessor/install/velocity_msg/share/velocity_msg/package.xml
